DEBUG 2024-10-09 07:02:44.886 UTC: 	 CRAB Client version: v3.240621
DEBUG 2024-10-09 07:02:44.886 UTC: 	 Running on: Linux lxplus952.cern.ch 5.14.0-427.37.1.el9_4.x86_64 #1 SMP PREEMPT_DYNAMIC Fri Sep 13 12:41:50 EDT 2024 x86_64 x86_64 x86_64 GNU/Linux - Red Hat Enterprise Linux 9.4 (Plow)
DEBUG 2024-10-09 07:02:44.886 UTC: 	 Executing command: 'submit'
DEBUG 2024-10-09 07:02:44.889 UTC: 	 Found CRAB cache file /afs/cern.ch/user/w/wkwon/.crab3
INFO 2024-10-09 07:02:45.181 UTC: 	 Will use CRAB configuration file crab_conf.py
DEBUG 2024-10-09 07:02:45.181 UTC: 	 Loading CRAB configuration file.
ERROR 2024-10-09 07:02:45.221 UTC: 	 Invalid CRAB configuration: Parameter JobType.pluginName has an invalid value ('AnalysisMC').
Allowed values are: ANALYSIS, PRIVATEMC, COPYCAT, RECOVER.
The documentation about the CRAB configuration file can be found in https://twiki.cern.ch/twiki/bin/view/CMSPublic/CRAB3ConfigurationFile
ERROR 2024-10-09 07:02:45.221 UTC: 	 Caught ClientException exception
Traceback (most recent call last):
  File "/cvmfs/cms.cern.ch/share/cms/crab-prod/v3.240621.01/bin/crab.py", line 152, in <module>
    client()
  File "/cvmfs/cms.cern.ch/share/cms/crab-prod/v3.240621.01/bin/crab.py", line 135, in __call__
    self.cmd = sub_cmd(self.logger, args[1:])
  File "/cvmfs/cms.cern.ch/share/cms/crab-prod/v3.240621.01/lib/CRABClient/Commands/submit.py", line 36, in __init__
    SubCommand.__init__(self, logger, cmdargs, disable_interspersed_args=True)
  File "/cvmfs/cms.cern.ch/share/cms/crab-prod/v3.240621.01/lib/CRABClient/Commands/SubCommand.py", line 325, in __init__
    self.loadConfig(self.options.config, self.args)
  File "/cvmfs/cms.cern.ch/share/cms/crab-prod/v3.240621.01/lib/CRABClient/Commands/SubCommand.py", line 96, in loadConfig
    raise ConfigurationException(configmsg)
CRABClient.ClientExceptions.ConfigurationException: Invalid CRAB configuration: Parameter JobType.pluginName has an invalid value ('AnalysisMC').
Allowed values are: ANALYSIS, PRIVATEMC, COPYCAT, RECOVER.
The documentation about the CRAB configuration file can be found in https://twiki.cern.ch/twiki/bin/view/CMSPublic/CRAB3ConfigurationFile
INFO 2024-10-09 07:02:45.229 UTC: 	 Log file is /eos/home-w/wkwon/CMSSW_14_0_12/src/work/mc/crab.log
