DEBUG 2024-10-09 07:11:38.432 UTC: 	 CRAB Client version: v3.240621
DEBUG 2024-10-09 07:11:38.432 UTC: 	 Running on: Linux lxplus952.cern.ch 5.14.0-427.37.1.el9_4.x86_64 #1 SMP PREEMPT_DYNAMIC Fri Sep 13 12:41:50 EDT 2024 x86_64 x86_64 x86_64 GNU/Linux - Red Hat Enterprise Linux 9.4 (Plow)
DEBUG 2024-10-09 07:11:38.432 UTC: 	 Executing command: 'submit'
DEBUG 2024-10-09 07:11:38.432 UTC: 	 Found CRAB cache file /afs/cern.ch/user/w/wkwon/.crab3
INFO 2024-10-09 07:11:38.435 UTC: 	 Will use CRAB configuration file crab_conf.py
DEBUG 2024-10-09 07:11:38.435 UTC: 	 Loading CRAB configuration file.
DEBUG 2024-10-09 07:11:38.474 UTC: 	 Will use CRAB plugin ANALYSIS (i.e. will run an analysis job type).
DEBUG 2024-10-09 07:11:38.489 UTC: 	 Checking credentials
DEBUG 2024-10-09 07:11:38.489 UTC: 	 Found proxy file /tmp/x509up_u168090
DEBUG 2024-10-09 07:11:38.489 UTC: 	 Making sure it has proper VOMS extension
DEBUG 2024-10-09 07:11:38.489 UTC: 	 Executing command :
 voms-proxy-info --vo --file /tmp/x509up_u168090
DEBUG 2024-10-09 07:11:39.058 UTC: 	 output : cms

 error: 
 retcode : 0
DEBUG 2024-10-09 07:11:39.059 UTC: 	 Getting proxy life time left
DEBUG 2024-10-09 07:11:39.059 UTC: 	 Executing command :
 voms-proxy-info --actimeleft --timeleft --file /tmp/x509up_u168090
DEBUG 2024-10-09 07:11:39.565 UTC: 	 output : 690712
690712

 error: 
 retcode : 0
DEBUG 2024-10-09 07:11:39.565 UTC: 	 Proxy valid for 191:51:52 hours
DEBUG 2024-10-09 07:11:39.566 UTC: 	 Encoded data for curl request: subresource=delegatedn
DEBUG 2024-10-09 07:11:39.667 UTC: 	 Registering user credentials on myproxy for /DC=ch/DC=cern/OU=computers/CN=crab-(preprod|prod)-tw(01|02).cern.ch|/DC=ch/DC=cern/OU=computers/CN=crab-dev-tw(01|02|03|04).cern.ch|/DC=ch/DC=cern/OU=Organic Units/OU=Users/CN=cmscrab/CN=(817881|373708)/CN=Robot: cms crab|/DC=ch/DC=cern/OU=Organic Units/OU=Users/CN=crabint1/CN=373708/CN=Robot: CMS CRAB Integration 1
DEBUG 2024-10-09 07:11:39.667 UTC: 	 Executing command :
 voms-proxy-info --identity --file /tmp/x509up_u168090
DEBUG 2024-10-09 07:11:40.192 UTC: 	 output : /DC=ch/DC=cern/OU=Organic Units/OU=Users/CN=wkwon/CN=874403/CN=Wooyeon Kwon

 error: 
 retcode : 0
DEBUG 2024-10-09 07:11:40.192 UTC: 	 Getting myproxy life time left for f8986532409fa907e5c13102198102ce78e92be8
DEBUG 2024-10-09 07:11:40.192 UTC: 	 Executing command :
 myproxy-info -s myproxy.cern.ch -l f8986532409fa907e5c13102198102ce78e92be8
DEBUG 2024-10-09 07:11:40.575 UTC: 	 output : username: f8986532409fa907e5c13102198102ce78e92be8
owner: /DC=ch/DC=cern/OU=Organic Units/OU=Users/CN=wkwon/CN=874403/CN=Wooyeon Kwon
  renewal policy: /DC=ch/DC=cern/OU=computers/CN=crab-(preprod|prod)-tw(01|02).cern.ch|/DC=ch/DC=cern/OU=computers/CN=crab-dev-tw(01|02|03|04).cern.ch|/DC=ch/DC=cern/OU=Organic Units/OU=Users/CN=cmscrab/CN=(817881|373708)/CN=Robot: cms crab|/DC=ch/DC=cern/OU=Organic Units/OU=Users/CN=crabint1/CN=373708/CN=Robot: CMS CRAB Integration 1
  trusted retrieval policy: /DC=ch/DC=cern/OU=computers/CN=crab-(preprod|prod)-tw(01|02).cern.ch|/DC=ch/DC=cern/OU=computers/CN=crab-dev-tw(01|02|03|04).cern.ch|/DC=ch/DC=cern/OU=Organic Units/OU=Users/CN=cmscrab/CN=(817881|373708)/CN=Robot: cms crab|/DC=ch/DC=cern/OU=Organic Units/OU=Users/CN=crabint1/CN=373708/CN=Robot: CMS CRAB Integration 1
  timeleft: 379:08:17  (15.8 days)

 error: 
 retcode : 0
DEBUG 2024-10-09 07:11:40.575 UTC: 	 Myproxy is valid: 1364880
DEBUG 2024-10-09 07:11:40.575 UTC: 	 Result of myproxy credential check:
  Credential exists on myproxy: username: f8986532409fa907e5c13102198102ce78e92be8  - validity: 15 days, 19:08:00
DEBUG 2024-10-09 07:11:40.575 UTC: 	 Command use: submit
DEBUG 2024-10-09 07:11:40.575 UTC: 	 Options use: ['-c', 'crab_conf.py']
DEBUG 2024-10-09 07:11:40.576 UTC: 	 Encoded data for curl request: subresource=version
DEBUG 2024-10-09 07:11:40.651 UTC: 	 CRABClient version: v3.240621
DEBUG 2024-10-09 07:11:40.651 UTC: 	 Instance is prod
DEBUG 2024-10-09 07:11:40.651 UTC: 	 Server base url is cmsweb.cern.ch
DEBUG 2024-10-09 07:11:40.651 UTC: 	 Command api workflow
DEBUG 2024-10-09 07:11:40.652 UTC: 	 Started submission
DEBUG 2024-10-09 07:11:40.652 UTC: 	 Working on /eos/home-w/wkwon/CMSSW_14_0_12/src/work/mc/crab_projects/crab_MuonAnalysis_QCD_Run3Summer22DR
DEBUG 2024-10-09 07:11:40.652 UTC: 	 Encoded data for curl request: subresource=backendurls
DEBUG 2024-10-09 07:11:40.769 UTC: 	 Loading required information from the environment
DEBUG 2024-10-09 07:11:40.769 UTC: 	 Found CMSSW_14_0_12 for el9_amd64_gcc12 with base /eos/home-w/wkwon/CMSSW_14_0_12
DEBUG 2024-10-09 07:11:40.769 UTC: 	 Loading required information from the environment
DEBUG 2024-10-09 07:11:40.770 UTC: 	 Found CMSSW_14_0_12 for el9_amd64_gcc12 with base /eos/home-w/wkwon/CMSSW_14_0_12
DEBUG 2024-10-09 07:11:40.770 UTC: 	 UNIQUE NAME: tarUUID b1ddcceb-fd55-42fe-a22b-ab7c3c63beb2 
DEBUG 2024-10-09 07:11:40.770 UTC: 	 self.config: from WMCore.Configuration import Configuration
config = Configuration()
config.section_('General')
config.General.workArea = 'crab_projects'
config.General.requestName = 'MuonAnalysis_QCD_Run3Summer22DR'
config.section_('JobType')
config.JobType.maxMemoryMB = 2000
config.JobType.pluginName = 'Analysis'
config.JobType.psetName = 'conf.py'
config.JobType.outputFiles = ['mc.root']
config.JobType.numCores = 1
config.section_('Data')
config.Data.outLFNDirBase = '/store/user/wkwon/AnalysisResults/'
config.Data.inputDataset = '/QCD_PT-15to7000_TuneCP5_Flat2022_13p6TeV_pythia8/Run3Summer22DRPremix-124X_mcRun3_2022_realistic_v12-v3/AODSIM'
config.Data.splitting = 'FileBased'
config.Data.publication = False
config.Data.unitsPerJob = 100
config.Data.inputDBS = 'global'
config.section_('Site')
config.Site.storageSite = 'T3_KR_KNU'
config.section_('User')
config.section_('Debug')

DEBUG 2024-10-09 07:11:40.770 UTC: 	 self.config.JobType.psetName: conf.py
INFO 2024-10-09 07:11:40.771 UTC: 	 Importing CMSSW configuration conf.py
INFO 2024-10-09 07:11:40.866 UTC: 	 Finished importing CMSSW configuration conf.py
DEBUG 2024-10-09 07:11:40.866 UTC: 	 Writing CMSSW configuration to /eos/home-w/wkwon/CMSSW_14_0_12/src/work/mc/crab_projects/crab_MuonAnalysis_QCD_Run3Summer22DR/inputs/PSet.py
DEBUG 2024-10-09 07:11:40.901 UTC: 	 The following EDM output files will be collected: []
DEBUG 2024-10-09 07:11:40.901 UTC: 	 The following TFile output files will be collected: ['mc.root']
DEBUG 2024-10-09 07:11:40.901 UTC: 	 The following user output files (not listed as PoolOuputModule or TFileService in the CMSSW PSet) will be collected: 
DEBUG 2024-10-09 07:11:40.901 UTC: 	 Loading required information from the environment
DEBUG 2024-10-09 07:11:40.901 UTC: 	 Found CMSSW_14_0_12 for el9_amd64_gcc12 with base /eos/home-w/wkwon/CMSSW_14_0_12
DEBUG 2024-10-09 07:11:40.901 UTC: 	 Making tarball in /eos/home-w/wkwon/CMSSW_14_0_12/src/work/mc/crab_projects/crab_MuonAnalysis_QCD_Run3Summer22DR/inputs/b1ddcceb-fd55-42fe-a22b-ab7c3c63beb2default.tgz
DEBUG 2024-10-09 07:11:40.904 UTC: 	 Checking directory /eos/home-w/wkwon/CMSSW_14_0_12/bin
DEBUG 2024-10-09 07:11:40.904 UTC: 	 Adding directory /eos/home-w/wkwon/CMSSW_14_0_12/bin to tarball
DEBUG 2024-10-09 07:11:40.909 UTC: 	 Checking directory /eos/home-w/wkwon/CMSSW_14_0_12/python
DEBUG 2024-10-09 07:11:40.909 UTC: 	 Adding directory /eos/home-w/wkwon/CMSSW_14_0_12/python to tarball
DEBUG 2024-10-09 07:11:41.032 UTC: 	 Checking directory /eos/home-w/wkwon/CMSSW_14_0_12/cfipython
DEBUG 2024-10-09 07:11:41.034 UTC: 	 Adding directory /eos/home-w/wkwon/CMSSW_14_0_12/cfipython to tarball
DEBUG 2024-10-09 07:11:41.061 UTC: 	 Checking directory /eos/home-w/wkwon/CMSSW_14_0_12/lib
DEBUG 2024-10-09 07:11:41.062 UTC: 	 Adding directory /eos/home-w/wkwon/CMSSW_14_0_12/lib to tarball
DEBUG 2024-10-09 07:11:41.077 UTC: 	 Checking directory /eos/home-w/wkwon/CMSSW_14_0_12/biglib
DEBUG 2024-10-09 07:11:41.077 UTC: 	 Adding directory /eos/home-w/wkwon/CMSSW_14_0_12/biglib to tarball
DEBUG 2024-10-09 07:11:41.085 UTC: 	 Checking directory /eos/home-w/wkwon/CMSSW_14_0_12/module
DEBUG 2024-10-09 07:11:41.086 UTC: 	 Checking directory /eos/home-w/wkwon/CMSSW_14_0_12/config/SCRAM/hooks
DEBUG 2024-10-09 07:11:41.089 UTC: 	 Adding directory /eos/home-w/wkwon/CMSSW_14_0_12/config/SCRAM/hooks to tarball
DEBUG 2024-10-09 07:11:42.685 UTC: 	 Adding directory /eos/home-w/wkwon/CMSSW_14_0_12/src/work/mc/python to tarball
DEBUG 2024-10-09 07:11:42.734 UTC: 	 Uploading archive /eos/home-w/wkwon/CMSSW_14_0_12/src/work/mc/crab_projects/crab_MuonAnalysis_QCD_Run3Summer22DR/inputs/b1ddcceb-fd55-42fe-a22b-ab7c3c63beb2default.tgz (95 KB) to the CRAB cache. Using URI https://cmsweb.cern.ch/S3/crabcache_prod
DEBUG 2024-10-09 07:11:42.805 UTC: 	 Encoded data for curl request: subresource=upload&objecttype=sandbox&tarballname=9cd5be79f7bcdc4659dc82b85a31cf0ec5dfa74742db2e1e4e783d79da828dee.tar.gz
DEBUG 2024-10-09 07:11:42.884 UTC: 	 sandbox 9cd5be79f7bcdc4659dc82b85a31cf0ec5dfa74742db2e1e4e783d79da828dee.tar.gz is already in the S3 store, will not upload again
DEBUG 2024-10-09 07:11:42.884 UTC: 	 Loading required information from the environment
DEBUG 2024-10-09 07:11:42.884 UTC: 	 Found CMSSW_14_0_12 for el9_amd64_gcc12 with base /eos/home-w/wkwon/CMSSW_14_0_12
DEBUG 2024-10-09 07:11:42.884 UTC: 	 Making tarball in /eos/home-w/wkwon/CMSSW_14_0_12/src/work/mc/crab_projects/crab_MuonAnalysis_QCD_Run3Summer22DR/inputs/debugFiles.tgz
DEBUG 2024-10-09 07:11:42.897 UTC: 	 Uploading archive /eos/home-w/wkwon/CMSSW_14_0_12/src/work/mc/crab_projects/crab_MuonAnalysis_QCD_Run3Summer22DR/inputs/debugFiles.tgz (1 KB) to the CRAB cache. Using URI https://cmsweb.cern.ch/S3/crabcache_prod
DEBUG 2024-10-09 07:11:42.903 UTC: 	 Encoded data for curl request: subresource=upload&objecttype=sandbox&tarballname=481f37783b6f1ea3b6f3cea0925ebc0ba0ba7b51513798fc7fb235e3ef1ecbde.tar.gz
DEBUG 2024-10-09 07:11:43.035 UTC: 	 Will execute:
curl -f -v -X POST  -H "User-Agent: CRAB" -F "key=wkwon/sandboxes/481f37783b6f1ea3b6f3cea0925ebc0ba0ba7b51513798fc7fb235e3ef1ecbde.tar.gz" -F "AWSAccessKeyId=715203df6482458ba839e73e6dab634b" -F "policy=eyJleHBpcmF0aW9uIjogIjIwMjQtMTAtMDlUMDg6MTE6NDNaIiwgImNvbmRpdGlvbnMiOiBbeyJidWNrZXQiOiAiY3JhYmNhY2hlX3Byb2QifSwgeyJrZXkiOiAid2t3b24vc2FuZGJveGVzLzQ4MWYzNzc4M2I2ZjFlYTNiNmYzY2VhMDkyNWViYzBiYTBiYTdiNTE1MTM3OThmYzdmYjIzNWUzZWYxZWNiZGUudGFyLmd6In1dfQ==" -F "signature=J7jhCtPHoSysEHHpDrElDndUt8A=" -F "file=@/eos/home-w/wkwon/CMSSW_14_0_12/src/work/mc/crab_projects/crab_MuonAnalysis_QCD_Run3Summer22DR/inputs/debugFiles.tgz" "https://s3.cern.ch/crabcache_prod"
DEBUG 2024-10-09 07:11:43.104 UTC: 	 exitcode: 0
stdout: b''
DEBUG 2024-10-09 07:11:43.104 UTC: 	 sandbox /eos/home-w/wkwon/CMSSW_14_0_12/src/work/mc/crab_projects/crab_MuonAnalysis_QCD_Run3Summer22DR/inputs/debugFiles.tgz successfully uploaded to S3
DEBUG 2024-10-09 07:11:43.104 UTC: 	 Result uploading input files: 9cd5be79f7bcdc4659dc82b85a31cf0ec5dfa74742db2e1e4e783d79da828dee.tar.gz 
DEBUG 2024-10-09 07:11:43.105 UTC: 	 submit() - self.configuration from WMCore.Configuration import Configuration
config = Configuration()
config.section_('General')
config.General.workArea = 'crab_projects'
config.General.requestName = 'MuonAnalysis_QCD_Run3Summer22DR'
config.section_('JobType')
config.JobType.maxMemoryMB = 2000
config.JobType.pluginName = 'Analysis'
config.JobType.psetName = 'conf.py'
config.JobType.outputFiles = ['mc.root']
config.JobType.numCores = 1
config.section_('Data')
config.Data.outLFNDirBase = '/store/user/wkwon/AnalysisResults/'
config.Data.inputDataset = '/QCD_PT-15to7000_TuneCP5_Flat2022_13p6TeV_pythia8/Run3Summer22DRPremix-124X_mcRun3_2022_realistic_v12-v3/AODSIM'
config.Data.splitting = 'FileBased'
config.Data.publication = False
config.Data.unitsPerJob = 100
config.Data.inputDBS = 'global'
config.section_('Site')
config.Site.storageSite = 'T3_KR_KNU'
config.section_('User')
config.section_('Debug')

DEBUG 2024-10-09 07:11:43.105 UTC: 	 submit() - self.configreq {'dryrun': 0, 'workflow': 'crab_MuonAnalysis_QCD_Run3Summer22DR', 'saveoutput': 1, 'savelogsflag': 0, 'inputdata': '/QCD_PT-15to7000_TuneCP5_Flat2022_13p6TeV_pythia8/Run3Summer22DRPremix-124X_mcRun3_2022_realistic_v12-v3/AODSIM', 'nonvaliddata': 0, 'userfiles': [], 'dbsurl': 'https://cmsweb.cern.ch/dbs/prod/global/DBSReader', 'useparent': 0, 'ignorelocality': 0, 'splitalgo': 'FileBased', 'algoargs': 100, 'totalunits': 0, 'lfn': '/store/user/wkwon/AnalysisResults/', 'publication': 0, 'publishdbsurl': 'https://cmsweb.cern.ch/dbs/prod/phys03/DBSWriter', 'jobtype': 'Analysis', 'generator': 'pythia', 'addoutputfiles': ['mc.root'], 'maxjobruntime': 1250, 'numcores': 1, 'maxmemory': 2000, 'priority': 10, 'nonprodsw': 0, 'asyncdest': 'T3_KR_KNU', 'requireaccelerator': 0, 'oneEventMode': 0, 'extrajdl': [], 'ignoreglobalblacklist': 0, 'partialdataset': 0, 'inputblocks': []}
DEBUG 2024-10-09 07:11:43.105 UTC: 	 submit() - jobconfig {'addoutputfiles': [], 'tfileoutfiles': ['mc.root'], 'edmoutfiles': [], 'jobarch': 'el9_amd64_gcc12', 'jobsw': 'CMSSW_14_0_12', 'inputdata': '/QCD_PT-15to7000_TuneCP5_Flat2022_13p6TeV_pythia8/Run3Summer22DRPremix-124X_mcRun3_2022_realistic_v12-v3/AODSIM', 'cacheurl': 'https://cmsweb.cern.ch/S3/crabcache_prod', 'cachefilename': '9cd5be79f7bcdc4659dc82b85a31cf0ec5dfa74742db2e1e4e783d79da828dee.tar.gz', 'debugfilename': '481f37783b6f1ea3b6f3cea0925ebc0ba0ba7b51513798fc7fb235e3ef1ecbde.tar.gz', 'jobtype': 'Analysis'}
INFO 2024-10-09 07:11:43.105 UTC: 	 Sending the request to the server at cmsweb.cern.ch
DEBUG 2024-10-09 07:11:43.105 UTC: 	 Submitting {'dryrun': 0, 'workflow': 'crab_MuonAnalysis_QCD_Run3Summer22DR', 'saveoutput': 1, 'savelogsflag': 0, 'inputdata': '/QCD_PT-15to7000_TuneCP5_Flat2022_13p6TeV_pythia8/Run3Summer22DRPremix-124X_mcRun3_2022_realistic_v12-v3/AODSIM', 'nonvaliddata': 0, 'userfiles': [], 'dbsurl': 'https://cmsweb.cern.ch/dbs/prod/global/DBSReader', 'useparent': 0, 'ignorelocality': 0, 'splitalgo': 'FileBased', 'algoargs': 100, 'totalunits': 0, 'lfn': '/store/user/wkwon/AnalysisResults/', 'publication': 0, 'publishdbsurl': 'https://cmsweb.cern.ch/dbs/prod/phys03/DBSWriter', 'jobtype': 'Analysis', 'generator': 'pythia', 'addoutputfiles': [], 'maxjobruntime': 1250, 'numcores': 1, 'maxmemory': 2000, 'priority': 10, 'nonprodsw': 0, 'asyncdest': 'T3_KR_KNU', 'requireaccelerator': 0, 'oneEventMode': 0, 'extrajdl': [], 'ignoreglobalblacklist': 0, 'partialdataset': 0, 'inputblocks': [], 'tfileoutfiles': ['mc.root'], 'edmoutfiles': [], 'jobarch': 'el9_amd64_gcc12', 'jobsw': 'CMSSW_14_0_12', 'cacheurl': 'https://cmsweb.cern.ch/S3/crabcache_prod', 'cachefilename': '9cd5be79f7bcdc4659dc82b85a31cf0ec5dfa74742db2e1e4e783d79da828dee.tar.gz', 'debugfilename': '481f37783b6f1ea3b6f3cea0925ebc0ba0ba7b51513798fc7fb235e3ef1ecbde.tar.gz'} 
DEBUG 2024-10-09 07:11:43.105 UTC: 	 Encoded data for curl request: dryrun=0&workflow=crab_MuonAnalysis_QCD_Run3Summer22DR&saveoutput=1&savelogsflag=0&inputdata=%2FQCD_PT-15to7000_TuneCP5_Flat2022_13p6TeV_pythia8%2FRun3Summer22DRPremix-124X_mcRun3_2022_realistic_v12-v3%2FAODSIM&nonvaliddata=0&dbsurl=https%3A%2F%2Fcmsweb.cern.ch%2Fdbs%2Fprod%2Fglobal%2FDBSReader&useparent=0&ignorelocality=0&splitalgo=FileBased&algoargs=100&totalunits=0&lfn=%2Fstore%2Fuser%2Fwkwon%2FAnalysisResults%2F&publication=0&publishdbsurl=https%3A%2F%2Fcmsweb.cern.ch%2Fdbs%2Fprod%2Fphys03%2FDBSWriter&jobtype=Analysis&generator=pythia&maxjobruntime=1250&numcores=1&maxmemory=2000&priority=10&nonprodsw=0&asyncdest=T3_KR_KNU&requireaccelerator=0&oneEventMode=0&ignoreglobalblacklist=0&partialdataset=0&jobarch=el9_amd64_gcc12&jobsw=CMSSW_14_0_12&cacheurl=https%3A%2F%2Fcmsweb.cern.ch%2FS3%2Fcrabcache_prod&cachefilename=9cd5be79f7bcdc4659dc82b85a31cf0ec5dfa74742db2e1e4e783d79da828dee.tar.gz&debugfilename=481f37783b6f1ea3b6f3cea0925ebc0ba0ba7b51513798fc7fb235e3ef1ecbde.tar.gz&tfileoutfiles=mc.root
DEBUG 2024-10-09 07:11:43.928 UTC: 	 Result: {'result': [{'RequestName': '241009_071143:wkwon_crab_MuonAnalysis_QCD_Run3Summer22DR'}]}
INFO 2024-10-09 07:11:43.938 UTC: 	 Success: Your task has been delivered to the prod CRAB3 server.
INFO 2024-10-09 07:11:43.938 UTC: 	 Task name: 241009_071143:wkwon_crab_MuonAnalysis_QCD_Run3Summer22DR
INFO 2024-10-09 07:11:43.938 UTC: 	 Project dir: crab_projects/crab_MuonAnalysis_QCD_Run3Summer22DR
INFO 2024-10-09 07:11:43.938 UTC: 	 Please use ' crab status -d crab_projects/crab_MuonAnalysis_QCD_Run3Summer22DR ' to check how the submission process proceeds.
DEBUG 2024-10-09 07:11:43.938 UTC: 	 About to return
INFO 2024-10-09 07:11:43.955 UTC: 	 Log file is /eos/home-w/wkwon/CMSSW_14_0_12/src/work/mc/crab_projects/crab_MuonAnalysis_QCD_Run3Summer22DR/crab.log
DEBUG 2024-10-09 07:18:08.873 UTC: 	 CRAB Client version: v3.240621
DEBUG 2024-10-09 07:18:08.873 UTC: 	 Running on: Linux lxplus952.cern.ch 5.14.0-427.37.1.el9_4.x86_64 #1 SMP PREEMPT_DYNAMIC Fri Sep 13 12:41:50 EDT 2024 x86_64 x86_64 x86_64 GNU/Linux - Red Hat Enterprise Linux 9.4 (Plow)
DEBUG 2024-10-09 07:18:08.873 UTC: 	 Executing command: 'status'
DEBUG 2024-10-09 07:18:08.873 UTC: 	 Found CRAB cache file /afs/cern.ch/user/w/wkwon/.crab3
DEBUG 2024-10-09 07:18:08.885 UTC: 	 Checking credentials
DEBUG 2024-10-09 07:18:08.885 UTC: 	 Found proxy file /tmp/x509up_u168090
DEBUG 2024-10-09 07:18:08.885 UTC: 	 Making sure it has proper VOMS extension
DEBUG 2024-10-09 07:18:08.885 UTC: 	 Executing command :
 voms-proxy-info --vo --file /tmp/x509up_u168090
DEBUG 2024-10-09 07:18:09.472 UTC: 	 output : cms

 error: 
 retcode : 0
DEBUG 2024-10-09 07:18:09.472 UTC: 	 Getting proxy life time left
DEBUG 2024-10-09 07:18:09.472 UTC: 	 Executing command :
 voms-proxy-info --actimeleft --timeleft --file /tmp/x509up_u168090
DEBUG 2024-10-09 07:18:09.986 UTC: 	 output : 690322
690322

 error: 
 retcode : 0
DEBUG 2024-10-09 07:18:09.987 UTC: 	 Proxy valid for 191:45:22 hours
DEBUG 2024-10-09 07:18:09.987 UTC: 	 Encoded data for curl request: subresource=delegatedn
DEBUG 2024-10-09 07:18:10.076 UTC: 	 Registering user credentials on myproxy for /DC=ch/DC=cern/OU=computers/CN=crab-(preprod|prod)-tw(01|02).cern.ch|/DC=ch/DC=cern/OU=computers/CN=crab-dev-tw(01|02|03|04).cern.ch|/DC=ch/DC=cern/OU=Organic Units/OU=Users/CN=cmscrab/CN=(817881|373708)/CN=Robot: cms crab|/DC=ch/DC=cern/OU=Organic Units/OU=Users/CN=crabint1/CN=373708/CN=Robot: CMS CRAB Integration 1
DEBUG 2024-10-09 07:18:10.076 UTC: 	 Executing command :
 voms-proxy-info --identity --file /tmp/x509up_u168090
DEBUG 2024-10-09 07:18:10.569 UTC: 	 output : /DC=ch/DC=cern/OU=Organic Units/OU=Users/CN=wkwon/CN=874403/CN=Wooyeon Kwon

 error: 
 retcode : 0
DEBUG 2024-10-09 07:18:10.569 UTC: 	 Getting myproxy life time left for f8986532409fa907e5c13102198102ce78e92be8
DEBUG 2024-10-09 07:18:10.569 UTC: 	 Executing command :
 myproxy-info -s myproxy.cern.ch -l f8986532409fa907e5c13102198102ce78e92be8
DEBUG 2024-10-09 07:18:10.911 UTC: 	 output : username: f8986532409fa907e5c13102198102ce78e92be8
owner: /DC=ch/DC=cern/OU=Organic Units/OU=Users/CN=wkwon/CN=874403/CN=Wooyeon Kwon
  renewal policy: /DC=ch/DC=cern/OU=computers/CN=crab-(preprod|prod)-tw(01|02).cern.ch|/DC=ch/DC=cern/OU=computers/CN=crab-dev-tw(01|02|03|04).cern.ch|/DC=ch/DC=cern/OU=Organic Units/OU=Users/CN=cmscrab/CN=(817881|373708)/CN=Robot: cms crab|/DC=ch/DC=cern/OU=Organic Units/OU=Users/CN=crabint1/CN=373708/CN=Robot: CMS CRAB Integration 1
  trusted retrieval policy: /DC=ch/DC=cern/OU=computers/CN=crab-(preprod|prod)-tw(01|02).cern.ch|/DC=ch/DC=cern/OU=computers/CN=crab-dev-tw(01|02|03|04).cern.ch|/DC=ch/DC=cern/OU=Organic Units/OU=Users/CN=cmscrab/CN=(817881|373708)/CN=Robot: cms crab|/DC=ch/DC=cern/OU=Organic Units/OU=Users/CN=crabint1/CN=373708/CN=Robot: CMS CRAB Integration 1
  timeleft: 379:01:47  (15.8 days)

 error: 
 retcode : 0
DEBUG 2024-10-09 07:18:10.912 UTC: 	 Myproxy is valid: 1364460
DEBUG 2024-10-09 07:18:10.912 UTC: 	 Result of myproxy credential check:
  Credential exists on myproxy: username: f8986532409fa907e5c13102198102ce78e92be8  - validity: 15 days, 19:01:00
DEBUG 2024-10-09 07:18:10.912 UTC: 	 Retrieving username ...
DEBUG 2024-10-09 07:18:10.912 UTC: 	 Retrieving username from CRIC...
DEBUG 2024-10-09 07:18:11.604 UTC: 	 username is wkwon
INFO 2024-10-09 07:18:12.378 UTC: 	 Rucio client intialized for account wkwon
DEBUG 2024-10-09 07:18:12.380 UTC: 	 Command use: status
DEBUG 2024-10-09 07:18:12.380 UTC: 	 Options use: ['-d', 'crab_projects/crab_MuonAnalysis_QCD_Run3Summer22DR']
DEBUG 2024-10-09 07:18:12.380 UTC: 	 Encoded data for curl request: subresource=version
DEBUG 2024-10-09 07:18:12.457 UTC: 	 CRABClient version: v3.240621
DEBUG 2024-10-09 07:18:12.457 UTC: 	 Instance is prod
DEBUG 2024-10-09 07:18:12.457 UTC: 	 Server base url is cmsweb.cern.ch
DEBUG 2024-10-09 07:18:12.457 UTC: 	 Command api workflow
DEBUG 2024-10-09 07:18:12.458 UTC: 	 Encoded data for curl request: subresource=search&workflow=241009_071143%3Awkwon_crab_MuonAnalysis_QCD_Run3Summer22DR
DEBUG 2024-10-09 07:18:12.531 UTC: 	 Got information from server oracle database: {'desc': {'columns': ['tm_taskname', 'tm_activity', 'tm_task_status', 'tm_task_command', 'tm_start_time', 'tm_start_injection', 'tm_end_injection', 'tm_task_failure', 'tm_job_sw', 'tm_job_arch', 'tm_input_dataset', 'tm_nonvalid_input_dataset', 'tm_use_parent', 'tm_site_whitelist', 'tm_site_blacklist', 'tm_split_algo', 'tm_split_args', 'tm_user_sandbox', 'tm_cache_url', 'tm_username', 'tm_user_dn', 'tm_user_vo', 'tm_user_role', 'tm_user_group', 'tm_publish_name', 'tm_publish_groupname', 'tm_asyncdest', 'tm_dbs_url', 'tm_publish_dbs_url', 'tm_publication', 'tm_outfiles', 'tm_tfile_outfiles', 'tm_edm_outfiles', 'tm_job_type', 'tm_generator', 'tm_events_per_lumi', 'tm_arguments', 'tm_save_logs', 'tw_name', 'tm_user_infiles', 'tm_maxjobruntime', 'tm_numcores', 'tm_maxmemory', 'tm_priority', 'tm_output_dataset', 'tm_task_warnings', 'tm_user_webdir', 'tm_scriptexe', 'tm_scriptargs', 'tm_extrajdl', 'tm_collector', 'tm_schedd', 'tm_dry_run', 'tm_user_files', 'tm_transfer_outputs', 'tm_output_lfn', 'tm_ignore_locality', 'tm_fail_limit', 'tm_one_event_mode', 'tm_secondary_input_dataset', 'tm_primary_dataset', 'tm_last_publication', 'tm_debug_files', 'clusterid', 'tm_ignore_global_blacklist', 'tm_submitter_ip_addr', 'tm_totalunits', 'tm_ddm_reqid', 'tm_user_config', 'tm_transfer_container', 'tm_transfer_rule', 'tm_publish_rule', 'tm_multipub_rule']}, 'result': ['241009_071143:wkwon_crab_MuonAnalysis_QCD_Run3Summer22DR', 'None', 'SUBMITTED', 'SUBMIT', '2024-10-09 07:11:43.919205', 'None', '2024-10-09 07:13:46.298017', 'None', 'CMSSW_14_0_12', 'el9_amd64_gcc12', '/QCD_PT-15to7000_TuneCP5_Flat2022_13p6TeV_pythia8/Run3Summer22DRPremix-124X_mcRun3_2022_realistic_v12-v3/AODSIM', 'F', '0', '[]', '[]', 'FileBased', "{'halt_job_on_file_boundaries': False, 'splitOnRun': False, 'files_per_job': 100, 'runs': [], 'lumis': []}", '9cd5be79f7bcdc4659dc82b85a31cf0ec5dfa74742db2e1e4e783d79da828dee.tar.gz', 'https://cmsweb.cern.ch/S3/crabcache_prod', 'wkwon', '/DC=ch/DC=cern/OU=Organic Units/OU=Users/CN=wkwon/CN=874403/CN=Wooyeon Kwon', 'cms', 'None', 'None', 'crab_MuonAnalysis_QCD_Run3Summer22DR-00000000000000000000000000000000', 'F', 'T3_KR_KNU', 'https://cmsweb.cern.ch/dbs/prod/global/DBSReader', 'https://cmsweb.cern.ch/dbs/prod/phys03/DBSWriter', 'F', '[]', "['mc.root']", '[]', 'Analysis', 'pythia', 'None', '{}', 'F', 'crab-prod-tw01', '[]', '1250', '1', '2000', '10', "['/FakeDataset/fakefile-FakePublish-d38c6acfd612daa7d7bfdea8cfd0747e/USER']", '[]', 'http://vocms0122.cern.ch/mon/wkwon/241009_071143:wkwon_crab_MuonAnalysis_QCD_Run3Summer22DR', 'None', '[]', '[]', 'cmsgwms-collector-global.cern.ch:9620,cmsgwms-collector-global.fnal.gov:9620', 'crab3@vocms0122.cern.ch', 'F', '[]', 'T', '/store/user/wkwon/AnalysisResults/', 'F', 'None', 'F', 'None', 'QCD_PT-15to7000_TuneCP5_Flat2022_13p6TeV_pythia8', 'None', '481f37783b6f1ea3b6f3cea0925ebc0ba0ba7b51513798fc7fb235e3ef1ecbde.tar.gz', '114419526', 'F', '188.185.101.116', '0.0', 'None', '{"partialdataset": false, "requireaccelerator": false, "acceleratorparams": null, "inputblocks": null}', 'None', 'None', 'None', 'None']}
INFO 2024-10-09 07:18:12.532 UTC: 	 CRAB project directory:		/eos/home-w/wkwon/CMSSW_14_0_12/src/work/mc/crab_projects/crab_MuonAnalysis_QCD_Run3Summer22DR
INFO 2024-10-09 07:18:12.532 UTC: 	 Task name:			241009_071143:wkwon_crab_MuonAnalysis_QCD_Run3Summer22DR
INFO 2024-10-09 07:18:12.532 UTC: 	 Grid scheduler - Task Worker:	crab3@vocms0122.cern.ch - crab-prod-tw01
INFO 2024-10-09 07:18:12.532 UTC: 	 Status on the CRAB server:	SUBMITTED
INFO 2024-10-09 07:18:12.532 UTC: 	 Task URL to use for HELP:	https://cmsweb.cern.ch/crabserver/ui/task/241009_071143%3Awkwon_crab_MuonAnalysis_QCD_Run3Summer22DR
INFO 2024-10-09 07:18:12.541 UTC: 	 Dashboard monitoring URL:	https://monit-grafana.cern.ch/d/cmsTMDetail/cms-task-monitoring-task-view?orgId=11&var-user=wkwon&var-task=241009_071143%3Awkwon_crab_MuonAnalysis_QCD_Run3Summer22DR&from=1728454303000&to=now
DEBUG 2024-10-09 07:18:12.542 UTC: 	 The CRAB server submitted your task to the Grid scheduler (cluster ID: 114419526)
DEBUG 2024-10-09 07:18:12.542 UTC: 	 Webdir is located at http://vocms0122.cern.ch/mon/wkwon/241009_071143:wkwon_crab_MuonAnalysis_QCD_Run3Summer22DR
DEBUG 2024-10-09 07:18:12.542 UTC: 	 Encoded data for curl request: subresource=webdirprx&workflow=241009_071143%3Awkwon_crab_MuonAnalysis_QCD_Run3Summer22DR
DEBUG 2024-10-09 07:18:12.616 UTC: 	 Proxied webdir is located at https://cmsweb.cern.ch:8443/scheddmon/0122/wkwon/241009_071143:wkwon_crab_MuonAnalysis_QCD_Run3Summer22DR
DEBUG 2024-10-09 07:18:12.616 UTC: 	 Retrieving 'status_cache' file from https://cmsweb.cern.ch:8443/scheddmon/0122/wkwon/241009_071143:wkwon_crab_MuonAnalysis_QCD_Run3Summer22DR/status_cache.pkl
DEBUG 2024-10-09 07:18:12.617 UTC: 	 Will execute:
curl -sS --capath /etc/grid-security/certificates --cert /tmp/x509up_u168090 --key /tmp/x509up_u168090 -o /tmp/crab_status-cache-wp8w_mbm.pkl -w %"{http_code}" "https://cmsweb.cern.ch:8443/scheddmon/0122/wkwon/241009_071143:wkwon_crab_MuonAnalysis_QCD_Run3Summer22DR/status_cache.pkl"
DEBUG 2024-10-09 07:18:12.617 UTC: 	 Executing command :
 curl -sS --capath /etc/grid-security/certificates --cert /tmp/x509up_u168090 --key /tmp/x509up_u168090 -o /tmp/crab_status-cache-wp8w_mbm.pkl -w %"{http_code}" "https://cmsweb.cern.ch:8443/scheddmon/0122/wkwon/241009_071143:wkwon_crab_MuonAnalysis_QCD_Run3Summer22DR/status_cache.pkl"
DEBUG 2024-10-09 07:18:12.681 UTC: 	 output : 200
 error: 
 retcode : 0
DEBUG 2024-10-09 07:18:12.681 UTC: 	 exitcode: 0
stdout: 200
stderr: 
error details: 
DEBUG 2024-10-09 07:18:12.682 UTC: 	 Got information from status cache file: {'13': {'Retries': 0, 'Restarts': 0, 'SiteHistory': ['Unknown'], 'ResidentSetSize': [0], 'SubmitTimes': [1728458089.0], 'StartTimes': [], 'EndTimes': [], 'TotalUserCpuTimeHistory': [0.0], 'TotalSysCpuTimeHistory': [0.0], 'WallDurations': [0], 'JobIds': ['114419531.0'], 'State': 'idle', 'RecordedSite': False}, '17': {'Retries': 0, 'Restarts': 0, 'SiteHistory': ['Unknown'], 'ResidentSetSize': [0], 'SubmitTimes': [1728458089.0], 'StartTimes': [], 'EndTimes': [], 'TotalUserCpuTimeHistory': [0.0], 'TotalSysCpuTimeHistory': [0.0], 'WallDurations': [0], 'JobIds': ['114419532.0'], 'State': 'idle', 'RecordedSite': False}, '6': {'Retries': 0, 'Restarts': 0, 'SiteHistory': ['T3_UK_ScotGrid_GLA', 'T3_UK_ScotGrid_GLA'], 'ResidentSetSize': [0], 'SubmitTimes': [1728458089.0], 'StartTimes': [1728458145.0], 'EndTimes': [], 'TotalUserCpuTimeHistory': [0.0], 'TotalSysCpuTimeHistory': [0.0], 'WallDurations': [0, 5.289401054382324], 'JobIds': ['114419533.0'], 'State': 'running', 'RecordedSite': True}, '10': {'Retries': 0, 'Restarts': 0, 'SiteHistory': ['T2_PT_NCG_Lisbon', 'T2_PT_NCG_Lisbon'], 'ResidentSetSize': [0], 'SubmitTimes': [1728458089.0], 'StartTimes': [1728458145.0], 'EndTimes': [], 'TotalUserCpuTimeHistory': [0.0], 'TotalSysCpuTimeHistory': [0.0], 'WallDurations': [0, 5.289401054382324], 'JobIds': ['114419534.0'], 'State': 'running', 'RecordedSite': True}, '15': {'Retries': 0, 'Restarts': 0, 'SiteHistory': ['Unknown'], 'ResidentSetSize': [0], 'SubmitTimes': [1728458089.0], 'StartTimes': [], 'EndTimes': [], 'TotalUserCpuTimeHistory': [0.0], 'TotalSysCpuTimeHistory': [0.0], 'WallDurations': [0], 'JobIds': ['114419535.0'], 'State': 'idle', 'RecordedSite': False}, '4': {'Retries': 0, 'Restarts': 0, 'SiteHistory': ['T2_UK_SGrid_RALPP', 'T2_UK_SGrid_RALPP'], 'ResidentSetSize': [0], 'SubmitTimes': [1728458089.0], 'StartTimes': [1728458146.0], 'EndTimes': [], 'TotalUserCpuTimeHistory': [0.0], 'TotalSysCpuTimeHistory': [0.0], 'WallDurations': [0, 4.289401054382324], 'JobIds': ['114419536.0'], 'State': 'running', 'RecordedSite': True}, '9': {'Retries': 0, 'Restarts': 0, 'SiteHistory': ['Unknown'], 'ResidentSetSize': [0], 'SubmitTimes': [1728458089.0], 'StartTimes': [], 'EndTimes': [], 'TotalUserCpuTimeHistory': [0.0], 'TotalSysCpuTimeHistory': [0.0], 'WallDurations': [0], 'JobIds': ['114419537.0'], 'State': 'idle', 'RecordedSite': False}, '19': {'Retries': 0, 'Restarts': 0, 'SiteHistory': ['Unknown'], 'ResidentSetSize': [0], 'SubmitTimes': [1728458089.0], 'StartTimes': [], 'EndTimes': [], 'TotalUserCpuTimeHistory': [0.0], 'TotalSysCpuTimeHistory': [0.0], 'WallDurations': [0], 'JobIds': ['114419538.0'], 'State': 'idle', 'RecordedSite': False}, '1': {'Retries': 0, 'Restarts': 0, 'SiteHistory': ['Unknown'], 'ResidentSetSize': [0], 'SubmitTimes': [1728458094.0], 'StartTimes': [], 'EndTimes': [], 'TotalUserCpuTimeHistory': [0.0], 'TotalSysCpuTimeHistory': [0.0], 'WallDurations': [0], 'JobIds': ['114419539.0'], 'State': 'idle', 'RecordedSite': False}, '2': {'Retries': 0, 'Restarts': 0, 'SiteHistory': ['Unknown'], 'ResidentSetSize': [0], 'SubmitTimes': [1728458094.0], 'StartTimes': [], 'EndTimes': [], 'TotalUserCpuTimeHistory': [0.0], 'TotalSysCpuTimeHistory': [0.0], 'WallDurations': [0], 'JobIds': ['114419540.0'], 'State': 'idle', 'RecordedSite': False}, '3': {'Retries': 0, 'Restarts': 0, 'SiteHistory': ['T2_UK_London_IC', 'T2_UK_London_IC'], 'ResidentSetSize': [0], 'SubmitTimes': [1728458094.0], 'StartTimes': [1728458146.0], 'EndTimes': [], 'TotalUserCpuTimeHistory': [0.0], 'TotalSysCpuTimeHistory': [0.0], 'WallDurations': [0, 4.289401054382324], 'JobIds': ['114419541.0'], 'State': 'running', 'RecordedSite': True}, '5': {'Retries': 0, 'Restarts': 0, 'SiteHistory': ['T2_UK_London_IC', 'T2_UK_London_IC'], 'ResidentSetSize': [0], 'SubmitTimes': [1728458094.0], 'StartTimes': [1728458146.0], 'EndTimes': [], 'TotalUserCpuTimeHistory': [0.0], 'TotalSysCpuTimeHistory': [0.0], 'WallDurations': [0, 4.289401054382324], 'JobIds': ['114419542.0'], 'State': 'running', 'RecordedSite': True}, '7': {'Retries': 0, 'Restarts': 0, 'SiteHistory': ['Unknown'], 'ResidentSetSize': [0], 'SubmitTimes': [1728458094.0], 'StartTimes': [], 'EndTimes': [], 'TotalUserCpuTimeHistory': [0.0], 'TotalSysCpuTimeHistory': [0.0], 'WallDurations': [0], 'JobIds': ['114419543.0'], 'State': 'idle', 'RecordedSite': False}, '8': {'Retries': 0, 'Restarts': 0, 'SiteHistory': ['Unknown'], 'ResidentSetSize': [0], 'SubmitTimes': [1728458094.0], 'StartTimes': [], 'EndTimes': [], 'TotalUserCpuTimeHistory': [0.0], 'TotalSysCpuTimeHistory': [0.0], 'WallDurations': [0], 'JobIds': ['114419544.0'], 'State': 'idle', 'RecordedSite': False}, '11': {'Retries': 0, 'Restarts': 0, 'SiteHistory': ['Unknown'], 'ResidentSetSize': [0], 'SubmitTimes': [1728458094.0], 'StartTimes': [], 'EndTimes': [], 'TotalUserCpuTimeHistory': [0.0], 'TotalSysCpuTimeHistory': [0.0], 'WallDurations': [0], 'JobIds': ['114419545.0'], 'State': 'idle', 'RecordedSite': False}, '12': {'Retries': 0, 'Restarts': 0, 'SiteHistory': ['Unknown'], 'ResidentSetSize': [0], 'SubmitTimes': [1728458094.0], 'StartTimes': [], 'EndTimes': [], 'TotalUserCpuTimeHistory': [0.0], 'TotalSysCpuTimeHistory': [0.0], 'WallDurations': [0], 'JobIds': ['114419546.0'], 'State': 'idle', 'RecordedSite': False}, '14': {'Retries': 0, 'Restarts': 0, 'SiteHistory': ['Unknown'], 'ResidentSetSize': [0], 'SubmitTimes': [1728458094.0], 'StartTimes': [], 'EndTimes': [], 'TotalUserCpuTimeHistory': [0.0], 'TotalSysCpuTimeHistory': [0.0], 'WallDurations': [0], 'JobIds': ['114419547.0'], 'State': 'idle', 'RecordedSite': False}, '16': {'Retries': 0, 'Restarts': 0, 'SiteHistory': ['Unknown'], 'ResidentSetSize': [0], 'SubmitTimes': [1728458094.0], 'StartTimes': [], 'EndTimes': [], 'TotalUserCpuTimeHistory': [0.0], 'TotalSysCpuTimeHistory': [0.0], 'WallDurations': [0], 'JobIds': ['114419548.0'], 'State': 'idle', 'RecordedSite': False}, '18': {'Retries': 0, 'Restarts': 0, 'SiteHistory': ['Unknown'], 'ResidentSetSize': [0], 'SubmitTimes': [1728458094.0], 'StartTimes': [], 'EndTimes': [], 'TotalUserCpuTimeHistory': [0.0], 'TotalSysCpuTimeHistory': [0.0], 'WallDurations': [0], 'JobIds': ['114419549.0'], 'State': 'idle', 'RecordedSite': False}, '20': {'Retries': 0, 'Restarts': 0, 'SiteHistory': ['Unknown'], 'ResidentSetSize': [0], 'SubmitTimes': [1728458094.0], 'StartTimes': [], 'EndTimes': [], 'TotalUserCpuTimeHistory': [0.0], 'TotalSysCpuTimeHistory': [0.0], 'WallDurations': [0], 'JobIds': ['114419550.0'], 'State': 'idle', 'RecordedSite': False}, '21': {'Retries': 0, 'Restarts': 0, 'SiteHistory': ['Unknown'], 'ResidentSetSize': [0], 'SubmitTimes': [1728458094.0], 'StartTimes': [], 'EndTimes': [], 'TotalUserCpuTimeHistory': [0.0], 'TotalSysCpuTimeHistory': [0.0], 'WallDurations': [0], 'JobIds': ['114419551.0'], 'State': 'idle', 'RecordedSite': False}, '22': {'Retries': 0, 'Restarts': 0, 'SiteHistory': ['Unknown'], 'ResidentSetSize': [0], 'SubmitTimes': [1728458094.0], 'StartTimes': [], 'EndTimes': [], 'TotalUserCpuTimeHistory': [0.0], 'TotalSysCpuTimeHistory': [0.0], 'WallDurations': [0], 'JobIds': ['114419552.0'], 'State': 'idle', 'RecordedSite': False}, '23': {'Retries': 0, 'Restarts': 0, 'SiteHistory': ['T2_UA_KIPT', 'T2_UA_KIPT'], 'ResidentSetSize': [0], 'SubmitTimes': [1728458094.0], 'StartTimes': [1728458146.0], 'EndTimes': [], 'TotalUserCpuTimeHistory': [0.0], 'TotalSysCpuTimeHistory': [0.0], 'WallDurations': [0, 4.289401054382324], 'JobIds': ['114419553.0'], 'State': 'running', 'RecordedSite': True}, '24': {'Retries': 0, 'Restarts': 0, 'SiteHistory': ['T2_UA_KIPT', 'T2_UA_KIPT'], 'ResidentSetSize': [0], 'SubmitTimes': [1728458094.0], 'StartTimes': [1728458148.0], 'EndTimes': [], 'TotalUserCpuTimeHistory': [0.0], 'TotalSysCpuTimeHistory': [0.0], 'WallDurations': [0, 2.289401054382324], 'JobIds': ['114419554.0'], 'State': 'running', 'RecordedSite': True}, '25': {'Retries': 0, 'Restarts': 0, 'SiteHistory': ['Unknown'], 'ResidentSetSize': [0], 'SubmitTimes': [1728458094.0], 'StartTimes': [], 'EndTimes': [], 'TotalUserCpuTimeHistory': [0.0], 'TotalSysCpuTimeHistory': [0.0], 'WallDurations': [0], 'JobIds': ['114419555.0'], 'State': 'idle', 'RecordedSite': False}, '26': {'Retries': 0, 'Restarts': 0, 'SiteHistory': ['T2_PT_NCG_Lisbon', 'T2_PT_NCG_Lisbon'], 'ResidentSetSize': [0], 'SubmitTimes': [1728458094.0], 'StartTimes': [1728458147.0], 'EndTimes': [], 'TotalUserCpuTimeHistory': [0.0], 'TotalSysCpuTimeHistory': [0.0], 'WallDurations': [0, 3.289401054382324], 'JobIds': ['114419556.0'], 'State': 'running', 'RecordedSite': True}, '27': {'Retries': 0, 'Restarts': 0, 'SiteHistory': ['T2_PL_Cyfronet', 'T2_PL_Cyfronet'], 'ResidentSetSize': [0], 'SubmitTimes': [1728458095.0], 'StartTimes': [1728458145.0], 'EndTimes': [], 'TotalUserCpuTimeHistory': [0.0], 'TotalSysCpuTimeHistory': [0.0], 'WallDurations': [0, 5.289401054382324], 'JobIds': ['114419557.0'], 'State': 'running', 'RecordedSite': True}, '28': {'Retries': 0, 'Restarts': 0, 'SiteHistory': ['T2_PL_Cyfronet', 'T2_PL_Cyfronet'], 'ResidentSetSize': [0], 'SubmitTimes': [1728458095.0], 'StartTimes': [1728458146.0], 'EndTimes': [], 'TotalUserCpuTimeHistory': [0.0], 'TotalSysCpuTimeHistory': [0.0], 'WallDurations': [0, 4.289401054382324], 'JobIds': ['114419558.0'], 'State': 'running', 'RecordedSite': True}, '30': {'Retries': 0, 'Restarts': 0, 'SiteHistory': ['Unknown'], 'ResidentSetSize': [0], 'SubmitTimes': [1728458095.0], 'StartTimes': [], 'EndTimes': [], 'TotalUserCpuTimeHistory': [0.0], 'TotalSysCpuTimeHistory': [0.0], 'WallDurations': [0], 'JobIds': ['114419559.0'], 'State': 'idle', 'RecordedSite': False}, '38': {'Retries': 0, 'Restarts': 0, 'SiteHistory': ['T2_HU_Budapest', 'T2_HU_Budapest'], 'ResidentSetSize': [0], 'SubmitTimes': [1728458095.0], 'StartTimes': [1728458146.0], 'EndTimes': [], 'TotalUserCpuTimeHistory': [0.0], 'TotalSysCpuTimeHistory': [0.0], 'WallDurations': [0, 4.289401054382324], 'JobIds': ['114419560.0'], 'State': 'running', 'RecordedSite': True}, '41': {'Retries': 0, 'Restarts': 0, 'SiteHistory': ['Unknown'], 'ResidentSetSize': [0], 'SubmitTimes': [1728458095.0], 'StartTimes': [], 'EndTimes': [], 'TotalUserCpuTimeHistory': [0.0], 'TotalSysCpuTimeHistory': [0.0], 'WallDurations': [0], 'JobIds': ['114419561.0'], 'State': 'idle', 'RecordedSite': False}, '35': {'Retries': 0, 'Restarts': 0, 'SiteHistory': ['T2_IT_Bari', 'T2_IT_Bari'], 'ResidentSetSize': [0], 'SubmitTimes': [1728458095.0], 'StartTimes': [1728458145.0], 'EndTimes': [], 'TotalUserCpuTimeHistory': [0.0], 'TotalSysCpuTimeHistory': [0.0], 'WallDurations': [0, 5.289401054382324], 'JobIds': ['114419562.0'], 'State': 'running', 'RecordedSite': True}, '36': {'Retries': 0, 'Restarts': 0, 'SiteHistory': ['T2_CH_CSCS', 'T2_CH_CSCS'], 'ResidentSetSize': [0], 'SubmitTimes': [1728458095.0], 'StartTimes': [1728458144.0], 'EndTimes': [], 'TotalUserCpuTimeHistory': [0.0], 'TotalSysCpuTimeHistory': [0.0], 'WallDurations': [0, 6.289401054382324], 'JobIds': ['114419563.0'], 'State': 'running', 'RecordedSite': True}, '42': {'Retries': 0, 'Restarts': 0, 'SiteHistory': ['Unknown'], 'ResidentSetSize': [0], 'SubmitTimes': [1728458095.0], 'StartTimes': [], 'EndTimes': [], 'TotalUserCpuTimeHistory': [0.0], 'TotalSysCpuTimeHistory': [0.0], 'WallDurations': [0], 'JobIds': ['114419564.0'], 'State': 'idle', 'RecordedSite': False}, '33': {'Retries': 0, 'Restarts': 0, 'SiteHistory': ['T2_IT_Legnaro', 'T2_IT_Legnaro'], 'ResidentSetSize': [0], 'SubmitTimes': [1728458095.0], 'StartTimes': [1728458145.0], 'EndTimes': [], 'TotalUserCpuTimeHistory': [0.0], 'TotalSysCpuTimeHistory': [0.0], 'WallDurations': [0, 5.289401054382324], 'JobIds': ['114419565.0'], 'State': 'running', 'RecordedSite': True}, '34': {'Retries': 0, 'Restarts': 0, 'SiteHistory': ['Unknown'], 'ResidentSetSize': [0], 'SubmitTimes': [1728458095.0], 'StartTimes': [], 'EndTimes': [], 'TotalUserCpuTimeHistory': [0.0], 'TotalSysCpuTimeHistory': [0.0], 'WallDurations': [0], 'JobIds': ['114419566.0'], 'State': 'idle', 'RecordedSite': False}, '43': {'Retries': 0, 'Restarts': 0, 'SiteHistory': ['Unknown'], 'ResidentSetSize': [0], 'SubmitTimes': [1728458095.0], 'StartTimes': [], 'EndTimes': [], 'TotalUserCpuTimeHistory': [0.0], 'TotalSysCpuTimeHistory': [0.0], 'WallDurations': [0], 'JobIds': ['114419567.0'], 'State': 'idle', 'RecordedSite': False}, '39': {'Retries': 0, 'Restarts': 0, 'SiteHistory': ['T2_HU_Budapest', 'T2_HU_Budapest'], 'ResidentSetSize': [0], 'SubmitTimes': [1728458095.0], 'StartTimes': [1728458147.0], 'EndTimes': [], 'TotalUserCpuTimeHistory': [0.0], 'TotalSysCpuTimeHistory': [0.0], 'WallDurations': [0, 3.289401054382324], 'JobIds': ['114419568.0'], 'State': 'running', 'RecordedSite': True}, '44': {'Retries': 0, 'Restarts': 0, 'SiteHistory': ['Unknown'], 'ResidentSetSize': [0], 'SubmitTimes': [1728458095.0], 'StartTimes': [], 'EndTimes': [], 'TotalUserCpuTimeHistory': [0.0], 'TotalSysCpuTimeHistory': [0.0], 'WallDurations': [0], 'JobIds': ['114419569.0'], 'State': 'idle', 'RecordedSite': False}, '40': {'Retries': 0, 'Restarts': 0, 'SiteHistory': ['Unknown'], 'ResidentSetSize': [0], 'SubmitTimes': [1728458095.0], 'StartTimes': [], 'EndTimes': [], 'TotalUserCpuTimeHistory': [0.0], 'TotalSysCpuTimeHistory': [0.0], 'WallDurations': [0], 'JobIds': ['114419570.0'], 'State': 'idle', 'RecordedSite': False}, '32': {'Retries': 0, 'Restarts': 0, 'SiteHistory': ['Unknown'], 'ResidentSetSize': [0], 'SubmitTimes': [1728458095.0], 'StartTimes': [], 'EndTimes': [], 'TotalUserCpuTimeHistory': [0.0], 'TotalSysCpuTimeHistory': [0.0], 'WallDurations': [0], 'JobIds': ['114419571.0'], 'State': 'idle', 'RecordedSite': False}, '37': {'Retries': 0, 'Restarts': 0, 'SiteHistory': ['T2_HU_Budapest', 'T2_HU_Budapest'], 'ResidentSetSize': [0], 'SubmitTimes': [1728458095.0], 'StartTimes': [1728458145.0], 'EndTimes': [], 'TotalUserCpuTimeHistory': [0.0], 'TotalSysCpuTimeHistory': [0.0], 'WallDurations': [0, 5.289401054382324], 'JobIds': ['114419572.0'], 'State': 'running', 'RecordedSite': True}, '48': {'Retries': 0, 'Restarts': 0, 'SiteHistory': ['T2_DE_RWTH', 'T2_DE_RWTH'], 'ResidentSetSize': [0], 'SubmitTimes': [1728458095.0], 'StartTimes': [1728458145.0], 'EndTimes': [], 'TotalUserCpuTimeHistory': [0.0], 'TotalSysCpuTimeHistory': [0.0], 'WallDurations': [0, 5.289401054382324], 'JobIds': ['114419573.0'], 'State': 'running', 'RecordedSite': True}, '47': {'Retries': 0, 'Restarts': 0, 'SiteHistory': ['Unknown'], 'ResidentSetSize': [0], 'SubmitTimes': [1728458095.0], 'StartTimes': [], 'EndTimes': [], 'TotalUserCpuTimeHistory': [0.0], 'TotalSysCpuTimeHistory': [0.0], 'WallDurations': [0], 'JobIds': ['114419574.0'], 'State': 'idle', 'RecordedSite': False}, '31': {'Retries': 0, 'Restarts': 0, 'SiteHistory': ['Unknown'], 'ResidentSetSize': [0], 'SubmitTimes': [1728458095.0], 'StartTimes': [], 'EndTimes': [], 'TotalUserCpuTimeHistory': [0.0], 'TotalSysCpuTimeHistory': [0.0], 'WallDurations': [0], 'JobIds': ['114419575.0'], 'State': 'idle', 'RecordedSite': False}, '46': {'Retries': 0, 'Restarts': 0, 'SiteHistory': ['Unknown'], 'ResidentSetSize': [0], 'SubmitTimes': [1728458095.0], 'StartTimes': [], 'EndTimes': [], 'TotalUserCpuTimeHistory': [0.0], 'TotalSysCpuTimeHistory': [0.0], 'WallDurations': [0], 'JobIds': ['114419576.0'], 'State': 'idle', 'RecordedSite': False}, '45': {'Retries': 0, 'Restarts': 0, 'SiteHistory': ['Unknown'], 'ResidentSetSize': [0], 'SubmitTimes': [1728458095.0], 'StartTimes': [], 'EndTimes': [], 'TotalUserCpuTimeHistory': [0.0], 'TotalSysCpuTimeHistory': [0.0], 'WallDurations': [0], 'JobIds': ['114419577.0'], 'State': 'idle', 'RecordedSite': False}, '50': {'Retries': 0, 'Restarts': 0, 'SiteHistory': ['T2_DE_RWTH', 'T2_DE_RWTH'], 'ResidentSetSize': [0], 'SubmitTimes': [1728458095.0], 'StartTimes': [1728458144.0], 'EndTimes': [], 'TotalUserCpuTimeHistory': [0.0], 'TotalSysCpuTimeHistory': [0.0], 'WallDurations': [0, 6.289401054382324], 'JobIds': ['114419578.0'], 'State': 'running', 'RecordedSite': True}, '56': {'Retries': 0, 'Restarts': 0, 'SiteHistory': ['T2_DE_DESY', 'T2_DE_DESY'], 'ResidentSetSize': [0], 'SubmitTimes': [1728458095.0], 'StartTimes': [1728458146.0], 'EndTimes': [], 'TotalUserCpuTimeHistory': [0.0], 'TotalSysCpuTimeHistory': [0.0], 'WallDurations': [0, 4.289401054382324], 'JobIds': ['114419579.0'], 'State': 'running', 'RecordedSite': True}, '54': {'Retries': 0, 'Restarts': 0, 'SiteHistory': ['T2_DE_DESY', 'T2_DE_DESY'], 'ResidentSetSize': [0], 'SubmitTimes': [1728458096.0], 'StartTimes': [1728458146.0], 'EndTimes': [], 'TotalUserCpuTimeHistory': [0.0], 'TotalSysCpuTimeHistory': [0.0], 'WallDurations': [0, 4.289401054382324], 'JobIds': ['114419580.0'], 'State': 'running', 'RecordedSite': True}, '59': {'Retries': 0, 'Restarts': 0, 'SiteHistory': ['T2_CH_CSCS', 'T2_CH_CSCS'], 'ResidentSetSize': [0], 'SubmitTimes': [1728458096.0], 'StartTimes': [1728458145.0], 'EndTimes': [], 'TotalUserCpuTimeHistory': [0.0], 'TotalSysCpuTimeHistory': [0.0], 'WallDurations': [0, 5.289401054382324], 'JobIds': ['114419581.0'], 'State': 'running', 'RecordedSite': True}, '58': {'Retries': 0, 'Restarts': 0, 'SiteHistory': ['T2_DE_DESY', 'T2_DE_DESY'], 'ResidentSetSize': [0], 'SubmitTimes': [1728458096.0], 'StartTimes': [1728458146.0], 'EndTimes': [], 'TotalUserCpuTimeHistory': [0.0], 'TotalSysCpuTimeHistory': [0.0], 'WallDurations': [0, 4.289401054382324], 'JobIds': ['114419582.0'], 'State': 'running', 'RecordedSite': True}, '51': {'Retries': 0, 'Restarts': 0, 'SiteHistory': ['T2_DE_RWTH', 'T2_DE_RWTH'], 'ResidentSetSize': [0], 'SubmitTimes': [1728458096.0], 'StartTimes': [1728458145.0], 'EndTimes': [], 'TotalUserCpuTimeHistory': [0.0], 'TotalSysCpuTimeHistory': [0.0], 'WallDurations': [0, 5.289401054382324], 'JobIds': ['114419583.0'], 'State': 'running', 'RecordedSite': True}, '53': {'Retries': 0, 'Restarts': 0, 'SiteHistory': ['T2_DE_DESY', 'T2_DE_DESY'], 'ResidentSetSize': [0], 'SubmitTimes': [1728458096.0], 'StartTimes': [1728458146.0], 'EndTimes': [], 'TotalUserCpuTimeHistory': [0.0], 'TotalSysCpuTimeHistory': [0.0], 'WallDurations': [0, 4.289401054382324], 'JobIds': ['114419584.0'], 'State': 'running', 'RecordedSite': True}, '49': {'Retries': 0, 'Restarts': 0, 'SiteHistory': ['T2_DE_RWTH', 'T2_DE_RWTH'], 'ResidentSetSize': [0], 'SubmitTimes': [1728458096.0], 'StartTimes': [1728458144.0], 'EndTimes': [], 'TotalUserCpuTimeHistory': [0.0], 'TotalSysCpuTimeHistory': [0.0], 'WallDurations': [0, 6.289401054382324], 'JobIds': ['114419585.0'], 'State': 'running', 'RecordedSite': True}, '55': {'Retries': 0, 'Restarts': 0, 'SiteHistory': ['T2_DE_DESY', 'T2_DE_DESY'], 'ResidentSetSize': [0], 'SubmitTimes': [1728458096.0], 'StartTimes': [1728458146.0], 'EndTimes': [], 'TotalUserCpuTimeHistory': [0.0], 'TotalSysCpuTimeHistory': [0.0], 'WallDurations': [0, 4.289401054382324], 'JobIds': ['114419586.0'], 'State': 'running', 'RecordedSite': True}, '57': {'Retries': 0, 'Restarts': 0, 'SiteHistory': ['Unknown'], 'ResidentSetSize': [0], 'SubmitTimes': [1728458096.0], 'StartTimes': [], 'EndTimes': [], 'TotalUserCpuTimeHistory': [0.0], 'TotalSysCpuTimeHistory': [0.0], 'WallDurations': [0], 'JobIds': ['114419587.0'], 'State': 'idle', 'RecordedSite': False}, '63': {'Retries': 0, 'Restarts': 0, 'SiteHistory': ['T2_BR_SPRACE'], 'ResidentSetSize': [0], 'SubmitTimes': [1728458096.0], 'StartTimes': [], 'EndTimes': [], 'TotalUserCpuTimeHistory': [0.0], 'TotalSysCpuTimeHistory': [0.0], 'WallDurations': [0], 'JobIds': ['114419588.0'], 'State': 'idle', 'RecordedSite': True}, '52': {'Retries': 0, 'Restarts': 0, 'SiteHistory': ['Unknown'], 'ResidentSetSize': [0], 'SubmitTimes': [1728458096.0], 'StartTimes': [], 'EndTimes': [], 'TotalUserCpuTimeHistory': [0.0], 'TotalSysCpuTimeHistory': [0.0], 'WallDurations': [0], 'JobIds': ['114419589.0'], 'State': 'idle', 'RecordedSite': False}, '61': {'Retries': 0, 'Restarts': 0, 'SiteHistory': ['T3_UK_ScotGrid_GLA', 'T3_UK_ScotGrid_GLA'], 'ResidentSetSize': [0], 'SubmitTimes': [1728458096.0], 'StartTimes': [1728458146.0], 'EndTimes': [], 'TotalUserCpuTimeHistory': [0.0], 'TotalSysCpuTimeHistory': [0.0], 'WallDurations': [0, 4.289401054382324], 'JobIds': ['114419590.0'], 'State': 'running', 'RecordedSite': True}, '64': {'Retries': 0, 'Restarts': 0, 'SiteHistory': ['T2_FR_IPHC', 'T2_FR_IPHC'], 'ResidentSetSize': [0], 'SubmitTimes': [1728458096.0], 'StartTimes': [1728458146.0], 'EndTimes': [], 'TotalUserCpuTimeHistory': [0.0], 'TotalSysCpuTimeHistory': [0.0], 'WallDurations': [0, 4.289401054382324], 'JobIds': ['114419591.0'], 'State': 'running', 'RecordedSite': True}, '65': {'Retries': 0, 'Restarts': 0, 'SiteHistory': ['Unknown'], 'ResidentSetSize': [0], 'SubmitTimes': [1728458096.0], 'StartTimes': [], 'EndTimes': [], 'TotalUserCpuTimeHistory': [0.0], 'TotalSysCpuTimeHistory': [0.0], 'WallDurations': [0], 'JobIds': ['114419592.0'], 'State': 'idle', 'RecordedSite': False}, '66': {'Retries': 0, 'Restarts': 0, 'SiteHistory': ['Unknown'], 'ResidentSetSize': [0], 'SubmitTimes': [1728458096.0], 'StartTimes': [], 'EndTimes': [], 'TotalUserCpuTimeHistory': [0.0], 'TotalSysCpuTimeHistory': [0.0], 'WallDurations': [0], 'JobIds': ['114419593.0'], 'State': 'idle', 'RecordedSite': False}, '68': {'Retries': 0, 'Restarts': 0, 'SiteHistory': ['Unknown'], 'ResidentSetSize': [0], 'SubmitTimes': [1728458096.0], 'StartTimes': [], 'EndTimes': [], 'TotalUserCpuTimeHistory': [0.0], 'TotalSysCpuTimeHistory': [0.0], 'WallDurations': [0], 'JobIds': ['114419594.0'], 'State': 'idle', 'RecordedSite': False}, '62': {'Retries': 0, 'Restarts': 0, 'SiteHistory': ['Unknown'], 'ResidentSetSize': [0], 'SubmitTimes': [1728458096.0], 'StartTimes': [], 'EndTimes': [], 'TotalUserCpuTimeHistory': [0.0], 'TotalSysCpuTimeHistory': [0.0], 'WallDurations': [0], 'JobIds': ['114419595.0'], 'State': 'idle', 'RecordedSite': False}, '60': {'Retries': 0, 'Restarts': 0, 'SiteHistory': ['Unknown'], 'ResidentSetSize': [0], 'SubmitTimes': [1728458096.0], 'StartTimes': [], 'EndTimes': [], 'TotalUserCpuTimeHistory': [0.0], 'TotalSysCpuTimeHistory': [0.0], 'WallDurations': [0], 'JobIds': ['114419596.0'], 'State': 'idle', 'RecordedSite': False}, '70': {'Retries': 0, 'Restarts': 0, 'SiteHistory': ['Unknown'], 'ResidentSetSize': [0], 'SubmitTimes': [1728458096.0], 'StartTimes': [], 'EndTimes': [], 'TotalUserCpuTimeHistory': [0.0], 'TotalSysCpuTimeHistory': [0.0], 'WallDurations': [0], 'JobIds': ['114419597.0'], 'State': 'idle', 'RecordedSite': False}, '75': {'Retries': 0, 'Restarts': 0, 'SiteHistory': ['Unknown'], 'ResidentSetSize': [0], 'SubmitTimes': [1728458096.0], 'StartTimes': [], 'EndTimes': [], 'TotalUserCpuTimeHistory': [0.0], 'TotalSysCpuTimeHistory': [0.0], 'WallDurations': [0], 'JobIds': ['114419598.0'], 'State': 'idle', 'RecordedSite': False}, '69': {'Retries': 0, 'Restarts': 0, 'SiteHistory': ['Unknown'], 'ResidentSetSize': [0], 'SubmitTimes': [1728458096.0], 'StartTimes': [], 'EndTimes': [], 'TotalUserCpuTimeHistory': [0.0], 'TotalSysCpuTimeHistory': [0.0], 'WallDurations': [0], 'JobIds': ['114419599.0'], 'State': 'idle', 'RecordedSite': False}, '72': {'Retries': 0, 'Restarts': 0, 'SiteHistory': ['Unknown'], 'ResidentSetSize': [0], 'SubmitTimes': [1728458096.0], 'StartTimes': [], 'EndTimes': [], 'TotalUserCpuTimeHistory': [0.0], 'TotalSysCpuTimeHistory': [0.0], 'WallDurations': [0], 'JobIds': ['114419600.0'], 'State': 'idle', 'RecordedSite': False}, '67': {'Retries': 0, 'Restarts': 0, 'SiteHistory': ['Unknown'], 'ResidentSetSize': [0], 'SubmitTimes': [1728458096.0], 'StartTimes': [], 'EndTimes': [], 'TotalUserCpuTimeHistory': [0.0], 'TotalSysCpuTimeHistory': [0.0], 'WallDurations': [0], 'JobIds': ['114419601.0'], 'State': 'idle', 'RecordedSite': False}, '77': {'Retries': 0, 'Restarts': 0, 'SiteHistory': ['T2_FR_IPHC', 'T2_FR_IPHC'], 'ResidentSetSize': [0], 'SubmitTimes': [1728458096.0], 'StartTimes': [1728458148.0], 'EndTimes': [], 'TotalUserCpuTimeHistory': [0.0], 'TotalSysCpuTimeHistory': [0.0], 'WallDurations': [0, 2.289401054382324], 'JobIds': ['114419602.0'], 'State': 'running', 'RecordedSite': True}, '74': {'Retries': 0, 'Restarts': 0, 'SiteHistory': ['Unknown'], 'ResidentSetSize': [0], 'SubmitTimes': [1728458096.0], 'StartTimes': [], 'EndTimes': [], 'TotalUserCpuTimeHistory': [0.0], 'TotalSysCpuTimeHistory': [0.0], 'WallDurations': [0], 'JobIds': ['114419603.0'], 'State': 'idle', 'RecordedSite': False}, '78': {'Retries': 0, 'Restarts': 0, 'SiteHistory': ['Unknown'], 'ResidentSetSize': [0], 'SubmitTimes': [1728458097.0], 'StartTimes': [], 'EndTimes': [], 'TotalUserCpuTimeHistory': [0.0], 'TotalSysCpuTimeHistory': [0.0], 'WallDurations': [0], 'JobIds': ['114419604.0'], 'State': 'idle', 'RecordedSite': False}, '80': {'Retries': 0, 'Restarts': 0, 'SiteHistory': ['Unknown'], 'ResidentSetSize': [0], 'SubmitTimes': [1728458097.0], 'StartTimes': [], 'EndTimes': [], 'TotalUserCpuTimeHistory': [0.0], 'TotalSysCpuTimeHistory': [0.0], 'WallDurations': [0], 'JobIds': ['114419605.0'], 'State': 'idle', 'RecordedSite': False}, '79': {'Retries': 0, 'Restarts': 0, 'SiteHistory': ['Unknown'], 'ResidentSetSize': [0], 'SubmitTimes': [1728458097.0], 'StartTimes': [], 'EndTimes': [], 'TotalUserCpuTimeHistory': [0.0], 'TotalSysCpuTimeHistory': [0.0], 'WallDurations': [0], 'JobIds': ['114419606.0'], 'State': 'idle', 'RecordedSite': False}, '73': {'Retries': 0, 'Restarts': 0, 'SiteHistory': ['Unknown'], 'ResidentSetSize': [0], 'SubmitTimes': [1728458097.0], 'StartTimes': [], 'EndTimes': [], 'TotalUserCpuTimeHistory': [0.0], 'TotalSysCpuTimeHistory': [0.0], 'WallDurations': [0], 'JobIds': ['114419607.0'], 'State': 'idle', 'RecordedSite': False}, '84': {'Retries': 0, 'Restarts': 0, 'SiteHistory': ['T2_CH_CSCS', 'T2_CH_CSCS'], 'ResidentSetSize': [0], 'SubmitTimes': [1728458097.0], 'StartTimes': [1728458146.0], 'EndTimes': [], 'TotalUserCpuTimeHistory': [0.0], 'TotalSysCpuTimeHistory': [0.0], 'WallDurations': [0, 4.289401054382324], 'JobIds': ['114419608.0'], 'State': 'running', 'RecordedSite': True}, '71': {'Retries': 0, 'Restarts': 0, 'SiteHistory': ['Unknown'], 'ResidentSetSize': [0], 'SubmitTimes': [1728458097.0], 'StartTimes': [], 'EndTimes': [], 'TotalUserCpuTimeHistory': [0.0], 'TotalSysCpuTimeHistory': [0.0], 'WallDurations': [0], 'JobIds': ['114419609.0'], 'State': 'idle', 'RecordedSite': False}, '76': {'Retries': 0, 'Restarts': 0, 'SiteHistory': ['Unknown'], 'ResidentSetSize': [0], 'SubmitTimes': [1728458097.0], 'StartTimes': [], 'EndTimes': [], 'TotalUserCpuTimeHistory': [0.0], 'TotalSysCpuTimeHistory': [0.0], 'WallDurations': [0], 'JobIds': ['114419610.0'], 'State': 'idle', 'RecordedSite': False}, '82': {'Retries': 0, 'Restarts': 0, 'SiteHistory': ['Unknown'], 'ResidentSetSize': [0], 'SubmitTimes': [1728458097.0], 'StartTimes': [], 'EndTimes': [], 'TotalUserCpuTimeHistory': [0.0], 'TotalSysCpuTimeHistory': [0.0], 'WallDurations': [0], 'JobIds': ['114419611.0'], 'State': 'idle', 'RecordedSite': False}, '83': {'Retries': 0, 'Restarts': 0, 'SiteHistory': ['Unknown'], 'ResidentSetSize': [0], 'SubmitTimes': [1728458097.0], 'StartTimes': [], 'EndTimes': [], 'TotalUserCpuTimeHistory': [0.0], 'TotalSysCpuTimeHistory': [0.0], 'WallDurations': [0], 'JobIds': ['114419612.0'], 'State': 'idle', 'RecordedSite': False}, '85': {'Retries': 0, 'Restarts': 0, 'SiteHistory': ['T2_CH_CSCS', 'T2_CH_CSCS'], 'ResidentSetSize': [0], 'SubmitTimes': [1728458097.0], 'StartTimes': [1728458148.0], 'EndTimes': [], 'TotalUserCpuTimeHistory': [0.0], 'TotalSysCpuTimeHistory': [0.0], 'WallDurations': [0, 2.289401054382324], 'JobIds': ['114419613.0'], 'State': 'running', 'RecordedSite': True}, '81': {'Retries': 0, 'Restarts': 0, 'SiteHistory': ['Unknown'], 'ResidentSetSize': [0], 'SubmitTimes': [1728458097.0], 'StartTimes': [], 'EndTimes': [], 'TotalUserCpuTimeHistory': [0.0], 'TotalSysCpuTimeHistory': [0.0], 'WallDurations': [0], 'JobIds': ['114419614.0'], 'State': 'idle', 'RecordedSite': False}, '86': {'Retries': 0, 'Restarts': 0, 'SiteHistory': ['T2_CH_CSCS', 'T2_CH_CSCS'], 'ResidentSetSize': [0], 'SubmitTimes': [1728458097.0], 'StartTimes': [1728458145.0], 'EndTimes': [], 'TotalUserCpuTimeHistory': [0.0], 'TotalSysCpuTimeHistory': [0.0], 'WallDurations': [0, 5.289401054382324], 'JobIds': ['114419615.0'], 'State': 'running', 'RecordedSite': True}, '29': {'Retries': 0, 'Restarts': 0, 'SiteHistory': ['Unknown'], 'ResidentSetSize': [0], 'SubmitTimes': [1728458097.0], 'StartTimes': [], 'EndTimes': [], 'TotalUserCpuTimeHistory': [0.0], 'TotalSysCpuTimeHistory': [0.0], 'WallDurations': [0], 'JobIds': ['114419616.0'], 'State': 'idle', 'RecordedSite': False}}
INFO 2024-10-09 07:18:12.682 UTC: 	 Status on the scheduler:	SUBMITTED
INFO 2024-10-09 07:18:12.682 UTC: 	 
Jobs status:                    idle         		 62.8% (54/86)
INFO 2024-10-09 07:18:12.683 UTC: 	 				running      		 37.2% (32/86)
INFO 2024-10-09 07:18:12.683 UTC: 	 
No publication information (publication has been disabled in the CRAB configuration file)
INFO 2024-10-09 07:18:12.693 UTC: 	 Log file is /eos/home-w/wkwon/CMSSW_14_0_12/src/work/mc/crab_projects/crab_MuonAnalysis_QCD_Run3Summer22DR/crab.log
