DEBUG 2024-10-10 05:14:51.349 UTC: 	 CRAB Client version: v3.240621
DEBUG 2024-10-10 05:14:51.350 UTC: 	 Running on: Linux lxplus967.cern.ch 5.14.0-427.37.1.el9_4.x86_64 #1 SMP PREEMPT_DYNAMIC Fri Sep 13 12:41:50 EDT 2024 x86_64 x86_64 x86_64 GNU/Linux - Red Hat Enterprise Linux 9.4 (Plow)
DEBUG 2024-10-10 05:14:51.350 UTC: 	 Executing command: 'submit'
DEBUG 2024-10-10 05:14:51.350 UTC: 	 Found CRAB cache file /afs/cern.ch/user/w/wkwon/.crab3
INFO 2024-10-10 05:14:52.380 UTC: 	 Will use CRAB configuration file crab_conf.py
DEBUG 2024-10-10 05:14:52.380 UTC: 	 Loading CRAB configuration file.
DEBUG 2024-10-10 05:14:52.440 UTC: 	 Will use CRAB plugin ANALYSIS (i.e. will run an analysis job type).
DEBUG 2024-10-10 05:14:52.476 UTC: 	 Checking credentials
DEBUG 2024-10-10 05:14:52.476 UTC: 	 Found proxy file /tmp/x509up_u168090
DEBUG 2024-10-10 05:14:52.476 UTC: 	 Making sure it has proper VOMS extension
DEBUG 2024-10-10 05:14:52.476 UTC: 	 Executing command :
 voms-proxy-info --vo --file /tmp/x509up_u168090
DEBUG 2024-10-10 05:14:52.876 UTC: 	 output : cms

 error: 
 retcode : 0
DEBUG 2024-10-10 05:14:52.876 UTC: 	 Getting proxy life time left
DEBUG 2024-10-10 05:14:52.876 UTC: 	 Executing command :
 voms-proxy-info --actimeleft --timeleft --file /tmp/x509up_u168090
DEBUG 2024-10-10 05:14:53.265 UTC: 	 output : 691003
691003

 error: 
 retcode : 0
DEBUG 2024-10-10 05:14:53.265 UTC: 	 Proxy valid for 191:56:43 hours
DEBUG 2024-10-10 05:14:53.265 UTC: 	 Encoded data for curl request: subresource=delegatedn
DEBUG 2024-10-10 05:14:53.323 UTC: 	 Registering user credentials on myproxy for /DC=ch/DC=cern/OU=computers/CN=crab-(preprod|prod)-tw(01|02).cern.ch|/DC=ch/DC=cern/OU=computers/CN=crab-dev-tw(01|02|03|04).cern.ch|/DC=ch/DC=cern/OU=Organic Units/OU=Users/CN=cmscrab/CN=(817881|373708)/CN=Robot: cms crab|/DC=ch/DC=cern/OU=Organic Units/OU=Users/CN=crabint1/CN=373708/CN=Robot: CMS CRAB Integration 1
DEBUG 2024-10-10 05:14:53.323 UTC: 	 Executing command :
 voms-proxy-info --identity --file /tmp/x509up_u168090
DEBUG 2024-10-10 05:14:53.704 UTC: 	 output : /DC=ch/DC=cern/OU=Organic Units/OU=Users/CN=wkwon/CN=874403/CN=Wooyeon Kwon

 error: 
 retcode : 0
DEBUG 2024-10-10 05:14:53.704 UTC: 	 Getting myproxy life time left for f8986532409fa907e5c13102198102ce78e92be8
DEBUG 2024-10-10 05:14:53.704 UTC: 	 Executing command :
 myproxy-info -s myproxy.cern.ch -l f8986532409fa907e5c13102198102ce78e92be8
DEBUG 2024-10-10 05:14:54.006 UTC: 	 output : username: f8986532409fa907e5c13102198102ce78e92be8
owner: /DC=ch/DC=cern/OU=Organic Units/OU=Users/CN=wkwon/CN=874403/CN=Wooyeon Kwon
  renewal policy: /DC=ch/DC=cern/OU=computers/CN=crab-(preprod|prod)-tw(01|02).cern.ch|/DC=ch/DC=cern/OU=computers/CN=crab-dev-tw(01|02|03|04).cern.ch|/DC=ch/DC=cern/OU=Organic Units/OU=Users/CN=cmscrab/CN=(817881|373708)/CN=Robot: cms crab|/DC=ch/DC=cern/OU=Organic Units/OU=Users/CN=crabint1/CN=373708/CN=Robot: CMS CRAB Integration 1
  trusted retrieval policy: /DC=ch/DC=cern/OU=computers/CN=crab-(preprod|prod)-tw(01|02).cern.ch|/DC=ch/DC=cern/OU=computers/CN=crab-dev-tw(01|02|03|04).cern.ch|/DC=ch/DC=cern/OU=Organic Units/OU=Users/CN=cmscrab/CN=(817881|373708)/CN=Robot: cms crab|/DC=ch/DC=cern/OU=Organic Units/OU=Users/CN=crabint1/CN=373708/CN=Robot: CMS CRAB Integration 1
  timeleft: 719:56:48  (30.0 days)

 error: 
 retcode : 0
DEBUG 2024-10-10 05:14:54.006 UTC: 	 Myproxy is valid: 2591760
DEBUG 2024-10-10 05:14:54.006 UTC: 	 Result of myproxy credential check:
  Credential exists on myproxy: username: f8986532409fa907e5c13102198102ce78e92be8  - validity: 29 days, 23:56:00
DEBUG 2024-10-10 05:14:54.006 UTC: 	 Command use: submit
DEBUG 2024-10-10 05:14:54.006 UTC: 	 Options use: ['-c', 'crab_conf.py']
DEBUG 2024-10-10 05:14:54.006 UTC: 	 Encoded data for curl request: subresource=version
DEBUG 2024-10-10 05:14:54.066 UTC: 	 CRABClient version: v3.240621
DEBUG 2024-10-10 05:14:54.067 UTC: 	 Instance is prod
DEBUG 2024-10-10 05:14:54.067 UTC: 	 Server base url is cmsweb.cern.ch
DEBUG 2024-10-10 05:14:54.067 UTC: 	 Command api workflow
DEBUG 2024-10-10 05:14:54.067 UTC: 	 Started submission
DEBUG 2024-10-10 05:14:54.067 UTC: 	 Working on /eos/home-w/wkwon/CMSSW_14_0_12/src/work/mc/crab_projects/crab_MuonAnalysis_QCD_Run3Summer22EEDR
DEBUG 2024-10-10 05:14:54.067 UTC: 	 Encoded data for curl request: subresource=backendurls
DEBUG 2024-10-10 05:14:54.151 UTC: 	 Loading required information from the environment
DEBUG 2024-10-10 05:14:54.151 UTC: 	 Found CMSSW_14_0_12 for el9_amd64_gcc12 with base /eos/home-w/wkwon/CMSSW_14_0_12
DEBUG 2024-10-10 05:14:54.151 UTC: 	 Loading required information from the environment
DEBUG 2024-10-10 05:14:54.151 UTC: 	 Found CMSSW_14_0_12 for el9_amd64_gcc12 with base /eos/home-w/wkwon/CMSSW_14_0_12
DEBUG 2024-10-10 05:14:54.151 UTC: 	 UNIQUE NAME: tarUUID ebb5506b-a089-42b7-b895-994a0faedd19 
DEBUG 2024-10-10 05:14:54.151 UTC: 	 self.config: from WMCore.Configuration import Configuration
config = Configuration()
config.section_('General')
config.General.requestName = 'MuonAnalysis_QCD_Run3Summer22EEDR'
config.General.workArea = 'crab_projects'
config.section_('JobType')
config.JobType.maxMemoryMB = 2000
config.JobType.psetName = 'conf.py'
config.JobType.pluginName = 'Analysis'
config.JobType.numCores = 1
config.JobType.outputFiles = ['mc.root']
config.section_('Data')
config.Data.splitting = 'FileBased'
config.Data.outLFNDirBase = '/store/user/wkwon/AnalysisResults/'
config.Data.unitsPerJob = 100
config.Data.publication = False
config.Data.inputDataset = '/QCD_PT-15to7000_TuneCP5_13p6TeV_pythia8/Run3Summer22EEDRPremix-castor_124X_mcRun3_2022_realistic_postEE_v1-v2/AODSIM'
config.Data.inputDBS = 'global'
config.section_('Site')
config.Site.storageSite = 'T3_KR_KNU'
config.section_('User')
config.section_('Debug')

DEBUG 2024-10-10 05:14:54.151 UTC: 	 self.config.JobType.psetName: conf.py
INFO 2024-10-10 05:14:54.151 UTC: 	 Importing CMSSW configuration conf.py
INFO 2024-10-10 05:14:54.220 UTC: 	 Finished importing CMSSW configuration conf.py
DEBUG 2024-10-10 05:14:54.220 UTC: 	 Writing CMSSW configuration to /eos/home-w/wkwon/CMSSW_14_0_12/src/work/mc/crab_projects/crab_MuonAnalysis_QCD_Run3Summer22EEDR/inputs/PSet.py
DEBUG 2024-10-10 05:14:54.252 UTC: 	 The following EDM output files will be collected: []
DEBUG 2024-10-10 05:14:54.252 UTC: 	 The following TFile output files will be collected: ['mc.root']
DEBUG 2024-10-10 05:14:54.252 UTC: 	 The following user output files (not listed as PoolOuputModule or TFileService in the CMSSW PSet) will be collected: 
DEBUG 2024-10-10 05:14:54.252 UTC: 	 Loading required information from the environment
DEBUG 2024-10-10 05:14:54.252 UTC: 	 Found CMSSW_14_0_12 for el9_amd64_gcc12 with base /eos/home-w/wkwon/CMSSW_14_0_12
DEBUG 2024-10-10 05:14:54.252 UTC: 	 Making tarball in /eos/home-w/wkwon/CMSSW_14_0_12/src/work/mc/crab_projects/crab_MuonAnalysis_QCD_Run3Summer22EEDR/inputs/ebb5506b-a089-42b7-b895-994a0faedd19default.tgz
DEBUG 2024-10-10 05:14:54.254 UTC: 	 Checking directory /eos/home-w/wkwon/CMSSW_14_0_12/bin
DEBUG 2024-10-10 05:14:54.254 UTC: 	 Adding directory /eos/home-w/wkwon/CMSSW_14_0_12/bin to tarball
DEBUG 2024-10-10 05:14:54.258 UTC: 	 Checking directory /eos/home-w/wkwon/CMSSW_14_0_12/python
DEBUG 2024-10-10 05:14:54.258 UTC: 	 Adding directory /eos/home-w/wkwon/CMSSW_14_0_12/python to tarball
DEBUG 2024-10-10 05:14:54.285 UTC: 	 Checking directory /eos/home-w/wkwon/CMSSW_14_0_12/cfipython
DEBUG 2024-10-10 05:14:54.286 UTC: 	 Adding directory /eos/home-w/wkwon/CMSSW_14_0_12/cfipython to tarball
DEBUG 2024-10-10 05:14:54.299 UTC: 	 Checking directory /eos/home-w/wkwon/CMSSW_14_0_12/lib
DEBUG 2024-10-10 05:14:54.299 UTC: 	 Adding directory /eos/home-w/wkwon/CMSSW_14_0_12/lib to tarball
DEBUG 2024-10-10 05:14:54.311 UTC: 	 Checking directory /eos/home-w/wkwon/CMSSW_14_0_12/biglib
DEBUG 2024-10-10 05:14:54.311 UTC: 	 Adding directory /eos/home-w/wkwon/CMSSW_14_0_12/biglib to tarball
DEBUG 2024-10-10 05:14:54.314 UTC: 	 Checking directory /eos/home-w/wkwon/CMSSW_14_0_12/module
DEBUG 2024-10-10 05:14:54.315 UTC: 	 Checking directory /eos/home-w/wkwon/CMSSW_14_0_12/config/SCRAM/hooks
DEBUG 2024-10-10 05:14:54.315 UTC: 	 Adding directory /eos/home-w/wkwon/CMSSW_14_0_12/config/SCRAM/hooks to tarball
DEBUG 2024-10-10 05:14:54.437 UTC: 	 Adding directory /eos/home-w/wkwon/CMSSW_14_0_12/src/work/mc/python to tarball
DEBUG 2024-10-10 05:14:54.477 UTC: 	 Uploading archive /eos/home-w/wkwon/CMSSW_14_0_12/src/work/mc/crab_projects/crab_MuonAnalysis_QCD_Run3Summer22EEDR/inputs/ebb5506b-a089-42b7-b895-994a0faedd19default.tgz (95 KB) to the CRAB cache. Using URI https://cmsweb.cern.ch/S3/crabcache_prod
DEBUG 2024-10-10 05:14:54.528 UTC: 	 Encoded data for curl request: subresource=upload&objecttype=sandbox&tarballname=9cd5be79f7bcdc4659dc82b85a31cf0ec5dfa74742db2e1e4e783d79da828dee.tar.gz
DEBUG 2024-10-10 05:14:54.740 UTC: 	 sandbox 9cd5be79f7bcdc4659dc82b85a31cf0ec5dfa74742db2e1e4e783d79da828dee.tar.gz is already in the S3 store, will not upload again
DEBUG 2024-10-10 05:14:54.740 UTC: 	 Loading required information from the environment
DEBUG 2024-10-10 05:14:54.740 UTC: 	 Found CMSSW_14_0_12 for el9_amd64_gcc12 with base /eos/home-w/wkwon/CMSSW_14_0_12
DEBUG 2024-10-10 05:14:54.740 UTC: 	 Making tarball in /eos/home-w/wkwon/CMSSW_14_0_12/src/work/mc/crab_projects/crab_MuonAnalysis_QCD_Run3Summer22EEDR/inputs/debugFiles.tgz
DEBUG 2024-10-10 05:14:54.754 UTC: 	 Uploading archive /eos/home-w/wkwon/CMSSW_14_0_12/src/work/mc/crab_projects/crab_MuonAnalysis_QCD_Run3Summer22EEDR/inputs/debugFiles.tgz (1 KB) to the CRAB cache. Using URI https://cmsweb.cern.ch/S3/crabcache_prod
DEBUG 2024-10-10 05:14:54.758 UTC: 	 Encoded data for curl request: subresource=upload&objecttype=sandbox&tarballname=c442a638a7f39380b852439156d0105b960383ba9cc63c6d3487ea68ce4fe313.tar.gz
DEBUG 2024-10-10 05:14:54.837 UTC: 	 Will execute:
curl -f -v -X POST  -H "User-Agent: CRAB" -F "key=wkwon/sandboxes/c442a638a7f39380b852439156d0105b960383ba9cc63c6d3487ea68ce4fe313.tar.gz" -F "AWSAccessKeyId=715203df6482458ba839e73e6dab634b" -F "policy=eyJleHBpcmF0aW9uIjogIjIwMjQtMTAtMTBUMDY6MTQ6NTRaIiwgImNvbmRpdGlvbnMiOiBbeyJidWNrZXQiOiAiY3JhYmNhY2hlX3Byb2QifSwgeyJrZXkiOiAid2t3b24vc2FuZGJveGVzL2M0NDJhNjM4YTdmMzkzODBiODUyNDM5MTU2ZDAxMDViOTYwMzgzYmE5Y2M2M2M2ZDM0ODdlYTY4Y2U0ZmUzMTMudGFyLmd6In1dfQ==" -F "signature=qoTediU82JsvTplkFVoU0F9qtvI=" -F "file=@/eos/home-w/wkwon/CMSSW_14_0_12/src/work/mc/crab_projects/crab_MuonAnalysis_QCD_Run3Summer22EEDR/inputs/debugFiles.tgz" "https://s3.cern.ch/crabcache_prod"
DEBUG 2024-10-10 05:14:54.886 UTC: 	 exitcode: 0
stdout: b''
DEBUG 2024-10-10 05:14:54.886 UTC: 	 sandbox /eos/home-w/wkwon/CMSSW_14_0_12/src/work/mc/crab_projects/crab_MuonAnalysis_QCD_Run3Summer22EEDR/inputs/debugFiles.tgz successfully uploaded to S3
DEBUG 2024-10-10 05:14:54.886 UTC: 	 Result uploading input files: 9cd5be79f7bcdc4659dc82b85a31cf0ec5dfa74742db2e1e4e783d79da828dee.tar.gz 
DEBUG 2024-10-10 05:14:54.886 UTC: 	 submit() - self.configuration from WMCore.Configuration import Configuration
config = Configuration()
config.section_('General')
config.General.requestName = 'MuonAnalysis_QCD_Run3Summer22EEDR'
config.General.workArea = 'crab_projects'
config.section_('JobType')
config.JobType.maxMemoryMB = 2000
config.JobType.psetName = 'conf.py'
config.JobType.pluginName = 'Analysis'
config.JobType.numCores = 1
config.JobType.outputFiles = ['mc.root']
config.section_('Data')
config.Data.splitting = 'FileBased'
config.Data.outLFNDirBase = '/store/user/wkwon/AnalysisResults/'
config.Data.unitsPerJob = 100
config.Data.publication = False
config.Data.inputDataset = '/QCD_PT-15to7000_TuneCP5_13p6TeV_pythia8/Run3Summer22EEDRPremix-castor_124X_mcRun3_2022_realistic_postEE_v1-v2/AODSIM'
config.Data.inputDBS = 'global'
config.section_('Site')
config.Site.storageSite = 'T3_KR_KNU'
config.section_('User')
config.section_('Debug')

DEBUG 2024-10-10 05:14:54.886 UTC: 	 submit() - self.configreq {'dryrun': 0, 'workflow': 'crab_MuonAnalysis_QCD_Run3Summer22EEDR', 'saveoutput': 1, 'savelogsflag': 0, 'inputdata': '/QCD_PT-15to7000_TuneCP5_13p6TeV_pythia8/Run3Summer22EEDRPremix-castor_124X_mcRun3_2022_realistic_postEE_v1-v2/AODSIM', 'nonvaliddata': 0, 'userfiles': [], 'dbsurl': 'https://cmsweb.cern.ch/dbs/prod/global/DBSReader', 'useparent': 0, 'ignorelocality': 0, 'splitalgo': 'FileBased', 'algoargs': 100, 'totalunits': 0, 'lfn': '/store/user/wkwon/AnalysisResults/', 'publication': 0, 'publishdbsurl': 'https://cmsweb.cern.ch/dbs/prod/phys03/DBSWriter', 'jobtype': 'Analysis', 'generator': 'pythia', 'addoutputfiles': ['mc.root'], 'maxjobruntime': 1250, 'numcores': 1, 'maxmemory': 2000, 'priority': 10, 'nonprodsw': 0, 'asyncdest': 'T3_KR_KNU', 'requireaccelerator': 0, 'oneEventMode': 0, 'extrajdl': [], 'ignoreglobalblacklist': 0, 'partialdataset': 0, 'inputblocks': []}
DEBUG 2024-10-10 05:14:54.886 UTC: 	 submit() - jobconfig {'addoutputfiles': [], 'tfileoutfiles': ['mc.root'], 'edmoutfiles': [], 'jobarch': 'el9_amd64_gcc12', 'jobsw': 'CMSSW_14_0_12', 'inputdata': '/QCD_PT-15to7000_TuneCP5_13p6TeV_pythia8/Run3Summer22EEDRPremix-castor_124X_mcRun3_2022_realistic_postEE_v1-v2/AODSIM', 'cacheurl': 'https://cmsweb.cern.ch/S3/crabcache_prod', 'cachefilename': '9cd5be79f7bcdc4659dc82b85a31cf0ec5dfa74742db2e1e4e783d79da828dee.tar.gz', 'debugfilename': 'c442a638a7f39380b852439156d0105b960383ba9cc63c6d3487ea68ce4fe313.tar.gz', 'jobtype': 'Analysis'}
INFO 2024-10-10 05:14:54.886 UTC: 	 Sending the request to the server at cmsweb.cern.ch
DEBUG 2024-10-10 05:14:54.887 UTC: 	 Submitting {'dryrun': 0, 'workflow': 'crab_MuonAnalysis_QCD_Run3Summer22EEDR', 'saveoutput': 1, 'savelogsflag': 0, 'inputdata': '/QCD_PT-15to7000_TuneCP5_13p6TeV_pythia8/Run3Summer22EEDRPremix-castor_124X_mcRun3_2022_realistic_postEE_v1-v2/AODSIM', 'nonvaliddata': 0, 'userfiles': [], 'dbsurl': 'https://cmsweb.cern.ch/dbs/prod/global/DBSReader', 'useparent': 0, 'ignorelocality': 0, 'splitalgo': 'FileBased', 'algoargs': 100, 'totalunits': 0, 'lfn': '/store/user/wkwon/AnalysisResults/', 'publication': 0, 'publishdbsurl': 'https://cmsweb.cern.ch/dbs/prod/phys03/DBSWriter', 'jobtype': 'Analysis', 'generator': 'pythia', 'addoutputfiles': [], 'maxjobruntime': 1250, 'numcores': 1, 'maxmemory': 2000, 'priority': 10, 'nonprodsw': 0, 'asyncdest': 'T3_KR_KNU', 'requireaccelerator': 0, 'oneEventMode': 0, 'extrajdl': [], 'ignoreglobalblacklist': 0, 'partialdataset': 0, 'inputblocks': [], 'tfileoutfiles': ['mc.root'], 'edmoutfiles': [], 'jobarch': 'el9_amd64_gcc12', 'jobsw': 'CMSSW_14_0_12', 'cacheurl': 'https://cmsweb.cern.ch/S3/crabcache_prod', 'cachefilename': '9cd5be79f7bcdc4659dc82b85a31cf0ec5dfa74742db2e1e4e783d79da828dee.tar.gz', 'debugfilename': 'c442a638a7f39380b852439156d0105b960383ba9cc63c6d3487ea68ce4fe313.tar.gz'} 
DEBUG 2024-10-10 05:14:54.887 UTC: 	 Encoded data for curl request: dryrun=0&workflow=crab_MuonAnalysis_QCD_Run3Summer22EEDR&saveoutput=1&savelogsflag=0&inputdata=%2FQCD_PT-15to7000_TuneCP5_13p6TeV_pythia8%2FRun3Summer22EEDRPremix-castor_124X_mcRun3_2022_realistic_postEE_v1-v2%2FAODSIM&nonvaliddata=0&dbsurl=https%3A%2F%2Fcmsweb.cern.ch%2Fdbs%2Fprod%2Fglobal%2FDBSReader&useparent=0&ignorelocality=0&splitalgo=FileBased&algoargs=100&totalunits=0&lfn=%2Fstore%2Fuser%2Fwkwon%2FAnalysisResults%2F&publication=0&publishdbsurl=https%3A%2F%2Fcmsweb.cern.ch%2Fdbs%2Fprod%2Fphys03%2FDBSWriter&jobtype=Analysis&generator=pythia&maxjobruntime=1250&numcores=1&maxmemory=2000&priority=10&nonprodsw=0&asyncdest=T3_KR_KNU&requireaccelerator=0&oneEventMode=0&ignoreglobalblacklist=0&partialdataset=0&jobarch=el9_amd64_gcc12&jobsw=CMSSW_14_0_12&cacheurl=https%3A%2F%2Fcmsweb.cern.ch%2FS3%2Fcrabcache_prod&cachefilename=9cd5be79f7bcdc4659dc82b85a31cf0ec5dfa74742db2e1e4e783d79da828dee.tar.gz&debugfilename=c442a638a7f39380b852439156d0105b960383ba9cc63c6d3487ea68ce4fe313.tar.gz&tfileoutfiles=mc.root
DEBUG 2024-10-10 05:14:55.818 UTC: 	 Result: {'result': [{'RequestName': '241010_051455:wkwon_crab_MuonAnalysis_QCD_Run3Summer22EEDR'}]}
INFO 2024-10-10 05:14:55.829 UTC: 	 Success: Your task has been delivered to the prod CRAB3 server.
INFO 2024-10-10 05:14:55.829 UTC: 	 Task name: 241010_051455:wkwon_crab_MuonAnalysis_QCD_Run3Summer22EEDR
INFO 2024-10-10 05:14:55.829 UTC: 	 Project dir: crab_projects/crab_MuonAnalysis_QCD_Run3Summer22EEDR
INFO 2024-10-10 05:14:55.829 UTC: 	 Please use ' crab status -d crab_projects/crab_MuonAnalysis_QCD_Run3Summer22EEDR ' to check how the submission process proceeds.
DEBUG 2024-10-10 05:14:55.829 UTC: 	 About to return
INFO 2024-10-10 05:14:55.842 UTC: 	 Log file is /eos/home-w/wkwon/CMSSW_14_0_12/src/work/mc/crab_projects/crab_MuonAnalysis_QCD_Run3Summer22EEDR/crab.log
