DEBUG 2024-10-09 03:51:23.840 UTC: 	 CRAB Client version: v3.240621
DEBUG 2024-10-09 03:51:23.841 UTC: 	 Running on: Linux lxplus964.cern.ch 5.14.0-427.37.1.el9_4.x86_64 #1 SMP PREEMPT_DYNAMIC Fri Sep 13 12:41:50 EDT 2024 x86_64 x86_64 x86_64 GNU/Linux - Red Hat Enterprise Linux 9.4 (Plow)
DEBUG 2024-10-09 03:51:23.841 UTC: 	 Executing command: 'submit'
DEBUG 2024-10-09 03:51:23.841 UTC: 	 Found CRAB cache file /afs/cern.ch/user/w/wkwon/.crab3
INFO 2024-10-09 03:51:23.843 UTC: 	 Will use CRAB configuration file crab_conf.py
DEBUG 2024-10-09 03:51:23.843 UTC: 	 Loading CRAB configuration file.
DEBUG 2024-10-09 03:51:23.885 UTC: 	 Will use CRAB plugin ANALYSIS (i.e. will run an analysis job type).
DEBUG 2024-10-09 03:51:23.897 UTC: 	 Checking credentials
DEBUG 2024-10-09 03:51:23.897 UTC: 	 Found proxy file /tmp/x509up_u168090
DEBUG 2024-10-09 03:51:23.897 UTC: 	 Making sure it has proper VOMS extension
DEBUG 2024-10-09 03:51:23.898 UTC: 	 Executing command :
 voms-proxy-info --vo --file /tmp/x509up_u168090
DEBUG 2024-10-09 03:51:24.314 UTC: 	 output : cms

 error: 
 retcode : 0
DEBUG 2024-10-09 03:51:24.314 UTC: 	 Getting proxy life time left
DEBUG 2024-10-09 03:51:24.314 UTC: 	 Executing command :
 voms-proxy-info --actimeleft --timeleft --file /tmp/x509up_u168090
DEBUG 2024-10-09 03:51:24.683 UTC: 	 output : 690844
690844

 error: 
 retcode : 0
DEBUG 2024-10-09 03:51:24.683 UTC: 	 Proxy valid for 191:54:04 hours
DEBUG 2024-10-09 03:51:24.683 UTC: 	 Encoded data for curl request: subresource=delegatedn
DEBUG 2024-10-09 03:51:24.772 UTC: 	 Registering user credentials on myproxy for /DC=ch/DC=cern/OU=computers/CN=crab-(preprod|prod)-tw(01|02).cern.ch|/DC=ch/DC=cern/OU=computers/CN=crab-dev-tw(01|02|03|04).cern.ch|/DC=ch/DC=cern/OU=Organic Units/OU=Users/CN=cmscrab/CN=(817881|373708)/CN=Robot: cms crab|/DC=ch/DC=cern/OU=Organic Units/OU=Users/CN=crabint1/CN=373708/CN=Robot: CMS CRAB Integration 1
DEBUG 2024-10-09 03:51:24.772 UTC: 	 Executing command :
 voms-proxy-info --identity --file /tmp/x509up_u168090
DEBUG 2024-10-09 03:51:25.157 UTC: 	 output : /DC=ch/DC=cern/OU=Organic Units/OU=Users/CN=wkwon/CN=874403/CN=Wooyeon Kwon

 error: 
 retcode : 0
DEBUG 2024-10-09 03:51:25.157 UTC: 	 Getting myproxy life time left for f8986532409fa907e5c13102198102ce78e92be8
DEBUG 2024-10-09 03:51:25.157 UTC: 	 Executing command :
 myproxy-info -s myproxy.cern.ch -l f8986532409fa907e5c13102198102ce78e92be8
DEBUG 2024-10-09 03:51:25.459 UTC: 	 output : username: f8986532409fa907e5c13102198102ce78e92be8
owner: /DC=ch/DC=cern/OU=Organic Units/OU=Users/CN=wkwon/CN=874403/CN=Wooyeon Kwon
  renewal policy: /DC=ch/DC=cern/OU=computers/CN=crab-(preprod|prod)-tw(01|02).cern.ch|/DC=ch/DC=cern/OU=computers/CN=crab-dev-tw(01|02|03|04).cern.ch|/DC=ch/DC=cern/OU=Organic Units/OU=Users/CN=cmscrab/CN=(817881|373708)/CN=Robot: cms crab|/DC=ch/DC=cern/OU=Organic Units/OU=Users/CN=crabint1/CN=373708/CN=Robot: CMS CRAB Integration 1
  trusted retrieval policy: /DC=ch/DC=cern/OU=computers/CN=crab-(preprod|prod)-tw(01|02).cern.ch|/DC=ch/DC=cern/OU=computers/CN=crab-dev-tw(01|02|03|04).cern.ch|/DC=ch/DC=cern/OU=Organic Units/OU=Users/CN=cmscrab/CN=(817881|373708)/CN=Robot: cms crab|/DC=ch/DC=cern/OU=Organic Units/OU=Users/CN=crabint1/CN=373708/CN=Robot: CMS CRAB Integration 1
  timeleft: 382:28:32  (15.9 days)

 error: 
 retcode : 0
DEBUG 2024-10-09 03:51:25.459 UTC: 	 Myproxy is valid: 1376880
DEBUG 2024-10-09 03:51:25.459 UTC: 	 Result of myproxy credential check:
  Credential exists on myproxy: username: f8986532409fa907e5c13102198102ce78e92be8  - validity: 15 days, 22:28:00
DEBUG 2024-10-09 03:51:25.459 UTC: 	 Command use: submit
DEBUG 2024-10-09 03:51:25.459 UTC: 	 Options use: ['-c', 'crab_conf.py']
DEBUG 2024-10-09 03:51:25.459 UTC: 	 Encoded data for curl request: subresource=version
DEBUG 2024-10-09 03:51:25.511 UTC: 	 CRABClient version: v3.240621
DEBUG 2024-10-09 03:51:25.511 UTC: 	 Instance is prod
DEBUG 2024-10-09 03:51:25.511 UTC: 	 Server base url is cmsweb.cern.ch
DEBUG 2024-10-09 03:51:25.511 UTC: 	 Command api workflow
DEBUG 2024-10-09 03:51:25.511 UTC: 	 Started submission
DEBUG 2024-10-09 03:51:25.511 UTC: 	 Working on /eos/home-w/wkwon/CMSSW_14_0_12/src/work/Analysis/crab_projects/crab_MuonAnalysis_Run2022C
DEBUG 2024-10-09 03:51:25.512 UTC: 	 Encoded data for curl request: subresource=backendurls
DEBUG 2024-10-09 03:51:25.591 UTC: 	 Loading required information from the environment
DEBUG 2024-10-09 03:51:25.591 UTC: 	 Found CMSSW_14_0_12 for el9_amd64_gcc12 with base /eos/home-w/wkwon/CMSSW_14_0_12
DEBUG 2024-10-09 03:51:25.591 UTC: 	 Loading required information from the environment
DEBUG 2024-10-09 03:51:25.591 UTC: 	 Found CMSSW_14_0_12 for el9_amd64_gcc12 with base /eos/home-w/wkwon/CMSSW_14_0_12
DEBUG 2024-10-09 03:51:25.591 UTC: 	 UNIQUE NAME: tarUUID 58c9b0d1-45b9-42a6-88a6-3463ce43c609 
DEBUG 2024-10-09 03:51:25.591 UTC: 	 self.config: from WMCore.Configuration import Configuration
config = Configuration()
config.section_('General')
config.General.requestName = 'MuonAnalysis_Run2022C'
config.General.workArea = 'crab_projects'
config.section_('JobType')
config.JobType.psetName = 'conf.py'
config.JobType.numCores = 1
config.JobType.outputFiles = ['data.root']
config.JobType.maxMemoryMB = 2000
config.JobType.pluginName = 'Analysis'
config.section_('Data')
config.Data.splitting = 'FileBased'
config.Data.unitsPerJob = 100
config.Data.lumiMask = 'Cert_Collisions2022_355100_362760_Golden.json'
config.Data.inputDBS = 'global'
config.Data.publication = False
config.Data.inputDataset = '/Muon/Run2022C-27Jun2023-v1/AOD'
config.Data.outLFNDirBase = '/store/user/wkwon/AnalysisResults/'
config.section_('Site')
config.Site.storageSite = 'T3_KR_KNU'
config.section_('User')
config.section_('Debug')

DEBUG 2024-10-09 03:51:25.591 UTC: 	 self.config.JobType.psetName: conf.py
INFO 2024-10-09 03:51:25.591 UTC: 	 Importing CMSSW configuration conf.py
INFO 2024-10-09 03:51:25.661 UTC: 	 Finished importing CMSSW configuration conf.py
DEBUG 2024-10-09 03:51:25.661 UTC: 	 Writing CMSSW configuration to /eos/home-w/wkwon/CMSSW_14_0_12/src/work/Analysis/crab_projects/crab_MuonAnalysis_Run2022C/inputs/PSet.py
DEBUG 2024-10-09 03:51:25.692 UTC: 	 The following EDM output files will be collected: []
DEBUG 2024-10-09 03:51:25.692 UTC: 	 The following TFile output files will be collected: ['data.root']
DEBUG 2024-10-09 03:51:25.692 UTC: 	 The following user output files (not listed as PoolOuputModule or TFileService in the CMSSW PSet) will be collected: 
DEBUG 2024-10-09 03:51:25.692 UTC: 	 Loading required information from the environment
DEBUG 2024-10-09 03:51:25.692 UTC: 	 Found CMSSW_14_0_12 for el9_amd64_gcc12 with base /eos/home-w/wkwon/CMSSW_14_0_12
DEBUG 2024-10-09 03:51:25.692 UTC: 	 Making tarball in /eos/home-w/wkwon/CMSSW_14_0_12/src/work/Analysis/crab_projects/crab_MuonAnalysis_Run2022C/inputs/58c9b0d1-45b9-42a6-88a6-3463ce43c609default.tgz
DEBUG 2024-10-09 03:51:25.694 UTC: 	 Checking directory /eos/home-w/wkwon/CMSSW_14_0_12/bin
DEBUG 2024-10-09 03:51:25.694 UTC: 	 Adding directory /eos/home-w/wkwon/CMSSW_14_0_12/bin to tarball
DEBUG 2024-10-09 03:51:25.698 UTC: 	 Checking directory /eos/home-w/wkwon/CMSSW_14_0_12/python
DEBUG 2024-10-09 03:51:25.698 UTC: 	 Adding directory /eos/home-w/wkwon/CMSSW_14_0_12/python to tarball
DEBUG 2024-10-09 03:51:25.766 UTC: 	 Checking directory /eos/home-w/wkwon/CMSSW_14_0_12/cfipython
DEBUG 2024-10-09 03:51:25.767 UTC: 	 Adding directory /eos/home-w/wkwon/CMSSW_14_0_12/cfipython to tarball
DEBUG 2024-10-09 03:51:25.796 UTC: 	 Checking directory /eos/home-w/wkwon/CMSSW_14_0_12/lib
DEBUG 2024-10-09 03:51:25.796 UTC: 	 Adding directory /eos/home-w/wkwon/CMSSW_14_0_12/lib to tarball
DEBUG 2024-10-09 03:51:25.806 UTC: 	 Checking directory /eos/home-w/wkwon/CMSSW_14_0_12/biglib
DEBUG 2024-10-09 03:51:25.806 UTC: 	 Adding directory /eos/home-w/wkwon/CMSSW_14_0_12/biglib to tarball
DEBUG 2024-10-09 03:51:25.809 UTC: 	 Checking directory /eos/home-w/wkwon/CMSSW_14_0_12/module
DEBUG 2024-10-09 03:51:25.809 UTC: 	 Checking directory /eos/home-w/wkwon/CMSSW_14_0_12/config/SCRAM/hooks
DEBUG 2024-10-09 03:51:25.809 UTC: 	 Adding directory /eos/home-w/wkwon/CMSSW_14_0_12/config/SCRAM/hooks to tarball
DEBUG 2024-10-09 03:51:27.064 UTC: 	 Adding directory /eos/home-w/wkwon/CMSSW_14_0_12/src/work/mc/python to tarball
DEBUG 2024-10-09 03:51:27.102 UTC: 	 Uploading archive /eos/home-w/wkwon/CMSSW_14_0_12/src/work/Analysis/crab_projects/crab_MuonAnalysis_Run2022C/inputs/58c9b0d1-45b9-42a6-88a6-3463ce43c609default.tgz (95 KB) to the CRAB cache. Using URI https://cmsweb.cern.ch/S3/crabcache_prod
DEBUG 2024-10-09 03:51:27.154 UTC: 	 Encoded data for curl request: subresource=upload&objecttype=sandbox&tarballname=2e95c052c78cf6f825ad02a91b54ae52c89469db8b6a8f13d310c24ad81f8a06.tar.gz
DEBUG 2024-10-09 03:51:27.568 UTC: 	 sandbox 2e95c052c78cf6f825ad02a91b54ae52c89469db8b6a8f13d310c24ad81f8a06.tar.gz is already in the S3 store, will not upload again
DEBUG 2024-10-09 03:51:27.569 UTC: 	 Loading required information from the environment
DEBUG 2024-10-09 03:51:27.569 UTC: 	 Found CMSSW_14_0_12 for el9_amd64_gcc12 with base /eos/home-w/wkwon/CMSSW_14_0_12
DEBUG 2024-10-09 03:51:27.569 UTC: 	 Making tarball in /eos/home-w/wkwon/CMSSW_14_0_12/src/work/Analysis/crab_projects/crab_MuonAnalysis_Run2022C/inputs/debugFiles.tgz
DEBUG 2024-10-09 03:51:27.579 UTC: 	 Uploading archive /eos/home-w/wkwon/CMSSW_14_0_12/src/work/Analysis/crab_projects/crab_MuonAnalysis_Run2022C/inputs/debugFiles.tgz (1 KB) to the CRAB cache. Using URI https://cmsweb.cern.ch/S3/crabcache_prod
DEBUG 2024-10-09 03:51:27.583 UTC: 	 Encoded data for curl request: subresource=upload&objecttype=sandbox&tarballname=d31ba75ed57cfcab116b174b478d924ae763f8fd3b45ec9ba06e25818cfdeee0.tar.gz
DEBUG 2024-10-09 03:51:27.744 UTC: 	 Will execute:
curl -f -v -X POST  -H "User-Agent: CRAB" -F "key=wkwon/sandboxes/d31ba75ed57cfcab116b174b478d924ae763f8fd3b45ec9ba06e25818cfdeee0.tar.gz" -F "AWSAccessKeyId=715203df6482458ba839e73e6dab634b" -F "policy=eyJleHBpcmF0aW9uIjogIjIwMjQtMTAtMDlUMDQ6NTE6MjdaIiwgImNvbmRpdGlvbnMiOiBbeyJidWNrZXQiOiAiY3JhYmNhY2hlX3Byb2QifSwgeyJrZXkiOiAid2t3b24vc2FuZGJveGVzL2QzMWJhNzVlZDU3Y2ZjYWIxMTZiMTc0YjQ3OGQ5MjRhZTc2M2Y4ZmQzYjQ1ZWM5YmEwNmUyNTgxOGNmZGVlZTAudGFyLmd6In1dfQ==" -F "signature=rXDd35Wmq62+Q9YG/allB4RuTZ8=" -F "file=@/eos/home-w/wkwon/CMSSW_14_0_12/src/work/Analysis/crab_projects/crab_MuonAnalysis_Run2022C/inputs/debugFiles.tgz" "https://s3.cern.ch/crabcache_prod"
DEBUG 2024-10-09 03:51:27.798 UTC: 	 exitcode: 0
stdout: b''
DEBUG 2024-10-09 03:51:27.799 UTC: 	 sandbox /eos/home-w/wkwon/CMSSW_14_0_12/src/work/Analysis/crab_projects/crab_MuonAnalysis_Run2022C/inputs/debugFiles.tgz successfully uploaded to S3
DEBUG 2024-10-09 03:51:27.799 UTC: 	 Result uploading input files: 2e95c052c78cf6f825ad02a91b54ae52c89469db8b6a8f13d310c24ad81f8a06.tar.gz 
DEBUG 2024-10-09 03:51:27.799 UTC: 	 Attaching lumi mask Cert_Collisions2022_355100_362760_Golden.json to the request
DEBUG 2024-10-09 03:51:27.799 UTC: 	 Reading lumi-mask from Cert_Collisions2022_355100_362760_Golden.json
DEBUG 2024-10-09 03:51:27.819 UTC: 	 submit() - self.configuration from WMCore.Configuration import Configuration
config = Configuration()
config.section_('General')
config.General.requestName = 'MuonAnalysis_Run2022C'
config.General.workArea = 'crab_projects'
config.section_('JobType')
config.JobType.psetName = 'conf.py'
config.JobType.numCores = 1
config.JobType.outputFiles = ['data.root']
config.JobType.maxMemoryMB = 2000
config.JobType.pluginName = 'Analysis'
config.section_('Data')
config.Data.splitting = 'FileBased'
config.Data.unitsPerJob = 100
config.Data.lumiMask = 'Cert_Collisions2022_355100_362760_Golden.json'
config.Data.inputDBS = 'global'
config.Data.publication = False
config.Data.inputDataset = '/Muon/Run2022C-27Jun2023-v1/AOD'
config.Data.outLFNDirBase = '/store/user/wkwon/AnalysisResults/'
config.section_('Site')
config.Site.storageSite = 'T3_KR_KNU'
config.section_('User')
config.section_('Debug')

DEBUG 2024-10-09 03:51:27.819 UTC: 	 submit() - self.configreq {'dryrun': 0, 'workflow': 'crab_MuonAnalysis_Run2022C', 'saveoutput': 1, 'savelogsflag': 0, 'inputdata': '/Muon/Run2022C-27Jun2023-v1/AOD', 'nonvaliddata': 0, 'userfiles': [], 'dbsurl': 'https://cmsweb.cern.ch/dbs/prod/global/DBSReader', 'useparent': 0, 'ignorelocality': 0, 'splitalgo': 'FileBased', 'algoargs': 100, 'totalunits': 0, 'lfn': '/store/user/wkwon/AnalysisResults/', 'publication': 0, 'publishdbsurl': 'https://cmsweb.cern.ch/dbs/prod/phys03/DBSWriter', 'jobtype': 'Analysis', 'generator': 'pythia', 'addoutputfiles': ['data.root'], 'maxjobruntime': 1250, 'numcores': 1, 'maxmemory': 2000, 'priority': 10, 'nonprodsw': 0, 'asyncdest': 'T3_KR_KNU', 'requireaccelerator': 0, 'oneEventMode': 0, 'extrajdl': [], 'ignoreglobalblacklist': 0, 'partialdataset': 0, 'inputblocks': []}
DEBUG 2024-10-09 03:51:27.820 UTC: 	 submit() - jobconfig {'addoutputfiles': [], 'tfileoutfiles': ['data.root'], 'edmoutfiles': [], 'jobarch': 'el9_amd64_gcc12', 'jobsw': 'CMSSW_14_0_12', 'inputdata': '/Muon/Run2022C-27Jun2023-v1/AOD', 'cacheurl': 'https://cmsweb.cern.ch/S3/crabcache_prod', 'cachefilename': '2e95c052c78cf6f825ad02a91b54ae52c89469db8b6a8f13d310c24ad81f8a06.tar.gz', 'debugfilename': 'd31ba75ed57cfcab116b174b478d924ae763f8fd3b45ec9ba06e25818cfdeee0.tar.gz', 'runs': ['355374', '355381', '355418', '355419', '355429', '355435', '355442', '355443', '355444', '355445', '355454', '355455', '355456', '355558', '355559', '355679', '355680', '355768', '355769', '355862', '355863', '355870', '355871', '355872', '355892', '355912', '355913', '355921', '355933', '355942', '355988', '355989', '355998', '355999', '356004', '356005', '356043', '356071', '356074', '356075', '356076', '356077', '356135', '356309', '356316', '356322', '356323', '356371', '356375', '356378', '356381', '356383', '356385', '356386', '356426', '356428', '356433', '356434', '356435', '356446', '356523', '356531', '356563', '356568', '356569', '356570', '356576', '356578', '356580', '356582', '356614', '356615', '356619', '356810', '356811', '356812', '356813', '356814', '356815', '356824', '356908', '356919', '356937', '356946', '356947', '356948', '356949', '356951', '356954', '356955', '356956', '356968', '356969', '356970', '356998', '356999', '357000', '357001', '357079', '357080', '357081', '357101', '357102', '357104', '357106', '357112', '357268', '357271', '357328', '357329', '357330', '357331', '357332', '357333', '357401', '357406', '357438', '357440', '357441', '357442', '357447', '357472', '357478', '357479', '357482', '357538', '357542', '357550', '357610', '357611', '357612', '357613', '357688', '357696', '357697', '357698', '357699', '357700', '357701', '357705', '357706', '357720', '357732', '357734', '357735', '357754', '357756', '357757', '357758', '357759', '357766', '357777', '357778', '357779', '357781', '357802', '357803', '357804', '357805', '357806', '357807', '357808', '357809', '357812', '357813', '357814', '357815', '357898', '357899', '357900', '359569', '359571', '359575', '359595', '359597', '359602', '359609', '359612', '359661', '359685', '359686', '359691', '359693', '359694', '359699', '359718', '359750', '359751', '359762', '359763', '359764', '359776', '359806', '359808', '359809', '359810', '359812', '359814', '359870', '359871', '359887', '359899', '359903', '359998', '360017', '360019', '360075', '360090', '360116', '360125', '360126', '360127', '360128', '360130', '360131', '360141', '360224', '360225', '360295', '360296', '360327', '360390', '360391', '360392', '360393', '360400', '360413', '360428', '360432', '360435', '360437', '360438', '360458', '360459', '360460', '360486', '360490', '360491', '360737', '360761', '360794', '360795', '360797', '360820', '360825', '360826', '360856', '360874', '360876', '360887', '360888', '360889', '360890', '360892', '360895', '360919', '360920', '360921', '360927', '360941', '360942', '360945', '360946', '360948', '360950', '360951', '360991', '360992', '361020', '361044', '361045', '361050', '361052', '361054', '361083', '361091', '361105', '361106', '361107', '361108', '361110', '361188', '361193', '361195', '361197', '361223', '361239', '361240', '361272', '361280', '361283', '361284', '361297', '361303', '361318', '361319', '361320', '361333', '361361', '361362', '361363', '361365', '361366', '361400', '361417', '361443', '361468', '361475', '361512', '361569', '361573', '361579', '361580', '361957', '361971', '361989', '361990', '361994', '362058', '362059', '362060', '362061', '362062', '362063', '362064', '362087', '362091', '362104', '362105', '362106', '362107', '362148', '362153', '362154', '362159', '362161', '362163', '362166', '362167', '362437', '362439', '362597', '362614', '362615', '362616', '362617', '362618', '362653', '362654', '362655', '362657', '362695', '362696', '362698', '362720', '362727', '362728', '362757', '362758', '362760'], 'lumis': ['59,84', '1,358', '1,41', '1,98', '42,89', '42,84', '1,22', '1,240', '1,153', '1,242', '38,118', '1,40', '1,501', '122,409', '1,162', '27,85', '1,1651', '82,126', '1,541', '121,133', '1,14', '31,67', '1,5', '1,738,758,995,997,1217', '14,197', '43,200', '1,106', '38,442', '75,448', '24,189,193,213', '43,80,85,90', '1,24', '1,35', '1,9', '1,19', '1,187', '1,65', '37,191', '1,26', '1,125', '1,153', '1,472', '46,71', '61,184', '45,185', '1,19', '1,67,69,650', '41,50,67,72', '35,77,101,125', '8,208,210,219,221,304', '1,1193', '1,33', '1,30', '1,122', '39,60', '1,300', '1,310', '1,13', '1,3,8,8', '10,623', '32,410,412,898', '1,56', '36,113,117,164,168,177,181,191,193,194,199,343', '42,64', '1,251', '1,98', '58,240', '1,865', '1,51', '7,104', '1,10,16,19,27,62', '1,1297', '1,173', '44,163', '1,44', '1,107', '1,54', '1,305,307,309,311,366,368,672', '1,54,176,219', '1,66', '1,26', '29,116', '20,138', '1,129', '1,350', '1,88', '1,94', '1,274', '1,364', '1,380', '1,109', '81,252', '1,236', '1,366', '1,5', '1,58', '1,50', '1,183', '1,22', '1,616', '1,759', '54,103', '1,13,43,134', '1,4', '1,60', '1,519', '70,143', '1,20,22,1570', '44,105', '1,668', '1,157', '1,23', '1,430', '1,207', '48,664', '50,174', '35,230', '1,354', '1,83', '1,1373', '40,50', '34,60', '43,50', '1,1046', '1,5,21,220', '39,63', '1,11,13,252', '1,36', '63,253', '1,412', '1,736', '1,256', '1,380', '31,319,341,410', '1,39', '1,63', '1,30', '1,757', '1,310', '1,202', '1,161', '32,92', '30,157', '1,300', '1,387,389,821,823,947,949,1126', '29,145', '1,425', '1,9', '1,85', '1,70', '10,124', '1,85', '1,359', '1,74', '1,10', '43,206', '1,153', '1,23', '1,88', '1,56', '1,244', '1,17', '1,41', '1,50', '1,293', '1,212', '1,944', '1,313', '1,637', '1,516', '1,83', '1,4,7,28,30,39,41,50,52,61,63,72,74,83,85,94,96,105,107,116,118,127,129,138,140,149,151,160,162,169', '1,13,15,24,26,35,37,46,48,57,59,68,70,89', '17,289', '1,94', '1,74', '1,25', '1,12', '42,233', '1,132', '1,934', '19,139', '1,604', '1,1080', '28,1883', '1,199,202,368', '52,186', '15,1007', '44,266', '1,410,412,459', '28,1111', '104,432', '42,410', '1,46', '1,43', '1,183', '1,227', '1,366', '2,7', '1,228', '30,502', '19,305', '1,12', '24,757,759,759,761,785,787,1918', '42,81', '1,153,155,1489', '20,429,462,809', '1,794', '77,432', '132,195,200,262,264,324', '1,35,37,370', '1,201', '1,163', '87,91', '1,378', '25,775', '43,259', '1,169,171,356', '35,771,774,1475', '1,519', '32,383', '5,36,38,76', '1,4', '1,61', '1,124', '40,119', '37,126', '50,123', '1,28', '1,37,43,53', '1,40', '1,6', '45,215,234,246', '1,1332', '1,1077', '45,322', '8,936,940,1187', '3,157,159,179', '10,27', '34,190', '37,713', '1,395', '1,5', '1,885', '1,358', '1,91,93,119', '42,97', '31,82', '1,341', '12,134', '1,289', '1,36', '1,216,219,506', '1,296', '1,700', '39,836', '1,4', '1,218', '37,331,333,581,583,1930', '1,72', '1,344', '1,91', '1,364', '1,119', '1,179,181,468,470,718', '1,190', '41,270', '1,99', '41,439', '42,166', '1,322,325,947', '1,10', '1,65', '1,461', '6,59', '38,418', '41,448', '1,31', '1,156', '1,7', '1,197', '46,186', '1,29', '1,20', '1,960,991,2177', '36,730', '35,1090', '1,1015', '1,125', '1,267', '1,26', '1,36', '38,970', '36,2275', '34,490', '1,162', '1,382', '36,337', '60,105', '1,31', '1,27', '1,489', '1,201', '41,496', '38,1659', '40,2313', '3,1883', '37,614,617,836,838,838,840,1121,1124,1273', '36,849,851,1573', '35,598', '1,305', '43,905', '1,422', '1,1163', '38,731,733,2381', '37,112,114,151', '1,204', '1,116', '39,209', '1,63', '1,83,85,85', '1,314', '1,207', '1,70,77,92', '93,218,220,508,510,1067', '1,13,15,146', '1,1418', '33,147', '1,179', '1,78', '1,785', '39,758', '1,140', '1,784', '29,35', '1,120', '1,65', '1,331', '1,646', '1,11,73,92', '8,34,249,1595', '1,139', '1,153', '1,149', '1,351', '1,244', '1,274', '40,305', '1,26', '1,140,143,144,148,338', '1,198', '39,372', '1,1112,1114,1120,1122,1124,1126,1128,1130,1132,1134,1140,1142,1144,1146,1148,1150,1152,1154,1720', '1,374', '52,949', '4,7', '1,388', '32,93', '1,205', '1,728'], 'jobtype': 'Analysis'}
INFO 2024-10-09 03:51:27.820 UTC: 	 Sending the request to the server at cmsweb.cern.ch
DEBUG 2024-10-09 03:51:27.820 UTC: 	 Submitting {'dryrun': 0, 'workflow': 'crab_MuonAnalysis_Run2022C', 'saveoutput': 1, 'savelogsflag': 0, 'inputdata': '/Muon/Run2022C-27Jun2023-v1/AOD', 'nonvaliddata': 0, 'userfiles': [], 'dbsurl': 'https://cmsweb.cern.ch/dbs/prod/global/DBSReader', 'useparent': 0, 'ignorelocality': 0, 'splitalgo': 'FileBased', 'algoargs': 100, 'totalunits': 0, 'lfn': '/store/user/wkwon/AnalysisResults/', 'publication': 0, 'publishdbsurl': 'https://cmsweb.cern.ch/dbs/prod/phys03/DBSWriter', 'jobtype': 'Analysis', 'generator': 'pythia', 'addoutputfiles': [], 'maxjobruntime': 1250, 'numcores': 1, 'maxmemory': 2000, 'priority': 10, 'nonprodsw': 0, 'asyncdest': 'T3_KR_KNU', 'requireaccelerator': 0, 'oneEventMode': 0, 'extrajdl': [], 'ignoreglobalblacklist': 0, 'partialdataset': 0, 'inputblocks': [], 'tfileoutfiles': ['data.root'], 'edmoutfiles': [], 'jobarch': 'el9_amd64_gcc12', 'jobsw': 'CMSSW_14_0_12', 'cacheurl': 'https://cmsweb.cern.ch/S3/crabcache_prod', 'cachefilename': '2e95c052c78cf6f825ad02a91b54ae52c89469db8b6a8f13d310c24ad81f8a06.tar.gz', 'debugfilename': 'd31ba75ed57cfcab116b174b478d924ae763f8fd3b45ec9ba06e25818cfdeee0.tar.gz', 'runs': ['355374', '355381', '355418', '355419', '355429', '355435', '355442', '355443', '355444', '355445', '355454', '355455', '355456', '355558', '355559', '355679', '355680', '355768', '355769', '355862', '355863', '355870', '355871', '355872', '355892', '355912', '355913', '355921', '355933', '355942', '355988', '355989', '355998', '355999', '356004', '356005', '356043', '356071', '356074', '356075', '356076', '356077', '356135', '356309', '356316', '356322', '356323', '356371', '356375', '356378', '356381', '356383', '356385', '356386', '356426', '356428', '356433', '356434', '356435', '356446', '356523', '356531', '356563', '356568', '356569', '356570', '356576', '356578', '356580', '356582', '356614', '356615', '356619', '356810', '356811', '356812', '356813', '356814', '356815', '356824', '356908', '356919', '356937', '356946', '356947', '356948', '356949', '356951', '356954', '356955', '356956', '356968', '356969', '356970', '356998', '356999', '357000', '357001', '357079', '357080', '357081', '357101', '357102', '357104', '357106', '357112', '357268', '357271', '357328', '357329', '357330', '357331', '357332', '357333', '357401', '357406', '357438', '357440', '357441', '357442', '357447', '357472', '357478', '357479', '357482', '357538', '357542', '357550', '357610', '357611', '357612', '357613', '357688', '357696', '357697', '357698', '357699', '357700', '357701', '357705', '357706', '357720', '357732', '357734', '357735', '357754', '357756', '357757', '357758', '357759', '357766', '357777', '357778', '357779', '357781', '357802', '357803', '357804', '357805', '357806', '357807', '357808', '357809', '357812', '357813', '357814', '357815', '357898', '357899', '357900', '359569', '359571', '359575', '359595', '359597', '359602', '359609', '359612', '359661', '359685', '359686', '359691', '359693', '359694', '359699', '359718', '359750', '359751', '359762', '359763', '359764', '359776', '359806', '359808', '359809', '359810', '359812', '359814', '359870', '359871', '359887', '359899', '359903', '359998', '360017', '360019', '360075', '360090', '360116', '360125', '360126', '360127', '360128', '360130', '360131', '360141', '360224', '360225', '360295', '360296', '360327', '360390', '360391', '360392', '360393', '360400', '360413', '360428', '360432', '360435', '360437', '360438', '360458', '360459', '360460', '360486', '360490', '360491', '360737', '360761', '360794', '360795', '360797', '360820', '360825', '360826', '360856', '360874', '360876', '360887', '360888', '360889', '360890', '360892', '360895', '360919', '360920', '360921', '360927', '360941', '360942', '360945', '360946', '360948', '360950', '360951', '360991', '360992', '361020', '361044', '361045', '361050', '361052', '361054', '361083', '361091', '361105', '361106', '361107', '361108', '361110', '361188', '361193', '361195', '361197', '361223', '361239', '361240', '361272', '361280', '361283', '361284', '361297', '361303', '361318', '361319', '361320', '361333', '361361', '361362', '361363', '361365', '361366', '361400', '361417', '361443', '361468', '361475', '361512', '361569', '361573', '361579', '361580', '361957', '361971', '361989', '361990', '361994', '362058', '362059', '362060', '362061', '362062', '362063', '362064', '362087', '362091', '362104', '362105', '362106', '362107', '362148', '362153', '362154', '362159', '362161', '362163', '362166', '362167', '362437', '362439', '362597', '362614', '362615', '362616', '362617', '362618', '362653', '362654', '362655', '362657', '362695', '362696', '362698', '362720', '362727', '362728', '362757', '362758', '362760'], 'lumis': ['59,84', '1,358', '1,41', '1,98', '42,89', '42,84', '1,22', '1,240', '1,153', '1,242', '38,118', '1,40', '1,501', '122,409', '1,162', '27,85', '1,1651', '82,126', '1,541', '121,133', '1,14', '31,67', '1,5', '1,738,758,995,997,1217', '14,197', '43,200', '1,106', '38,442', '75,448', '24,189,193,213', '43,80,85,90', '1,24', '1,35', '1,9', '1,19', '1,187', '1,65', '37,191', '1,26', '1,125', '1,153', '1,472', '46,71', '61,184', '45,185', '1,19', '1,67,69,650', '41,50,67,72', '35,77,101,125', '8,208,210,219,221,304', '1,1193', '1,33', '1,30', '1,122', '39,60', '1,300', '1,310', '1,13', '1,3,8,8', '10,623', '32,410,412,898', '1,56', '36,113,117,164,168,177,181,191,193,194,199,343', '42,64', '1,251', '1,98', '58,240', '1,865', '1,51', '7,104', '1,10,16,19,27,62', '1,1297', '1,173', '44,163', '1,44', '1,107', '1,54', '1,305,307,309,311,366,368,672', '1,54,176,219', '1,66', '1,26', '29,116', '20,138', '1,129', '1,350', '1,88', '1,94', '1,274', '1,364', '1,380', '1,109', '81,252', '1,236', '1,366', '1,5', '1,58', '1,50', '1,183', '1,22', '1,616', '1,759', '54,103', '1,13,43,134', '1,4', '1,60', '1,519', '70,143', '1,20,22,1570', '44,105', '1,668', '1,157', '1,23', '1,430', '1,207', '48,664', '50,174', '35,230', '1,354', '1,83', '1,1373', '40,50', '34,60', '43,50', '1,1046', '1,5,21,220', '39,63', '1,11,13,252', '1,36', '63,253', '1,412', '1,736', '1,256', '1,380', '31,319,341,410', '1,39', '1,63', '1,30', '1,757', '1,310', '1,202', '1,161', '32,92', '30,157', '1,300', '1,387,389,821,823,947,949,1126', '29,145', '1,425', '1,9', '1,85', '1,70', '10,124', '1,85', '1,359', '1,74', '1,10', '43,206', '1,153', '1,23', '1,88', '1,56', '1,244', '1,17', '1,41', '1,50', '1,293', '1,212', '1,944', '1,313', '1,637', '1,516', '1,83', '1,4,7,28,30,39,41,50,52,61,63,72,74,83,85,94,96,105,107,116,118,127,129,138,140,149,151,160,162,169', '1,13,15,24,26,35,37,46,48,57,59,68,70,89', '17,289', '1,94', '1,74', '1,25', '1,12', '42,233', '1,132', '1,934', '19,139', '1,604', '1,1080', '28,1883', '1,199,202,368', '52,186', '15,1007', '44,266', '1,410,412,459', '28,1111', '104,432', '42,410', '1,46', '1,43', '1,183', '1,227', '1,366', '2,7', '1,228', '30,502', '19,305', '1,12', '24,757,759,759,761,785,787,1918', '42,81', '1,153,155,1489', '20,429,462,809', '1,794', '77,432', '132,195,200,262,264,324', '1,35,37,370', '1,201', '1,163', '87,91', '1,378', '25,775', '43,259', '1,169,171,356', '35,771,774,1475', '1,519', '32,383', '5,36,38,76', '1,4', '1,61', '1,124', '40,119', '37,126', '50,123', '1,28', '1,37,43,53', '1,40', '1,6', '45,215,234,246', '1,1332', '1,1077', '45,322', '8,936,940,1187', '3,157,159,179', '10,27', '34,190', '37,713', '1,395', '1,5', '1,885', '1,358', '1,91,93,119', '42,97', '31,82', '1,341', '12,134', '1,289', '1,36', '1,216,219,506', '1,296', '1,700', '39,836', '1,4', '1,218', '37,331,333,581,583,1930', '1,72', '1,344', '1,91', '1,364', '1,119', '1,179,181,468,470,718', '1,190', '41,270', '1,99', '41,439', '42,166', '1,322,325,947', '1,10', '1,65', '1,461', '6,59', '38,418', '41,448', '1,31', '1,156', '1,7', '1,197', '46,186', '1,29', '1,20', '1,960,991,2177', '36,730', '35,1090', '1,1015', '1,125', '1,267', '1,26', '1,36', '38,970', '36,2275', '34,490', '1,162', '1,382', '36,337', '60,105', '1,31', '1,27', '1,489', '1,201', '41,496', '38,1659', '40,2313', '3,1883', '37,614,617,836,838,838,840,1121,1124,1273', '36,849,851,1573', '35,598', '1,305', '43,905', '1,422', '1,1163', '38,731,733,2381', '37,112,114,151', '1,204', '1,116', '39,209', '1,63', '1,83,85,85', '1,314', '1,207', '1,70,77,92', '93,218,220,508,510,1067', '1,13,15,146', '1,1418', '33,147', '1,179', '1,78', '1,785', '39,758', '1,140', '1,784', '29,35', '1,120', '1,65', '1,331', '1,646', '1,11,73,92', '8,34,249,1595', '1,139', '1,153', '1,149', '1,351', '1,244', '1,274', '40,305', '1,26', '1,140,143,144,148,338', '1,198', '39,372', '1,1112,1114,1120,1122,1124,1126,1128,1130,1132,1134,1140,1142,1144,1146,1148,1150,1152,1154,1720', '1,374', '52,949', '4,7', '1,388', '32,93', '1,205', '1,728']} 
DEBUG 2024-10-09 03:51:27.821 UTC: 	 Encoded data for curl request: dryrun=0&workflow=crab_MuonAnalysis_Run2022C&saveoutput=1&savelogsflag=0&inputdata=%2FMuon%2FRun2022C-27Jun2023-v1%2FAOD&nonvaliddata=0&dbsurl=https%3A%2F%2Fcmsweb.cern.ch%2Fdbs%2Fprod%2Fglobal%2FDBSReader&useparent=0&ignorelocality=0&splitalgo=FileBased&algoargs=100&totalunits=0&lfn=%2Fstore%2Fuser%2Fwkwon%2FAnalysisResults%2F&publication=0&publishdbsurl=https%3A%2F%2Fcmsweb.cern.ch%2Fdbs%2Fprod%2Fphys03%2FDBSWriter&jobtype=Analysis&generator=pythia&maxjobruntime=1250&numcores=1&maxmemory=2000&priority=10&nonprodsw=0&asyncdest=T3_KR_KNU&requireaccelerator=0&oneEventMode=0&ignoreglobalblacklist=0&partialdataset=0&jobarch=el9_amd64_gcc12&jobsw=CMSSW_14_0_12&cacheurl=https%3A%2F%2Fcmsweb.cern.ch%2FS3%2Fcrabcache_prod&cachefilename=2e95c052c78cf6f825ad02a91b54ae52c89469db8b6a8f13d310c24ad81f8a06.tar.gz&debugfilename=d31ba75ed57cfcab116b174b478d924ae763f8fd3b45ec9ba06e25818cfdeee0.tar.gz&tfileoutfiles=data.root&runs=355374&runs=355381&runs=355418&runs=355419&runs=355429&runs=355435&runs=355442&runs=355443&runs=355444&runs=355445&runs=355454&runs=355455&runs=355456&runs=355558&runs=355559&runs=355679&runs=355680&runs=355768&runs=355769&runs=355862&runs=355863&runs=355870&runs=355871&runs=355872&runs=355892&runs=355912&runs=355913&runs=355921&runs=355933&runs=355942&runs=355988&runs=355989&runs=355998&runs=355999&runs=356004&runs=356005&runs=356043&runs=356071&runs=356074&runs=356075&runs=356076&runs=356077&runs=356135&runs=356309&runs=356316&runs=356322&runs=356323&runs=356371&runs=356375&runs=356378&runs=356381&runs=356383&runs=356385&runs=356386&runs=356426&runs=356428&runs=356433&runs=356434&runs=356435&runs=356446&runs=356523&runs=356531&runs=356563&runs=356568&runs=356569&runs=356570&runs=356576&runs=356578&runs=356580&runs=356582&runs=356614&runs=356615&runs=356619&runs=356810&runs=356811&runs=356812&runs=356813&runs=356814&runs=356815&runs=356824&runs=356908&runs=356919&runs=356937&runs=356946&runs=356947&runs=356948&runs=356949&runs=356951&runs=356954&runs=356955&runs=356956&runs=356968&runs=356969&runs=356970&runs=356998&runs=356999&runs=357000&runs=357001&runs=357079&runs=357080&runs=357081&runs=357101&runs=357102&runs=357104&runs=357106&runs=357112&runs=357268&runs=357271&runs=357328&runs=357329&runs=357330&runs=357331&runs=357332&runs=357333&runs=357401&runs=357406&runs=357438&runs=357440&runs=357441&runs=357442&runs=357447&runs=357472&runs=357478&runs=357479&runs=357482&runs=357538&runs=357542&runs=357550&runs=357610&runs=357611&runs=357612&runs=357613&runs=357688&runs=357696&runs=357697&runs=357698&runs=357699&runs=357700&runs=357701&runs=357705&runs=357706&runs=357720&runs=357732&runs=357734&runs=357735&runs=357754&runs=357756&runs=357757&runs=357758&runs=357759&runs=357766&runs=357777&runs=357778&runs=357779&runs=357781&runs=357802&runs=357803&runs=357804&runs=357805&runs=357806&runs=357807&runs=357808&runs=357809&runs=357812&runs=357813&runs=357814&runs=357815&runs=357898&runs=357899&runs=357900&runs=359569&runs=359571&runs=359575&runs=359595&runs=359597&runs=359602&runs=359609&runs=359612&runs=359661&runs=359685&runs=359686&runs=359691&runs=359693&runs=359694&runs=359699&runs=359718&runs=359750&runs=359751&runs=359762&runs=359763&runs=359764&runs=359776&runs=359806&runs=359808&runs=359809&runs=359810&runs=359812&runs=359814&runs=359870&runs=359871&runs=359887&runs=359899&runs=359903&runs=359998&runs=360017&runs=360019&runs=360075&runs=360090&runs=360116&runs=360125&runs=360126&runs=360127&runs=360128&runs=360130&runs=360131&runs=360141&runs=360224&runs=360225&runs=360295&runs=360296&runs=360327&runs=360390&runs=360391&runs=360392&runs=360393&runs=360400&runs=360413&runs=360428&runs=360432&runs=360435&runs=360437&runs=360438&runs=360458&runs=360459&runs=360460&runs=360486&runs=360490&runs=360491&runs=360737&runs=360761&runs=360794&runs=360795&runs=360797&runs=360820&runs=360825&runs=360826&runs=360856&runs=360874&runs=360876&runs=360887&runs=360888&runs=360889&runs=360890&runs=360892&runs=360895&runs=360919&runs=360920&runs=360921&runs=360927&runs=360941&runs=360942&runs=360945&runs=360946&runs=360948&runs=360950&runs=360951&runs=360991&runs=360992&runs=361020&runs=361044&runs=361045&runs=361050&runs=361052&runs=361054&runs=361083&runs=361091&runs=361105&runs=361106&runs=361107&runs=361108&runs=361110&runs=361188&runs=361193&runs=361195&runs=361197&runs=361223&runs=361239&runs=361240&runs=361272&runs=361280&runs=361283&runs=361284&runs=361297&runs=361303&runs=361318&runs=361319&runs=361320&runs=361333&runs=361361&runs=361362&runs=361363&runs=361365&runs=361366&runs=361400&runs=361417&runs=361443&runs=361468&runs=361475&runs=361512&runs=361569&runs=361573&runs=361579&runs=361580&runs=361957&runs=361971&runs=361989&runs=361990&runs=361994&runs=362058&runs=362059&runs=362060&runs=362061&runs=362062&runs=362063&runs=362064&runs=362087&runs=362091&runs=362104&runs=362105&runs=362106&runs=362107&runs=362148&runs=362153&runs=362154&runs=362159&runs=362161&runs=362163&runs=362166&runs=362167&runs=362437&runs=362439&runs=362597&runs=362614&runs=362615&runs=362616&runs=362617&runs=362618&runs=362653&runs=362654&runs=362655&runs=362657&runs=362695&runs=362696&runs=362698&runs=362720&runs=362727&runs=362728&runs=362757&runs=362758&runs=362760&lumis=59%2C84&lumis=1%2C358&lumis=1%2C41&lumis=1%2C98&lumis=42%2C89&lumis=42%2C84&lumis=1%2C22&lumis=1%2C240&lumis=1%2C153&lumis=1%2C242&lumis=38%2C118&lumis=1%2C40&lumis=1%2C501&lumis=122%2C409&lumis=1%2C162&lumis=27%2C85&lumis=1%2C1651&lumis=82%2C126&lumis=1%2C541&lumis=121%2C133&lumis=1%2C14&lumis=31%2C67&lumis=1%2C5&lumis=1%2C738%2C758%2C995%2C997%2C1217&lumis=14%2C197&lumis=43%2C200&lumis=1%2C106&lumis=38%2C442&lumis=75%2C448&lumis=24%2C189%2C193%2C213&lumis=43%2C80%2C85%2C90&lumis=1%2C24&lumis=1%2C35&lumis=1%2C9&lumis=1%2C19&lumis=1%2C187&lumis=1%2C65&lumis=37%2C191&lumis=1%2C26&lumis=1%2C125&lumis=1%2C153&lumis=1%2C472&lumis=46%2C71&lumis=61%2C184&lumis=45%2C185&lumis=1%2C19&lumis=1%2C67%2C69%2C650&lumis=41%2C50%2C67%2C72&lumis=35%2C77%2C101%2C125&lumis=8%2C208%2C210%2C219%2C221%2C304&lumis=1%2C1193&lumis=1%2C33&lumis=1%2C30&lumis=1%2C122&lumis=39%2C60&lumis=1%2C300&lumis=1%2C310&lumis=1%2C13&lumis=1%2C3%2C8%2C8&lumis=10%2C623&lumis=32%2C410%2C412%2C898&lumis=1%2C56&lumis=36%2C113%2C117%2C164%2C168%2C177%2C181%2C191%2C193%2C194%2C199%2C343&lumis=42%2C64&lumis=1%2C251&lumis=1%2C98&lumis=58%2C240&lumis=1%2C865&lumis=1%2C51&lumis=7%2C104&lumis=1%2C10%2C16%2C19%2C27%2C62&lumis=1%2C1297&lumis=1%2C173&lumis=44%2C163&lumis=1%2C44&lumis=1%2C107&lumis=1%2C54&lumis=1%2C305%2C307%2C309%2C311%2C366%2C368%2C672&lumis=1%2C54%2C176%2C219&lumis=1%2C66&lumis=1%2C26&lumis=29%2C116&lumis=20%2C138&lumis=1%2C129&lumis=1%2C350&lumis=1%2C88&lumis=1%2C94&lumis=1%2C274&lumis=1%2C364&lumis=1%2C380&lumis=1%2C109&lumis=81%2C252&lumis=1%2C236&lumis=1%2C366&lumis=1%2C5&lumis=1%2C58&lumis=1%2C50&lumis=1%2C183&lumis=1%2C22&lumis=1%2C616&lumis=1%2C759&lumis=54%2C103&lumis=1%2C13%2C43%2C134&lumis=1%2C4&lumis=1%2C60&lumis=1%2C519&lumis=70%2C143&lumis=1%2C20%2C22%2C1570&lumis=44%2C105&lumis=1%2C668&lumis=1%2C157&lumis=1%2C23&lumis=1%2C430&lumis=1%2C207&lumis=48%2C664&lumis=50%2C174&lumis=35%2C230&lumis=1%2C354&lumis=1%2C83&lumis=1%2C1373&lumis=40%2C50&lumis=34%2C60&lumis=43%2C50&lumis=1%2C1046&lumis=1%2C5%2C21%2C220&lumis=39%2C63&lumis=1%2C11%2C13%2C252&lumis=1%2C36&lumis=63%2C253&lumis=1%2C412&lumis=1%2C736&lumis=1%2C256&lumis=1%2C380&lumis=31%2C319%2C341%2C410&lumis=1%2C39&lumis=1%2C63&lumis=1%2C30&lumis=1%2C757&lumis=1%2C310&lumis=1%2C202&lumis=1%2C161&lumis=32%2C92&lumis=30%2C157&lumis=1%2C300&lumis=1%2C387%2C389%2C821%2C823%2C947%2C949%2C1126&lumis=29%2C145&lumis=1%2C425&lumis=1%2C9&lumis=1%2C85&lumis=1%2C70&lumis=10%2C124&lumis=1%2C85&lumis=1%2C359&lumis=1%2C74&lumis=1%2C10&lumis=43%2C206&lumis=1%2C153&lumis=1%2C23&lumis=1%2C88&lumis=1%2C56&lumis=1%2C244&lumis=1%2C17&lumis=1%2C41&lumis=1%2C50&lumis=1%2C293&lumis=1%2C212&lumis=1%2C944&lumis=1%2C313&lumis=1%2C637&lumis=1%2C516&lumis=1%2C83&lumis=1%2C4%2C7%2C28%2C30%2C39%2C41%2C50%2C52%2C61%2C63%2C72%2C74%2C83%2C85%2C94%2C96%2C105%2C107%2C116%2C118%2C127%2C129%2C138%2C140%2C149%2C151%2C160%2C162%2C169&lumis=1%2C13%2C15%2C24%2C26%2C35%2C37%2C46%2C48%2C57%2C59%2C68%2C70%2C89&lumis=17%2C289&lumis=1%2C94&lumis=1%2C74&lumis=1%2C25&lumis=1%2C12&lumis=42%2C233&lumis=1%2C132&lumis=1%2C934&lumis=19%2C139&lumis=1%2C604&lumis=1%2C1080&lumis=28%2C1883&lumis=1%2C199%2C202%2C368&lumis=52%2C186&lumis=15%2C1007&lumis=44%2C266&lumis=1%2C410%2C412%2C459&lumis=28%2C1111&lumis=104%2C432&lumis=42%2C410&lumis=1%2C46&lumis=1%2C43&lumis=1%2C183&lumis=1%2C227&lumis=1%2C366&lumis=2%2C7&lumis=1%2C228&lumis=30%2C502&lumis=19%2C305&lumis=1%2C12&lumis=24%2C757%2C759%2C759%2C761%2C785%2C787%2C1918&lumis=42%2C81&lumis=1%2C153%2C155%2C1489&lumis=20%2C429%2C462%2C809&lumis=1%2C794&lumis=77%2C432&lumis=132%2C195%2C200%2C262%2C264%2C324&lumis=1%2C35%2C37%2C370&lumis=1%2C201&lumis=1%2C163&lumis=87%2C91&lumis=1%2C378&lumis=25%2C775&lumis=43%2C259&lumis=1%2C169%2C171%2C356&lumis=35%2C771%2C774%2C1475&lumis=1%2C519&lumis=32%2C383&lumis=5%2C36%2C38%2C76&lumis=1%2C4&lumis=1%2C61&lumis=1%2C124&lumis=40%2C119&lumis=37%2C126&lumis=50%2C123&lumis=1%2C28&lumis=1%2C37%2C43%2C53&lumis=1%2C40&lumis=1%2C6&lumis=45%2C215%2C234%2C246&lumis=1%2C1332&lumis=1%2C1077&lumis=45%2C322&lumis=8%2C936%2C940%2C1187&lumis=3%2C157%2C159%2C179&lumis=10%2C27&lumis=34%2C190&lumis=37%2C713&lumis=1%2C395&lumis=1%2C5&lumis=1%2C885&lumis=1%2C358&lumis=1%2C91%2C93%2C119&lumis=42%2C97&lumis=31%2C82&lumis=1%2C341&lumis=12%2C134&lumis=1%2C289&lumis=1%2C36&lumis=1%2C216%2C219%2C506&lumis=1%2C296&lumis=1%2C700&lumis=39%2C836&lumis=1%2C4&lumis=1%2C218&lumis=37%2C331%2C333%2C581%2C583%2C1930&lumis=1%2C72&lumis=1%2C344&lumis=1%2C91&lumis=1%2C364&lumis=1%2C119&lumis=1%2C179%2C181%2C468%2C470%2C718&lumis=1%2C190&lumis=41%2C270&lumis=1%2C99&lumis=41%2C439&lumis=42%2C166&lumis=1%2C322%2C325%2C947&lumis=1%2C10&lumis=1%2C65&lumis=1%2C461&lumis=6%2C59&lumis=38%2C418&lumis=41%2C448&lumis=1%2C31&lumis=1%2C156&lumis=1%2C7&lumis=1%2C197&lumis=46%2C186&lumis=1%2C29&lumis=1%2C20&lumis=1%2C960%2C991%2C2177&lumis=36%2C730&lumis=35%2C1090&lumis=1%2C1015&lumis=1%2C125&lumis=1%2C267&lumis=1%2C26&lumis=1%2C36&lumis=38%2C970&lumis=36%2C2275&lumis=34%2C490&lumis=1%2C162&lumis=1%2C382&lumis=36%2C337&lumis=60%2C105&lumis=1%2C31&lumis=1%2C27&lumis=1%2C489&lumis=1%2C201&lumis=41%2C496&lumis=38%2C1659&lumis=40%2C2313&lumis=3%2C1883&lumis=37%2C614%2C617%2C836%2C838%2C838%2C840%2C1121%2C1124%2C1273&lumis=36%2C849%2C851%2C1573&lumis=35%2C598&lumis=1%2C305&lumis=43%2C905&lumis=1%2C422&lumis=1%2C1163&lumis=38%2C731%2C733%2C2381&lumis=37%2C112%2C114%2C151&lumis=1%2C204&lumis=1%2C116&lumis=39%2C209&lumis=1%2C63&lumis=1%2C83%2C85%2C85&lumis=1%2C314&lumis=1%2C207&lumis=1%2C70%2C77%2C92&lumis=93%2C218%2C220%2C508%2C510%2C1067&lumis=1%2C13%2C15%2C146&lumis=1%2C1418&lumis=33%2C147&lumis=1%2C179&lumis=1%2C78&lumis=1%2C785&lumis=39%2C758&lumis=1%2C140&lumis=1%2C784&lumis=29%2C35&lumis=1%2C120&lumis=1%2C65&lumis=1%2C331&lumis=1%2C646&lumis=1%2C11%2C73%2C92&lumis=8%2C34%2C249%2C1595&lumis=1%2C139&lumis=1%2C153&lumis=1%2C149&lumis=1%2C351&lumis=1%2C244&lumis=1%2C274&lumis=40%2C305&lumis=1%2C26&lumis=1%2C140%2C143%2C144%2C148%2C338&lumis=1%2C198&lumis=39%2C372&lumis=1%2C1112%2C1114%2C1120%2C1122%2C1124%2C1126%2C1128%2C1130%2C1132%2C1134%2C1140%2C1142%2C1144%2C1146%2C1148%2C1150%2C1152%2C1154%2C1720&lumis=1%2C374&lumis=52%2C949&lumis=4%2C7&lumis=1%2C388&lumis=32%2C93&lumis=1%2C205&lumis=1%2C728
DEBUG 2024-10-09 03:51:27.906 UTC: 	 Result: {'result': [{'RequestName': '241009_035127:wkwon_crab_MuonAnalysis_Run2022C'}]}
INFO 2024-10-09 03:51:27.915 UTC: 	 Success: Your task has been delivered to the prod CRAB3 server.
INFO 2024-10-09 03:51:27.915 UTC: 	 Task name: 241009_035127:wkwon_crab_MuonAnalysis_Run2022C
INFO 2024-10-09 03:51:27.915 UTC: 	 Project dir: crab_projects/crab_MuonAnalysis_Run2022C
INFO 2024-10-09 03:51:27.915 UTC: 	 Please use ' crab status -d crab_projects/crab_MuonAnalysis_Run2022C ' to check how the submission process proceeds.
DEBUG 2024-10-09 03:51:27.915 UTC: 	 About to return
INFO 2024-10-09 03:51:27.926 UTC: 	 Log file is /eos/home-w/wkwon/CMSSW_14_0_12/src/work/Analysis/crab_projects/crab_MuonAnalysis_Run2022C/crab.log
DEBUG 2024-10-10 13:52:29.771 UTC: 	 CRAB Client version: v3.240621
DEBUG 2024-10-10 13:52:29.771 UTC: 	 Running on: Linux lxplus993.cern.ch 5.14.0-427.28.1.el9_4.x86_64 #1 SMP PREEMPT_DYNAMIC Fri Jul 19 14:40:47 EDT 2024 x86_64 x86_64 x86_64 GNU/Linux - Red Hat Enterprise Linux 9.4 (Plow)
DEBUG 2024-10-10 13:52:29.771 UTC: 	 Executing command: 'resubmit'
DEBUG 2024-10-10 13:52:29.771 UTC: 	 Found CRAB cache file /afs/cern.ch/user/w/wkwon/.crab3
DEBUG 2024-10-10 13:52:29.812 UTC: 	 Checking credentials
DEBUG 2024-10-10 13:52:29.812 UTC: 	 Found proxy file /tmp/x509up_u168090
DEBUG 2024-10-10 13:52:29.812 UTC: 	 Making sure it has proper VOMS extension
DEBUG 2024-10-10 13:52:29.812 UTC: 	 Executing command :
 voms-proxy-info --vo --file /tmp/x509up_u168090
DEBUG 2024-10-10 13:52:30.220 UTC: 	 output : cms

 error: 
 retcode : 0
DEBUG 2024-10-10 13:52:30.220 UTC: 	 Getting proxy life time left
DEBUG 2024-10-10 13:52:30.220 UTC: 	 Executing command :
 voms-proxy-info --actimeleft --timeleft --file /tmp/x509up_u168090
DEBUG 2024-10-10 13:52:30.658 UTC: 	 output : 1080
1080

 error: 
 retcode : 0
DEBUG 2024-10-10 13:52:30.658 UTC: 	 Proxy valid for 00:18:00 hours
DEBUG 2024-10-10 13:52:30.659 UTC: 	 Encoded data for curl request: subresource=delegatedn
DEBUG 2024-10-10 13:52:30.730 UTC: 	 Registering user credentials on myproxy for /DC=ch/DC=cern/OU=computers/CN=crab-(preprod|prod)-tw(01|02).cern.ch|/DC=ch/DC=cern/OU=computers/CN=crab-dev-tw(01|02|03|04).cern.ch|/DC=ch/DC=cern/OU=Organic Units/OU=Users/CN=cmscrab/CN=(817881|373708)/CN=Robot: cms crab|/DC=ch/DC=cern/OU=Organic Units/OU=Users/CN=crabint1/CN=373708/CN=Robot: CMS CRAB Integration 1
DEBUG 2024-10-10 13:52:30.730 UTC: 	 Executing command :
 voms-proxy-info --identity --file /tmp/x509up_u168090
DEBUG 2024-10-10 13:52:31.124 UTC: 	 output : /DC=ch/DC=cern/OU=Organic Units/OU=Users/CN=wkwon/CN=874403/CN=Wooyeon Kwon

 error: 
 retcode : 0
DEBUG 2024-10-10 13:52:31.125 UTC: 	 Getting myproxy life time left for f8986532409fa907e5c13102198102ce78e92be8
DEBUG 2024-10-10 13:52:31.125 UTC: 	 Executing command :
 myproxy-info -s myproxy.cern.ch -l f8986532409fa907e5c13102198102ce78e92be8
DEBUG 2024-10-10 13:52:31.394 UTC: 	 output : username: f8986532409fa907e5c13102198102ce78e92be8
owner: /DC=ch/DC=cern/OU=Organic Units/OU=Users/CN=wkwon/CN=874403/CN=Wooyeon Kwon
  renewal policy: /DC=ch/DC=cern/OU=computers/CN=crab-(preprod|prod)-tw(01|02).cern.ch|/DC=ch/DC=cern/OU=computers/CN=crab-dev-tw(01|02|03|04).cern.ch|/DC=ch/DC=cern/OU=Organic Units/OU=Users/CN=cmscrab/CN=(817881|373708)/CN=Robot: cms crab|/DC=ch/DC=cern/OU=Organic Units/OU=Users/CN=crabint1/CN=373708/CN=Robot: CMS CRAB Integration 1
  trusted retrieval policy: /DC=ch/DC=cern/OU=computers/CN=crab-(preprod|prod)-tw(01|02).cern.ch|/DC=ch/DC=cern/OU=computers/CN=crab-dev-tw(01|02|03|04).cern.ch|/DC=ch/DC=cern/OU=Organic Units/OU=Users/CN=cmscrab/CN=(817881|373708)/CN=Robot: cms crab|/DC=ch/DC=cern/OU=Organic Units/OU=Users/CN=crabint1/CN=373708/CN=Robot: CMS CRAB Integration 1
  timeleft: 711:19:11  (29.6 days)

 error: 
 retcode : 0
DEBUG 2024-10-10 13:52:31.394 UTC: 	 Myproxy is valid: 2560740
DEBUG 2024-10-10 13:52:31.394 UTC: 	 Result of myproxy credential check:
  Credential exists on myproxy: username: f8986532409fa907e5c13102198102ce78e92be8  - validity: 29 days, 15:19:00
DEBUG 2024-10-10 13:52:31.396 UTC: 	 Encoded data for curl request: subresource=search&workflow=241009_035127%3Awkwon_crab_MuonAnalysis_Run2022C
DEBUG 2024-10-10 13:52:31.463 UTC: 	 Command use: resubmit
DEBUG 2024-10-10 13:52:31.463 UTC: 	 Options use: ['-d', 'crab_projects/crab_MuonAnalysis_Run2022C/']
DEBUG 2024-10-10 13:52:31.464 UTC: 	 Encoded data for curl request: subresource=version
DEBUG 2024-10-10 13:52:31.518 UTC: 	 CRABClient version: v3.240621
DEBUG 2024-10-10 13:52:31.518 UTC: 	 Instance is prod
DEBUG 2024-10-10 13:52:31.518 UTC: 	 Server base url is cmsweb.cern.ch
DEBUG 2024-10-10 13:52:31.518 UTC: 	 Command api workflow
DEBUG 2024-10-10 13:52:31.532 UTC: 	 CRAB Client version: v3.240621
DEBUG 2024-10-10 13:52:31.532 UTC: 	 Running on: Linux lxplus993.cern.ch 5.14.0-427.28.1.el9_4.x86_64 #1 SMP PREEMPT_DYNAMIC Fri Jul 19 14:40:47 EDT 2024 x86_64 x86_64 x86_64 GNU/Linux - Red Hat Enterprise Linux 9.4 (Plow)
DEBUG 2024-10-10 13:52:31.532 UTC: 	 Executing command: 'status'
DEBUG 2024-10-10 13:52:31.533 UTC: 	 Found CRAB cache file /afs/cern.ch/user/w/wkwon/.crab3
DEBUG 2024-10-10 13:52:31.653 UTC: 	 Checking credentials
DEBUG 2024-10-10 13:52:31.653 UTC: 	 Found proxy file /tmp/x509up_u168090
DEBUG 2024-10-10 13:52:31.653 UTC: 	 Making sure it has proper VOMS extension
DEBUG 2024-10-10 13:52:31.653 UTC: 	 Executing command :
 voms-proxy-info --vo --file /tmp/x509up_u168090
DEBUG 2024-10-10 13:52:32.068 UTC: 	 output : cms

 error: 
 retcode : 0
DEBUG 2024-10-10 13:52:32.068 UTC: 	 Getting proxy life time left
DEBUG 2024-10-10 13:52:32.068 UTC: 	 Executing command :
 voms-proxy-info --actimeleft --timeleft --file /tmp/x509up_u168090
DEBUG 2024-10-10 13:52:32.505 UTC: 	 output : 1078
1078

 error: 
 retcode : 0
DEBUG 2024-10-10 13:52:32.505 UTC: 	 Proxy valid for 00:17:58 hours
DEBUG 2024-10-10 13:52:32.506 UTC: 	 Encoded data for curl request: subresource=delegatedn
DEBUG 2024-10-10 13:52:32.566 UTC: 	 Registering user credentials on myproxy for /DC=ch/DC=cern/OU=computers/CN=crab-(preprod|prod)-tw(01|02).cern.ch|/DC=ch/DC=cern/OU=computers/CN=crab-dev-tw(01|02|03|04).cern.ch|/DC=ch/DC=cern/OU=Organic Units/OU=Users/CN=cmscrab/CN=(817881|373708)/CN=Robot: cms crab|/DC=ch/DC=cern/OU=Organic Units/OU=Users/CN=crabint1/CN=373708/CN=Robot: CMS CRAB Integration 1
DEBUG 2024-10-10 13:52:32.567 UTC: 	 Executing command :
 voms-proxy-info --identity --file /tmp/x509up_u168090
DEBUG 2024-10-10 13:52:32.949 UTC: 	 output : /DC=ch/DC=cern/OU=Organic Units/OU=Users/CN=wkwon/CN=874403/CN=Wooyeon Kwon

 error: 
 retcode : 0
DEBUG 2024-10-10 13:52:32.949 UTC: 	 Getting myproxy life time left for f8986532409fa907e5c13102198102ce78e92be8
DEBUG 2024-10-10 13:52:32.949 UTC: 	 Executing command :
 myproxy-info -s myproxy.cern.ch -l f8986532409fa907e5c13102198102ce78e92be8
DEBUG 2024-10-10 13:52:33.206 UTC: 	 output : username: f8986532409fa907e5c13102198102ce78e92be8
owner: /DC=ch/DC=cern/OU=Organic Units/OU=Users/CN=wkwon/CN=874403/CN=Wooyeon Kwon
  renewal policy: /DC=ch/DC=cern/OU=computers/CN=crab-(preprod|prod)-tw(01|02).cern.ch|/DC=ch/DC=cern/OU=computers/CN=crab-dev-tw(01|02|03|04).cern.ch|/DC=ch/DC=cern/OU=Organic Units/OU=Users/CN=cmscrab/CN=(817881|373708)/CN=Robot: cms crab|/DC=ch/DC=cern/OU=Organic Units/OU=Users/CN=crabint1/CN=373708/CN=Robot: CMS CRAB Integration 1
  trusted retrieval policy: /DC=ch/DC=cern/OU=computers/CN=crab-(preprod|prod)-tw(01|02).cern.ch|/DC=ch/DC=cern/OU=computers/CN=crab-dev-tw(01|02|03|04).cern.ch|/DC=ch/DC=cern/OU=Organic Units/OU=Users/CN=cmscrab/CN=(817881|373708)/CN=Robot: cms crab|/DC=ch/DC=cern/OU=Organic Units/OU=Users/CN=crabint1/CN=373708/CN=Robot: CMS CRAB Integration 1
  timeleft: 711:19:09  (29.6 days)

 error: 
 retcode : 0
DEBUG 2024-10-10 13:52:33.206 UTC: 	 Myproxy is valid: 2560740
DEBUG 2024-10-10 13:52:33.206 UTC: 	 Result of myproxy credential check:
  Credential exists on myproxy: username: f8986532409fa907e5c13102198102ce78e92be8  - validity: 29 days, 15:19:00
DEBUG 2024-10-10 13:52:33.206 UTC: 	 Retrieving username ...
DEBUG 2024-10-10 13:52:33.206 UTC: 	 Retrieving username from CRIC...
DEBUG 2024-10-10 13:52:33.810 UTC: 	 username is wkwon
INFO 2024-10-10 13:52:34.231 UTC: 	 Rucio client intialized for account wkwon
DEBUG 2024-10-10 13:52:34.232 UTC: 	 Command use: status
DEBUG 2024-10-10 13:52:34.232 UTC: 	 Options use: []
DEBUG 2024-10-10 13:52:34.232 UTC: 	 Encoded data for curl request: subresource=version
DEBUG 2024-10-10 13:52:34.302 UTC: 	 CRABClient version: v3.240621
DEBUG 2024-10-10 13:52:34.302 UTC: 	 Instance is prod
DEBUG 2024-10-10 13:52:34.302 UTC: 	 Server base url is cmsweb.cern.ch
DEBUG 2024-10-10 13:52:34.302 UTC: 	 Command api workflow
DEBUG 2024-10-10 13:52:34.302 UTC: 	 Encoded data for curl request: subresource=search&workflow=241009_035127%3Awkwon_crab_MuonAnalysis_Run2022C
DEBUG 2024-10-10 13:52:34.368 UTC: 	 Got information from server oracle database: {'desc': {'columns': ['tm_taskname', 'tm_activity', 'tm_task_status', 'tm_task_command', 'tm_start_time', 'tm_start_injection', 'tm_end_injection', 'tm_task_failure', 'tm_job_sw', 'tm_job_arch', 'tm_input_dataset', 'tm_nonvalid_input_dataset', 'tm_use_parent', 'tm_site_whitelist', 'tm_site_blacklist', 'tm_split_algo', 'tm_split_args', 'tm_user_sandbox', 'tm_cache_url', 'tm_username', 'tm_user_dn', 'tm_user_vo', 'tm_user_role', 'tm_user_group', 'tm_publish_name', 'tm_publish_groupname', 'tm_asyncdest', 'tm_dbs_url', 'tm_publish_dbs_url', 'tm_publication', 'tm_outfiles', 'tm_tfile_outfiles', 'tm_edm_outfiles', 'tm_job_type', 'tm_generator', 'tm_events_per_lumi', 'tm_arguments', 'tm_save_logs', 'tw_name', 'tm_user_infiles', 'tm_maxjobruntime', 'tm_numcores', 'tm_maxmemory', 'tm_priority', 'tm_output_dataset', 'tm_task_warnings', 'tm_user_webdir', 'tm_scriptexe', 'tm_scriptargs', 'tm_extrajdl', 'tm_collector', 'tm_schedd', 'tm_dry_run', 'tm_user_files', 'tm_transfer_outputs', 'tm_output_lfn', 'tm_ignore_locality', 'tm_fail_limit', 'tm_one_event_mode', 'tm_secondary_input_dataset', 'tm_primary_dataset', 'tm_last_publication', 'tm_debug_files', 'clusterid', 'tm_ignore_global_blacklist', 'tm_submitter_ip_addr', 'tm_totalunits', 'tm_ddm_reqid', 'tm_user_config', 'tm_transfer_container', 'tm_transfer_rule', 'tm_publish_rule', 'tm_multipub_rule']}, 'result': ['241009_035127:wkwon_crab_MuonAnalysis_Run2022C', 'None', 'SUBMITTED', 'SUBMIT', '2024-10-09 03:51:27.898018', 'None', '2024-10-09 03:52:55.446265', 'None', 'CMSSW_14_0_12', 'el9_amd64_gcc12', '/Muon/Run2022C-27Jun2023-v1/AOD', 'F', '0', '[]', '[]', 'FileBased', "{'halt_job_on_file_boundaries': False, 'splitOnRun': False, 'files_per_job': 100, 'runs': ['355374', '355381', '355418', '355419', '355429', '355435', '355442', '355443', '355444', '355445', '355454', '355455', '355456', '355558', '355559', '355679', '355680', '355768', '355769', '355862', '355863', '355870', '355871', '355872', '355892', '355912', '355913', '355921', '355933', '355942', '355988', '355989', '355998', '355999', '356004', '356005', '356043', '356071', '356074', '356075', '356076', '356077', '356135', '356309', '356316', '356322', '356323', '356371', '356375', '356378', '356381', '356383', '356385', '356386', '356426', '356428', '356433', '356434', '356435', '356446', '356523', '356531', '356563', '356568', '356569', '356570', '356576', '356578', '356580', '356582', '356614', '356615', '356619', '356810', '356811', '356812', '356813', '356814', '356815', '356824', '356908', '356919', '356937', '356946', '356947', '356948', '356949', '356951', '356954', '356955', '356956', '356968', '356969', '356970', '356998', '356999', '357000', '357001', '357079', '357080', '357081', '357101', '357102', '357104', '357106', '357112', '357268', '357271', '357328', '357329', '357330', '357331', '357332', '357333', '357401', '357406', '357438', '357440', '357441', '357442', '357447', '357472', '357478', '357479', '357482', '357538', '357542', '357550', '357610', '357611', '357612', '357613', '357688', '357696', '357697', '357698', '357699', '357700', '357701', '357705', '357706', '357720', '357732', '357734', '357735', '357754', '357756', '357757', '357758', '357759', '357766', '357777', '357778', '357779', '357781', '357802', '357803', '357804', '357805', '357806', '357807', '357808', '357809', '357812', '357813', '357814', '357815', '357898', '357899', '357900', '359569', '359571', '359575', '359595', '359597', '359602', '359609', '359612', '359661', '359685', '359686', '359691', '359693', '359694', '359699', '359718', '359750', '359751', '359762', '359763', '359764', '359776', '359806', '359808', '359809', '359810', '359812', '359814', '359870', '359871', '359887', '359899', '359903', '359998', '360017', '360019', '360075', '360090', '360116', '360125', '360126', '360127', '360128', '360130', '360131', '360141', '360224', '360225', '360295', '360296', '360327', '360390', '360391', '360392', '360393', '360400', '360413', '360428', '360432', '360435', '360437', '360438', '360458', '360459', '360460', '360486', '360490', '360491', '360737', '360761', '360794', '360795', '360797', '360820', '360825', '360826', '360856', '360874', '360876', '360887', '360888', '360889', '360890', '360892', '360895', '360919', '360920', '360921', '360927', '360941', '360942', '360945', '360946', '360948', '360950', '360951', '360991', '360992', '361020', '361044', '361045', '361050', '361052', '361054', '361083', '361091', '361105', '361106', '361107', '361108', '361110', '361188', '361193', '361195', '361197', '361223', '361239', '361240', '361272', '361280', '361283', '361284', '361297', '361303', '361318', '361319', '361320', '361333', '361361', '361362', '361363', '361365', '361366', '361400', '361417', '361443', '361468', '361475', '361512', '361569', '361573', '361579', '361580', '361957', '361971', '361989', '361990', '361994', '362058', '362059', '362060', '362061', '362062', '362063', '362064', '362087', '362091', '362104', '362105', '362106', '362107', '362148', '362153', '362154', '362159', '362161', '362163', '362166', '362167', '362437', '362439', '362597', '362614', '362615', '362616', '362617', '362618', '362653', '362654', '362655', '362657', '362695', '362696', '362698', '362720', '362727', '362728', '362757', '362758', '362760'], 'lumis': ['59,84', '1,358', '1,41', '1,98', '42,89', '42,84', '1,22', '1,240', '1,153', '1,242', '38,118', '1,40', '1,501', '122,409', '1,162', '27,85', '1,1651', '82,126', '1,541', '121,133', '1,14', '31,67', '1,5', '1,738,758,995,997,1217', '14,197', '43,200', '1,106', '38,442', '75,448', '24,189,193,213', '43,80,85,90', '1,24', '1,35', '1,9', '1,19', '1,187', '1,65', '37,191', '1,26', '1,125', '1,153', '1,472', '46,71', '61,184', '45,185', '1,19', '1,67,69,650', '41,50,67,72', '35,77,101,125', '8,208,210,219,221,304', '1,1193', '1,33', '1,30', '1,122', '39,60', '1,300', '1,310', '1,13', '1,3,8,8', '10,623', '32,410,412,898', '1,56', '36,113,117,164,168,177,181,191,193,194,199,343', '42,64', '1,251', '1,98', '58,240', '1,865', '1,51', '7,104', '1,10,16,19,27,62', '1,1297', '1,173', '44,163', '1,44', '1,107', '1,54', '1,305,307,309,311,366,368,672', '1,54,176,219', '1,66', '1,26', '29,116', '20,138', '1,129', '1,350', '1,88', '1,94', '1,274', '1,364', '1,380', '1,109', '81,252', '1,236', '1,366', '1,5', '1,58', '1,50', '1,183', '1,22', '1,616', '1,759', '54,103', '1,13,43,134', '1,4', '1,60', '1,519', '70,143', '1,20,22,1570', '44,105', '1,668', '1,157', '1,23', '1,430', '1,207', '48,664', '50,174', '35,230', '1,354', '1,83', '1,1373', '40,50', '34,60', '43,50', '1,1046', '1,5,21,220', '39,63', '1,11,13,252', '1,36', '63,253', '1,412', '1,736', '1,256', '1,380', '31,319,341,410', '1,39', '1,63', '1,30', '1,757', '1,310', '1,202', '1,161', '32,92', '30,157', '1,300', '1,387,389,821,823,947,949,1126', '29,145', '1,425', '1,9', '1,85', '1,70', '10,124', '1,85', '1,359', '1,74', '1,10', '43,206', '1,153', '1,23', '1,88', '1,56', '1,244', '1,17', '1,41', '1,50', '1,293', '1,212', '1,944', '1,313', '1,637', '1,516', '1,83', '1,4,7,28,30,39,41,50,52,61,63,72,74,83,85,94,96,105,107,116,118,127,129,138,140,149,151,160,162,169', '1,13,15,24,26,35,37,46,48,57,59,68,70,89', '17,289', '1,94', '1,74', '1,25', '1,12', '42,233', '1,132', '1,934', '19,139', '1,604', '1,1080', '28,1883', '1,199,202,368', '52,186', '15,1007', '44,266', '1,410,412,459', '28,1111', '104,432', '42,410', '1,46', '1,43', '1,183', '1,227', '1,366', '2,7', '1,228', '30,502', '19,305', '1,12', '24,757,759,759,761,785,787,1918', '42,81', '1,153,155,1489', '20,429,462,809', '1,794', '77,432', '132,195,200,262,264,324', '1,35,37,370', '1,201', '1,163', '87,91', '1,378', '25,775', '43,259', '1,169,171,356', '35,771,774,1475', '1,519', '32,383', '5,36,38,76', '1,4', '1,61', '1,124', '40,119', '37,126', '50,123', '1,28', '1,37,43,53', '1,40', '1,6', '45,215,234,246', '1,1332', '1,1077', '45,322', '8,936,940,1187', '3,157,159,179', '10,27', '34,190', '37,713', '1,395', '1,5', '1,885', '1,358', '1,91,93,119', '42,97', '31,82', '1,341', '12,134', '1,289', '1,36', '1,216,219,506', '1,296', '1,700', '39,836', '1,4', '1,218', '37,331,333,581,583,1930', '1,72', '1,344', '1,91', '1,364', '1,119', '1,179,181,468,470,718', '1,190', '41,270', '1,99', '41,439', '42,166', '1,322,325,947', '1,10', '1,65', '1,461', '6,59', '38,418', '41,448', '1,31', '1,156', '1,7', '1,197', '46,186', '1,29', '1,20', '1,960,991,2177', '36,730', '35,1090', '1,1015', '1,125', '1,267', '1,26', '1,36', '38,970', '36,2275', '34,490', '1,162', '1,382', '36,337', '60,105', '1,31', '1,27', '1,489', '1,201', '41,496', '38,1659', '40,2313', '3,1883', '37,614,617,836,838,838,840,1121,1124,1273', '36,849,851,1573', '35,598', '1,305', '43,905', '1,422', '1,1163', '38,731,733,2381', '37,112,114,151', '1,204', '1,116', '39,209', '1,63', '1,83,85,85', '1,314', '1,207', '1,70,77,92', '93,218,220,508,510,1067', '1,13,15,146', '1,1418', '33,147', '1,179', '1,78', '1,785', '39,758', '1,140', '1,784', '29,35', '1,120', '1,65', '1,331', '1,646', '1,11,73,92', '8,34,249,1595', '1,139', '1,153', '1,149', '1,351', '1,244', '1,274', '40,305', '1,26', '1,140,143,144,148,338', '1,198', '39,372', '1,1112,1114,1120,1122,1124,1126,1128,1130,1132,1134,1140,1142,1144,1146,1148,1150,1152,1154,1720', '1,374', '52,949', '4,7', '1,388', '32,93', '1,205', '1,728']}", '2e95c052c78cf6f825ad02a91b54ae52c89469db8b6a8f13d310c24ad81f8a06.tar.gz', 'https://cmsweb.cern.ch/S3/crabcache_prod', 'wkwon', '/DC=ch/DC=cern/OU=Organic Units/OU=Users/CN=wkwon/CN=874403/CN=Wooyeon Kwon', 'cms', 'None', 'None', 'crab_MuonAnalysis_Run2022C-00000000000000000000000000000000', 'F', 'T3_KR_KNU', 'https://cmsweb.cern.ch/dbs/prod/global/DBSReader', 'https://cmsweb.cern.ch/dbs/prod/phys03/DBSWriter', 'F', '[]', "['data.root']", '[]', 'Analysis', 'pythia', 'None', '{}', 'F', 'crab-prod-tw01', '[]', '1250', '1', '2000', '10', "['/FakeDataset/fakefile-FakePublish-8fa4f85ef70a73adedd45dea1bf170a6/USER']", '[]', 'http://vocms0137.cern.ch/mon/wkwon/241009_035127:wkwon_crab_MuonAnalysis_Run2022C', 'None', '[]', '[]', 'cmsgwms-collector-global.cern.ch:9620,cmsgwms-collector-global.fnal.gov:9620', 'crab3@vocms0137.cern.ch', 'F', '[]', 'T', '/store/user/wkwon/AnalysisResults/', 'F', 'None', 'F', 'None', 'Muon', 'None', 'd31ba75ed57cfcab116b174b478d924ae763f8fd3b45ec9ba06e25818cfdeee0.tar.gz', '110640305', 'F', '188.185.89.194', '0.0', 'None', '{"partialdataset": false, "requireaccelerator": false, "acceleratorparams": null, "inputblocks": null}', 'None', 'None', 'None', 'None']}
INFO 2024-10-10 13:52:34.368 UTC: 	 CRAB project directory:		/eos/home-w/wkwon/CMSSW_14_0_12/src/work/Analysis/crab_projects/crab_MuonAnalysis_Run2022C
INFO 2024-10-10 13:52:34.368 UTC: 	 Task name:			241009_035127:wkwon_crab_MuonAnalysis_Run2022C
INFO 2024-10-10 13:52:34.368 UTC: 	 Grid scheduler - Task Worker:	crab3@vocms0137.cern.ch - crab-prod-tw01
INFO 2024-10-10 13:52:34.368 UTC: 	 Status on the CRAB server:	SUBMITTED
INFO 2024-10-10 13:52:34.368 UTC: 	 Task URL to use for HELP:	https://cmsweb.cern.ch/crabserver/ui/task/241009_035127%3Awkwon_crab_MuonAnalysis_Run2022C
INFO 2024-10-10 13:52:34.374 UTC: 	 Dashboard monitoring URL:	https://monit-grafana.cern.ch/d/cmsTMDetail/cms-task-monitoring-task-view?orgId=11&var-user=wkwon&var-task=241009_035127%3Awkwon_crab_MuonAnalysis_Run2022C&from=1728442287000&to=now
DEBUG 2024-10-10 13:52:34.374 UTC: 	 The CRAB server submitted your task to the Grid scheduler (cluster ID: 110640305)
DEBUG 2024-10-10 13:52:34.374 UTC: 	 Webdir is located at http://vocms0137.cern.ch/mon/wkwon/241009_035127:wkwon_crab_MuonAnalysis_Run2022C
DEBUG 2024-10-10 13:52:34.374 UTC: 	 Encoded data for curl request: subresource=webdirprx&workflow=241009_035127%3Awkwon_crab_MuonAnalysis_Run2022C
DEBUG 2024-10-10 13:52:34.440 UTC: 	 Proxied webdir is located at https://cmsweb.cern.ch:8443/scheddmon/0137/wkwon/241009_035127:wkwon_crab_MuonAnalysis_Run2022C
DEBUG 2024-10-10 13:52:34.454 UTC: 	 Retrieving 'status_cache' file from https://cmsweb.cern.ch:8443/scheddmon/0137/wkwon/241009_035127:wkwon_crab_MuonAnalysis_Run2022C/status_cache.pkl
DEBUG 2024-10-10 13:52:34.454 UTC: 	 Will execute:
curl -sS --capath /etc/grid-security/certificates --cert /tmp/x509up_u168090 --key /tmp/x509up_u168090 -o /tmp/crab_status-cache-fr5c8vq3.pkl -w %"{http_code}" "https://cmsweb.cern.ch:8443/scheddmon/0137/wkwon/241009_035127:wkwon_crab_MuonAnalysis_Run2022C/status_cache.pkl"
DEBUG 2024-10-10 13:52:34.454 UTC: 	 Executing command :
 curl -sS --capath /etc/grid-security/certificates --cert /tmp/x509up_u168090 --key /tmp/x509up_u168090 -o /tmp/crab_status-cache-fr5c8vq3.pkl -w %"{http_code}" "https://cmsweb.cern.ch:8443/scheddmon/0137/wkwon/241009_035127:wkwon_crab_MuonAnalysis_Run2022C/status_cache.pkl"
DEBUG 2024-10-10 13:52:34.507 UTC: 	 output : 200
 error: 
 retcode : 0
DEBUG 2024-10-10 13:52:34.507 UTC: 	 exitcode: 0
stdout: 200
stderr: 
error details: 
DEBUG 2024-10-10 13:52:34.508 UTC: 	 Got information from status cache file: {'20': {'Retries': 0, 'Restarts': 0, 'SiteHistory': ['Unknown', 'T1_IT_CNAF', 'T1_IT_CNAF'], 'ResidentSetSize': [1247184], 'SubmitTimes': [1728446043.0], 'StartTimes': [1728447615.0], 'EndTimes': [], 'TotalUserCpuTimeHistory': [11647.0], 'TotalSysCpuTimeHistory': [392.0], 'WallDurations': [9.0, 295.27954363822937, 75054.0], 'JobIds': ['110640308.0'], 'State': 'failed', 'RecordedSite': True, 'Error': [50664, 'Not retrying job due to wall clock limit (job automatically killed on the worker node)', {}]}, '7': {'Retries': 0, 'Restarts': 0, 'SiteHistory': ['Unknown', 'T1_IT_CNAF', 'T1_IT_CNAF'], 'ResidentSetSize': [790244], 'SubmitTimes': [1728446043.0], 'StartTimes': [1728447852.0], 'EndTimes': [1728468848.0], 'TotalUserCpuTimeHistory': [10649], 'TotalSysCpuTimeHistory': [315], 'WallDurations': [9.0, 58.27954363822937, 20996.0], 'JobIds': ['110640309.0'], 'State': 'finished', 'RecordedSite': True}, '14': {'Retries': 1, 'Restarts': 0, 'SiteHistory': ['Unknown', 'T1_IT_CNAF', 'T1_IT_CNAF', 'T1_IT_CNAF', 'T1_IT_CNAF'], 'ResidentSetSize': [1222940, 752184], 'SubmitTimes': [1728446043.0, 1728492458.0], 'StartTimes': [1728447852.0, 1728492605.0], 'EndTimes': [1728490592.0, 1728547685.0], 'TotalUserCpuTimeHistory': [26594, 17943.0], 'TotalSysCpuTimeHistory': [779, 533.0], 'WallDurations': [9.0, 58.27954363822937, 42740.0, 9.0, 55080.0], 'JobIds': ['110640310.0', '110652637.0'], 'State': 'finished', 'RecordedSite': True}, '5': {'Retries': 0, 'Restarts': 0, 'SiteHistory': ['Unknown', 'T2_IT_Pisa', 'T2_IT_Pisa'], 'ResidentSetSize': [794272], 'SubmitTimes': [1728446043.0], 'StartTimes': [1728448150.0], 'EndTimes': [1728475876.0], 'TotalUserCpuTimeHistory': [10678], 'TotalSysCpuTimeHistory': [229], 'WallDurations': [8.0, 61.03481101989746, 27726.0], 'JobIds': ['110640311.0'], 'State': 'finished', 'RecordedSite': True}, '6': {'Retries': 0, 'Restarts': 0, 'SiteHistory': ['Unknown', 'T1_IT_CNAF', 'T1_IT_CNAF'], 'ResidentSetSize': [766536], 'SubmitTimes': [1728446043.0], 'StartTimes': [1728447846.0], 'EndTimes': [1728474416.0], 'TotalUserCpuTimeHistory': [14117], 'TotalSysCpuTimeHistory': [393], 'WallDurations': [9.0, 64.27954363822937, 26570.0], 'JobIds': ['110640312.0'], 'State': 'finished', 'RecordedSite': True}, '1': {'Retries': 0, 'Restarts': 0, 'SiteHistory': ['Unknown', 'T2_IT_Pisa', 'T2_IT_Pisa'], 'ResidentSetSize': [798284], 'SubmitTimes': [1728446043.0], 'StartTimes': [1728448149.0], 'EndTimes': [1728518899.0], 'TotalUserCpuTimeHistory': [44496], 'TotalSysCpuTimeHistory': [399], 'WallDurations': [9.0, 62.03481101989746, 70750.0], 'JobIds': ['110640313.0'], 'State': 'finished', 'RecordedSite': True}, '18': {'Retries': 0, 'Restarts': 0, 'SiteHistory': ['Unknown', 'T1_IT_CNAF', 'T1_IT_CNAF'], 'ResidentSetSize': [771192], 'SubmitTimes': [1728446043.0], 'StartTimes': [1728447846.0], 'EndTimes': [1728483942.0], 'TotalUserCpuTimeHistory': [18583], 'TotalSysCpuTimeHistory': [567], 'WallDurations': [9.0, 64.27954363822937, 36096.0], 'JobIds': ['110640314.0'], 'State': 'finished', 'RecordedSite': True}, '2': {'Retries': 0, 'Restarts': 0, 'SiteHistory': ['Unknown', 'T2_BR_SPRACE', 'T2_BR_SPRACE'], 'ResidentSetSize': [1082028], 'SubmitTimes': [1728446043.0], 'StartTimes': [1728446184.0], 'EndTimes': [1728446448.0], 'TotalUserCpuTimeHistory': [173], 'TotalSysCpuTimeHistory': [3], 'WallDurations': [8.0, 222.66234254837036, 264.0], 'JobIds': ['110640315.0'], 'State': 'finished', 'RecordedSite': True}, '9': {'Retries': 0, 'Restarts': 0, 'SiteHistory': ['Unknown', 'T1_IT_CNAF', 'T1_IT_CNAF'], 'ResidentSetSize': [808204], 'SubmitTimes': [1728446043.0], 'StartTimes': [1728447846.0], 'EndTimes': [1728508654.0], 'TotalUserCpuTimeHistory': [35878], 'TotalSysCpuTimeHistory': [1046], 'WallDurations': [9.0, 64.27954363822937, 60808.0], 'JobIds': ['110640316.0'], 'State': 'finished', 'RecordedSite': True}, '11': {'Retries': 0, 'Restarts': 0, 'SiteHistory': ['Unknown', 'T1_IT_CNAF', 'T1_IT_CNAF'], 'ResidentSetSize': [780476], 'SubmitTimes': [1728446043.0], 'StartTimes': [1728447846.0], 'EndTimes': [1728503080.0], 'TotalUserCpuTimeHistory': [32729], 'TotalSysCpuTimeHistory': [957], 'WallDurations': [9.0, 64.27954363822937, 55234.0], 'JobIds': ['110640317.0'], 'State': 'finished', 'RecordedSite': True}, '13': {'Retries': 1, 'Restarts': 0, 'SiteHistory': ['Unknown', 'T1_IT_CNAF', 'T1_IT_CNAF', 'Unknown', 'T1_IT_CNAF', 'T1_IT_CNAF'], 'ResidentSetSize': [804240, 784420], 'SubmitTimes': [1728446043.0, 1728491699.0], 'StartTimes': [1728447846.0, 1728492605.0], 'EndTimes': [1728489826.0, 1728535446.0], 'TotalUserCpuTimeHistory': [27753, 18413], 'TotalSysCpuTimeHistory': [870, 598], 'WallDurations': [9.0, 64.27954363822937, 41980.0, 9.0, 134.46615362167358, 42841.0], 'JobIds': ['110640318.0', '110652403.0'], 'State': 'finished', 'RecordedSite': True}, '10': {'Retries': 0, 'Restarts': 0, 'SiteHistory': ['Unknown', 'T1_IT_CNAF', 'T1_IT_CNAF'], 'ResidentSetSize': [1199504], 'SubmitTimes': [1728446043.0], 'StartTimes': [1728447846.0], 'EndTimes': [], 'TotalUserCpuTimeHistory': [8982.0], 'TotalSysCpuTimeHistory': [340.0], 'WallDurations': [8.0, 64.27954363822937, 75006.0], 'JobIds': ['110640319.0'], 'State': 'failed', 'RecordedSite': True, 'Error': [50664, 'Not retrying job due to wall clock limit (job automatically killed on the worker node)', {}]}, '15': {'Retries': 0, 'Restarts': 0, 'SiteHistory': ['Unknown', 'T1_IT_CNAF', 'T1_IT_CNAF'], 'ResidentSetSize': [822240], 'SubmitTimes': [1728446043.0], 'StartTimes': [1728447846.0], 'EndTimes': [1728484743.0], 'TotalUserCpuTimeHistory': [25485], 'TotalSysCpuTimeHistory': [732], 'WallDurations': [8.0, 64.27954363822937, 36897.0], 'JobIds': ['110640320.0'], 'State': 'finished', 'RecordedSite': True}, '16': {'Retries': 0, 'Restarts': 0, 'SiteHistory': ['Unknown', 'T1_IT_CNAF', 'T1_IT_CNAF'], 'ResidentSetSize': [791824], 'SubmitTimes': [1728446043.0], 'StartTimes': [1728447846.0], 'EndTimes': [], 'TotalUserCpuTimeHistory': [11912.0], 'TotalSysCpuTimeHistory': [426.0], 'WallDurations': [8.0, 64.27954363822937, 75055.0], 'JobIds': ['110640321.0'], 'State': 'failed', 'RecordedSite': True, 'Error': [50664, 'Not retrying job due to wall clock limit (job automatically killed on the worker node)', {}]}, '4': {'Retries': 0, 'Restarts': 0, 'SiteHistory': ['Unknown', 'T2_IT_Legnaro', 'T2_IT_Legnaro'], 'ResidentSetSize': [833944], 'SubmitTimes': [1728446043.0], 'StartTimes': [1728448149.0], 'EndTimes': [1728487778.0], 'TotalUserCpuTimeHistory': [14168], 'TotalSysCpuTimeHistory': [318], 'WallDurations': [9.0, 62.03481101989746, 39629.0], 'JobIds': ['110640322.0'], 'State': 'finished', 'RecordedSite': True}, '3': {'Retries': 0, 'Restarts': 0, 'SiteHistory': ['Unknown', 'T2_IT_Pisa', 'T2_IT_Pisa'], 'ResidentSetSize': [790628], 'SubmitTimes': [1728446043.0], 'StartTimes': [1728448150.0], 'EndTimes': [1728505001.0], 'TotalUserCpuTimeHistory': [33753], 'TotalSysCpuTimeHistory': [636], 'WallDurations': [8.0, 61.03481101989746, 56851.0], 'JobIds': ['110640323.0'], 'State': 'finished', 'RecordedSite': True}, '12': {'Retries': 0, 'Restarts': 0, 'SiteHistory': ['Unknown', 'T2_IT_Pisa', 'T2_IT_Pisa'], 'ResidentSetSize': [785456], 'SubmitTimes': [1728446043.0], 'StartTimes': [1728447899.0], 'EndTimes': [1728504946.0], 'TotalUserCpuTimeHistory': [33614], 'TotalSysCpuTimeHistory': [344], 'WallDurations': [9.0, 11.27954363822937, 57047.0], 'JobIds': ['110640324.0'], 'State': 'finished', 'RecordedSite': True}, '19': {'Retries': 0, 'Restarts': 0, 'SiteHistory': ['Unknown', 'T2_IT_Legnaro', 'T2_IT_Legnaro'], 'ResidentSetSize': [839356], 'SubmitTimes': [1728446043.0], 'StartTimes': [1728448149.0], 'EndTimes': [1728488476.0], 'TotalUserCpuTimeHistory': [21620], 'TotalSysCpuTimeHistory': [385], 'WallDurations': [8.0, 62.03481101989746, 40327.0], 'JobIds': ['110640325.0'], 'State': 'finished', 'RecordedSite': True}, '17': {'Retries': 0, 'Restarts': 0, 'SiteHistory': ['Unknown', 'T2_IT_Bari', 'T2_IT_Bari'], 'ResidentSetSize': [825348], 'SubmitTimes': [1728446043.0], 'StartTimes': [1728448149.0], 'EndTimes': [1728497267.0], 'TotalUserCpuTimeHistory': [27504], 'TotalSysCpuTimeHistory': [398], 'WallDurations': [9.0, 62.03481101989746, 49118.0], 'JobIds': ['110640326.0'], 'State': 'finished', 'RecordedSite': True}, '8': {'Retries': 0, 'Restarts': 0, 'SiteHistory': ['Unknown', 'T2_IT_Legnaro', 'T2_IT_Legnaro'], 'ResidentSetSize': [804736], 'SubmitTimes': [1728446044.0], 'StartTimes': [1728448149.0], 'EndTimes': [1728486230.0], 'TotalUserCpuTimeHistory': [18736], 'TotalSysCpuTimeHistory': [273], 'WallDurations': [8.0, 62.03481101989746, 38081.0], 'JobIds': ['110640327.0'], 'State': 'finished', 'RecordedSite': True}, '22': {'Retries': 0, 'Restarts': 0, 'SiteHistory': ['Unknown', 'T2_IT_Bari', 'T2_IT_Bari'], 'ResidentSetSize': [845932], 'SubmitTimes': [1728446044.0], 'StartTimes': [1728448149.0], 'EndTimes': [1728503656.0], 'TotalUserCpuTimeHistory': [30927], 'TotalSysCpuTimeHistory': [473], 'WallDurations': [10.0, 62.03481101989746, 55507.0], 'JobIds': ['110640328.0'], 'State': 'finished', 'RecordedSite': True}, '23': {'Retries': 0, 'Restarts': 0, 'SiteHistory': ['Unknown', 'T2_IT_Legnaro', 'T2_IT_Legnaro'], 'ResidentSetSize': [838164], 'SubmitTimes': [1728446044.0], 'StartTimes': [1728448149.0], 'EndTimes': [1728507667.0], 'TotalUserCpuTimeHistory': [33260], 'TotalSysCpuTimeHistory': [383], 'WallDurations': [8.0, 62.03481101989746, 59518.0], 'JobIds': ['110640329.0'], 'State': 'finished', 'RecordedSite': True}, '24': {'Retries': 0, 'Restarts': 0, 'SiteHistory': ['Unknown', 'T2_IT_Legnaro', 'T2_IT_Legnaro'], 'ResidentSetSize': [821864], 'SubmitTimes': [1728446044.0], 'StartTimes': [1728448149.0], 'EndTimes': [1728506903.0], 'TotalUserCpuTimeHistory': [33034], 'TotalSysCpuTimeHistory': [493], 'WallDurations': [9.0, 62.03481101989746, 58754.0], 'JobIds': ['110640330.0'], 'State': 'finished', 'RecordedSite': True}, '27': {'Retries': 0, 'Restarts': 0, 'SiteHistory': ['Unknown', 'T2_IT_Bari', 'T2_IT_Bari'], 'ResidentSetSize': [806972], 'SubmitTimes': [1728446044.0], 'StartTimes': [1728448150.0], 'EndTimes': [1728502573.0], 'TotalUserCpuTimeHistory': [30345], 'TotalSysCpuTimeHistory': [509], 'WallDurations': [9.0, 61.03481101989746, 54423.0], 'JobIds': ['110640331.0'], 'State': 'finished', 'RecordedSite': True}, '25': {'Retries': 0, 'Restarts': 0, 'SiteHistory': ['Unknown', 'T2_IT_Legnaro', 'T2_IT_Legnaro'], 'ResidentSetSize': [838044], 'SubmitTimes': [1728446044.0], 'StartTimes': [1728448149.0], 'EndTimes': [1728505610.0], 'TotalUserCpuTimeHistory': [27672], 'TotalSysCpuTimeHistory': [608], 'WallDurations': [9.0, 62.03481101989746, 57461.0], 'JobIds': ['110640332.0'], 'State': 'finished', 'RecordedSite': True}, '28': {'Retries': 0, 'Restarts': 0, 'SiteHistory': ['Unknown', 'T2_IT_Pisa', 'T2_IT_Pisa'], 'ResidentSetSize': [786812], 'SubmitTimes': [1728446044.0], 'StartTimes': [1728448149.0], 'EndTimes': [1728504362.0], 'TotalUserCpuTimeHistory': [31345], 'TotalSysCpuTimeHistory': [288], 'WallDurations': [10.0, 62.03481101989746, 56213.0], 'JobIds': ['110640333.0'], 'State': 'finished', 'RecordedSite': True}, '34': {'Retries': 0, 'Restarts': 0, 'SiteHistory': ['Unknown', 'T2_IT_Legnaro', 'T2_IT_Legnaro'], 'ResidentSetSize': [823520], 'SubmitTimes': [1728446044.0], 'StartTimes': [1728448149.0], 'EndTimes': [1728493310.0], 'TotalUserCpuTimeHistory': [22287], 'TotalSysCpuTimeHistory': [372], 'WallDurations': [9.0, 62.03481101989746, 45161.0], 'JobIds': ['110640334.0'], 'State': 'finished', 'RecordedSite': True}, '30': {'Retries': 0, 'Restarts': 0, 'SiteHistory': ['Unknown', 'T2_IT_Bari', 'T2_IT_Bari'], 'ResidentSetSize': [836540], 'SubmitTimes': [1728446044.0], 'StartTimes': [1728448149.0], 'EndTimes': [1728497019.0], 'TotalUserCpuTimeHistory': [28584], 'TotalSysCpuTimeHistory': [411], 'WallDurations': [9.0, 62.03481101989746, 48870.0], 'JobIds': ['110640335.0'], 'State': 'finished', 'RecordedSite': True}, '32': {'Retries': 0, 'Restarts': 0, 'SiteHistory': ['Unknown', 'T2_IT_Pisa', 'T2_IT_Pisa'], 'ResidentSetSize': [805628], 'SubmitTimes': [1728446044.0], 'StartTimes': [1728448149.0], 'EndTimes': [1728505087.0], 'TotalUserCpuTimeHistory': [34884], 'TotalSysCpuTimeHistory': [333], 'WallDurations': [9.0, 62.03481101989746, 56938.0], 'JobIds': ['110640336.0'], 'State': 'finished', 'RecordedSite': True}, '29': {'Retries': 0, 'Restarts': 0, 'SiteHistory': ['Unknown', 'T2_IT_Legnaro', 'T2_IT_Legnaro'], 'ResidentSetSize': [828384], 'SubmitTimes': [1728446044.0], 'StartTimes': [1728448149.0], 'EndTimes': [1728489132.0], 'TotalUserCpuTimeHistory': [20452], 'TotalSysCpuTimeHistory': [437], 'WallDurations': [9.0, 62.03481101989746, 40983.0], 'JobIds': ['110640337.0'], 'State': 'finished', 'RecordedSite': True}, '26': {'Retries': 0, 'Restarts': 0, 'SiteHistory': ['Unknown', 'T2_IT_Bari', 'T2_IT_Bari'], 'ResidentSetSize': [835168], 'SubmitTimes': [1728446044.0], 'StartTimes': [1728448150.0], 'EndTimes': [1728498488.0], 'TotalUserCpuTimeHistory': [27738], 'TotalSysCpuTimeHistory': [393], 'WallDurations': [9.0, 61.03481101989746, 50338.0], 'JobIds': ['110640338.0'], 'State': 'finished', 'RecordedSite': True}, '31': {'Retries': 0, 'Restarts': 0, 'SiteHistory': ['Unknown', 'T2_IT_Bari', 'T2_IT_Bari'], 'ResidentSetSize': [869524], 'SubmitTimes': [1728446044.0], 'StartTimes': [1728448150.0], 'EndTimes': [1728507536.0], 'TotalUserCpuTimeHistory': [31194], 'TotalSysCpuTimeHistory': [691], 'WallDurations': [10.0, 61.03481101989746, 59386.0], 'JobIds': ['110640339.0'], 'State': 'finished', 'RecordedSite': True}, '33': {'Retries': 0, 'Restarts': 0, 'SiteHistory': ['Unknown', 'T2_IT_Pisa', 'T2_IT_Pisa'], 'ResidentSetSize': [984288], 'SubmitTimes': [1728446044.0], 'StartTimes': [1728448149.0], 'EndTimes': [1728499801.0], 'TotalUserCpuTimeHistory': [29738], 'TotalSysCpuTimeHistory': [639], 'WallDurations': [9.0, 62.03481101989746, 51652.0], 'JobIds': ['110640340.0'], 'State': 'finished', 'RecordedSite': True}, '36': {'Retries': 0, 'Restarts': 0, 'SiteHistory': ['Unknown', 'T2_IT_Pisa', 'T2_IT_Pisa'], 'ResidentSetSize': [802620], 'SubmitTimes': [1728446044.0], 'StartTimes': [1728448150.0], 'EndTimes': [1728497895.0], 'TotalUserCpuTimeHistory': [29766], 'TotalSysCpuTimeHistory': [284], 'WallDurations': [8.0, 61.03481101989746, 49745.0], 'JobIds': ['110640341.0'], 'State': 'finished', 'RecordedSite': True}, '37': {'Retries': 0, 'Restarts': 0, 'SiteHistory': ['Unknown', 'T2_IT_Legnaro', 'T2_IT_Legnaro'], 'ResidentSetSize': [836192], 'SubmitTimes': [1728446044.0], 'StartTimes': [1728448150.0], 'EndTimes': [], 'TotalUserCpuTimeHistory': [35952.0], 'TotalSysCpuTimeHistory': [549.0], 'WallDurations': [8.0, 61.03481101989746, 75022.0], 'JobIds': ['110640342.0'], 'State': 'failed', 'RecordedSite': True, 'Error': [50664, 'Not retrying job due to wall clock limit (job automatically killed on the worker node)', {}]}, '38': {'Retries': 0, 'Restarts': 0, 'SiteHistory': ['Unknown', 'T2_IT_Legnaro', 'T2_IT_Legnaro'], 'ResidentSetSize': [835176], 'SubmitTimes': [1728446044.0], 'StartTimes': [1728448150.0], 'EndTimes': [1728511382.0], 'TotalUserCpuTimeHistory': [26992], 'TotalSysCpuTimeHistory': [781], 'WallDurations': [9.0, 61.03481101989746, 63232.0], 'JobIds': ['110640343.0'], 'State': 'finished', 'RecordedSite': True}, '35': {'Retries': 0, 'Restarts': 0, 'SiteHistory': ['Unknown', 'T2_IT_Bari', 'T2_IT_Bari'], 'ResidentSetSize': [838580], 'SubmitTimes': [1728446044.0], 'StartTimes': [1728448150.0], 'EndTimes': [1728506320.0], 'TotalUserCpuTimeHistory': [32891], 'TotalSysCpuTimeHistory': [643], 'WallDurations': [8.0, 61.03481101989746, 58170.0], 'JobIds': ['110640344.0'], 'State': 'finished', 'RecordedSite': True}, '39': {'Retries': 0, 'Restarts': 0, 'SiteHistory': ['Unknown', 'T2_IT_Pisa', 'T2_IT_Pisa'], 'ResidentSetSize': [807544], 'SubmitTimes': [1728446045.0], 'StartTimes': [1728448150.0], 'EndTimes': [1728508186.0], 'TotalUserCpuTimeHistory': [32030], 'TotalSysCpuTimeHistory': [286], 'WallDurations': [8.0, 61.03481101989746, 60036.0], 'JobIds': ['110640345.0'], 'State': 'finished', 'RecordedSite': True}, '40': {'Retries': 0, 'Restarts': 0, 'SiteHistory': ['Unknown', 'T2_IT_Pisa', 'T2_IT_Pisa'], 'ResidentSetSize': [1014296], 'SubmitTimes': [1728446045.0], 'StartTimes': [1728448149.0], 'EndTimes': [1728490789.0], 'TotalUserCpuTimeHistory': [26066], 'TotalSysCpuTimeHistory': [389], 'WallDurations': [9.0, 62.03481101989746, 42640.0], 'JobIds': ['110640346.0'], 'State': 'finished', 'RecordedSite': True}, '42': {'Retries': 0, 'Restarts': 0, 'SiteHistory': ['Unknown', 'T2_IT_Bari', 'T2_IT_Bari'], 'ResidentSetSize': [822980], 'SubmitTimes': [1728446045.0], 'StartTimes': [1728448150.0], 'EndTimes': [1728505379.0], 'TotalUserCpuTimeHistory': [31562], 'TotalSysCpuTimeHistory': [602], 'WallDurations': [8.0, 61.03481101989746, 57229.0], 'JobIds': ['110640347.0'], 'State': 'finished', 'RecordedSite': True}, '44': {'Retries': 0, 'Restarts': 0, 'SiteHistory': ['Unknown', 'T2_IT_Legnaro', 'T2_IT_Legnaro'], 'ResidentSetSize': [822660], 'SubmitTimes': [1728446045.0], 'StartTimes': [1728448149.0], 'EndTimes': [1728518534.0], 'TotalUserCpuTimeHistory': [44814], 'TotalSysCpuTimeHistory': [658], 'WallDurations': [9.0, 62.03481101989746, 70385.0], 'JobIds': ['110640348.0'], 'State': 'finished', 'RecordedSite': True}, '47': {'Retries': 0, 'Restarts': 0, 'SiteHistory': ['Unknown', 'T2_IT_Pisa', 'T2_IT_Pisa'], 'ResidentSetSize': [814824], 'SubmitTimes': [1728446045.0], 'StartTimes': [1728448149.0], 'EndTimes': [1728496318.0], 'TotalUserCpuTimeHistory': [28341], 'TotalSysCpuTimeHistory': [476], 'WallDurations': [9.0, 62.03481101989746, 48169.0], 'JobIds': ['110640349.0'], 'State': 'finished', 'RecordedSite': True}, '41': {'Retries': 0, 'Restarts': 0, 'SiteHistory': ['Unknown', 'T2_IT_Bari', 'T2_IT_Bari'], 'ResidentSetSize': [827532], 'SubmitTimes': [1728446045.0], 'StartTimes': [1728448150.0], 'EndTimes': [1728511483.0], 'TotalUserCpuTimeHistory': [30403], 'TotalSysCpuTimeHistory': [631], 'WallDurations': [8.0, 61.03481101989746, 63333.0], 'JobIds': ['110640350.0'], 'State': 'finished', 'RecordedSite': True}, '45': {'Retries': 0, 'Restarts': 0, 'SiteHistory': ['Unknown', 'T2_IT_Pisa', 'T2_IT_Pisa'], 'ResidentSetSize': [832844], 'SubmitTimes': [1728446045.0], 'StartTimes': [1728448149.0], 'EndTimes': [1728515019.0], 'TotalUserCpuTimeHistory': [44536], 'TotalSysCpuTimeHistory': [461], 'WallDurations': [9.0, 62.03481101989746, 66870.0], 'JobIds': ['110640351.0'], 'State': 'finished', 'RecordedSite': True}, '46': {'Retries': 0, 'Restarts': 0, 'SiteHistory': ['Unknown', 'T2_IT_Legnaro', 'T2_IT_Legnaro'], 'ResidentSetSize': [812040], 'SubmitTimes': [1728446045.0], 'StartTimes': [1728448149.0], 'EndTimes': [], 'TotalUserCpuTimeHistory': [34969.0], 'TotalSysCpuTimeHistory': [1231.0], 'WallDurations': [9.0, 62.03481101989746, 75002.0], 'JobIds': ['110640352.0'], 'State': 'failed', 'RecordedSite': True, 'Error': [50664, 'Not retrying job due to wall clock limit (job automatically killed on the worker node)', {}]}, '43': {'Retries': 0, 'Restarts': 0, 'SiteHistory': ['Unknown', 'T2_IT_Legnaro', 'T2_IT_Legnaro'], 'ResidentSetSize': [813076], 'SubmitTimes': [1728446045.0], 'StartTimes': [1728448149.0], 'EndTimes': [1728510029.0], 'TotalUserCpuTimeHistory': [28294], 'TotalSysCpuTimeHistory': [700], 'WallDurations': [9.0, 62.03481101989746, 61880.0], 'JobIds': ['110640353.0'], 'State': 'finished', 'RecordedSite': True}, '51': {'Retries': 0, 'Restarts': 0, 'SiteHistory': ['Unknown', 'T2_IT_Pisa', 'T2_IT_Pisa'], 'ResidentSetSize': [979472], 'SubmitTimes': [1728446045.0], 'StartTimes': [1728448149.0], 'EndTimes': [1728509128.0], 'TotalUserCpuTimeHistory': [37979], 'TotalSysCpuTimeHistory': [988], 'WallDurations': [9.0, 62.03481101989746, 60979.0], 'JobIds': ['110640354.0'], 'State': 'finished', 'RecordedSite': True}, '48': {'Retries': 0, 'Restarts': 0, 'SiteHistory': ['Unknown', 'T2_IT_Legnaro', 'T2_IT_Legnaro'], 'ResidentSetSize': [807156], 'SubmitTimes': [1728446045.0], 'StartTimes': [1728448150.0], 'EndTimes': [], 'TotalUserCpuTimeHistory': [40240.0], 'TotalSysCpuTimeHistory': [530.0], 'WallDurations': [9.0, 61.03481101989746, 75019.0], 'JobIds': ['110640355.0'], 'State': 'failed', 'RecordedSite': True, 'Error': [50664, 'Not retrying job due to wall clock limit (job automatically killed on the worker node)', {}]}, '53': {'Retries': 0, 'Restarts': 0, 'SiteHistory': ['Unknown', 'T2_IT_Legnaro', 'T2_IT_Legnaro'], 'ResidentSetSize': [837152], 'SubmitTimes': [1728446045.0], 'StartTimes': [1728448149.0], 'EndTimes': [1728510326.0], 'TotalUserCpuTimeHistory': [29648], 'TotalSysCpuTimeHistory': [515], 'WallDurations': [10.0, 62.03481101989746, 62177.0], 'JobIds': ['110640356.0'], 'State': 'finished', 'RecordedSite': True}, '52': {'Retries': 0, 'Restarts': 0, 'SiteHistory': ['Unknown', 'T2_IT_Legnaro', 'T2_IT_Legnaro'], 'ResidentSetSize': [823728], 'SubmitTimes': [1728446045.0], 'StartTimes': [1728448149.0], 'EndTimes': [1728520031.0], 'TotalUserCpuTimeHistory': [35091], 'TotalSysCpuTimeHistory': [855], 'WallDurations': [9.0, 62.03481101989746, 71882.0], 'JobIds': ['110640357.0'], 'State': 'finished', 'RecordedSite': True}, '50': {'Retries': 0, 'Restarts': 0, 'SiteHistory': ['Unknown', 'T2_IT_Pisa', 'T2_IT_Pisa'], 'ResidentSetSize': [815528], 'SubmitTimes': [1728446045.0], 'StartTimes': [1728448149.0], 'EndTimes': [1728512366.0], 'TotalUserCpuTimeHistory': [39978], 'TotalSysCpuTimeHistory': [389], 'WallDurations': [9.0, 62.03481101989746, 64217.0], 'JobIds': ['110640358.0'], 'State': 'finished', 'RecordedSite': True}, '54': {'Retries': 0, 'Restarts': 0, 'SiteHistory': ['Unknown', 'T2_IT_Legnaro', 'T2_IT_Legnaro'], 'ResidentSetSize': [811236], 'SubmitTimes': [1728446045.0], 'StartTimes': [1728448149.0], 'EndTimes': [1728453935.0], 'TotalUserCpuTimeHistory': [1640], 'TotalSysCpuTimeHistory': [21], 'WallDurations': [8.0, 62.03481101989746, 5786.0], 'JobIds': ['110640359.0'], 'State': 'finished', 'RecordedSite': True}, '49': {'Retries': 0, 'Restarts': 0, 'SiteHistory': ['Unknown', 'T2_IT_Pisa', 'T2_IT_Pisa'], 'ResidentSetSize': [994516], 'SubmitTimes': [1728446045.0], 'StartTimes': [1728448151.0], 'EndTimes': [1728504304.0], 'TotalUserCpuTimeHistory': [33324], 'TotalSysCpuTimeHistory': [506], 'WallDurations': [8.0, 60.03481101989746, 56153.0], 'JobIds': ['110640360.0'], 'State': 'finished', 'RecordedSite': True}, '21': {'Retries': 0, 'Restarts': 0, 'SiteHistory': ['Unknown', 'T2_IT_Legnaro', 'T2_IT_Legnaro'], 'ResidentSetSize': [1305316], 'SubmitTimes': [1728446045.0], 'StartTimes': [1728448149.0], 'EndTimes': [1728493101.0], 'TotalUserCpuTimeHistory': [23918], 'TotalSysCpuTimeHistory': [618], 'WallDurations': [8.0, 62.03481101989746, 44952.0], 'JobIds': ['110640361.0'], 'State': 'finished', 'RecordedSite': True}}
INFO 2024-10-10 13:52:34.508 UTC: 	 Status on the scheduler:	FAILED
INFO 2024-10-10 13:52:34.508 UTC: 	 
Jobs status:                    failed       		 11.1% ( 6/54)
INFO 2024-10-10 13:52:34.508 UTC: 	 				finished     		 88.9% (48/54)
INFO 2024-10-10 13:52:34.508 UTC: 	 
No publication information (publication has been disabled in the CRAB configuration file)
INFO 2024-10-10 13:52:34.508 UTC: 	 
Error Summary: (use crab status --verboseErrors for details about the errors)

 6 jobs failed with exit code 50664

Have a look at https://twiki.cern.ch/twiki/bin/viewauth/CMSPublic/JobExitCodes for a description of the exit codes.
INFO 2024-10-10 13:52:34.509 UTC: 	 
Summary of run jobs:
 * Memory: 1056MB min, 1274MB max, 836MB ave
 * Runtime: 0:04:24 min, 20:50:55 max, 14:45:02 ave
 * CPU eff: 12% min, 71% max, 52% ave
 * Waste: 24:43:52 (3% of total)

DEBUG 2024-10-10 13:52:34.510 UTC: 	 Requesting resubmission of failed jobs in task 241009_035127:wkwon_crab_MuonAnalysis_Run2022C
INFO 2024-10-10 13:52:34.510 UTC: 	 Sending resubmit request to the server.
DEBUG 2024-10-10 13:52:34.510 UTC: 	 Submitting {'workflow': '241009_035127:wkwon_crab_MuonAnalysis_Run2022C', 'subresource': 'resubmit2', 'jobids': ['20', '10', '16', '37', '46', '48'], 'publication': 0} 
DEBUG 2024-10-10 13:52:34.510 UTC: 	 Encoded data for curl request: workflow=241009_035127%3Awkwon_crab_MuonAnalysis_Run2022C&subresource=resubmit2&publication=0&jobids=20&jobids=10&jobids=16&jobids=37&jobids=46&jobids=48
DEBUG 2024-10-10 13:52:35.040 UTC: 	 Result: {'desc': {'columns': ['tm_site_blacklist', 'tm_site_whitelist', 'tm_maxjobruntime', 'tm_maxmemory', 'tm_numcores', 'tm_priority']}, 'result': [{'result': 'ok'}]}
INFO 2024-10-10 13:52:35.040 UTC: 	 Resubmit request sent to the server.
INFO 2024-10-10 13:52:35.040 UTC: 	 Please use ' crab status ' to check how the resubmission process proceeds.
Notice it may take a couple of minutes for the resubmission to get fully processed.
INFO 2024-10-10 13:52:35.059 UTC: 	 Log file is /eos/home-w/wkwon/CMSSW_14_0_12/src/work/Analysis/crab_projects/crab_MuonAnalysis_Run2022C/crab.log
