DEBUG 2024-10-13 07:02:40.976 UTC: 	 CRAB Client version: v3.240621
DEBUG 2024-10-13 07:02:40.976 UTC: 	 Running on: Linux lxplus976.cern.ch 5.14.0-427.35.1.el9_4.x86_64 #1 SMP PREEMPT_DYNAMIC Fri Aug 30 15:47:10 EDT 2024 x86_64 x86_64 x86_64 GNU/Linux - Red Hat Enterprise Linux 9.4 (Plow)
DEBUG 2024-10-13 07:02:40.976 UTC: 	 Executing command: 'submit'
DEBUG 2024-10-13 07:02:40.977 UTC: 	 Found CRAB cache file /afs/cern.ch/user/w/wkwon/.crab3
INFO 2024-10-13 07:02:40.978 UTC: 	 Will use CRAB configuration file crab_conf.py
DEBUG 2024-10-13 07:02:40.978 UTC: 	 Loading CRAB configuration file.
DEBUG 2024-10-13 07:02:41.001 UTC: 	 Will use CRAB plugin ANALYSIS (i.e. will run an analysis job type).
DEBUG 2024-10-13 07:02:41.011 UTC: 	 Checking credentials
DEBUG 2024-10-13 07:02:41.012 UTC: 	 Found proxy file /tmp/x509up_u168090
DEBUG 2024-10-13 07:02:41.012 UTC: 	 Making sure it has proper VOMS extension
DEBUG 2024-10-13 07:02:41.012 UTC: 	 Executing command :
 voms-proxy-info --vo --file /tmp/x509up_u168090
DEBUG 2024-10-13 07:02:41.547 UTC: 	 output : cms

 error: 
 retcode : 0
DEBUG 2024-10-13 07:02:41.547 UTC: 	 Getting proxy life time left
DEBUG 2024-10-13 07:02:41.547 UTC: 	 Executing command :
 voms-proxy-info --actimeleft --timeleft --file /tmp/x509up_u168090
DEBUG 2024-10-13 07:02:42.098 UTC: 	 output : 690952
690952

 error: 
 retcode : 0
DEBUG 2024-10-13 07:02:42.099 UTC: 	 Proxy valid for 191:55:52 hours
DEBUG 2024-10-13 07:02:42.099 UTC: 	 Encoded data for curl request: subresource=delegatedn
DEBUG 2024-10-13 07:02:42.179 UTC: 	 Registering user credentials on myproxy for /DC=ch/DC=cern/OU=computers/CN=crab-(preprod|prod)-tw(01|02).cern.ch|/DC=ch/DC=cern/OU=computers/CN=crab-dev-tw(01|02|03|04).cern.ch|/DC=ch/DC=cern/OU=Organic Units/OU=Users/CN=cmscrab/CN=(817881|373708)/CN=Robot: cms crab|/DC=ch/DC=cern/OU=Organic Units/OU=Users/CN=crabint1/CN=373708/CN=Robot: CMS CRAB Integration 1
DEBUG 2024-10-13 07:02:42.179 UTC: 	 Executing command :
 voms-proxy-info --identity --file /tmp/x509up_u168090
DEBUG 2024-10-13 07:02:42.742 UTC: 	 output : /DC=ch/DC=cern/OU=Organic Units/OU=Users/CN=wkwon/CN=874403/CN=Wooyeon Kwon

 error: 
 retcode : 0
DEBUG 2024-10-13 07:02:42.742 UTC: 	 Getting myproxy life time left for f8986532409fa907e5c13102198102ce78e92be8
DEBUG 2024-10-13 07:02:42.742 UTC: 	 Executing command :
 myproxy-info -s myproxy.cern.ch -l f8986532409fa907e5c13102198102ce78e92be8
DEBUG 2024-10-13 07:02:43.018 UTC: 	 output : username: f8986532409fa907e5c13102198102ce78e92be8
owner: /DC=ch/DC=cern/OU=Organic Units/OU=Users/CN=wkwon/CN=874403/CN=Wooyeon Kwon
  renewal policy: /DC=ch/DC=cern/OU=computers/CN=crab-(preprod|prod)-tw(01|02).cern.ch|/DC=ch/DC=cern/OU=computers/CN=crab-dev-tw(01|02|03|04).cern.ch|/DC=ch/DC=cern/OU=Organic Units/OU=Users/CN=cmscrab/CN=(817881|373708)/CN=Robot: cms crab|/DC=ch/DC=cern/OU=Organic Units/OU=Users/CN=crabint1/CN=373708/CN=Robot: CMS CRAB Integration 1
  trusted retrieval policy: /DC=ch/DC=cern/OU=computers/CN=crab-(preprod|prod)-tw(01|02).cern.ch|/DC=ch/DC=cern/OU=computers/CN=crab-dev-tw(01|02|03|04).cern.ch|/DC=ch/DC=cern/OU=Organic Units/OU=Users/CN=cmscrab/CN=(817881|373708)/CN=Robot: cms crab|/DC=ch/DC=cern/OU=Organic Units/OU=Users/CN=crabint1/CN=373708/CN=Robot: CMS CRAB Integration 1
  timeleft: 646:08:59  (26.9 days)

 error: 
 retcode : 0
DEBUG 2024-10-13 07:02:43.019 UTC: 	 Myproxy is valid: 2326080
DEBUG 2024-10-13 07:02:43.019 UTC: 	 Result of myproxy credential check:
  Credential exists on myproxy: username: f8986532409fa907e5c13102198102ce78e92be8  - validity: 26 days, 22:08:00
DEBUG 2024-10-13 07:02:43.019 UTC: 	 Command use: submit
DEBUG 2024-10-13 07:02:43.019 UTC: 	 Options use: ['-c', 'crab_conf.py']
DEBUG 2024-10-13 07:02:43.019 UTC: 	 Encoded data for curl request: subresource=version
DEBUG 2024-10-13 07:02:43.097 UTC: 	 CRABClient version: v3.240621
DEBUG 2024-10-13 07:02:43.097 UTC: 	 Instance is prod
DEBUG 2024-10-13 07:02:43.097 UTC: 	 Server base url is cmsweb.cern.ch
DEBUG 2024-10-13 07:02:43.097 UTC: 	 Command api workflow
DEBUG 2024-10-13 07:02:43.097 UTC: 	 Started submission
DEBUG 2024-10-13 07:02:43.097 UTC: 	 Working on /eos/home-w/wkwon/CMSSW_14_0_12/src/work/Analysis/crab_projects/crab_MuonAnalysis_TnP_Run2023D0
DEBUG 2024-10-13 07:02:43.097 UTC: 	 Encoded data for curl request: subresource=backendurls
DEBUG 2024-10-13 07:02:43.215 UTC: 	 Loading required information from the environment
DEBUG 2024-10-13 07:02:43.215 UTC: 	 Found CMSSW_14_0_12 for el9_amd64_gcc12 with base /eos/home-w/wkwon/CMSSW_14_0_12
DEBUG 2024-10-13 07:02:43.215 UTC: 	 Loading required information from the environment
DEBUG 2024-10-13 07:02:43.215 UTC: 	 Found CMSSW_14_0_12 for el9_amd64_gcc12 with base /eos/home-w/wkwon/CMSSW_14_0_12
DEBUG 2024-10-13 07:02:43.215 UTC: 	 UNIQUE NAME: tarUUID 81e0ca56-56e6-4a69-9725-bf391d828d41 
DEBUG 2024-10-13 07:02:43.215 UTC: 	 self.config: from WMCore.Configuration import Configuration
config = Configuration()
config.section_('General')
config.General.requestName = 'MuonAnalysis_TnP_Run2023D0'
config.General.workArea = 'crab_projects'
config.section_('JobType')
config.JobType.outputFiles = ['data.root']
config.JobType.numCores = 1
config.JobType.psetName = 'conf.py'
config.JobType.pluginName = 'Analysis'
config.JobType.maxMemoryMB = 2000
config.section_('Data')
config.Data.publication = False
config.Data.inputDBS = 'global'
config.Data.outLFNDirBase = '/store/user/wkwon/AnalysisResults/'
config.Data.lumiMask = 'Cert_Collisions2023_366442_370790_Golden.json'
config.Data.unitsPerJob = 100
config.Data.inputDataset = '/Muon0/Run2023D-PromptReco-v2/AOD'
config.Data.splitting = 'FileBased'
config.section_('Site')
config.Site.storageSite = 'T3_KR_KNU'
config.section_('User')
config.section_('Debug')

DEBUG 2024-10-13 07:02:43.215 UTC: 	 self.config.JobType.psetName: conf.py
INFO 2024-10-13 07:02:43.216 UTC: 	 Importing CMSSW configuration conf.py
INFO 2024-10-13 07:02:43.325 UTC: 	 Finished importing CMSSW configuration conf.py
DEBUG 2024-10-13 07:02:43.325 UTC: 	 Writing CMSSW configuration to /eos/home-w/wkwon/CMSSW_14_0_12/src/work/Analysis/crab_projects/crab_MuonAnalysis_TnP_Run2023D0/inputs/PSet.py
DEBUG 2024-10-13 07:02:43.356 UTC: 	 The following EDM output files will be collected: []
DEBUG 2024-10-13 07:02:43.356 UTC: 	 The following TFile output files will be collected: ['data.root']
DEBUG 2024-10-13 07:02:43.356 UTC: 	 The following user output files (not listed as PoolOuputModule or TFileService in the CMSSW PSet) will be collected: 
DEBUG 2024-10-13 07:02:43.357 UTC: 	 Loading required information from the environment
DEBUG 2024-10-13 07:02:43.357 UTC: 	 Found CMSSW_14_0_12 for el9_amd64_gcc12 with base /eos/home-w/wkwon/CMSSW_14_0_12
DEBUG 2024-10-13 07:02:43.357 UTC: 	 Making tarball in /eos/home-w/wkwon/CMSSW_14_0_12/src/work/Analysis/crab_projects/crab_MuonAnalysis_TnP_Run2023D0/inputs/81e0ca56-56e6-4a69-9725-bf391d828d41default.tgz
DEBUG 2024-10-13 07:02:43.359 UTC: 	 Checking directory /eos/home-w/wkwon/CMSSW_14_0_12/bin
DEBUG 2024-10-13 07:02:43.360 UTC: 	 Adding directory /eos/home-w/wkwon/CMSSW_14_0_12/bin to tarball
DEBUG 2024-10-13 07:02:43.363 UTC: 	 Checking directory /eos/home-w/wkwon/CMSSW_14_0_12/python
DEBUG 2024-10-13 07:02:43.363 UTC: 	 Adding directory /eos/home-w/wkwon/CMSSW_14_0_12/python to tarball
DEBUG 2024-10-13 07:02:43.409 UTC: 	 Checking directory /eos/home-w/wkwon/CMSSW_14_0_12/cfipython
DEBUG 2024-10-13 07:02:43.409 UTC: 	 Adding directory /eos/home-w/wkwon/CMSSW_14_0_12/cfipython to tarball
DEBUG 2024-10-13 07:02:43.430 UTC: 	 Checking directory /eos/home-w/wkwon/CMSSW_14_0_12/lib
DEBUG 2024-10-13 07:02:43.430 UTC: 	 Adding directory /eos/home-w/wkwon/CMSSW_14_0_12/lib to tarball
DEBUG 2024-10-13 07:02:43.442 UTC: 	 Checking directory /eos/home-w/wkwon/CMSSW_14_0_12/biglib
DEBUG 2024-10-13 07:02:43.442 UTC: 	 Adding directory /eos/home-w/wkwon/CMSSW_14_0_12/biglib to tarball
DEBUG 2024-10-13 07:02:43.444 UTC: 	 Checking directory /eos/home-w/wkwon/CMSSW_14_0_12/module
DEBUG 2024-10-13 07:02:43.444 UTC: 	 Checking directory /eos/home-w/wkwon/CMSSW_14_0_12/config/SCRAM/hooks
DEBUG 2024-10-13 07:02:43.444 UTC: 	 Adding directory /eos/home-w/wkwon/CMSSW_14_0_12/config/SCRAM/hooks to tarball
DEBUG 2024-10-13 07:02:43.637 UTC: 	 Adding directory /eos/home-w/wkwon/CMSSW_14_0_12/src/work/mc/python to tarball
DEBUG 2024-10-13 07:02:43.692 UTC: 	 Uploading archive /eos/home-w/wkwon/CMSSW_14_0_12/src/work/Analysis/crab_projects/crab_MuonAnalysis_TnP_Run2023D0/inputs/81e0ca56-56e6-4a69-9725-bf391d828d41default.tgz (95 KB) to the CRAB cache. Using URI https://cmsweb.cern.ch/S3/crabcache_prod
DEBUG 2024-10-13 07:02:43.756 UTC: 	 Encoded data for curl request: subresource=upload&objecttype=sandbox&tarballname=90c51b3f0a8edd31014b9742573a61fa1de7e8370b93029ba37f1160af6740a6.tar.gz
DEBUG 2024-10-13 07:02:44.138 UTC: 	 sandbox 90c51b3f0a8edd31014b9742573a61fa1de7e8370b93029ba37f1160af6740a6.tar.gz is already in the S3 store, will not upload again
DEBUG 2024-10-13 07:02:44.138 UTC: 	 Loading required information from the environment
DEBUG 2024-10-13 07:02:44.138 UTC: 	 Found CMSSW_14_0_12 for el9_amd64_gcc12 with base /eos/home-w/wkwon/CMSSW_14_0_12
DEBUG 2024-10-13 07:02:44.138 UTC: 	 Making tarball in /eos/home-w/wkwon/CMSSW_14_0_12/src/work/Analysis/crab_projects/crab_MuonAnalysis_TnP_Run2023D0/inputs/debugFiles.tgz
DEBUG 2024-10-13 07:02:44.148 UTC: 	 Uploading archive /eos/home-w/wkwon/CMSSW_14_0_12/src/work/Analysis/crab_projects/crab_MuonAnalysis_TnP_Run2023D0/inputs/debugFiles.tgz (1 KB) to the CRAB cache. Using URI https://cmsweb.cern.ch/S3/crabcache_prod
DEBUG 2024-10-13 07:02:44.154 UTC: 	 Encoded data for curl request: subresource=upload&objecttype=sandbox&tarballname=b425de7043fd87291145001f893f38e65764c8602f104fd2deec8e809feb1cdf.tar.gz
DEBUG 2024-10-13 07:02:44.237 UTC: 	 Will execute:
curl -f -v -X POST  -H "User-Agent: CRAB" -F "key=wkwon/sandboxes/b425de7043fd87291145001f893f38e65764c8602f104fd2deec8e809feb1cdf.tar.gz" -F "AWSAccessKeyId=715203df6482458ba839e73e6dab634b" -F "policy=eyJleHBpcmF0aW9uIjogIjIwMjQtMTAtMTNUMDg6MDI6NDRaIiwgImNvbmRpdGlvbnMiOiBbeyJidWNrZXQiOiAiY3JhYmNhY2hlX3Byb2QifSwgeyJrZXkiOiAid2t3b24vc2FuZGJveGVzL2I0MjVkZTcwNDNmZDg3MjkxMTQ1MDAxZjg5M2YzOGU2NTc2NGM4NjAyZjEwNGZkMmRlZWM4ZTgwOWZlYjFjZGYudGFyLmd6In1dfQ==" -F "signature=oJE9oM9tFP4bM9fM/m3oYAHM2fU=" -F "file=@/eos/home-w/wkwon/CMSSW_14_0_12/src/work/Analysis/crab_projects/crab_MuonAnalysis_TnP_Run2023D0/inputs/debugFiles.tgz" "https://s3.cern.ch/crabcache_prod"
DEBUG 2024-10-13 07:02:44.306 UTC: 	 exitcode: 0
stdout: b''
DEBUG 2024-10-13 07:02:44.306 UTC: 	 sandbox /eos/home-w/wkwon/CMSSW_14_0_12/src/work/Analysis/crab_projects/crab_MuonAnalysis_TnP_Run2023D0/inputs/debugFiles.tgz successfully uploaded to S3
DEBUG 2024-10-13 07:02:44.306 UTC: 	 Result uploading input files: 90c51b3f0a8edd31014b9742573a61fa1de7e8370b93029ba37f1160af6740a6.tar.gz 
DEBUG 2024-10-13 07:02:44.306 UTC: 	 Attaching lumi mask Cert_Collisions2023_366442_370790_Golden.json to the request
DEBUG 2024-10-13 07:02:44.306 UTC: 	 Reading lumi-mask from Cert_Collisions2023_366442_370790_Golden.json
DEBUG 2024-10-13 07:02:44.309 UTC: 	 submit() - self.configuration from WMCore.Configuration import Configuration
config = Configuration()
config.section_('General')
config.General.requestName = 'MuonAnalysis_TnP_Run2023D0'
config.General.workArea = 'crab_projects'
config.section_('JobType')
config.JobType.outputFiles = ['data.root']
config.JobType.numCores = 1
config.JobType.psetName = 'conf.py'
config.JobType.pluginName = 'Analysis'
config.JobType.maxMemoryMB = 2000
config.section_('Data')
config.Data.publication = False
config.Data.inputDBS = 'global'
config.Data.outLFNDirBase = '/store/user/wkwon/AnalysisResults/'
config.Data.lumiMask = 'Cert_Collisions2023_366442_370790_Golden.json'
config.Data.unitsPerJob = 100
config.Data.inputDataset = '/Muon0/Run2023D-PromptReco-v2/AOD'
config.Data.splitting = 'FileBased'
config.section_('Site')
config.Site.storageSite = 'T3_KR_KNU'
config.section_('User')
config.section_('Debug')

DEBUG 2024-10-13 07:02:44.309 UTC: 	 submit() - self.configreq {'dryrun': 0, 'workflow': 'crab_MuonAnalysis_TnP_Run2023D0', 'saveoutput': 1, 'savelogsflag': 0, 'inputdata': '/Muon0/Run2023D-PromptReco-v2/AOD', 'nonvaliddata': 0, 'userfiles': [], 'dbsurl': 'https://cmsweb.cern.ch/dbs/prod/global/DBSReader', 'useparent': 0, 'ignorelocality': 0, 'splitalgo': 'FileBased', 'algoargs': 100, 'totalunits': 0, 'lfn': '/store/user/wkwon/AnalysisResults/', 'publication': 0, 'publishdbsurl': 'https://cmsweb.cern.ch/dbs/prod/phys03/DBSWriter', 'jobtype': 'Analysis', 'generator': 'pythia', 'addoutputfiles': ['data.root'], 'maxjobruntime': 1250, 'numcores': 1, 'maxmemory': 2000, 'priority': 10, 'nonprodsw': 0, 'asyncdest': 'T3_KR_KNU', 'requireaccelerator': 0, 'oneEventMode': 0, 'extrajdl': [], 'ignoreglobalblacklist': 0, 'partialdataset': 0, 'inputblocks': []}
DEBUG 2024-10-13 07:02:44.309 UTC: 	 submit() - jobconfig {'addoutputfiles': [], 'tfileoutfiles': ['data.root'], 'edmoutfiles': [], 'jobarch': 'el9_amd64_gcc12', 'jobsw': 'CMSSW_14_0_12', 'inputdata': '/Muon0/Run2023D-PromptReco-v2/AOD', 'cacheurl': 'https://cmsweb.cern.ch/S3/crabcache_prod', 'cachefilename': '90c51b3f0a8edd31014b9742573a61fa1de7e8370b93029ba37f1160af6740a6.tar.gz', 'debugfilename': 'b425de7043fd87291145001f893f38e65764c8602f104fd2deec8e809feb1cdf.tar.gz', 'runs': ['366727', '366729', '366801', '366802', '366804', '366820', '366821', '366829', '366832', '366833', '366838', '366840', '366841', '366850', '366933', '367062', '367063', '367064', '367065', '367070', '367079', '367095', '367100', '367102', '367103', '367104', '367111', '367112', '367127', '367128', '367129', '367130', '367131', '367133', '367228', '367229', '367230', '367231', '367232', '367234', '367260', '367262', '367263', '367264', '367267', '367269', '367270', '367271', '367312', '367314', '367315', '367334', '367336', '367337', '367355', '367406', '367413', '367415', '367416', '367475', '367477', '367515', '367516', '367552', '367553', '367554', '367615', '367618', '367619', '367661', '367662', '367663', '367665', '367666', '367691', '367696', '367699', '367730', '367742', '367758', '367770', '367771', '367772', '367790', '367831', '367836', '367838', '367840', '367881', '367883', '367884', '367902', '367904', '367905', '367906', '367907', '367908', '367910', '368223', '368224', '368229', '368318', '368320', '368321', '368332', '368333', '368343', '368382', '368384', '368388', '368389', '368400', '368410', '368412', '368423', '368451', '368453', '368454', '368489', '368546', '368547', '368548', '368566', '368567', '368609', '368611', '368613', '368636', '368669', '368670', '368672', '368674', '368675', '368676', '368678', '368684', '368685', '368723', '368724', '368746', '368749', '368753', '368762', '368764', '368765', '368822', '368823', '369927', '369943', '369956', '369978', '369998', '369999', '370093', '370097', '370102', '370129', '370144', '370169', '370172', '370175', '370293', '370294', '370300', '370304', '370307', '370321', '370332', '370340', '370354', '370357', '370406', '370436', '370460', '370472', '370497', '370522', '370560', '370579', '370580', '370667', '370717', '370725', '370749', '370753', '370772', '370774', '370775', '370776', '370790'], 'lumis': ['1,243', '1,414', '1,429', '1,22', '1,150', '40,411', '1,967', '19,233', '1,258', '1,623', '46,157', '1,180', '1,258', '40,180', '55,1224', '65,77', '1,15', '1,9,32,40,42,55,63,66,70,74,76,95,97,98,100,130,141,166,168,181,184,192,212,240,257,263,301,358,360,362,364,368,370,380,394,403,405,458,461,467', '1,262', '54,55,57,80,82,116,118,122,124,125,209,216,357,363', '36,748', '1,564', '45,390', '1,75', '1,64', '1,1082', '51,338', '1,1438', '18,350', '1,2,6,6,11,12,14,15', '1,3', '1,2,6,9,13,126,135,167', '1,149', '1,275', '55,280,285,287,292,294,298,304', '1,34', '1,1', '1,22', '1,996', '1,501', '52,69,72,240', '1,42,49,119,123,271', '10,21', '1,847', '45,322', '1,33', '1,961', '1,135', '53,225,227,269', '1,20', '1,893', '26,324', '1,169', '1,1046', '60,63', '48,476', '68,448,450,467,469,746,748,750,752,898,900,1340,1342,1367', '1,97', '1,55', '56,634', '1,1289', '44,668', '1,1236', '49,59', '1,644', '1,312', '53,484', '18,341', '1,300,302,501,503,579', '50,366', '1,18', '1,1', '1,271', '1,11,16,86', '46,204', '1,856,858,1920', '1,151', '48,562', '39,443', '52,767', '47,198', '1,91', '1,6', '1,160', '53,504', '48,588', '1,793', '1,570', '14,152', '1,1050', '1,1011', '42,273', '1,103', '1,48', '1,344', '1,119', '1,358', '1,593', '45,437,445,487', '1,57', '52,569', '37,319', '1,285', '1,337', '1,14', '1,25', '1,328', '37,792', '1,44', '39,444,448,1431,1434,1472', '1,198', '40,271', '49,1501', '1,92', '42,159,161,516', '1,144', '1,5', '1,68,72,1168', '47,791,793,827,829,863,865,899,901,935,937,971,973,1007,1009,1043,1045,1079,1081,1280,1282,1380,1382,1581,1583,1595', '1,659', '1,194,197,702', '1,75,77,86,89,90,93,280,282,1044', '1,1195', '1,31,33,411,414,436', '41,1039', '1,247,249,382', '1,260', '51,819', '42,410', '1,255,306,308', '1,866', '1,12', '1,50', '1,156', '1,171', '40,135', '1,1481', '63,63,97,188', '1,1200', '39,77', '1,169', '1,976', '45,238', '1,1', '1,1386', '45,330,332,908,910,991', '3,35', '37,376', '1,384', '37,1076', '31,812', '1,179', '1,41', '1,450', '1,356', '1,762', '42,123,125,552', '1,715,717,1329', '46,454,456,490,492,526,528,562,564,598,600,935,1002,1014,1016,1019,1021,1033,1035,1449', '1,300', '92,757,759,1785', '39,1618', '1,668', '1,962', '1,327', '1,708', '39,52', '1,144,146,1523,1525,1968', '24,779', '34,311', '1,801', '37,121,123,738,746,869', '1,31', '8,123', '1,32,34,43', '1,115,117,1419,1426,1436', '48,369', '62,90,92,410', '33,113,120,123', '1,2875', '1,28,30,102', '39,157', '44,392,394,456', '49,173,175,483,485,966,968,1541', '1,249', '29,1247', '1,159', '1,168', '1,326', '54,76'], 'jobtype': 'Analysis'}
INFO 2024-10-13 07:02:44.309 UTC: 	 Sending the request to the server at cmsweb.cern.ch
DEBUG 2024-10-13 07:02:44.309 UTC: 	 Submitting {'dryrun': 0, 'workflow': 'crab_MuonAnalysis_TnP_Run2023D0', 'saveoutput': 1, 'savelogsflag': 0, 'inputdata': '/Muon0/Run2023D-PromptReco-v2/AOD', 'nonvaliddata': 0, 'userfiles': [], 'dbsurl': 'https://cmsweb.cern.ch/dbs/prod/global/DBSReader', 'useparent': 0, 'ignorelocality': 0, 'splitalgo': 'FileBased', 'algoargs': 100, 'totalunits': 0, 'lfn': '/store/user/wkwon/AnalysisResults/', 'publication': 0, 'publishdbsurl': 'https://cmsweb.cern.ch/dbs/prod/phys03/DBSWriter', 'jobtype': 'Analysis', 'generator': 'pythia', 'addoutputfiles': [], 'maxjobruntime': 1250, 'numcores': 1, 'maxmemory': 2000, 'priority': 10, 'nonprodsw': 0, 'asyncdest': 'T3_KR_KNU', 'requireaccelerator': 0, 'oneEventMode': 0, 'extrajdl': [], 'ignoreglobalblacklist': 0, 'partialdataset': 0, 'inputblocks': [], 'tfileoutfiles': ['data.root'], 'edmoutfiles': [], 'jobarch': 'el9_amd64_gcc12', 'jobsw': 'CMSSW_14_0_12', 'cacheurl': 'https://cmsweb.cern.ch/S3/crabcache_prod', 'cachefilename': '90c51b3f0a8edd31014b9742573a61fa1de7e8370b93029ba37f1160af6740a6.tar.gz', 'debugfilename': 'b425de7043fd87291145001f893f38e65764c8602f104fd2deec8e809feb1cdf.tar.gz', 'runs': ['366727', '366729', '366801', '366802', '366804', '366820', '366821', '366829', '366832', '366833', '366838', '366840', '366841', '366850', '366933', '367062', '367063', '367064', '367065', '367070', '367079', '367095', '367100', '367102', '367103', '367104', '367111', '367112', '367127', '367128', '367129', '367130', '367131', '367133', '367228', '367229', '367230', '367231', '367232', '367234', '367260', '367262', '367263', '367264', '367267', '367269', '367270', '367271', '367312', '367314', '367315', '367334', '367336', '367337', '367355', '367406', '367413', '367415', '367416', '367475', '367477', '367515', '367516', '367552', '367553', '367554', '367615', '367618', '367619', '367661', '367662', '367663', '367665', '367666', '367691', '367696', '367699', '367730', '367742', '367758', '367770', '367771', '367772', '367790', '367831', '367836', '367838', '367840', '367881', '367883', '367884', '367902', '367904', '367905', '367906', '367907', '367908', '367910', '368223', '368224', '368229', '368318', '368320', '368321', '368332', '368333', '368343', '368382', '368384', '368388', '368389', '368400', '368410', '368412', '368423', '368451', '368453', '368454', '368489', '368546', '368547', '368548', '368566', '368567', '368609', '368611', '368613', '368636', '368669', '368670', '368672', '368674', '368675', '368676', '368678', '368684', '368685', '368723', '368724', '368746', '368749', '368753', '368762', '368764', '368765', '368822', '368823', '369927', '369943', '369956', '369978', '369998', '369999', '370093', '370097', '370102', '370129', '370144', '370169', '370172', '370175', '370293', '370294', '370300', '370304', '370307', '370321', '370332', '370340', '370354', '370357', '370406', '370436', '370460', '370472', '370497', '370522', '370560', '370579', '370580', '370667', '370717', '370725', '370749', '370753', '370772', '370774', '370775', '370776', '370790'], 'lumis': ['1,243', '1,414', '1,429', '1,22', '1,150', '40,411', '1,967', '19,233', '1,258', '1,623', '46,157', '1,180', '1,258', '40,180', '55,1224', '65,77', '1,15', '1,9,32,40,42,55,63,66,70,74,76,95,97,98,100,130,141,166,168,181,184,192,212,240,257,263,301,358,360,362,364,368,370,380,394,403,405,458,461,467', '1,262', '54,55,57,80,82,116,118,122,124,125,209,216,357,363', '36,748', '1,564', '45,390', '1,75', '1,64', '1,1082', '51,338', '1,1438', '18,350', '1,2,6,6,11,12,14,15', '1,3', '1,2,6,9,13,126,135,167', '1,149', '1,275', '55,280,285,287,292,294,298,304', '1,34', '1,1', '1,22', '1,996', '1,501', '52,69,72,240', '1,42,49,119,123,271', '10,21', '1,847', '45,322', '1,33', '1,961', '1,135', '53,225,227,269', '1,20', '1,893', '26,324', '1,169', '1,1046', '60,63', '48,476', '68,448,450,467,469,746,748,750,752,898,900,1340,1342,1367', '1,97', '1,55', '56,634', '1,1289', '44,668', '1,1236', '49,59', '1,644', '1,312', '53,484', '18,341', '1,300,302,501,503,579', '50,366', '1,18', '1,1', '1,271', '1,11,16,86', '46,204', '1,856,858,1920', '1,151', '48,562', '39,443', '52,767', '47,198', '1,91', '1,6', '1,160', '53,504', '48,588', '1,793', '1,570', '14,152', '1,1050', '1,1011', '42,273', '1,103', '1,48', '1,344', '1,119', '1,358', '1,593', '45,437,445,487', '1,57', '52,569', '37,319', '1,285', '1,337', '1,14', '1,25', '1,328', '37,792', '1,44', '39,444,448,1431,1434,1472', '1,198', '40,271', '49,1501', '1,92', '42,159,161,516', '1,144', '1,5', '1,68,72,1168', '47,791,793,827,829,863,865,899,901,935,937,971,973,1007,1009,1043,1045,1079,1081,1280,1282,1380,1382,1581,1583,1595', '1,659', '1,194,197,702', '1,75,77,86,89,90,93,280,282,1044', '1,1195', '1,31,33,411,414,436', '41,1039', '1,247,249,382', '1,260', '51,819', '42,410', '1,255,306,308', '1,866', '1,12', '1,50', '1,156', '1,171', '40,135', '1,1481', '63,63,97,188', '1,1200', '39,77', '1,169', '1,976', '45,238', '1,1', '1,1386', '45,330,332,908,910,991', '3,35', '37,376', '1,384', '37,1076', '31,812', '1,179', '1,41', '1,450', '1,356', '1,762', '42,123,125,552', '1,715,717,1329', '46,454,456,490,492,526,528,562,564,598,600,935,1002,1014,1016,1019,1021,1033,1035,1449', '1,300', '92,757,759,1785', '39,1618', '1,668', '1,962', '1,327', '1,708', '39,52', '1,144,146,1523,1525,1968', '24,779', '34,311', '1,801', '37,121,123,738,746,869', '1,31', '8,123', '1,32,34,43', '1,115,117,1419,1426,1436', '48,369', '62,90,92,410', '33,113,120,123', '1,2875', '1,28,30,102', '39,157', '44,392,394,456', '49,173,175,483,485,966,968,1541', '1,249', '29,1247', '1,159', '1,168', '1,326', '54,76']} 
DEBUG 2024-10-13 07:02:44.310 UTC: 	 Encoded data for curl request: dryrun=0&workflow=crab_MuonAnalysis_TnP_Run2023D0&saveoutput=1&savelogsflag=0&inputdata=%2FMuon0%2FRun2023D-PromptReco-v2%2FAOD&nonvaliddata=0&dbsurl=https%3A%2F%2Fcmsweb.cern.ch%2Fdbs%2Fprod%2Fglobal%2FDBSReader&useparent=0&ignorelocality=0&splitalgo=FileBased&algoargs=100&totalunits=0&lfn=%2Fstore%2Fuser%2Fwkwon%2FAnalysisResults%2F&publication=0&publishdbsurl=https%3A%2F%2Fcmsweb.cern.ch%2Fdbs%2Fprod%2Fphys03%2FDBSWriter&jobtype=Analysis&generator=pythia&maxjobruntime=1250&numcores=1&maxmemory=2000&priority=10&nonprodsw=0&asyncdest=T3_KR_KNU&requireaccelerator=0&oneEventMode=0&ignoreglobalblacklist=0&partialdataset=0&jobarch=el9_amd64_gcc12&jobsw=CMSSW_14_0_12&cacheurl=https%3A%2F%2Fcmsweb.cern.ch%2FS3%2Fcrabcache_prod&cachefilename=90c51b3f0a8edd31014b9742573a61fa1de7e8370b93029ba37f1160af6740a6.tar.gz&debugfilename=b425de7043fd87291145001f893f38e65764c8602f104fd2deec8e809feb1cdf.tar.gz&tfileoutfiles=data.root&runs=366727&runs=366729&runs=366801&runs=366802&runs=366804&runs=366820&runs=366821&runs=366829&runs=366832&runs=366833&runs=366838&runs=366840&runs=366841&runs=366850&runs=366933&runs=367062&runs=367063&runs=367064&runs=367065&runs=367070&runs=367079&runs=367095&runs=367100&runs=367102&runs=367103&runs=367104&runs=367111&runs=367112&runs=367127&runs=367128&runs=367129&runs=367130&runs=367131&runs=367133&runs=367228&runs=367229&runs=367230&runs=367231&runs=367232&runs=367234&runs=367260&runs=367262&runs=367263&runs=367264&runs=367267&runs=367269&runs=367270&runs=367271&runs=367312&runs=367314&runs=367315&runs=367334&runs=367336&runs=367337&runs=367355&runs=367406&runs=367413&runs=367415&runs=367416&runs=367475&runs=367477&runs=367515&runs=367516&runs=367552&runs=367553&runs=367554&runs=367615&runs=367618&runs=367619&runs=367661&runs=367662&runs=367663&runs=367665&runs=367666&runs=367691&runs=367696&runs=367699&runs=367730&runs=367742&runs=367758&runs=367770&runs=367771&runs=367772&runs=367790&runs=367831&runs=367836&runs=367838&runs=367840&runs=367881&runs=367883&runs=367884&runs=367902&runs=367904&runs=367905&runs=367906&runs=367907&runs=367908&runs=367910&runs=368223&runs=368224&runs=368229&runs=368318&runs=368320&runs=368321&runs=368332&runs=368333&runs=368343&runs=368382&runs=368384&runs=368388&runs=368389&runs=368400&runs=368410&runs=368412&runs=368423&runs=368451&runs=368453&runs=368454&runs=368489&runs=368546&runs=368547&runs=368548&runs=368566&runs=368567&runs=368609&runs=368611&runs=368613&runs=368636&runs=368669&runs=368670&runs=368672&runs=368674&runs=368675&runs=368676&runs=368678&runs=368684&runs=368685&runs=368723&runs=368724&runs=368746&runs=368749&runs=368753&runs=368762&runs=368764&runs=368765&runs=368822&runs=368823&runs=369927&runs=369943&runs=369956&runs=369978&runs=369998&runs=369999&runs=370093&runs=370097&runs=370102&runs=370129&runs=370144&runs=370169&runs=370172&runs=370175&runs=370293&runs=370294&runs=370300&runs=370304&runs=370307&runs=370321&runs=370332&runs=370340&runs=370354&runs=370357&runs=370406&runs=370436&runs=370460&runs=370472&runs=370497&runs=370522&runs=370560&runs=370579&runs=370580&runs=370667&runs=370717&runs=370725&runs=370749&runs=370753&runs=370772&runs=370774&runs=370775&runs=370776&runs=370790&lumis=1%2C243&lumis=1%2C414&lumis=1%2C429&lumis=1%2C22&lumis=1%2C150&lumis=40%2C411&lumis=1%2C967&lumis=19%2C233&lumis=1%2C258&lumis=1%2C623&lumis=46%2C157&lumis=1%2C180&lumis=1%2C258&lumis=40%2C180&lumis=55%2C1224&lumis=65%2C77&lumis=1%2C15&lumis=1%2C9%2C32%2C40%2C42%2C55%2C63%2C66%2C70%2C74%2C76%2C95%2C97%2C98%2C100%2C130%2C141%2C166%2C168%2C181%2C184%2C192%2C212%2C240%2C257%2C263%2C301%2C358%2C360%2C362%2C364%2C368%2C370%2C380%2C394%2C403%2C405%2C458%2C461%2C467&lumis=1%2C262&lumis=54%2C55%2C57%2C80%2C82%2C116%2C118%2C122%2C124%2C125%2C209%2C216%2C357%2C363&lumis=36%2C748&lumis=1%2C564&lumis=45%2C390&lumis=1%2C75&lumis=1%2C64&lumis=1%2C1082&lumis=51%2C338&lumis=1%2C1438&lumis=18%2C350&lumis=1%2C2%2C6%2C6%2C11%2C12%2C14%2C15&lumis=1%2C3&lumis=1%2C2%2C6%2C9%2C13%2C126%2C135%2C167&lumis=1%2C149&lumis=1%2C275&lumis=55%2C280%2C285%2C287%2C292%2C294%2C298%2C304&lumis=1%2C34&lumis=1%2C1&lumis=1%2C22&lumis=1%2C996&lumis=1%2C501&lumis=52%2C69%2C72%2C240&lumis=1%2C42%2C49%2C119%2C123%2C271&lumis=10%2C21&lumis=1%2C847&lumis=45%2C322&lumis=1%2C33&lumis=1%2C961&lumis=1%2C135&lumis=53%2C225%2C227%2C269&lumis=1%2C20&lumis=1%2C893&lumis=26%2C324&lumis=1%2C169&lumis=1%2C1046&lumis=60%2C63&lumis=48%2C476&lumis=68%2C448%2C450%2C467%2C469%2C746%2C748%2C750%2C752%2C898%2C900%2C1340%2C1342%2C1367&lumis=1%2C97&lumis=1%2C55&lumis=56%2C634&lumis=1%2C1289&lumis=44%2C668&lumis=1%2C1236&lumis=49%2C59&lumis=1%2C644&lumis=1%2C312&lumis=53%2C484&lumis=18%2C341&lumis=1%2C300%2C302%2C501%2C503%2C579&lumis=50%2C366&lumis=1%2C18&lumis=1%2C1&lumis=1%2C271&lumis=1%2C11%2C16%2C86&lumis=46%2C204&lumis=1%2C856%2C858%2C1920&lumis=1%2C151&lumis=48%2C562&lumis=39%2C443&lumis=52%2C767&lumis=47%2C198&lumis=1%2C91&lumis=1%2C6&lumis=1%2C160&lumis=53%2C504&lumis=48%2C588&lumis=1%2C793&lumis=1%2C570&lumis=14%2C152&lumis=1%2C1050&lumis=1%2C1011&lumis=42%2C273&lumis=1%2C103&lumis=1%2C48&lumis=1%2C344&lumis=1%2C119&lumis=1%2C358&lumis=1%2C593&lumis=45%2C437%2C445%2C487&lumis=1%2C57&lumis=52%2C569&lumis=37%2C319&lumis=1%2C285&lumis=1%2C337&lumis=1%2C14&lumis=1%2C25&lumis=1%2C328&lumis=37%2C792&lumis=1%2C44&lumis=39%2C444%2C448%2C1431%2C1434%2C1472&lumis=1%2C198&lumis=40%2C271&lumis=49%2C1501&lumis=1%2C92&lumis=42%2C159%2C161%2C516&lumis=1%2C144&lumis=1%2C5&lumis=1%2C68%2C72%2C1168&lumis=47%2C791%2C793%2C827%2C829%2C863%2C865%2C899%2C901%2C935%2C937%2C971%2C973%2C1007%2C1009%2C1043%2C1045%2C1079%2C1081%2C1280%2C1282%2C1380%2C1382%2C1581%2C1583%2C1595&lumis=1%2C659&lumis=1%2C194%2C197%2C702&lumis=1%2C75%2C77%2C86%2C89%2C90%2C93%2C280%2C282%2C1044&lumis=1%2C1195&lumis=1%2C31%2C33%2C411%2C414%2C436&lumis=41%2C1039&lumis=1%2C247%2C249%2C382&lumis=1%2C260&lumis=51%2C819&lumis=42%2C410&lumis=1%2C255%2C306%2C308&lumis=1%2C866&lumis=1%2C12&lumis=1%2C50&lumis=1%2C156&lumis=1%2C171&lumis=40%2C135&lumis=1%2C1481&lumis=63%2C63%2C97%2C188&lumis=1%2C1200&lumis=39%2C77&lumis=1%2C169&lumis=1%2C976&lumis=45%2C238&lumis=1%2C1&lumis=1%2C1386&lumis=45%2C330%2C332%2C908%2C910%2C991&lumis=3%2C35&lumis=37%2C376&lumis=1%2C384&lumis=37%2C1076&lumis=31%2C812&lumis=1%2C179&lumis=1%2C41&lumis=1%2C450&lumis=1%2C356&lumis=1%2C762&lumis=42%2C123%2C125%2C552&lumis=1%2C715%2C717%2C1329&lumis=46%2C454%2C456%2C490%2C492%2C526%2C528%2C562%2C564%2C598%2C600%2C935%2C1002%2C1014%2C1016%2C1019%2C1021%2C1033%2C1035%2C1449&lumis=1%2C300&lumis=92%2C757%2C759%2C1785&lumis=39%2C1618&lumis=1%2C668&lumis=1%2C962&lumis=1%2C327&lumis=1%2C708&lumis=39%2C52&lumis=1%2C144%2C146%2C1523%2C1525%2C1968&lumis=24%2C779&lumis=34%2C311&lumis=1%2C801&lumis=37%2C121%2C123%2C738%2C746%2C869&lumis=1%2C31&lumis=8%2C123&lumis=1%2C32%2C34%2C43&lumis=1%2C115%2C117%2C1419%2C1426%2C1436&lumis=48%2C369&lumis=62%2C90%2C92%2C410&lumis=33%2C113%2C120%2C123&lumis=1%2C2875&lumis=1%2C28%2C30%2C102&lumis=39%2C157&lumis=44%2C392%2C394%2C456&lumis=49%2C173%2C175%2C483%2C485%2C966%2C968%2C1541&lumis=1%2C249&lumis=29%2C1247&lumis=1%2C159&lumis=1%2C168&lumis=1%2C326&lumis=54%2C76
DEBUG 2024-10-13 07:02:44.408 UTC: 	 Result: {'result': [{'RequestName': '241013_070244:wkwon_crab_MuonAnalysis_TnP_Run2023D0'}]}
INFO 2024-10-13 07:02:44.418 UTC: 	 Success: Your task has been delivered to the prod CRAB3 server.
INFO 2024-10-13 07:02:44.418 UTC: 	 Task name: 241013_070244:wkwon_crab_MuonAnalysis_TnP_Run2023D0
INFO 2024-10-13 07:02:44.419 UTC: 	 Project dir: crab_projects/crab_MuonAnalysis_TnP_Run2023D0
INFO 2024-10-13 07:02:44.419 UTC: 	 Please use ' crab status -d crab_projects/crab_MuonAnalysis_TnP_Run2023D0 ' to check how the submission process proceeds.
DEBUG 2024-10-13 07:02:44.419 UTC: 	 About to return
INFO 2024-10-13 07:02:44.431 UTC: 	 Log file is /eos/home-w/wkwon/CMSSW_14_0_12/src/work/Analysis/crab_projects/crab_MuonAnalysis_TnP_Run2023D0/crab.log
DEBUG 2024-10-14 01:40:09.920 UTC: 	 CRAB Client version: v3.240621
DEBUG 2024-10-14 01:40:09.920 UTC: 	 Running on: Linux lxplus905.cern.ch 5.14.0-427.31.1.el9_4.x86_64 #1 SMP PREEMPT_DYNAMIC Fri Aug 9 14:06:03 EDT 2024 x86_64 x86_64 x86_64 GNU/Linux - Red Hat Enterprise Linux 9.4 (Plow)
DEBUG 2024-10-14 01:40:09.920 UTC: 	 Executing command: 'resubmit'
DEBUG 2024-10-14 01:40:09.920 UTC: 	 Found CRAB cache file /afs/cern.ch/user/w/wkwon/.crab3
DEBUG 2024-10-14 01:40:09.959 UTC: 	 Checking credentials
DEBUG 2024-10-14 01:40:09.959 UTC: 	 Found proxy file /tmp/x509up_u168090
DEBUG 2024-10-14 01:40:09.959 UTC: 	 Making sure it has proper VOMS extension
DEBUG 2024-10-14 01:40:09.959 UTC: 	 Executing command :
 voms-proxy-info --vo --file /tmp/x509up_u168090
DEBUG 2024-10-14 01:40:10.345 UTC: 	 output : cms

 error: 
 retcode : 0
DEBUG 2024-10-14 01:40:10.345 UTC: 	 Getting proxy life time left
DEBUG 2024-10-14 01:40:10.345 UTC: 	 Executing command :
 voms-proxy-info --actimeleft --timeleft --file /tmp/x509up_u168090
DEBUG 2024-10-14 01:40:10.728 UTC: 	 output : 691173
691173

 error: 
 retcode : 0
DEBUG 2024-10-14 01:40:10.729 UTC: 	 Proxy valid for 191:59:33 hours
DEBUG 2024-10-14 01:40:10.729 UTC: 	 Encoded data for curl request: subresource=delegatedn
DEBUG 2024-10-14 01:40:10.787 UTC: 	 Registering user credentials on myproxy for /DC=ch/DC=cern/OU=computers/CN=crab-(preprod|prod)-tw(01|02).cern.ch|/DC=ch/DC=cern/OU=computers/CN=crab-dev-tw(01|02|03|04).cern.ch|/DC=ch/DC=cern/OU=Organic Units/OU=Users/CN=cmscrab/CN=(817881|373708)/CN=Robot: cms crab|/DC=ch/DC=cern/OU=Organic Units/OU=Users/CN=crabint1/CN=373708/CN=Robot: CMS CRAB Integration 1
DEBUG 2024-10-14 01:40:10.787 UTC: 	 Executing command :
 voms-proxy-info --identity --file /tmp/x509up_u168090
DEBUG 2024-10-14 01:40:11.166 UTC: 	 output : /DC=ch/DC=cern/OU=Organic Units/OU=Users/CN=wkwon/CN=874403/CN=Wooyeon Kwon

 error: 
 retcode : 0
DEBUG 2024-10-14 01:40:11.166 UTC: 	 Getting myproxy life time left for f8986532409fa907e5c13102198102ce78e92be8
DEBUG 2024-10-14 01:40:11.167 UTC: 	 Executing command :
 myproxy-info -s myproxy.cern.ch -l f8986532409fa907e5c13102198102ce78e92be8
DEBUG 2024-10-14 01:40:11.481 UTC: 	 output : username: f8986532409fa907e5c13102198102ce78e92be8
owner: /DC=ch/DC=cern/OU=Organic Units/OU=Users/CN=wkwon/CN=874403/CN=Wooyeon Kwon
  renewal policy: /DC=ch/DC=cern/OU=computers/CN=crab-(preprod|prod)-tw(01|02).cern.ch|/DC=ch/DC=cern/OU=computers/CN=crab-dev-tw(01|02|03|04).cern.ch|/DC=ch/DC=cern/OU=Organic Units/OU=Users/CN=cmscrab/CN=(817881|373708)/CN=Robot: cms crab|/DC=ch/DC=cern/OU=Organic Units/OU=Users/CN=crabint1/CN=373708/CN=Robot: CMS CRAB Integration 1
  trusted retrieval policy: /DC=ch/DC=cern/OU=computers/CN=crab-(preprod|prod)-tw(01|02).cern.ch|/DC=ch/DC=cern/OU=computers/CN=crab-dev-tw(01|02|03|04).cern.ch|/DC=ch/DC=cern/OU=Organic Units/OU=Users/CN=cmscrab/CN=(817881|373708)/CN=Robot: cms crab|/DC=ch/DC=cern/OU=Organic Units/OU=Users/CN=crabint1/CN=373708/CN=Robot: CMS CRAB Integration 1
  timeleft: 627:31:31  (26.1 days)

 error: 
 retcode : 0
DEBUG 2024-10-14 01:40:11.481 UTC: 	 Myproxy is valid: 2259060
DEBUG 2024-10-14 01:40:11.481 UTC: 	 Result of myproxy credential check:
  Credential exists on myproxy: username: f8986532409fa907e5c13102198102ce78e92be8  - validity: 26 days, 3:31:00
DEBUG 2024-10-14 01:40:11.484 UTC: 	 Encoded data for curl request: subresource=search&workflow=241013_070244%3Awkwon_crab_MuonAnalysis_TnP_Run2023D0
DEBUG 2024-10-14 01:40:11.552 UTC: 	 Command use: resubmit
DEBUG 2024-10-14 01:40:11.553 UTC: 	 Options use: ['-d', 'crab_projects/crab_MuonAnalysis_TnP_Run2023D0/']
DEBUG 2024-10-14 01:40:11.553 UTC: 	 Encoded data for curl request: subresource=version
DEBUG 2024-10-14 01:40:11.606 UTC: 	 CRABClient version: v3.240621
DEBUG 2024-10-14 01:40:11.606 UTC: 	 Instance is prod
DEBUG 2024-10-14 01:40:11.606 UTC: 	 Server base url is cmsweb.cern.ch
DEBUG 2024-10-14 01:40:11.606 UTC: 	 Command api workflow
DEBUG 2024-10-14 01:40:11.618 UTC: 	 CRAB Client version: v3.240621
DEBUG 2024-10-14 01:40:11.618 UTC: 	 Running on: Linux lxplus905.cern.ch 5.14.0-427.31.1.el9_4.x86_64 #1 SMP PREEMPT_DYNAMIC Fri Aug 9 14:06:03 EDT 2024 x86_64 x86_64 x86_64 GNU/Linux - Red Hat Enterprise Linux 9.4 (Plow)
DEBUG 2024-10-14 01:40:11.618 UTC: 	 Executing command: 'status'
DEBUG 2024-10-14 01:40:11.618 UTC: 	 Found CRAB cache file /afs/cern.ch/user/w/wkwon/.crab3
DEBUG 2024-10-14 01:40:11.677 UTC: 	 Checking credentials
DEBUG 2024-10-14 01:40:11.678 UTC: 	 Found proxy file /tmp/x509up_u168090
DEBUG 2024-10-14 01:40:11.678 UTC: 	 Making sure it has proper VOMS extension
DEBUG 2024-10-14 01:40:11.678 UTC: 	 Executing command :
 voms-proxy-info --vo --file /tmp/x509up_u168090
DEBUG 2024-10-14 01:40:12.060 UTC: 	 output : cms

 error: 
 retcode : 0
DEBUG 2024-10-14 01:40:12.061 UTC: 	 Getting proxy life time left
DEBUG 2024-10-14 01:40:12.061 UTC: 	 Executing command :
 voms-proxy-info --actimeleft --timeleft --file /tmp/x509up_u168090
DEBUG 2024-10-14 01:40:12.425 UTC: 	 output : 691171
691171

 error: 
 retcode : 0
DEBUG 2024-10-14 01:40:12.425 UTC: 	 Proxy valid for 191:59:31 hours
DEBUG 2024-10-14 01:40:12.425 UTC: 	 Encoded data for curl request: subresource=delegatedn
DEBUG 2024-10-14 01:40:12.478 UTC: 	 Registering user credentials on myproxy for /DC=ch/DC=cern/OU=computers/CN=crab-(preprod|prod)-tw(01|02).cern.ch|/DC=ch/DC=cern/OU=computers/CN=crab-dev-tw(01|02|03|04).cern.ch|/DC=ch/DC=cern/OU=Organic Units/OU=Users/CN=cmscrab/CN=(817881|373708)/CN=Robot: cms crab|/DC=ch/DC=cern/OU=Organic Units/OU=Users/CN=crabint1/CN=373708/CN=Robot: CMS CRAB Integration 1
DEBUG 2024-10-14 01:40:12.478 UTC: 	 Executing command :
 voms-proxy-info --identity --file /tmp/x509up_u168090
DEBUG 2024-10-14 01:40:12.829 UTC: 	 output : /DC=ch/DC=cern/OU=Organic Units/OU=Users/CN=wkwon/CN=874403/CN=Wooyeon Kwon

 error: 
 retcode : 0
DEBUG 2024-10-14 01:40:12.830 UTC: 	 Getting myproxy life time left for f8986532409fa907e5c13102198102ce78e92be8
DEBUG 2024-10-14 01:40:12.830 UTC: 	 Executing command :
 myproxy-info -s myproxy.cern.ch -l f8986532409fa907e5c13102198102ce78e92be8
DEBUG 2024-10-14 01:40:13.089 UTC: 	 output : username: f8986532409fa907e5c13102198102ce78e92be8
owner: /DC=ch/DC=cern/OU=Organic Units/OU=Users/CN=wkwon/CN=874403/CN=Wooyeon Kwon
  renewal policy: /DC=ch/DC=cern/OU=computers/CN=crab-(preprod|prod)-tw(01|02).cern.ch|/DC=ch/DC=cern/OU=computers/CN=crab-dev-tw(01|02|03|04).cern.ch|/DC=ch/DC=cern/OU=Organic Units/OU=Users/CN=cmscrab/CN=(817881|373708)/CN=Robot: cms crab|/DC=ch/DC=cern/OU=Organic Units/OU=Users/CN=crabint1/CN=373708/CN=Robot: CMS CRAB Integration 1
  trusted retrieval policy: /DC=ch/DC=cern/OU=computers/CN=crab-(preprod|prod)-tw(01|02).cern.ch|/DC=ch/DC=cern/OU=computers/CN=crab-dev-tw(01|02|03|04).cern.ch|/DC=ch/DC=cern/OU=Organic Units/OU=Users/CN=cmscrab/CN=(817881|373708)/CN=Robot: cms crab|/DC=ch/DC=cern/OU=Organic Units/OU=Users/CN=crabint1/CN=373708/CN=Robot: CMS CRAB Integration 1
  timeleft: 627:31:29  (26.1 days)

 error: 
 retcode : 0
DEBUG 2024-10-14 01:40:13.090 UTC: 	 Myproxy is valid: 2259060
DEBUG 2024-10-14 01:40:13.090 UTC: 	 Result of myproxy credential check:
  Credential exists on myproxy: username: f8986532409fa907e5c13102198102ce78e92be8  - validity: 26 days, 3:31:00
DEBUG 2024-10-14 01:40:13.090 UTC: 	 Retrieving username ...
DEBUG 2024-10-14 01:40:13.090 UTC: 	 Retrieving username from CRIC...
DEBUG 2024-10-14 01:40:13.711 UTC: 	 username is wkwon
INFO 2024-10-14 01:40:14.163 UTC: 	 Rucio client intialized for account wkwon
DEBUG 2024-10-14 01:40:14.164 UTC: 	 Command use: status
DEBUG 2024-10-14 01:40:14.164 UTC: 	 Options use: []
DEBUG 2024-10-14 01:40:14.164 UTC: 	 Encoded data for curl request: subresource=version
DEBUG 2024-10-14 01:40:14.222 UTC: 	 CRABClient version: v3.240621
DEBUG 2024-10-14 01:40:14.222 UTC: 	 Instance is prod
DEBUG 2024-10-14 01:40:14.222 UTC: 	 Server base url is cmsweb.cern.ch
DEBUG 2024-10-14 01:40:14.222 UTC: 	 Command api workflow
DEBUG 2024-10-14 01:40:14.223 UTC: 	 Encoded data for curl request: subresource=search&workflow=241013_070244%3Awkwon_crab_MuonAnalysis_TnP_Run2023D0
DEBUG 2024-10-14 01:40:14.288 UTC: 	 Got information from server oracle database: {'desc': {'columns': ['tm_taskname', 'tm_activity', 'tm_task_status', 'tm_task_command', 'tm_start_time', 'tm_start_injection', 'tm_end_injection', 'tm_task_failure', 'tm_job_sw', 'tm_job_arch', 'tm_input_dataset', 'tm_nonvalid_input_dataset', 'tm_use_parent', 'tm_site_whitelist', 'tm_site_blacklist', 'tm_split_algo', 'tm_split_args', 'tm_user_sandbox', 'tm_cache_url', 'tm_username', 'tm_user_dn', 'tm_user_vo', 'tm_user_role', 'tm_user_group', 'tm_publish_name', 'tm_publish_groupname', 'tm_asyncdest', 'tm_dbs_url', 'tm_publish_dbs_url', 'tm_publication', 'tm_outfiles', 'tm_tfile_outfiles', 'tm_edm_outfiles', 'tm_job_type', 'tm_generator', 'tm_events_per_lumi', 'tm_arguments', 'tm_save_logs', 'tw_name', 'tm_user_infiles', 'tm_maxjobruntime', 'tm_numcores', 'tm_maxmemory', 'tm_priority', 'tm_output_dataset', 'tm_task_warnings', 'tm_user_webdir', 'tm_scriptexe', 'tm_scriptargs', 'tm_extrajdl', 'tm_collector', 'tm_schedd', 'tm_dry_run', 'tm_user_files', 'tm_transfer_outputs', 'tm_output_lfn', 'tm_ignore_locality', 'tm_fail_limit', 'tm_one_event_mode', 'tm_secondary_input_dataset', 'tm_primary_dataset', 'tm_last_publication', 'tm_debug_files', 'clusterid', 'tm_ignore_global_blacklist', 'tm_submitter_ip_addr', 'tm_totalunits', 'tm_ddm_reqid', 'tm_user_config', 'tm_transfer_container', 'tm_transfer_rule', 'tm_publish_rule', 'tm_multipub_rule']}, 'result': ['241013_070244:wkwon_crab_MuonAnalysis_TnP_Run2023D0', 'None', 'SUBMITTED', 'SUBMIT', '2024-10-13 07:02:44.400293', 'None', '2024-10-13 07:04:09.186855', 'None', 'CMSSW_14_0_12', 'el9_amd64_gcc12', '/Muon0/Run2023D-PromptReco-v2/AOD', 'F', '0', '[]', '[]', 'FileBased', "{'halt_job_on_file_boundaries': False, 'splitOnRun': False, 'files_per_job': 100, 'runs': ['366727', '366729', '366801', '366802', '366804', '366820', '366821', '366829', '366832', '366833', '366838', '366840', '366841', '366850', '366933', '367062', '367063', '367064', '367065', '367070', '367079', '367095', '367100', '367102', '367103', '367104', '367111', '367112', '367127', '367128', '367129', '367130', '367131', '367133', '367228', '367229', '367230', '367231', '367232', '367234', '367260', '367262', '367263', '367264', '367267', '367269', '367270', '367271', '367312', '367314', '367315', '367334', '367336', '367337', '367355', '367406', '367413', '367415', '367416', '367475', '367477', '367515', '367516', '367552', '367553', '367554', '367615', '367618', '367619', '367661', '367662', '367663', '367665', '367666', '367691', '367696', '367699', '367730', '367742', '367758', '367770', '367771', '367772', '367790', '367831', '367836', '367838', '367840', '367881', '367883', '367884', '367902', '367904', '367905', '367906', '367907', '367908', '367910', '368223', '368224', '368229', '368318', '368320', '368321', '368332', '368333', '368343', '368382', '368384', '368388', '368389', '368400', '368410', '368412', '368423', '368451', '368453', '368454', '368489', '368546', '368547', '368548', '368566', '368567', '368609', '368611', '368613', '368636', '368669', '368670', '368672', '368674', '368675', '368676', '368678', '368684', '368685', '368723', '368724', '368746', '368749', '368753', '368762', '368764', '368765', '368822', '368823', '369927', '369943', '369956', '369978', '369998', '369999', '370093', '370097', '370102', '370129', '370144', '370169', '370172', '370175', '370293', '370294', '370300', '370304', '370307', '370321', '370332', '370340', '370354', '370357', '370406', '370436', '370460', '370472', '370497', '370522', '370560', '370579', '370580', '370667', '370717', '370725', '370749', '370753', '370772', '370774', '370775', '370776', '370790'], 'lumis': ['1,243', '1,414', '1,429', '1,22', '1,150', '40,411', '1,967', '19,233', '1,258', '1,623', '46,157', '1,180', '1,258', '40,180', '55,1224', '65,77', '1,15', '1,9,32,40,42,55,63,66,70,74,76,95,97,98,100,130,141,166,168,181,184,192,212,240,257,263,301,358,360,362,364,368,370,380,394,403,405,458,461,467', '1,262', '54,55,57,80,82,116,118,122,124,125,209,216,357,363', '36,748', '1,564', '45,390', '1,75', '1,64', '1,1082', '51,338', '1,1438', '18,350', '1,2,6,6,11,12,14,15', '1,3', '1,2,6,9,13,126,135,167', '1,149', '1,275', '55,280,285,287,292,294,298,304', '1,34', '1,1', '1,22', '1,996', '1,501', '52,69,72,240', '1,42,49,119,123,271', '10,21', '1,847', '45,322', '1,33', '1,961', '1,135', '53,225,227,269', '1,20', '1,893', '26,324', '1,169', '1,1046', '60,63', '48,476', '68,448,450,467,469,746,748,750,752,898,900,1340,1342,1367', '1,97', '1,55', '56,634', '1,1289', '44,668', '1,1236', '49,59', '1,644', '1,312', '53,484', '18,341', '1,300,302,501,503,579', '50,366', '1,18', '1,1', '1,271', '1,11,16,86', '46,204', '1,856,858,1920', '1,151', '48,562', '39,443', '52,767', '47,198', '1,91', '1,6', '1,160', '53,504', '48,588', '1,793', '1,570', '14,152', '1,1050', '1,1011', '42,273', '1,103', '1,48', '1,344', '1,119', '1,358', '1,593', '45,437,445,487', '1,57', '52,569', '37,319', '1,285', '1,337', '1,14', '1,25', '1,328', '37,792', '1,44', '39,444,448,1431,1434,1472', '1,198', '40,271', '49,1501', '1,92', '42,159,161,516', '1,144', '1,5', '1,68,72,1168', '47,791,793,827,829,863,865,899,901,935,937,971,973,1007,1009,1043,1045,1079,1081,1280,1282,1380,1382,1581,1583,1595', '1,659', '1,194,197,702', '1,75,77,86,89,90,93,280,282,1044', '1,1195', '1,31,33,411,414,436', '41,1039', '1,247,249,382', '1,260', '51,819', '42,410', '1,255,306,308', '1,866', '1,12', '1,50', '1,156', '1,171', '40,135', '1,1481', '63,63,97,188', '1,1200', '39,77', '1,169', '1,976', '45,238', '1,1', '1,1386', '45,330,332,908,910,991', '3,35', '37,376', '1,384', '37,1076', '31,812', '1,179', '1,41', '1,450', '1,356', '1,762', '42,123,125,552', '1,715,717,1329', '46,454,456,490,492,526,528,562,564,598,600,935,1002,1014,1016,1019,1021,1033,1035,1449', '1,300', '92,757,759,1785', '39,1618', '1,668', '1,962', '1,327', '1,708', '39,52', '1,144,146,1523,1525,1968', '24,779', '34,311', '1,801', '37,121,123,738,746,869', '1,31', '8,123', '1,32,34,43', '1,115,117,1419,1426,1436', '48,369', '62,90,92,410', '33,113,120,123', '1,2875', '1,28,30,102', '39,157', '44,392,394,456', '49,173,175,483,485,966,968,1541', '1,249', '29,1247', '1,159', '1,168', '1,326', '54,76']}", '90c51b3f0a8edd31014b9742573a61fa1de7e8370b93029ba37f1160af6740a6.tar.gz', 'https://cmsweb.cern.ch/S3/crabcache_prod', 'wkwon', '/DC=ch/DC=cern/OU=Organic Units/OU=Users/CN=wkwon/CN=874403/CN=Wooyeon Kwon', 'cms', 'None', 'None', 'crab_MuonAnalysis_TnP_Run2023D0-00000000000000000000000000000000', 'F', 'T3_KR_KNU', 'https://cmsweb.cern.ch/dbs/prod/global/DBSReader', 'https://cmsweb.cern.ch/dbs/prod/phys03/DBSWriter', 'F', '[]', "['data.root']", '[]', 'Analysis', 'pythia', 'None', '{}', 'F', 'crab-prod-tw01', '[]', '1250', '1', '2000', '10', "['/FakeDataset/fakefile-FakePublish-3fdb30edbf5187c2b621460743c8fa09/USER']", '[]', 'http://vocms0196.cern.ch/mon/wkwon/241013_070244:wkwon_crab_MuonAnalysis_TnP_Run2023D0', 'None', '[]', '[]', 'cmsgwms-collector-global.cern.ch:9620,cmsgwms-collector-global.fnal.gov:9620', 'crab3@vocms0196.cern.ch', 'F', '[]', 'T', '/store/user/wkwon/AnalysisResults/', 'F', 'None', 'F', 'None', 'Muon0', 'None', 'b425de7043fd87291145001f893f38e65764c8602f104fd2deec8e809feb1cdf.tar.gz', '109417540', 'F', '137.138.154.184', '0.0', 'None', '{"partialdataset": false, "requireaccelerator": false, "acceleratorparams": null, "inputblocks": null}', 'None', 'None', 'None', 'None']}
INFO 2024-10-14 01:40:14.288 UTC: 	 CRAB project directory:		/eos/home-w/wkwon/CMSSW_14_0_12/src/work/Analysis/crab_projects/crab_MuonAnalysis_TnP_Run2023D0
INFO 2024-10-14 01:40:14.288 UTC: 	 Task name:			241013_070244:wkwon_crab_MuonAnalysis_TnP_Run2023D0
INFO 2024-10-14 01:40:14.288 UTC: 	 Grid scheduler - Task Worker:	crab3@vocms0196.cern.ch - crab-prod-tw01
INFO 2024-10-14 01:40:14.288 UTC: 	 Status on the CRAB server:	SUBMITTED
INFO 2024-10-14 01:40:14.288 UTC: 	 Task URL to use for HELP:	https://cmsweb.cern.ch/crabserver/ui/task/241013_070244%3Awkwon_crab_MuonAnalysis_TnP_Run2023D0
INFO 2024-10-14 01:40:14.294 UTC: 	 Dashboard monitoring URL:	https://monit-grafana.cern.ch/d/cmsTMDetail/cms-task-monitoring-task-view?orgId=11&var-user=wkwon&var-task=241013_070244%3Awkwon_crab_MuonAnalysis_TnP_Run2023D0&from=1728799364000&to=now
DEBUG 2024-10-14 01:40:14.294 UTC: 	 The CRAB server submitted your task to the Grid scheduler (cluster ID: 109417540)
DEBUG 2024-10-14 01:40:14.294 UTC: 	 Webdir is located at http://vocms0196.cern.ch/mon/wkwon/241013_070244:wkwon_crab_MuonAnalysis_TnP_Run2023D0
DEBUG 2024-10-14 01:40:14.295 UTC: 	 Encoded data for curl request: subresource=webdirprx&workflow=241013_070244%3Awkwon_crab_MuonAnalysis_TnP_Run2023D0
DEBUG 2024-10-14 01:40:14.359 UTC: 	 Proxied webdir is located at https://cmsweb.cern.ch:8443/scheddmon/0196/wkwon/241013_070244:wkwon_crab_MuonAnalysis_TnP_Run2023D0
DEBUG 2024-10-14 01:40:14.359 UTC: 	 Retrieving 'status_cache' file from https://cmsweb.cern.ch:8443/scheddmon/0196/wkwon/241013_070244:wkwon_crab_MuonAnalysis_TnP_Run2023D0/status_cache.pkl
DEBUG 2024-10-14 01:40:14.359 UTC: 	 Will execute:
curl -sS --capath /etc/grid-security/certificates --cert /tmp/x509up_u168090 --key /tmp/x509up_u168090 -o /tmp/crab_status-cache-7njstcc6.pkl -w %"{http_code}" "https://cmsweb.cern.ch:8443/scheddmon/0196/wkwon/241013_070244:wkwon_crab_MuonAnalysis_TnP_Run2023D0/status_cache.pkl"
DEBUG 2024-10-14 01:40:14.359 UTC: 	 Executing command :
 curl -sS --capath /etc/grid-security/certificates --cert /tmp/x509up_u168090 --key /tmp/x509up_u168090 -o /tmp/crab_status-cache-7njstcc6.pkl -w %"{http_code}" "https://cmsweb.cern.ch:8443/scheddmon/0196/wkwon/241013_070244:wkwon_crab_MuonAnalysis_TnP_Run2023D0/status_cache.pkl"
DEBUG 2024-10-14 01:40:14.414 UTC: 	 output : 200
 error: 
 retcode : 0
DEBUG 2024-10-14 01:40:14.414 UTC: 	 exitcode: 0
stdout: 200
stderr: 
error details: 
DEBUG 2024-10-14 01:40:14.415 UTC: 	 Got information from status cache file: {'5': {'Retries': 2, 'Restarts': 0, 'SiteHistory': ['T2_ES_IFCA', 'T2_ES_IFCA', 'T2_ES_IFCA', 'T2_ES_IFCA', 'Unknown', 'T2_ES_IFCA', 'T2_ES_IFCA'], 'ResidentSetSize': [381292, 381072, 379644], 'SubmitTimes': [1728803112.0, 1728803364.0, 1728803629.0], 'StartTimes': [1728803161.0, 1728803412.0, 1728804155.0], 'EndTimes': [1728803295.0, 1728803503.0, 1728804337.0], 'TotalUserCpuTimeHistory': [1, 4, 4], 'TotalSysCpuTimeHistory': [1, 1, 1], 'WallDurations': [8.0, 134.0, 9.0, 91.0, 182.0, 221.72297406196594, 221.72297406196594], 'JobIds': ['109417543.0', '109417682.0', '109418204.0'], 'State': 'failed', 'RecordedSite': True, 'Error': [8028, "Error while running CMSSW:\nFatal Exception\nAn exception of category 'FallbackFileOpenError' occurred while\n   [0] Constructing the EventProcessor\n   [1] Constructing input source of type PoolSource\n   [2] Calling RootInputFileSequence::initTheFile()\n   [3] Calling StorageFactory::open()\n   [4] Calling XrdFile::open()\nException Message:\nFailed to open the file 'root://xrootd-cms.infn.it//store/data/Run2023D/Muon0/AOD/PromptReco-v2/000/370/749/00000/00e07541-3b52-4eaf-9eb8-21cf483eca8f.root'\n   Additional Info:\n      [a] Calling RootInputFileSequence::initTheFile(): fail to open the file with name root://gridftp.ifca.es//store/data/Run2023D/Muon0/AOD/PromptReco-v2/000/370/749/00000/00e07541-3b52-4eaf-9eb8-21cf483eca8f.root\n      [b] Calling RootInputFileSequence::initTheFile(): fail to open the file with name file:/cms/store/data/Run2023D/Muon0/AOD/PromptReco-v2/000/370/749/00000/00e07541-3b52-4eaf-9eb8-21cf483eca8f.root\n      [c] Input file root://xrootd-cms.infn.it//store/data/Run2023D/Muon0/AOD/PromptReco-v2/000/370/749/00000/00e07541-3b52-4eaf-9eb8-21cf483eca8f.root could not be opened.\n      [d] XrdCl::File::Open(name='root://xrootd-cms.infn.it//store/data/Run2023D/Muon0/AOD/PromptReco-v2/000/370/749/00000/00e07541-3b52-4eaf-9eb8-21cf483eca8f.root', flags=0x10, permissions=0660) => error '[ERROR] Server responded with an error: [3011] No servers are available to read the file.\n' (errno=3011, code=400). No additional data servers were found.\n      [e] Last URL tried: root://cms-xrd-global.cern.ch:1094//store/data/Run2023D/Muon0/AOD/PromptReco-v2/000/370/749/00000/00e07541-3b52-4eaf-9eb8-21cf483eca8f.root?tried=+1213xrootd-cms-redir-int.cr.cnaf.infn.it,&xrdcl.requuid=b9d99a37-e700-414b-a099-e6b69c673362\n      [f] Problematic data server: cms-xrd-global.cern.ch:1094\n      [g] Disabled source: cms-xrd-global.cern.ch:1094\n", {'type': 'Fatal Exception', 'details': "An exception of category 'FallbackFileOpenError' occurred while\n   [0] Constructing the EventProcessor\n   [1] Constructing input source of type PoolSource\n   [2] Calling RootInputFileSequence::initTheFile()\n   [3] Calling StorageFactory::open()\n   [4] Calling XrdFile::open()\nException Message:\nFailed to open the file 'root://xrootd-cms.infn.it//store/data/Run2023D/Muon0/AOD/PromptReco-v2/000/370/749/00000/00e07541-3b52-4eaf-9eb8-21cf483eca8f.root'\n   Additional Info:\n      [a] Calling RootInputFileSequence::initTheFile(): fail to open the file with name root://gridftp.ifca.es//store/data/Run2023D/Muon0/AOD/PromptReco-v2/000/370/749/00000/00e07541-3b52-4eaf-9eb8-21cf483eca8f.root\n      [b] Calling RootInputFileSequence::initTheFile(): fail to open the file with name file:/cms/store/data/Run2023D/Muon0/AOD/PromptReco-v2/000/370/749/00000/00e07541-3b52-4eaf-9eb8-21cf483eca8f.root\n      [c] Input file root://xrootd-cms.infn.it//store/data/Run2023D/Muon0/AOD/PromptReco-v2/000/370/749/00000/00e07541-3b52-4eaf-9eb8-21cf483eca8f.root could not be opened.\n      [d] XrdCl::File::Open(name='root://xrootd-cms.infn.it//store/data/Run2023D/Muon0/AOD/PromptReco-v2/000/370/749/00000/00e07541-3b52-4eaf-9eb8-21cf483eca8f.root', flags=0x10, permissions=0660) => error '[ERROR] Server responded with an error: [3011] No servers are available to read the file.\n' (errno=3011, code=400). No additional data servers were found.\n      [e] Last URL tried: root://cms-xrd-global.cern.ch:1094//store/data/Run2023D/Muon0/AOD/PromptReco-v2/000/370/749/00000/00e07541-3b52-4eaf-9eb8-21cf483eca8f.root?tried=+1213xrootd-cms-redir-int.cr.cnaf.infn.it,&xrdcl.requuid=b9d99a37-e700-414b-a099-e6b69c673362\n      [f] Problematic data server: cms-xrd-global.cern.ch:1094\n      [g] Disabled source: cms-xrd-global.cern.ch:1094", 'exitCode': 8028}]}, '2': {'Retries': 0, 'Restarts': 0, 'SiteHistory': ['T2_RU_JINR', 'T2_RU_JINR'], 'ResidentSetSize': [807680], 'SubmitTimes': [1728803112.0], 'StartTimes': [1728803163.0], 'EndTimes': [1728812118.0], 'TotalUserCpuTimeHistory': [5184], 'TotalSysCpuTimeHistory': [73], 'WallDurations': [8.0, 8955.0], 'JobIds': ['109417544.0'], 'State': 'finished', 'RecordedSite': True}, '8': {'Retries': 2, 'Restarts': 0, 'SiteHistory': ['T2_ES_IFCA', 'T2_ES_IFCA', 'T2_ES_IFCA', 'T2_ES_IFCA', 'T2_ES_IFCA', 'T2_ES_IFCA'], 'ResidentSetSize': [379720, 96440, 12232], 'SubmitTimes': [1728803112.0, 1728803474.0, 1728803709.0], 'StartTimes': [1728803161.0, 1728803517.0, 1728804155.0], 'EndTimes': [1728803406.0, 1728803579.0, 1728804245.0], 'TotalUserCpuTimeHistory': [2, 0, 3], 'TotalSysCpuTimeHistory': [1, 0, 1], 'WallDurations': [9.0, 245.0, 62.0, 90.0, 221.72297406196594, 221.72297406196594], 'JobIds': ['109417545.0', '109417792.0', '109418208.0'], 'State': 'failed', 'RecordedSite': True, 'Error': [8028, "Error while running CMSSW:\nFatal Exception\nAn exception of category 'FallbackFileOpenError' occurred while\n   [0] Constructing the EventProcessor\n   [1] Constructing input source of type PoolSource\n   [2] Calling RootInputFileSequence::initTheFile()\n   [3] Calling StorageFactory::open()\n   [4] Calling XrdFile::open()\nException Message:\nFailed to open the file 'root://xrootd-cms.infn.it//store/data/Run2023D/Muon0/AOD/PromptReco-v2/000/370/749/00000/a07b5415-e56c-4879-ba1b-aeb43bcee193.root'\n   Additional Info:\n      [a] Calling RootInputFileSequence::initTheFile(): fail to open the file with name root://gridftp.ifca.es//store/data/Run2023D/Muon0/AOD/PromptReco-v2/000/370/749/00000/a07b5415-e56c-4879-ba1b-aeb43bcee193.root\n      [b] Calling RootInputFileSequence::initTheFile(): fail to open the file with name file:/cms/store/data/Run2023D/Muon0/AOD/PromptReco-v2/000/370/749/00000/a07b5415-e56c-4879-ba1b-aeb43bcee193.root\n      [c] Input file root://xrootd-cms.infn.it//store/data/Run2023D/Muon0/AOD/PromptReco-v2/000/370/749/00000/a07b5415-e56c-4879-ba1b-aeb43bcee193.root could not be opened.\n      [d] XrdCl::File::Open(name='root://xrootd-cms.infn.it//store/data/Run2023D/Muon0/AOD/PromptReco-v2/000/370/749/00000/a07b5415-e56c-4879-ba1b-aeb43bcee193.root', flags=0x10, permissions=0660) => error '[ERROR] Server responded with an error: [3011] No servers are available to read the file.\n' (errno=3011, code=400). No additional data servers were found.\n      [e] Last URL tried: root://cms-xrd-global.cern.ch:1094//store/data/Run2023D/Muon0/AOD/PromptReco-v2/000/370/749/00000/a07b5415-e56c-4879-ba1b-aeb43bcee193.root?tried=+1213xrootd-redic.pi.infn.it,&xrdcl.requuid=11ed3f3d-4283-4556-97df-0d1449967319\n      [f] Problematic data server: cms-xrd-global.cern.ch:1094\n      [g] Disabled source: cms-xrd-global.cern.ch:1094\n", {'type': 'Fatal Exception', 'details': "An exception of category 'FallbackFileOpenError' occurred while\n   [0] Constructing the EventProcessor\n   [1] Constructing input source of type PoolSource\n   [2] Calling RootInputFileSequence::initTheFile()\n   [3] Calling StorageFactory::open()\n   [4] Calling XrdFile::open()\nException Message:\nFailed to open the file 'root://xrootd-cms.infn.it//store/data/Run2023D/Muon0/AOD/PromptReco-v2/000/370/749/00000/a07b5415-e56c-4879-ba1b-aeb43bcee193.root'\n   Additional Info:\n      [a] Calling RootInputFileSequence::initTheFile(): fail to open the file with name root://gridftp.ifca.es//store/data/Run2023D/Muon0/AOD/PromptReco-v2/000/370/749/00000/a07b5415-e56c-4879-ba1b-aeb43bcee193.root\n      [b] Calling RootInputFileSequence::initTheFile(): fail to open the file with name file:/cms/store/data/Run2023D/Muon0/AOD/PromptReco-v2/000/370/749/00000/a07b5415-e56c-4879-ba1b-aeb43bcee193.root\n      [c] Input file root://xrootd-cms.infn.it//store/data/Run2023D/Muon0/AOD/PromptReco-v2/000/370/749/00000/a07b5415-e56c-4879-ba1b-aeb43bcee193.root could not be opened.\n      [d] XrdCl::File::Open(name='root://xrootd-cms.infn.it//store/data/Run2023D/Muon0/AOD/PromptReco-v2/000/370/749/00000/a07b5415-e56c-4879-ba1b-aeb43bcee193.root', flags=0x10, permissions=0660) => error '[ERROR] Server responded with an error: [3011] No servers are available to read the file.\n' (errno=3011, code=400). No additional data servers were found.\n      [e] Last URL tried: root://cms-xrd-global.cern.ch:1094//store/data/Run2023D/Muon0/AOD/PromptReco-v2/000/370/749/00000/a07b5415-e56c-4879-ba1b-aeb43bcee193.root?tried=+1213xrootd-redic.pi.infn.it,&xrdcl.requuid=11ed3f3d-4283-4556-97df-0d1449967319\n      [f] Problematic data server: cms-xrd-global.cern.ch:1094\n      [g] Disabled source: cms-xrd-global.cern.ch:1094", 'exitCode': 8028}]}, '17': {'Retries': 0, 'Restarts': 0, 'SiteHistory': ['T2_BE_IIHE', 'T2_BE_IIHE'], 'ResidentSetSize': [799836], 'SubmitTimes': [1728803112.0], 'StartTimes': [1728803160.0], 'EndTimes': [1728812929.0], 'TotalUserCpuTimeHistory': [7773], 'TotalSysCpuTimeHistory': [91], 'WallDurations': [9.0, 9769.0], 'JobIds': ['109417546.0'], 'State': 'finished', 'RecordedSite': True}, '15': {'Retries': 0, 'Restarts': 0, 'SiteHistory': ['T2_BE_IIHE', 'T2_BE_IIHE'], 'ResidentSetSize': [799184], 'SubmitTimes': [1728803112.0], 'StartTimes': [1728803161.0], 'EndTimes': [1728828979.0], 'TotalUserCpuTimeHistory': [15315], 'TotalSysCpuTimeHistory': [132], 'WallDurations': [9.0, 25818.0], 'JobIds': ['109417547.0'], 'State': 'finished', 'RecordedSite': True}, '1': {'Retries': 0, 'Restarts': 0, 'SiteHistory': ['T2_RU_JINR', 'T2_RU_JINR'], 'ResidentSetSize': [807468], 'SubmitTimes': [1728803112.0], 'StartTimes': [1728803163.0], 'EndTimes': [1728818219.0], 'TotalUserCpuTimeHistory': [10539], 'TotalSysCpuTimeHistory': [129], 'WallDurations': [8.0, 15056.0], 'JobIds': ['109417548.0'], 'State': 'finished', 'RecordedSite': True}, '7': {'Retries': 2, 'Restarts': 0, 'SiteHistory': ['T2_ES_IFCA', 'T2_ES_IFCA', 'T2_ES_IFCA', 'T2_ES_IFCA', 'Unknown', 'T2_ES_IFCA', 'T2_ES_IFCA'], 'ResidentSetSize': [381504, 381324, 27592], 'SubmitTimes': [1728803112.0, 1728803369.0, 1728803644.0], 'StartTimes': [1728803161.0, 1728803408.0, 1728804155.0], 'EndTimes': [1728803301.0, 1728803515.0, 1728804218.0], 'TotalUserCpuTimeHistory': [4, 1, 3], 'TotalSysCpuTimeHistory': [1, 0, 0], 'WallDurations': [9.0, 140.0, 8.0, 107.0, 63.0, 221.72297406196594, 221.72297406196594], 'JobIds': ['109417549.0', '109417684.0', '109418205.0'], 'State': 'failed', 'RecordedSite': True, 'Error': [8028, "Error while running CMSSW:\nFatal Exception\nAn exception of category 'FallbackFileOpenError' occurred while\n   [0] Constructing the EventProcessor\n   [1] Constructing input source of type PoolSource\n   [2] Calling RootInputFileSequence::initTheFile()\n   [3] Calling StorageFactory::open()\n   [4] Calling XrdFile::open()\nException Message:\nFailed to open the file 'root://xrootd-cms.infn.it//store/data/Run2023D/Muon0/AOD/PromptReco-v2/000/370/749/00000/7142649c-4360-40e9-99cc-b6b0b7efc2e7.root'\n   Additional Info:\n      [a] Calling RootInputFileSequence::initTheFile(): fail to open the file with name root://gridftp.ifca.es//store/data/Run2023D/Muon0/AOD/PromptReco-v2/000/370/749/00000/7142649c-4360-40e9-99cc-b6b0b7efc2e7.root\n      [b] Calling RootInputFileSequence::initTheFile(): fail to open the file with name file:/cms/store/data/Run2023D/Muon0/AOD/PromptReco-v2/000/370/749/00000/7142649c-4360-40e9-99cc-b6b0b7efc2e7.root\n      [c] Input file root://xrootd-cms.infn.it//store/data/Run2023D/Muon0/AOD/PromptReco-v2/000/370/749/00000/7142649c-4360-40e9-99cc-b6b0b7efc2e7.root could not be opened.\n      [d] XrdCl::File::Open(name='root://xrootd-cms.infn.it//store/data/Run2023D/Muon0/AOD/PromptReco-v2/000/370/749/00000/7142649c-4360-40e9-99cc-b6b0b7efc2e7.root', flags=0x10, permissions=0660) => error '[ERROR] Server responded with an error: [3011] No servers are available to read the file.\n' (errno=3011, code=400). No additional data servers were found.\n      [e] Last URL tried: root://cms-xrd-global.cern.ch:1094//store/data/Run2023D/Muon0/AOD/PromptReco-v2/000/370/749/00000/7142649c-4360-40e9-99cc-b6b0b7efc2e7.root?tried=+1213xrootd-redic.pi.infn.it,&xrdcl.requuid=b677247a-1a52-4a26-834b-82450a294289\n      [f] Problematic data server: cms-xrd-global.cern.ch:1094\n      [g] Disabled source: cms-xrd-global.cern.ch:1094\n", {'type': 'Fatal Exception', 'details': "An exception of category 'FallbackFileOpenError' occurred while\n   [0] Constructing the EventProcessor\n   [1] Constructing input source of type PoolSource\n   [2] Calling RootInputFileSequence::initTheFile()\n   [3] Calling StorageFactory::open()\n   [4] Calling XrdFile::open()\nException Message:\nFailed to open the file 'root://xrootd-cms.infn.it//store/data/Run2023D/Muon0/AOD/PromptReco-v2/000/370/749/00000/7142649c-4360-40e9-99cc-b6b0b7efc2e7.root'\n   Additional Info:\n      [a] Calling RootInputFileSequence::initTheFile(): fail to open the file with name root://gridftp.ifca.es//store/data/Run2023D/Muon0/AOD/PromptReco-v2/000/370/749/00000/7142649c-4360-40e9-99cc-b6b0b7efc2e7.root\n      [b] Calling RootInputFileSequence::initTheFile(): fail to open the file with name file:/cms/store/data/Run2023D/Muon0/AOD/PromptReco-v2/000/370/749/00000/7142649c-4360-40e9-99cc-b6b0b7efc2e7.root\n      [c] Input file root://xrootd-cms.infn.it//store/data/Run2023D/Muon0/AOD/PromptReco-v2/000/370/749/00000/7142649c-4360-40e9-99cc-b6b0b7efc2e7.root could not be opened.\n      [d] XrdCl::File::Open(name='root://xrootd-cms.infn.it//store/data/Run2023D/Muon0/AOD/PromptReco-v2/000/370/749/00000/7142649c-4360-40e9-99cc-b6b0b7efc2e7.root', flags=0x10, permissions=0660) => error '[ERROR] Server responded with an error: [3011] No servers are available to read the file.\n' (errno=3011, code=400). No additional data servers were found.\n      [e] Last URL tried: root://cms-xrd-global.cern.ch:1094//store/data/Run2023D/Muon0/AOD/PromptReco-v2/000/370/749/00000/7142649c-4360-40e9-99cc-b6b0b7efc2e7.root?tried=+1213xrootd-redic.pi.infn.it,&xrdcl.requuid=b677247a-1a52-4a26-834b-82450a294289\n      [f] Problematic data server: cms-xrd-global.cern.ch:1094\n      [g] Disabled source: cms-xrd-global.cern.ch:1094", 'exitCode': 8028}]}, '9': {'Retries': 2, 'Restarts': 0, 'SiteHistory': ['T2_ES_IFCA', 'T2_ES_IFCA', 'T2_ES_IFCA', 'T2_ES_IFCA', 'T2_ES_IFCA', 'T2_ES_IFCA'], 'ResidentSetSize': [379324, 381512, 3100], 'SubmitTimes': [1728803112.0, 1728803474.0, 1728803729.0], 'StartTimes': [1728803162.0, 1728803505.0, 1728804155.0], 'EndTimes': [1728803404.0, 1728803601.0, 1728804337.0], 'TotalUserCpuTimeHistory': [2, 4, 4], 'TotalSysCpuTimeHistory': [1, 1, 1], 'WallDurations': [8.0, 242.0, 96.0, 182.0, 221.72297406196594, 221.72297406196594], 'JobIds': ['109417550.0', '109417791.0', '109418210.0'], 'State': 'failed', 'RecordedSite': True, 'Error': [8028, "Error while running CMSSW:\nFatal Exception\nAn exception of category 'FallbackFileOpenError' occurred while\n   [0] Constructing the EventProcessor\n   [1] Constructing input source of type PoolSource\n   [2] Calling RootInputFileSequence::initTheFile()\n   [3] Calling StorageFactory::open()\n   [4] Calling XrdFile::open()\nException Message:\nFailed to open the file 'root://xrootd-cms.infn.it//store/data/Run2023D/Muon0/AOD/PromptReco-v2/000/370/749/00000/dd0b52bc-f758-42b8-a816-9c5d00a9aab4.root'\n   Additional Info:\n      [a] Calling RootInputFileSequence::initTheFile(): fail to open the file with name root://gridftp.ifca.es//store/data/Run2023D/Muon0/AOD/PromptReco-v2/000/370/749/00000/dd0b52bc-f758-42b8-a816-9c5d00a9aab4.root\n      [b] Calling RootInputFileSequence::initTheFile(): fail to open the file with name file:/cms/store/data/Run2023D/Muon0/AOD/PromptReco-v2/000/370/749/00000/dd0b52bc-f758-42b8-a816-9c5d00a9aab4.root\n      [c] Input file root://xrootd-cms.infn.it//store/data/Run2023D/Muon0/AOD/PromptReco-v2/000/370/749/00000/dd0b52bc-f758-42b8-a816-9c5d00a9aab4.root could not be opened.\n      [d] XrdCl::File::Open(name='root://xrootd-cms.infn.it//store/data/Run2023D/Muon0/AOD/PromptReco-v2/000/370/749/00000/dd0b52bc-f758-42b8-a816-9c5d00a9aab4.root', flags=0x10, permissions=0660) => error '[ERROR] Server responded with an error: [3011] No servers are available to read the file.\n' (errno=3011, code=400). No additional data servers were found.\n      [e] Last URL tried: root://cms-xrd-global.cern.ch:1094//store/data/Run2023D/Muon0/AOD/PromptReco-v2/000/370/749/00000/dd0b52bc-f758-42b8-a816-9c5d00a9aab4.root?tried=+1213xrootd-cms-redir-int.cr.cnaf.infn.it,&xrdcl.requuid=4852406b-4005-4fa3-8df5-6ac3e93c716b\n      [f] Problematic data server: cms-xrd-global.cern.ch:1094\n      [g] Disabled source: cms-xrd-global.cern.ch:1094\n", {'type': 'Fatal Exception', 'details': "An exception of category 'FallbackFileOpenError' occurred while\n   [0] Constructing the EventProcessor\n   [1] Constructing input source of type PoolSource\n   [2] Calling RootInputFileSequence::initTheFile()\n   [3] Calling StorageFactory::open()\n   [4] Calling XrdFile::open()\nException Message:\nFailed to open the file 'root://xrootd-cms.infn.it//store/data/Run2023D/Muon0/AOD/PromptReco-v2/000/370/749/00000/dd0b52bc-f758-42b8-a816-9c5d00a9aab4.root'\n   Additional Info:\n      [a] Calling RootInputFileSequence::initTheFile(): fail to open the file with name root://gridftp.ifca.es//store/data/Run2023D/Muon0/AOD/PromptReco-v2/000/370/749/00000/dd0b52bc-f758-42b8-a816-9c5d00a9aab4.root\n      [b] Calling RootInputFileSequence::initTheFile(): fail to open the file with name file:/cms/store/data/Run2023D/Muon0/AOD/PromptReco-v2/000/370/749/00000/dd0b52bc-f758-42b8-a816-9c5d00a9aab4.root\n      [c] Input file root://xrootd-cms.infn.it//store/data/Run2023D/Muon0/AOD/PromptReco-v2/000/370/749/00000/dd0b52bc-f758-42b8-a816-9c5d00a9aab4.root could not be opened.\n      [d] XrdCl::File::Open(name='root://xrootd-cms.infn.it//store/data/Run2023D/Muon0/AOD/PromptReco-v2/000/370/749/00000/dd0b52bc-f758-42b8-a816-9c5d00a9aab4.root', flags=0x10, permissions=0660) => error '[ERROR] Server responded with an error: [3011] No servers are available to read the file.\n' (errno=3011, code=400). No additional data servers were found.\n      [e] Last URL tried: root://cms-xrd-global.cern.ch:1094//store/data/Run2023D/Muon0/AOD/PromptReco-v2/000/370/749/00000/dd0b52bc-f758-42b8-a816-9c5d00a9aab4.root?tried=+1213xrootd-cms-redir-int.cr.cnaf.infn.it,&xrdcl.requuid=4852406b-4005-4fa3-8df5-6ac3e93c716b\n      [f] Problematic data server: cms-xrd-global.cern.ch:1094\n      [g] Disabled source: cms-xrd-global.cern.ch:1094", 'exitCode': 8028}]}, '11': {'Retries': 2, 'Restarts': 0, 'SiteHistory': ['T2_ES_CIEMAT', 'T2_ES_CIEMAT', 'Unknown', 'T2_ES_CIEMAT', 'T2_ES_CIEMAT', 'T2_ES_CIEMAT', 'T2_ES_CIEMAT'], 'ResidentSetSize': [1046728, 1066604, 1030248], 'SubmitTimes': [1728803112.0, 1728812977.0, 1728824316.0], 'StartTimes': [1728803162.0, 1728814428.0, 1728824428.0], 'EndTimes': [1728812908.0, 1728824188.0, 1728836468.0], 'TotalUserCpuTimeHistory': [8050, 8050, 9754], 'TotalSysCpuTimeHistory': [52, 54, 111], 'WallDurations': [8.0, 9746.0, 9.0, 176.0171093940735, 9760.0, 9.0, 12040.0], 'JobIds': ['109417551.0', '109419129.0', '109424651.0'], 'State': 'failed', 'RecordedSite': True, 'Error': [8028, "Error while running CMSSW:\nFatal Exception\nAn exception of category 'FallbackFileOpenError' occurred while\n   [0] Calling InputSource::readFile_\n   [1] Calling RootInputFileSequence::initTheFile()\n   [2] Calling StorageFactory::open()\n   [3] Calling XrdFile::open()\nException Message:\nFailed to open the file 'root://xrootd-es.pic.es:1096//store/data/Run2023D/Muon0/AOD/PromptReco-v2/000/370/772/00000/ef4769b2-656d-42da-b6ef-57b640b5821d.root'\n   Additional Info:\n      [a] Calling RootInputFileSequence::initTheFile(): fail to open the file with name root://gaexrdoor.ciemat.es:2094//store/data/Run2023D/Muon0/AOD/PromptReco-v2/000/370/772/00000/ef4769b2-656d-42da-b6ef-57b640b5821d.root\n      [b] Input file root://xrootd-es.pic.es:1096//store/data/Run2023D/Muon0/AOD/PromptReco-v2/000/370/772/00000/ef4769b2-656d-42da-b6ef-57b640b5821d.root could not be opened.\n      [c] XrdCl::File::Open(name='root://xrootd-es.pic.es:1096//store/data/Run2023D/Muon0/AOD/PromptReco-v2/000/370/772/00000/ef4769b2-656d-42da-b6ef-57b640b5821d.root', flags=0x10, permissions=0660) => error '[ERROR] Operation expired' (errno=0, code=206). No additional data servers were found.\n      [d] Last URL tried: root://gaexrdoor.ciemat.es:1094//store/data/Run2023D/Muon0/AOD/PromptReco-v2/000/370/772/00000/ef4769b2-656d-42da-b6ef-57b640b5821d.root?tried=&xrdcl.requuid=a9ae1e6f-f28f-4987-bd59-593a1a9f27f4\n      [e] Problematic data server: gaexrdoor.ciemat.es:1094\n      [f] Disabled source: gaexrdoor.ciemat.es:1094\n", {'type': 'Fatal Exception', 'details': "An exception of category 'FallbackFileOpenError' occurred while\n   [0] Calling InputSource::readFile_\n   [1] Calling RootInputFileSequence::initTheFile()\n   [2] Calling StorageFactory::open()\n   [3] Calling XrdFile::open()\nException Message:\nFailed to open the file 'root://xrootd-es.pic.es:1096//store/data/Run2023D/Muon0/AOD/PromptReco-v2/000/370/772/00000/ef4769b2-656d-42da-b6ef-57b640b5821d.root'\n   Additional Info:\n      [a] Calling RootInputFileSequence::initTheFile(): fail to open the file with name root://gaexrdoor.ciemat.es:2094//store/data/Run2023D/Muon0/AOD/PromptReco-v2/000/370/772/00000/ef4769b2-656d-42da-b6ef-57b640b5821d.root\n      [b] Input file root://xrootd-es.pic.es:1096//store/data/Run2023D/Muon0/AOD/PromptReco-v2/000/370/772/00000/ef4769b2-656d-42da-b6ef-57b640b5821d.root could not be opened.\n      [c] XrdCl::File::Open(name='root://xrootd-es.pic.es:1096//store/data/Run2023D/Muon0/AOD/PromptReco-v2/000/370/772/00000/ef4769b2-656d-42da-b6ef-57b640b5821d.root', flags=0x10, permissions=0660) => error '[ERROR] Operation expired' (errno=0, code=206). No additional data servers were found.\n      [d] Last URL tried: root://gaexrdoor.ciemat.es:1094//store/data/Run2023D/Muon0/AOD/PromptReco-v2/000/370/772/00000/ef4769b2-656d-42da-b6ef-57b640b5821d.root?tried=&xrdcl.requuid=a9ae1e6f-f28f-4987-bd59-593a1a9f27f4\n      [e] Problematic data server: gaexrdoor.ciemat.es:1094\n      [f] Disabled source: gaexrdoor.ciemat.es:1094", 'exitCode': 8028}]}, '16': {'Retries': 0, 'Restarts': 0, 'SiteHistory': ['T2_BE_IIHE', 'T2_BE_IIHE'], 'ResidentSetSize': [783432], 'SubmitTimes': [1728803112.0], 'StartTimes': [1728803161.0], 'EndTimes': [1728837090.0], 'TotalUserCpuTimeHistory': [21084], 'TotalSysCpuTimeHistory': [179], 'WallDurations': [8.0, 33929.0], 'JobIds': ['109417552.0'], 'State': 'finished', 'RecordedSite': True}, '3': {'Retries': 0, 'Restarts': 0, 'SiteHistory': ['Unknown', 'T2_FR_IPHC', 'T2_FR_IPHC'], 'ResidentSetSize': [795248], 'SubmitTimes': [1728803117.0], 'StartTimes': [1728805660.0], 'EndTimes': [1728808176.0], 'TotalUserCpuTimeHistory': [818], 'TotalSysCpuTimeHistory': [17], 'WallDurations': [8.0, 220.6875250339508, 2516.0], 'JobIds': ['109417553.0'], 'State': 'finished', 'RecordedSite': True}, '4': {'Retries': 0, 'Restarts': 0, 'SiteHistory': ['T2_FR_IPHC', 'T2_FR_IPHC'], 'ResidentSetSize': [763196], 'SubmitTimes': [1728803117.0], 'StartTimes': [1728803164.0], 'EndTimes': [1728803356.0], 'TotalUserCpuTimeHistory': [89], 'TotalSysCpuTimeHistory': [3], 'WallDurations': [0, 192.0], 'JobIds': ['109417554.0'], 'State': 'finished', 'RecordedSite': True}, '6': {'Retries': 2, 'Restarts': 0, 'SiteHistory': ['T2_ES_IFCA', 'T2_ES_IFCA', 'T2_ES_IFCA', 'T2_ES_IFCA', 'Unknown', 'T2_ES_IFCA', 'T2_ES_IFCA'], 'ResidentSetSize': [380432, 381524, 380540], 'SubmitTimes': [1728803117.0, 1728803364.0, 1728803644.0], 'StartTimes': [1728803161.0, 1728803405.0, 1728804155.0], 'EndTimes': [1728803295.0, 1728803515.0, 1728804294.0], 'TotalUserCpuTimeHistory': [1, 1, 4], 'TotalSysCpuTimeHistory': [1, 0, 1], 'WallDurations': [9.0, 134.0, 9.0, 110.0, 139.0, 221.72297406196594, 221.72297406196594], 'JobIds': ['109417555.0', '109417683.0', '109418206.0'], 'State': 'failed', 'RecordedSite': True, 'Error': [8028, "Error while running CMSSW:\nFatal Exception\nAn exception of category 'FallbackFileOpenError' occurred while\n   [0] Constructing the EventProcessor\n   [1] Constructing input source of type PoolSource\n   [2] Calling RootInputFileSequence::initTheFile()\n   [3] Calling StorageFactory::open()\n   [4] Calling XrdFile::open()\nException Message:\nFailed to open the file 'root://xrootd-cms.infn.it//store/data/Run2023D/Muon0/AOD/PromptReco-v2/000/370/749/00000/38a021f9-8d24-420e-aaa2-54a0514886e5.root'\n   Additional Info:\n      [a] Calling RootInputFileSequence::initTheFile(): fail to open the file with name root://gridftp.ifca.es//store/data/Run2023D/Muon0/AOD/PromptReco-v2/000/370/749/00000/38a021f9-8d24-420e-aaa2-54a0514886e5.root\n      [b] Calling RootInputFileSequence::initTheFile(): fail to open the file with name file:/cms/store/data/Run2023D/Muon0/AOD/PromptReco-v2/000/370/749/00000/38a021f9-8d24-420e-aaa2-54a0514886e5.root\n      [c] Input file root://xrootd-cms.infn.it//store/data/Run2023D/Muon0/AOD/PromptReco-v2/000/370/749/00000/38a021f9-8d24-420e-aaa2-54a0514886e5.root could not be opened.\n      [d] XrdCl::File::Open(name='root://xrootd-cms.infn.it//store/data/Run2023D/Muon0/AOD/PromptReco-v2/000/370/749/00000/38a021f9-8d24-420e-aaa2-54a0514886e5.root', flags=0x10, permissions=0660) => error '[ERROR] Server responded with an error: [3011] No servers are available to read the file.\n' (errno=3011, code=400). No additional data servers were found.\n      [e] Last URL tried: root://cms-xrd-global.cern.ch:1094//store/data/Run2023D/Muon0/AOD/PromptReco-v2/000/370/749/00000/38a021f9-8d24-420e-aaa2-54a0514886e5.root?tried=+1213xrootd-cms-redir-int.cr.cnaf.infn.it,&xrdcl.requuid=2f9aa521-bce2-4025-9709-344cb24db784\n      [f] Problematic data server: cms-xrd-global.cern.ch:1094\n      [g] Disabled source: cms-xrd-global.cern.ch:1094\n", {'type': 'Fatal Exception', 'details': "An exception of category 'FallbackFileOpenError' occurred while\n   [0] Constructing the EventProcessor\n   [1] Constructing input source of type PoolSource\n   [2] Calling RootInputFileSequence::initTheFile()\n   [3] Calling StorageFactory::open()\n   [4] Calling XrdFile::open()\nException Message:\nFailed to open the file 'root://xrootd-cms.infn.it//store/data/Run2023D/Muon0/AOD/PromptReco-v2/000/370/749/00000/38a021f9-8d24-420e-aaa2-54a0514886e5.root'\n   Additional Info:\n      [a] Calling RootInputFileSequence::initTheFile(): fail to open the file with name root://gridftp.ifca.es//store/data/Run2023D/Muon0/AOD/PromptReco-v2/000/370/749/00000/38a021f9-8d24-420e-aaa2-54a0514886e5.root\n      [b] Calling RootInputFileSequence::initTheFile(): fail to open the file with name file:/cms/store/data/Run2023D/Muon0/AOD/PromptReco-v2/000/370/749/00000/38a021f9-8d24-420e-aaa2-54a0514886e5.root\n      [c] Input file root://xrootd-cms.infn.it//store/data/Run2023D/Muon0/AOD/PromptReco-v2/000/370/749/00000/38a021f9-8d24-420e-aaa2-54a0514886e5.root could not be opened.\n      [d] XrdCl::File::Open(name='root://xrootd-cms.infn.it//store/data/Run2023D/Muon0/AOD/PromptReco-v2/000/370/749/00000/38a021f9-8d24-420e-aaa2-54a0514886e5.root', flags=0x10, permissions=0660) => error '[ERROR] Server responded with an error: [3011] No servers are available to read the file.\n' (errno=3011, code=400). No additional data servers were found.\n      [e] Last URL tried: root://cms-xrd-global.cern.ch:1094//store/data/Run2023D/Muon0/AOD/PromptReco-v2/000/370/749/00000/38a021f9-8d24-420e-aaa2-54a0514886e5.root?tried=+1213xrootd-cms-redir-int.cr.cnaf.infn.it,&xrdcl.requuid=2f9aa521-bce2-4025-9709-344cb24db784\n      [f] Problematic data server: cms-xrd-global.cern.ch:1094\n      [g] Disabled source: cms-xrd-global.cern.ch:1094", 'exitCode': 8028}]}, '10': {'Retries': 0, 'Restarts': 0, 'SiteHistory': ['T2_ES_CIEMAT', 'T2_ES_CIEMAT'], 'ResidentSetSize': [1131200], 'SubmitTimes': [1728803117.0], 'StartTimes': [1728803172.0], 'EndTimes': [1728819267.0], 'TotalUserCpuTimeHistory': [13747], 'TotalSysCpuTimeHistory': [172], 'WallDurations': [0, 16095.0], 'JobIds': ['109417556.0'], 'State': 'finished', 'RecordedSite': True}, '12': {'Retries': 2, 'Restarts': 0, 'SiteHistory': ['T2_ES_CIEMAT', 'T2_ES_CIEMAT', 'Unknown', 'T2_ES_CIEMAT', 'T2_ES_CIEMAT', 'Unknown', 'T2_ES_CIEMAT', 'T2_ES_CIEMAT'], 'ResidentSetSize': [1115896, 745764, 1060132], 'SubmitTimes': [1728803117.0, 1728816061.0, 1728830971.0], 'StartTimes': [1728803172.0, 1728816175.0, 1728831172.0], 'EndTimes': [1728815991.0, 1728830844.0, 1728841280.0], 'TotalUserCpuTimeHistory': [10640, 11871, 8244], 'TotalSysCpuTimeHistory': [75, 141, 55], 'WallDurations': [0, 12819.0, 8.0, 233.33713054656982, 14669.0, 9.0, 278.60648369789124, 10108.0], 'JobIds': ['109417557.0', '109420537.0', '109425875.0'], 'State': 'failed', 'RecordedSite': True, 'Error': [8028, "Error while running CMSSW:\nFatal Exception\nAn exception of category 'FallbackFileOpenError' occurred while\n   [0] Calling InputSource::readFile_\n   [1] Calling RootInputFileSequence::initTheFile()\n   [2] Calling StorageFactory::open()\n   [3] Calling XrdFile::open()\nException Message:\nFailed to open the file 'root://xcachecms.pic.es//store/data/Run2023D/Muon0/AOD/PromptReco-v2/000/370/775/00000/6ea4ab06-eb5e-46ae-8215-cf1fab66cce6.root'\n   Additional Info:\n      [a] Calling RootInputFileSequence::initTheFile(): fail to open the file with name root://gaexrdoor.ciemat.es:2094//store/data/Run2023D/Muon0/AOD/PromptReco-v2/000/370/775/00000/6ea4ab06-eb5e-46ae-8215-cf1fab66cce6.root\n      [b] Input file root://xcachecms.pic.es:1094//store/data/Run2023D/Muon0/AOD/PromptReco-v2/000/370/775/00000/6ea4ab06-eb5e-46ae-8215-cf1fab66cce6.root could not be opened.\n      [c] XrdCl::File::Open(name='root://xcachecms.pic.es//store/data/Run2023D/Muon0/AOD/PromptReco-v2/000/370/775/00000/6ea4ab06-eb5e-46ae-8215-cf1fab66cce6.root', flags=0x10, permissions=0660) => error '[ERROR] Server responded with an error: [3011] Unable to open /store/data/Run2023D/Muon0/AOD/PromptReco-v2/000/370/775/00000/6ea4ab06-eb5e-46ae-8215-cf1fab66cce6.root; no such file or directory\n' (errno=3011, code=400). No additional data servers were found.\n      [d] Last URL tried: root://xcachecms.pic.es:1094//store/data/Run2023D/Muon0/AOD/PromptReco-v2/000/370/775/00000/6ea4ab06-eb5e-46ae-8215-cf1fab66cce6.root?tried=&xrdcl.requuid=8bae3ef7-bf0e-4d1f-9fbf-1309da3f2f79\n      [e] Problematic data server: xcachecms.pic.es:1094\n      [f] Disabled source: xcachecms.pic.es:1094\n", {'type': 'Fatal Exception', 'details': "An exception of category 'FallbackFileOpenError' occurred while\n   [0] Calling InputSource::readFile_\n   [1] Calling RootInputFileSequence::initTheFile()\n   [2] Calling StorageFactory::open()\n   [3] Calling XrdFile::open()\nException Message:\nFailed to open the file 'root://xcachecms.pic.es//store/data/Run2023D/Muon0/AOD/PromptReco-v2/000/370/775/00000/6ea4ab06-eb5e-46ae-8215-cf1fab66cce6.root'\n   Additional Info:\n      [a] Calling RootInputFileSequence::initTheFile(): fail to open the file with name root://gaexrdoor.ciemat.es:2094//store/data/Run2023D/Muon0/AOD/PromptReco-v2/000/370/775/00000/6ea4ab06-eb5e-46ae-8215-cf1fab66cce6.root\n      [b] Input file root://xcachecms.pic.es:1094//store/data/Run2023D/Muon0/AOD/PromptReco-v2/000/370/775/00000/6ea4ab06-eb5e-46ae-8215-cf1fab66cce6.root could not be opened.\n      [c] XrdCl::File::Open(name='root://xcachecms.pic.es//store/data/Run2023D/Muon0/AOD/PromptReco-v2/000/370/775/00000/6ea4ab06-eb5e-46ae-8215-cf1fab66cce6.root', flags=0x10, permissions=0660) => error '[ERROR] Server responded with an error: [3011] Unable to open /store/data/Run2023D/Muon0/AOD/PromptReco-v2/000/370/775/00000/6ea4ab06-eb5e-46ae-8215-cf1fab66cce6.root; no such file or directory\n' (errno=3011, code=400). No additional data servers were found.\n      [d] Last URL tried: root://xcachecms.pic.es:1094//store/data/Run2023D/Muon0/AOD/PromptReco-v2/000/370/775/00000/6ea4ab06-eb5e-46ae-8215-cf1fab66cce6.root?tried=&xrdcl.requuid=8bae3ef7-bf0e-4d1f-9fbf-1309da3f2f79\n      [e] Problematic data server: xcachecms.pic.es:1094\n      [f] Disabled source: xcachecms.pic.es:1094", 'exitCode': 8028}]}, '13': {'Retries': 1, 'Restarts': 0, 'SiteHistory': ['T2_ES_CIEMAT', 'T2_ES_CIEMAT', 'T2_ES_CIEMAT', 'T2_ES_CIEMAT'], 'ResidentSetSize': [1119948, 1071272], 'SubmitTimes': [1728803117.0, 1728820964.0], 'StartTimes': [1728803171.0, 1728821202.0], 'EndTimes': [1728820894.0, 1728840142.0], 'TotalUserCpuTimeHistory': [14392, 15969], 'TotalSysCpuTimeHistory': [188, 198], 'WallDurations': [0, 17723.0, 9.0, 18940.0], 'JobIds': ['109417558.0', '109421973.0'], 'State': 'finished', 'RecordedSite': True}, '14': {'Retries': 0, 'Restarts': 0, 'SiteHistory': ['T2_ES_CIEMAT', 'T2_ES_CIEMAT'], 'ResidentSetSize': [1047396], 'SubmitTimes': [1728803117.0], 'StartTimes': [1728803172.0], 'EndTimes': [1728805073.0], 'TotalUserCpuTimeHistory': [1611], 'TotalSysCpuTimeHistory': [14], 'WallDurations': [0, 1901.0], 'JobIds': ['109417559.0'], 'State': 'finished', 'RecordedSite': True}, '18': {'Retries': 0, 'Restarts': 0, 'SiteHistory': ['T2_BE_IIHE', 'T2_BE_IIHE'], 'ResidentSetSize': [824592], 'SubmitTimes': [1728803117.0], 'StartTimes': [1728803161.0], 'EndTimes': [1728826273.0], 'TotalUserCpuTimeHistory': [19484], 'TotalSysCpuTimeHistory': [186], 'WallDurations': [8.0, 23112.0], 'JobIds': ['109417560.0'], 'State': 'finished', 'RecordedSite': True}, '19': {'Retries': 0, 'Restarts': 0, 'SiteHistory': ['T2_BE_IIHE', 'T2_BE_IIHE'], 'ResidentSetSize': [804112], 'SubmitTimes': [1728803117.0], 'StartTimes': [1728803161.0], 'EndTimes': [1728812160.0], 'TotalUserCpuTimeHistory': [7429], 'TotalSysCpuTimeHistory': [92], 'WallDurations': [9.0, 8999.0], 'JobIds': ['109417561.0'], 'State': 'finished', 'RecordedSite': True}, '20': {'Retries': 0, 'Restarts': 0, 'SiteHistory': ['T1_RU_JINR', 'T1_RU_JINR'], 'ResidentSetSize': [801004], 'SubmitTimes': [1728803117.0], 'StartTimes': [1728803144.0], 'EndTimes': [1728819838.0], 'TotalUserCpuTimeHistory': [8855], 'TotalSysCpuTimeHistory': [82], 'WallDurations': [9.0, 16694.0], 'JobIds': ['109417562.0'], 'State': 'finished', 'RecordedSite': True}, '21': {'Retries': 0, 'Restarts': 0, 'SiteHistory': ['T1_RU_JINR', 'T1_RU_JINR'], 'ResidentSetSize': [814636], 'SubmitTimes': [1728803117.0], 'StartTimes': [1728803144.0], 'EndTimes': [1728820621.0], 'TotalUserCpuTimeHistory': [9385], 'TotalSysCpuTimeHistory': [90], 'WallDurations': [9.0, 17477.0], 'JobIds': ['109417563.0'], 'State': 'finished', 'RecordedSite': True}, '22': {'Retries': 0, 'Restarts': 0, 'SiteHistory': ['T1_RU_JINR', 'T1_RU_JINR'], 'ResidentSetSize': [805764], 'SubmitTimes': [1728803117.0], 'StartTimes': [1728803144.0], 'EndTimes': [1728820655.0], 'TotalUserCpuTimeHistory': [8984], 'TotalSysCpuTimeHistory': [85], 'WallDurations': [9.0, 17511.0], 'JobIds': ['109417564.0'], 'State': 'finished', 'RecordedSite': True}, '23': {'Retries': 0, 'Restarts': 0, 'SiteHistory': ['T1_RU_JINR', 'T1_RU_JINR'], 'ResidentSetSize': [808984], 'SubmitTimes': [1728803117.0], 'StartTimes': [1728803145.0], 'EndTimes': [1728821574.0], 'TotalUserCpuTimeHistory': [10312], 'TotalSysCpuTimeHistory': [99], 'WallDurations': [8.0, 18429.0], 'JobIds': ['109417565.0'], 'State': 'finished', 'RecordedSite': True}, '24': {'Retries': 0, 'Restarts': 0, 'SiteHistory': ['T1_RU_JINR', 'T1_RU_JINR'], 'ResidentSetSize': [795088], 'SubmitTimes': [1728803117.0], 'StartTimes': [1728803144.0], 'EndTimes': [1728824953.0], 'TotalUserCpuTimeHistory': [9857], 'TotalSysCpuTimeHistory': [89], 'WallDurations': [9.0, 21809.0], 'JobIds': ['109417567.0'], 'State': 'finished', 'RecordedSite': True}, '25': {'Retries': 0, 'Restarts': 0, 'SiteHistory': ['T1_RU_JINR', 'T1_RU_JINR'], 'ResidentSetSize': [800580], 'SubmitTimes': [1728803117.0], 'StartTimes': [1728803145.0], 'EndTimes': [1728830313.0], 'TotalUserCpuTimeHistory': [13347], 'TotalSysCpuTimeHistory': [193], 'WallDurations': [8.0, 27168.0], 'JobIds': ['109417568.0'], 'State': 'finished', 'RecordedSite': True}, '26': {'Retries': 0, 'Restarts': 0, 'SiteHistory': ['T1_RU_JINR', 'T1_RU_JINR'], 'ResidentSetSize': [810984], 'SubmitTimes': [1728803117.0], 'StartTimes': [1728803144.0], 'EndTimes': [1728817262.0], 'TotalUserCpuTimeHistory': [8133], 'TotalSysCpuTimeHistory': [106], 'WallDurations': [9.0, 14118.0], 'JobIds': ['109417569.0'], 'State': 'finished', 'RecordedSite': True}, '27': {'Retries': 0, 'Restarts': 0, 'SiteHistory': ['T1_RU_JINR', 'T1_RU_JINR'], 'ResidentSetSize': [803920], 'SubmitTimes': [1728803118.0], 'StartTimes': [1728803145.0], 'EndTimes': [1728817524.0], 'TotalUserCpuTimeHistory': [8096], 'TotalSysCpuTimeHistory': [117], 'WallDurations': [8.0, 14379.0], 'JobIds': ['109417570.0'], 'State': 'finished', 'RecordedSite': True}, '28': {'Retries': 0, 'Restarts': 0, 'SiteHistory': ['Unknown', 'T2_FR_IPHC', 'T2_FR_IPHC'], 'ResidentSetSize': [817292], 'SubmitTimes': [1728803118.0], 'StartTimes': [1728805404.0], 'EndTimes': [1728820336.0], 'TotalUserCpuTimeHistory': [7418], 'TotalSysCpuTimeHistory': [227], 'WallDurations': [9.0, 175.79250073432922, 14932.0], 'JobIds': ['109417571.0'], 'State': 'finished', 'RecordedSite': True}, '29': {'Retries': 0, 'Restarts': 0, 'SiteHistory': ['Unknown', 'T2_FR_IPHC', 'T2_FR_IPHC'], 'ResidentSetSize': [803840], 'SubmitTimes': [1728803118.0], 'StartTimes': [1728805405.0], 'EndTimes': [1728829182.0], 'TotalUserCpuTimeHistory': [12012], 'TotalSysCpuTimeHistory': [336], 'WallDurations': [8.0, 174.79250073432922, 23777.0], 'JobIds': ['109417572.0'], 'State': 'finished', 'RecordedSite': True}, '30': {'Retries': 0, 'Restarts': 0, 'SiteHistory': ['Unknown', 'T2_FR_IPHC', 'T2_FR_IPHC'], 'ResidentSetSize': [806408], 'SubmitTimes': [1728803118.0], 'StartTimes': [1728805405.0], 'EndTimes': [1728809136.0], 'TotalUserCpuTimeHistory': [2206], 'TotalSysCpuTimeHistory': [52], 'WallDurations': [8.0, 174.79250073432922, 3731.0], 'JobIds': ['109417573.0'], 'State': 'finished', 'RecordedSite': True}, '31': {'Retries': 0, 'Restarts': 0, 'SiteHistory': ['Unknown', 'T2_FR_IPHC', 'T2_FR_IPHC'], 'ResidentSetSize': [801236], 'SubmitTimes': [1728803118.0], 'StartTimes': [1728805405.0], 'EndTimes': [1728831063.0], 'TotalUserCpuTimeHistory': [11330], 'TotalSysCpuTimeHistory': [232], 'WallDurations': [8.0, 174.79250073432922, 25658.0], 'JobIds': ['109417574.0'], 'State': 'finished', 'RecordedSite': True}, '34': {'Retries': 0, 'Restarts': 0, 'SiteHistory': ['Unknown', 'T2_FR_IPHC', 'T2_FR_IPHC'], 'ResidentSetSize': [798880], 'SubmitTimes': [1728803118.0], 'StartTimes': [1728805660.0], 'EndTimes': [1728857180.0], 'TotalUserCpuTimeHistory': [27875.0], 'TotalSysCpuTimeHistory': [483.0], 'WallDurations': [8.0, 220.6875250339508, 51520.0], 'JobIds': ['109417575.0'], 'State': 'finished', 'RecordedSite': True}, '33': {'Retries': 0, 'Restarts': 0, 'SiteHistory': ['Unknown', 'T2_FR_IPHC', 'T2_FR_IPHC'], 'ResidentSetSize': [795236], 'SubmitTimes': [1728803118.0], 'StartTimes': [1728805659.0], 'EndTimes': [1728828387.0], 'TotalUserCpuTimeHistory': [8553], 'TotalSysCpuTimeHistory': [126], 'WallDurations': [8.0, 221.6875250339508, 22728.0], 'JobIds': ['109417576.0'], 'State': 'finished', 'RecordedSite': True}, '32': {'Retries': 0, 'Restarts': 0, 'SiteHistory': ['Unknown', 'T2_FR_IPHC', 'T2_FR_IPHC'], 'ResidentSetSize': [814812], 'SubmitTimes': [1728803118.0], 'StartTimes': [1728805659.0], 'EndTimes': [1728831236.0], 'TotalUserCpuTimeHistory': [9147], 'TotalSysCpuTimeHistory': [245], 'WallDurations': [9.0, 221.6875250339508, 25577.0], 'JobIds': ['109417577.0'], 'State': 'finished', 'RecordedSite': True}, '35': {'Retries': 0, 'Restarts': 0, 'SiteHistory': ['Unknown', 'T2_FR_IPHC', 'T2_FR_IPHC'], 'ResidentSetSize': [801984], 'SubmitTimes': [1728803118.0], 'StartTimes': [1728805660.0], 'EndTimes': [1728831140.0], 'TotalUserCpuTimeHistory': [9101], 'TotalSysCpuTimeHistory': [246], 'WallDurations': [9.0, 220.6875250339508, 25480.0], 'JobIds': ['109417578.0'], 'State': 'finished', 'RecordedSite': True}}
INFO 2024-10-14 01:40:14.415 UTC: 	 Status on the scheduler:	FAILED
INFO 2024-10-14 01:40:14.415 UTC: 	 
Jobs status:                    failed       		 20.0% ( 7/35)
INFO 2024-10-14 01:40:14.415 UTC: 	 				finished     		 80.0% (28/35)
INFO 2024-10-14 01:40:14.415 UTC: 	 
No publication information (publication has been disabled in the CRAB configuration file)
INFO 2024-10-14 01:40:14.415 UTC: 	 
Error Summary: (use crab status --verboseErrors for details about the errors)

 7 jobs failed with exit code 8028

Have a look at https://twiki.cern.ch/twiki/bin/viewauth/CMSPublic/JobExitCodes for a description of the exit codes.
INFO 2024-10-14 01:40:14.416 UTC: 	 
Summary of run jobs:
 * Memory: 26MB min, 1104MB max, 731MB ave
 * Runtime: 0:03:12 min, 14:18:40 max, 4:12:09 ave
 * CPU eff: 1% min, 86% max, 58% ave
 * Waste: 19:37:40 (12% of total)

DEBUG 2024-10-14 01:40:14.416 UTC: 	 Requesting resubmission of failed jobs in task 241013_070244:wkwon_crab_MuonAnalysis_TnP_Run2023D0
INFO 2024-10-14 01:40:14.416 UTC: 	 Sending resubmit request to the server.
DEBUG 2024-10-14 01:40:14.417 UTC: 	 Submitting {'workflow': '241013_070244:wkwon_crab_MuonAnalysis_TnP_Run2023D0', 'subresource': 'resubmit2', 'jobids': ['5', '8', '7', '9', '11', '6', '12'], 'publication': 0} 
DEBUG 2024-10-14 01:40:14.417 UTC: 	 Encoded data for curl request: workflow=241013_070244%3Awkwon_crab_MuonAnalysis_TnP_Run2023D0&subresource=resubmit2&publication=0&jobids=5&jobids=8&jobids=7&jobids=9&jobids=11&jobids=6&jobids=12
DEBUG 2024-10-14 01:40:14.481 UTC: 	 Result: {'desc': {'columns': ['tm_site_blacklist', 'tm_site_whitelist', 'tm_maxjobruntime', 'tm_maxmemory', 'tm_numcores', 'tm_priority']}, 'result': [{'result': 'ok'}]}
INFO 2024-10-14 01:40:14.481 UTC: 	 Resubmit request sent to the server.
INFO 2024-10-14 01:40:14.482 UTC: 	 Please use ' crab status ' to check how the resubmission process proceeds.
Notice it may take a couple of minutes for the resubmission to get fully processed.
INFO 2024-10-14 01:40:14.497 UTC: 	 Log file is /eos/home-w/wkwon/CMSSW_14_0_12/src/work/Analysis/crab_projects/crab_MuonAnalysis_TnP_Run2023D0/crab.log
