DEBUG 2024-10-09 07:03:25.144 UTC: 	 CRAB Client version: v3.240621
DEBUG 2024-10-09 07:03:25.145 UTC: 	 Running on: Linux lxplus952.cern.ch 5.14.0-427.37.1.el9_4.x86_64 #1 SMP PREEMPT_DYNAMIC Fri Sep 13 12:41:50 EDT 2024 x86_64 x86_64 x86_64 GNU/Linux - Red Hat Enterprise Linux 9.4 (Plow)
DEBUG 2024-10-09 07:03:25.145 UTC: 	 Executing command: 'submit'
DEBUG 2024-10-09 07:03:25.145 UTC: 	 Found CRAB cache file /afs/cern.ch/user/w/wkwon/.crab3
INFO 2024-10-09 07:03:25.148 UTC: 	 Will use CRAB configuration file crab_conf.py
DEBUG 2024-10-09 07:03:25.148 UTC: 	 Loading CRAB configuration file.
DEBUG 2024-10-09 07:03:25.181 UTC: 	 Will use CRAB plugin ANALYSIS (i.e. will run an analysis job type).
DEBUG 2024-10-09 07:03:25.397 UTC: 	 Checking credentials
DEBUG 2024-10-09 07:03:25.397 UTC: 	 Proxy file /tmp/x509up_u168090 not found
DEBUG 2024-10-09 07:03:25.397 UTC: 	 Creating new proxy for 172:00 hours
DEBUG 2024-10-09 07:03:25.397 UTC: 	 Executing command :
 voms-proxy-init --rfc --cert ~/.globus/usercert.pem --key ~/.globus/userkey.pem --out /tmp/x509up_u168090 --valid 192:00 --voms cms:/cms
DEBUG 2024-10-09 07:03:33.260 UTC: 	 output : 
 error: 
 retcode : 0
DEBUG 2024-10-09 07:03:33.260 UTC: 	 Executing command :
 voms-proxy-info --actimeleft --timeleft --file /tmp/x509up_u168090
DEBUG 2024-10-09 07:03:33.774 UTC: 	 output : 691198
691198

 error: 
 retcode : 0
DEBUG 2024-10-09 07:03:33.774 UTC: 	 Proxy created.
DEBUG 2024-10-09 07:03:33.775 UTC: 	 Encoded data for curl request: subresource=delegatedn
DEBUG 2024-10-09 07:03:33.871 UTC: 	 Registering user credentials on myproxy for /DC=ch/DC=cern/OU=computers/CN=crab-(preprod|prod)-tw(01|02).cern.ch|/DC=ch/DC=cern/OU=computers/CN=crab-dev-tw(01|02|03|04).cern.ch|/DC=ch/DC=cern/OU=Organic Units/OU=Users/CN=cmscrab/CN=(817881|373708)/CN=Robot: cms crab|/DC=ch/DC=cern/OU=Organic Units/OU=Users/CN=crabint1/CN=373708/CN=Robot: CMS CRAB Integration 1
DEBUG 2024-10-09 07:03:33.871 UTC: 	 Executing command :
 voms-proxy-info --identity --file /tmp/x509up_u168090
DEBUG 2024-10-09 07:03:34.378 UTC: 	 output : /DC=ch/DC=cern/OU=Organic Units/OU=Users/CN=wkwon/CN=874403/CN=Wooyeon Kwon

 error: 
 retcode : 0
DEBUG 2024-10-09 07:03:34.379 UTC: 	 Getting myproxy life time left for f8986532409fa907e5c13102198102ce78e92be8
DEBUG 2024-10-09 07:03:34.379 UTC: 	 Executing command :
 myproxy-info -s myproxy.cern.ch -l f8986532409fa907e5c13102198102ce78e92be8
DEBUG 2024-10-09 07:03:34.752 UTC: 	 output : username: f8986532409fa907e5c13102198102ce78e92be8
owner: /DC=ch/DC=cern/OU=Organic Units/OU=Users/CN=wkwon/CN=874403/CN=Wooyeon Kwon
  renewal policy: /DC=ch/DC=cern/OU=computers/CN=crab-(preprod|prod)-tw(01|02).cern.ch|/DC=ch/DC=cern/OU=computers/CN=crab-dev-tw(01|02|03|04).cern.ch|/DC=ch/DC=cern/OU=Organic Units/OU=Users/CN=cmscrab/CN=(817881|373708)/CN=Robot: cms crab|/DC=ch/DC=cern/OU=Organic Units/OU=Users/CN=crabint1/CN=373708/CN=Robot: CMS CRAB Integration 1
  trusted retrieval policy: /DC=ch/DC=cern/OU=computers/CN=crab-(preprod|prod)-tw(01|02).cern.ch|/DC=ch/DC=cern/OU=computers/CN=crab-dev-tw(01|02|03|04).cern.ch|/DC=ch/DC=cern/OU=Organic Units/OU=Users/CN=cmscrab/CN=(817881|373708)/CN=Robot: cms crab|/DC=ch/DC=cern/OU=Organic Units/OU=Users/CN=crabint1/CN=373708/CN=Robot: CMS CRAB Integration 1
  timeleft: 379:16:23  (15.8 days)

 error: 
 retcode : 0
DEBUG 2024-10-09 07:03:34.752 UTC: 	 Myproxy is valid: 1365360
DEBUG 2024-10-09 07:03:34.752 UTC: 	 Result of myproxy credential check:
  Credential exists on myproxy: username: f8986532409fa907e5c13102198102ce78e92be8  - validity: 15 days, 19:16:00
DEBUG 2024-10-09 07:03:34.752 UTC: 	 Command use: submit
DEBUG 2024-10-09 07:03:34.752 UTC: 	 Options use: ['-c', 'crab_conf.py']
DEBUG 2024-10-09 07:03:34.752 UTC: 	 Encoded data for curl request: subresource=version
DEBUG 2024-10-09 07:03:34.823 UTC: 	 CRABClient version: v3.240621
DEBUG 2024-10-09 07:03:34.823 UTC: 	 Instance is prod
DEBUG 2024-10-09 07:03:34.823 UTC: 	 Server base url is cmsweb.cern.ch
DEBUG 2024-10-09 07:03:34.823 UTC: 	 Command api workflow
DEBUG 2024-10-09 07:03:34.823 UTC: 	 Started submission
DEBUG 2024-10-09 07:03:34.824 UTC: 	 Working on /eos/home-w/wkwon/CMSSW_14_0_12/src/work/mc/crab_projects/crab_MuonAnalysis_DYJetsToLL_Run3Summer22DR
DEBUG 2024-10-09 07:03:34.824 UTC: 	 Encoded data for curl request: subresource=backendurls
DEBUG 2024-10-09 07:03:34.942 UTC: 	 Loading required information from the environment
DEBUG 2024-10-09 07:03:34.942 UTC: 	 Found CMSSW_14_0_12 for el9_amd64_gcc12 with base /eos/home-w/wkwon/CMSSW_14_0_12
DEBUG 2024-10-09 07:03:34.942 UTC: 	 Loading required information from the environment
DEBUG 2024-10-09 07:03:34.942 UTC: 	 Found CMSSW_14_0_12 for el9_amd64_gcc12 with base /eos/home-w/wkwon/CMSSW_14_0_12
DEBUG 2024-10-09 07:03:34.942 UTC: 	 UNIQUE NAME: tarUUID 0a6e125c-c123-4503-bc74-f550bcce1ce9 
DEBUG 2024-10-09 07:03:34.942 UTC: 	 self.config: from WMCore.Configuration import Configuration
config = Configuration()
config.section_('General')
config.General.requestName = 'MuonAnalysis_DYJetsToLL_Run3Summer22DR'
config.General.workArea = 'crab_projects'
config.section_('JobType')
config.JobType.numCores = 1
config.JobType.pluginName = 'Analysis'
config.JobType.maxMemoryMB = 2000
config.JobType.psetName = 'conf.py'
config.JobType.outputFiles = ['mc.root']
config.section_('Data')
config.Data.unitsPerJob = 100
config.Data.inputDBS = 'global'
config.Data.outLFNDirBase = '/store/user/wkwon/AnalysisResults/'
config.Data.splitting = 'FileBased'
config.Data.publication = False
config.Data.inputDataset = '/DYJetsToLL_M-50_TuneCP5_13p6TeV-madgraphMLM-pythia8/Run3Summer22DRPremix-124X_mcRun3_2022_realistic_v12-v2/AODSIM'
config.section_('Site')
config.Site.storageSite = 'T3_KR_KNU'
config.section_('User')
config.section_('Debug')

DEBUG 2024-10-09 07:03:34.942 UTC: 	 self.config.JobType.psetName: conf.py
INFO 2024-10-09 07:03:34.942 UTC: 	 Importing CMSSW configuration conf.py
INFO 2024-10-09 07:03:35.065 UTC: 	 Finished importing CMSSW configuration conf.py
DEBUG 2024-10-09 07:03:35.066 UTC: 	 Writing CMSSW configuration to /eos/home-w/wkwon/CMSSW_14_0_12/src/work/mc/crab_projects/crab_MuonAnalysis_DYJetsToLL_Run3Summer22DR/inputs/PSet.py
DEBUG 2024-10-09 07:03:35.158 UTC: 	 The following EDM output files will be collected: []
DEBUG 2024-10-09 07:03:35.158 UTC: 	 The following TFile output files will be collected: ['mc.root']
DEBUG 2024-10-09 07:03:35.158 UTC: 	 The following user output files (not listed as PoolOuputModule or TFileService in the CMSSW PSet) will be collected: 
DEBUG 2024-10-09 07:03:35.158 UTC: 	 Loading required information from the environment
DEBUG 2024-10-09 07:03:35.158 UTC: 	 Found CMSSW_14_0_12 for el9_amd64_gcc12 with base /eos/home-w/wkwon/CMSSW_14_0_12
DEBUG 2024-10-09 07:03:35.158 UTC: 	 Making tarball in /eos/home-w/wkwon/CMSSW_14_0_12/src/work/mc/crab_projects/crab_MuonAnalysis_DYJetsToLL_Run3Summer22DR/inputs/0a6e125c-c123-4503-bc74-f550bcce1ce9default.tgz
DEBUG 2024-10-09 07:03:35.160 UTC: 	 Checking directory /eos/home-w/wkwon/CMSSW_14_0_12/bin
DEBUG 2024-10-09 07:03:35.160 UTC: 	 Adding directory /eos/home-w/wkwon/CMSSW_14_0_12/bin to tarball
DEBUG 2024-10-09 07:03:35.180 UTC: 	 Checking directory /eos/home-w/wkwon/CMSSW_14_0_12/python
DEBUG 2024-10-09 07:03:35.180 UTC: 	 Adding directory /eos/home-w/wkwon/CMSSW_14_0_12/python to tarball
DEBUG 2024-10-09 07:03:35.380 UTC: 	 Checking directory /eos/home-w/wkwon/CMSSW_14_0_12/cfipython
DEBUG 2024-10-09 07:03:35.382 UTC: 	 Adding directory /eos/home-w/wkwon/CMSSW_14_0_12/cfipython to tarball
DEBUG 2024-10-09 07:03:35.445 UTC: 	 Checking directory /eos/home-w/wkwon/CMSSW_14_0_12/lib
DEBUG 2024-10-09 07:03:35.445 UTC: 	 Adding directory /eos/home-w/wkwon/CMSSW_14_0_12/lib to tarball
DEBUG 2024-10-09 07:03:35.489 UTC: 	 Checking directory /eos/home-w/wkwon/CMSSW_14_0_12/biglib
DEBUG 2024-10-09 07:03:35.489 UTC: 	 Adding directory /eos/home-w/wkwon/CMSSW_14_0_12/biglib to tarball
DEBUG 2024-10-09 07:03:35.495 UTC: 	 Checking directory /eos/home-w/wkwon/CMSSW_14_0_12/module
DEBUG 2024-10-09 07:03:35.496 UTC: 	 Checking directory /eos/home-w/wkwon/CMSSW_14_0_12/config/SCRAM/hooks
DEBUG 2024-10-09 07:03:35.499 UTC: 	 Adding directory /eos/home-w/wkwon/CMSSW_14_0_12/config/SCRAM/hooks to tarball
DEBUG 2024-10-09 07:03:37.000 UTC: 	 Adding directory /eos/home-w/wkwon/CMSSW_14_0_12/src/work/mc/python to tarball
DEBUG 2024-10-09 07:03:37.048 UTC: 	 Uploading archive /eos/home-w/wkwon/CMSSW_14_0_12/src/work/mc/crab_projects/crab_MuonAnalysis_DYJetsToLL_Run3Summer22DR/inputs/0a6e125c-c123-4503-bc74-f550bcce1ce9default.tgz (95 KB) to the CRAB cache. Using URI https://cmsweb.cern.ch/S3/crabcache_prod
DEBUG 2024-10-09 07:03:37.129 UTC: 	 Encoded data for curl request: subresource=upload&objecttype=sandbox&tarballname=9cd5be79f7bcdc4659dc82b85a31cf0ec5dfa74742db2e1e4e783d79da828dee.tar.gz
DEBUG 2024-10-09 07:03:37.234 UTC: 	 Will execute:
curl -f -v -X POST  -H "User-Agent: CRAB" -F "key=wkwon/sandboxes/9cd5be79f7bcdc4659dc82b85a31cf0ec5dfa74742db2e1e4e783d79da828dee.tar.gz" -F "AWSAccessKeyId=715203df6482458ba839e73e6dab634b" -F "policy=eyJleHBpcmF0aW9uIjogIjIwMjQtMTAtMDlUMDg6MDM6MzdaIiwgImNvbmRpdGlvbnMiOiBbeyJidWNrZXQiOiAiY3JhYmNhY2hlX3Byb2QifSwgeyJrZXkiOiAid2t3b24vc2FuZGJveGVzLzljZDViZTc5ZjdiY2RjNDY1OWRjODJiODVhMzFjZjBlYzVkZmE3NDc0MmRiMmUxZTRlNzgzZDc5ZGE4MjhkZWUudGFyLmd6In1dfQ==" -F "signature=1OV6x3Ec7fCD3A84mvG5xszgTBQ=" -F "file=@/eos/home-w/wkwon/CMSSW_14_0_12/src/work/mc/crab_projects/crab_MuonAnalysis_DYJetsToLL_Run3Summer22DR/inputs/0a6e125c-c123-4503-bc74-f550bcce1ce9default.tgz" "https://s3.cern.ch/crabcache_prod"
DEBUG 2024-10-09 07:03:37.318 UTC: 	 exitcode: 0
stdout: b''
DEBUG 2024-10-09 07:03:37.318 UTC: 	 sandbox /eos/home-w/wkwon/CMSSW_14_0_12/src/work/mc/crab_projects/crab_MuonAnalysis_DYJetsToLL_Run3Summer22DR/inputs/0a6e125c-c123-4503-bc74-f550bcce1ce9default.tgz successfully uploaded to S3
DEBUG 2024-10-09 07:03:37.318 UTC: 	 Loading required information from the environment
DEBUG 2024-10-09 07:03:37.318 UTC: 	 Found CMSSW_14_0_12 for el9_amd64_gcc12 with base /eos/home-w/wkwon/CMSSW_14_0_12
DEBUG 2024-10-09 07:03:37.318 UTC: 	 Making tarball in /eos/home-w/wkwon/CMSSW_14_0_12/src/work/mc/crab_projects/crab_MuonAnalysis_DYJetsToLL_Run3Summer22DR/inputs/debugFiles.tgz
DEBUG 2024-10-09 07:03:37.333 UTC: 	 Uploading archive /eos/home-w/wkwon/CMSSW_14_0_12/src/work/mc/crab_projects/crab_MuonAnalysis_DYJetsToLL_Run3Summer22DR/inputs/debugFiles.tgz (1 KB) to the CRAB cache. Using URI https://cmsweb.cern.ch/S3/crabcache_prod
DEBUG 2024-10-09 07:03:37.340 UTC: 	 Encoded data for curl request: subresource=upload&objecttype=sandbox&tarballname=26555aa959b66ee40ed2d0f451977a86eb9aabe20b5900dd8c14426866077996.tar.gz
DEBUG 2024-10-09 07:03:37.455 UTC: 	 Will execute:
curl -f -v -X POST  -H "User-Agent: CRAB" -F "key=wkwon/sandboxes/26555aa959b66ee40ed2d0f451977a86eb9aabe20b5900dd8c14426866077996.tar.gz" -F "AWSAccessKeyId=715203df6482458ba839e73e6dab634b" -F "policy=eyJleHBpcmF0aW9uIjogIjIwMjQtMTAtMDlUMDg6MDM6MzdaIiwgImNvbmRpdGlvbnMiOiBbeyJidWNrZXQiOiAiY3JhYmNhY2hlX3Byb2QifSwgeyJrZXkiOiAid2t3b24vc2FuZGJveGVzLzI2NTU1YWE5NTliNjZlZTQwZWQyZDBmNDUxOTc3YTg2ZWI5YWFiZTIwYjU5MDBkZDhjMTQ0MjY4NjYwNzc5OTYudGFyLmd6In1dfQ==" -F "signature=iAJJjdwSdpVxUlcgnVyc+HD649I=" -F "file=@/eos/home-w/wkwon/CMSSW_14_0_12/src/work/mc/crab_projects/crab_MuonAnalysis_DYJetsToLL_Run3Summer22DR/inputs/debugFiles.tgz" "https://s3.cern.ch/crabcache_prod"
DEBUG 2024-10-09 07:03:37.525 UTC: 	 exitcode: 0
stdout: b''
DEBUG 2024-10-09 07:03:37.526 UTC: 	 sandbox /eos/home-w/wkwon/CMSSW_14_0_12/src/work/mc/crab_projects/crab_MuonAnalysis_DYJetsToLL_Run3Summer22DR/inputs/debugFiles.tgz successfully uploaded to S3
DEBUG 2024-10-09 07:03:37.526 UTC: 	 Result uploading input files: 9cd5be79f7bcdc4659dc82b85a31cf0ec5dfa74742db2e1e4e783d79da828dee.tar.gz 
DEBUG 2024-10-09 07:03:37.526 UTC: 	 submit() - self.configuration from WMCore.Configuration import Configuration
config = Configuration()
config.section_('General')
config.General.requestName = 'MuonAnalysis_DYJetsToLL_Run3Summer22DR'
config.General.workArea = 'crab_projects'
config.section_('JobType')
config.JobType.numCores = 1
config.JobType.pluginName = 'Analysis'
config.JobType.maxMemoryMB = 2000
config.JobType.psetName = 'conf.py'
config.JobType.outputFiles = ['mc.root']
config.section_('Data')
config.Data.unitsPerJob = 100
config.Data.inputDBS = 'global'
config.Data.outLFNDirBase = '/store/user/wkwon/AnalysisResults/'
config.Data.splitting = 'FileBased'
config.Data.publication = False
config.Data.inputDataset = '/DYJetsToLL_M-50_TuneCP5_13p6TeV-madgraphMLM-pythia8/Run3Summer22DRPremix-124X_mcRun3_2022_realistic_v12-v2/AODSIM'
config.section_('Site')
config.Site.storageSite = 'T3_KR_KNU'
config.section_('User')
config.section_('Debug')

DEBUG 2024-10-09 07:03:37.526 UTC: 	 submit() - self.configreq {'dryrun': 0, 'workflow': 'crab_MuonAnalysis_DYJetsToLL_Run3Summer22DR', 'saveoutput': 1, 'savelogsflag': 0, 'inputdata': '/DYJetsToLL_M-50_TuneCP5_13p6TeV-madgraphMLM-pythia8/Run3Summer22DRPremix-124X_mcRun3_2022_realistic_v12-v2/AODSIM', 'nonvaliddata': 0, 'userfiles': [], 'dbsurl': 'https://cmsweb.cern.ch/dbs/prod/global/DBSReader', 'useparent': 0, 'ignorelocality': 0, 'splitalgo': 'FileBased', 'algoargs': 100, 'totalunits': 0, 'lfn': '/store/user/wkwon/AnalysisResults/', 'publication': 0, 'publishdbsurl': 'https://cmsweb.cern.ch/dbs/prod/phys03/DBSWriter', 'jobtype': 'Analysis', 'generator': 'pythia', 'addoutputfiles': ['mc.root'], 'maxjobruntime': 1250, 'numcores': 1, 'maxmemory': 2000, 'priority': 10, 'nonprodsw': 0, 'asyncdest': 'T3_KR_KNU', 'requireaccelerator': 0, 'oneEventMode': 0, 'extrajdl': [], 'ignoreglobalblacklist': 0, 'partialdataset': 0, 'inputblocks': []}
DEBUG 2024-10-09 07:03:37.526 UTC: 	 submit() - jobconfig {'addoutputfiles': [], 'tfileoutfiles': ['mc.root'], 'edmoutfiles': [], 'jobarch': 'el9_amd64_gcc12', 'jobsw': 'CMSSW_14_0_12', 'inputdata': '/DYJetsToLL_M-50_TuneCP5_13p6TeV-madgraphMLM-pythia8/Run3Summer22DRPremix-124X_mcRun3_2022_realistic_v12-v2/AODSIM', 'cacheurl': 'https://cmsweb.cern.ch/S3/crabcache_prod', 'cachefilename': '9cd5be79f7bcdc4659dc82b85a31cf0ec5dfa74742db2e1e4e783d79da828dee.tar.gz', 'debugfilename': '26555aa959b66ee40ed2d0f451977a86eb9aabe20b5900dd8c14426866077996.tar.gz', 'jobtype': 'Analysis'}
INFO 2024-10-09 07:03:37.526 UTC: 	 Sending the request to the server at cmsweb.cern.ch
DEBUG 2024-10-09 07:03:37.526 UTC: 	 Submitting {'dryrun': 0, 'workflow': 'crab_MuonAnalysis_DYJetsToLL_Run3Summer22DR', 'saveoutput': 1, 'savelogsflag': 0, 'inputdata': '/DYJetsToLL_M-50_TuneCP5_13p6TeV-madgraphMLM-pythia8/Run3Summer22DRPremix-124X_mcRun3_2022_realistic_v12-v2/AODSIM', 'nonvaliddata': 0, 'userfiles': [], 'dbsurl': 'https://cmsweb.cern.ch/dbs/prod/global/DBSReader', 'useparent': 0, 'ignorelocality': 0, 'splitalgo': 'FileBased', 'algoargs': 100, 'totalunits': 0, 'lfn': '/store/user/wkwon/AnalysisResults/', 'publication': 0, 'publishdbsurl': 'https://cmsweb.cern.ch/dbs/prod/phys03/DBSWriter', 'jobtype': 'Analysis', 'generator': 'pythia', 'addoutputfiles': [], 'maxjobruntime': 1250, 'numcores': 1, 'maxmemory': 2000, 'priority': 10, 'nonprodsw': 0, 'asyncdest': 'T3_KR_KNU', 'requireaccelerator': 0, 'oneEventMode': 0, 'extrajdl': [], 'ignoreglobalblacklist': 0, 'partialdataset': 0, 'inputblocks': [], 'tfileoutfiles': ['mc.root'], 'edmoutfiles': [], 'jobarch': 'el9_amd64_gcc12', 'jobsw': 'CMSSW_14_0_12', 'cacheurl': 'https://cmsweb.cern.ch/S3/crabcache_prod', 'cachefilename': '9cd5be79f7bcdc4659dc82b85a31cf0ec5dfa74742db2e1e4e783d79da828dee.tar.gz', 'debugfilename': '26555aa959b66ee40ed2d0f451977a86eb9aabe20b5900dd8c14426866077996.tar.gz'} 
DEBUG 2024-10-09 07:03:37.527 UTC: 	 Encoded data for curl request: dryrun=0&workflow=crab_MuonAnalysis_DYJetsToLL_Run3Summer22DR&saveoutput=1&savelogsflag=0&inputdata=%2FDYJetsToLL_M-50_TuneCP5_13p6TeV-madgraphMLM-pythia8%2FRun3Summer22DRPremix-124X_mcRun3_2022_realistic_v12-v2%2FAODSIM&nonvaliddata=0&dbsurl=https%3A%2F%2Fcmsweb.cern.ch%2Fdbs%2Fprod%2Fglobal%2FDBSReader&useparent=0&ignorelocality=0&splitalgo=FileBased&algoargs=100&totalunits=0&lfn=%2Fstore%2Fuser%2Fwkwon%2FAnalysisResults%2F&publication=0&publishdbsurl=https%3A%2F%2Fcmsweb.cern.ch%2Fdbs%2Fprod%2Fphys03%2FDBSWriter&jobtype=Analysis&generator=pythia&maxjobruntime=1250&numcores=1&maxmemory=2000&priority=10&nonprodsw=0&asyncdest=T3_KR_KNU&requireaccelerator=0&oneEventMode=0&ignoreglobalblacklist=0&partialdataset=0&jobarch=el9_amd64_gcc12&jobsw=CMSSW_14_0_12&cacheurl=https%3A%2F%2Fcmsweb.cern.ch%2FS3%2Fcrabcache_prod&cachefilename=9cd5be79f7bcdc4659dc82b85a31cf0ec5dfa74742db2e1e4e783d79da828dee.tar.gz&debugfilename=26555aa959b66ee40ed2d0f451977a86eb9aabe20b5900dd8c14426866077996.tar.gz&tfileoutfiles=mc.root
DEBUG 2024-10-09 07:03:38.410 UTC: 	 Result: {'result': [{'RequestName': '241009_070338:wkwon_crab_MuonAnalysis_DYJetsToLL_Run3Summer22DR'}]}
INFO 2024-10-09 07:03:38.431 UTC: 	 Success: Your task has been delivered to the prod CRAB3 server.
INFO 2024-10-09 07:03:38.431 UTC: 	 Task name: 241009_070338:wkwon_crab_MuonAnalysis_DYJetsToLL_Run3Summer22DR
INFO 2024-10-09 07:03:38.432 UTC: 	 Project dir: crab_projects/crab_MuonAnalysis_DYJetsToLL_Run3Summer22DR
INFO 2024-10-09 07:03:38.432 UTC: 	 Please use ' crab status -d crab_projects/crab_MuonAnalysis_DYJetsToLL_Run3Summer22DR ' to check how the submission process proceeds.
DEBUG 2024-10-09 07:03:38.432 UTC: 	 About to return
INFO 2024-10-09 07:03:38.446 UTC: 	 Log file is /eos/home-w/wkwon/CMSSW_14_0_12/src/work/mc/crab_projects/crab_MuonAnalysis_DYJetsToLL_Run3Summer22DR/crab.log
DEBUG 2024-10-09 10:57:51.379 UTC: 	 CRAB Client version: v3.240621
DEBUG 2024-10-09 10:57:51.380 UTC: 	 Running on: Linux lxplus952.cern.ch 5.14.0-427.37.1.el9_4.x86_64 #1 SMP PREEMPT_DYNAMIC Fri Sep 13 12:41:50 EDT 2024 x86_64 x86_64 x86_64 GNU/Linux - Red Hat Enterprise Linux 9.4 (Plow)
DEBUG 2024-10-09 10:57:51.380 UTC: 	 Executing command: 'status'
DEBUG 2024-10-09 10:57:51.393 UTC: 	 Found CRAB cache file /afs/cern.ch/user/w/wkwon/.crab3
DEBUG 2024-10-09 10:57:51.654 UTC: 	 Checking credentials
DEBUG 2024-10-09 10:57:51.704 UTC: 	 Found proxy file /tmp/x509up_u168090
DEBUG 2024-10-09 10:57:51.704 UTC: 	 Making sure it has proper VOMS extension
DEBUG 2024-10-09 10:57:51.704 UTC: 	 Executing command :
 voms-proxy-info --vo --file /tmp/x509up_u168090
DEBUG 2024-10-09 10:57:52.714 UTC: 	 output : cms

 error: 
 retcode : 0
DEBUG 2024-10-09 10:57:52.714 UTC: 	 Getting proxy life time left
DEBUG 2024-10-09 10:57:52.714 UTC: 	 Executing command :
 voms-proxy-info --actimeleft --timeleft --file /tmp/x509up_u168090
DEBUG 2024-10-09 10:57:53.295 UTC: 	 output : 677138
677138

 error: 
 retcode : 0
DEBUG 2024-10-09 10:57:53.295 UTC: 	 Proxy valid for 188:05:38 hours
DEBUG 2024-10-09 10:57:53.296 UTC: 	 Encoded data for curl request: subresource=delegatedn
DEBUG 2024-10-09 10:57:53.436 UTC: 	 Registering user credentials on myproxy for /DC=ch/DC=cern/OU=computers/CN=crab-(preprod|prod)-tw(01|02).cern.ch|/DC=ch/DC=cern/OU=computers/CN=crab-dev-tw(01|02|03|04).cern.ch|/DC=ch/DC=cern/OU=Organic Units/OU=Users/CN=cmscrab/CN=(817881|373708)/CN=Robot: cms crab|/DC=ch/DC=cern/OU=Organic Units/OU=Users/CN=crabint1/CN=373708/CN=Robot: CMS CRAB Integration 1
DEBUG 2024-10-09 10:57:53.436 UTC: 	 Executing command :
 voms-proxy-info --identity --file /tmp/x509up_u168090
DEBUG 2024-10-09 10:57:53.992 UTC: 	 output : /DC=ch/DC=cern/OU=Organic Units/OU=Users/CN=wkwon/CN=874403/CN=Wooyeon Kwon

 error: 
 retcode : 0
DEBUG 2024-10-09 10:57:53.992 UTC: 	 Getting myproxy life time left for f8986532409fa907e5c13102198102ce78e92be8
DEBUG 2024-10-09 10:57:53.992 UTC: 	 Executing command :
 myproxy-info -s myproxy.cern.ch -l f8986532409fa907e5c13102198102ce78e92be8
DEBUG 2024-10-09 10:57:54.453 UTC: 	 output : username: f8986532409fa907e5c13102198102ce78e92be8
owner: /DC=ch/DC=cern/OU=Organic Units/OU=Users/CN=wkwon/CN=874403/CN=Wooyeon Kwon
  renewal policy: /DC=ch/DC=cern/OU=computers/CN=crab-(preprod|prod)-tw(01|02).cern.ch|/DC=ch/DC=cern/OU=computers/CN=crab-dev-tw(01|02|03|04).cern.ch|/DC=ch/DC=cern/OU=Organic Units/OU=Users/CN=cmscrab/CN=(817881|373708)/CN=Robot: cms crab|/DC=ch/DC=cern/OU=Organic Units/OU=Users/CN=crabint1/CN=373708/CN=Robot: CMS CRAB Integration 1
  trusted retrieval policy: /DC=ch/DC=cern/OU=computers/CN=crab-(preprod|prod)-tw(01|02).cern.ch|/DC=ch/DC=cern/OU=computers/CN=crab-dev-tw(01|02|03|04).cern.ch|/DC=ch/DC=cern/OU=Organic Units/OU=Users/CN=cmscrab/CN=(817881|373708)/CN=Robot: cms crab|/DC=ch/DC=cern/OU=Organic Units/OU=Users/CN=crabint1/CN=373708/CN=Robot: CMS CRAB Integration 1
  timeleft: 375:22:03  (15.6 days)

 error: 
 retcode : 0
DEBUG 2024-10-09 10:57:54.453 UTC: 	 Myproxy is valid: 1351320
DEBUG 2024-10-09 10:57:54.453 UTC: 	 Result of myproxy credential check:
  Credential exists on myproxy: username: f8986532409fa907e5c13102198102ce78e92be8  - validity: 15 days, 15:22:00
DEBUG 2024-10-09 10:57:54.453 UTC: 	 Retrieving username ...
DEBUG 2024-10-09 10:57:54.453 UTC: 	 Retrieving username from CRIC...
DEBUG 2024-10-09 10:57:55.151 UTC: 	 username is wkwon
INFO 2024-10-09 10:57:56.397 UTC: 	 Rucio client intialized for account wkwon
DEBUG 2024-10-09 10:57:56.401 UTC: 	 Command use: status
DEBUG 2024-10-09 10:57:56.401 UTC: 	 Options use: ['-d', 'crab_projects/crab_MuonAnalysis_DYJetsToLL_Run3Summer22DR']
DEBUG 2024-10-09 10:57:56.401 UTC: 	 Encoded data for curl request: subresource=version
DEBUG 2024-10-09 10:57:56.476 UTC: 	 CRABClient version: v3.240621
DEBUG 2024-10-09 10:57:56.477 UTC: 	 Instance is prod
DEBUG 2024-10-09 10:57:56.477 UTC: 	 Server base url is cmsweb.cern.ch
DEBUG 2024-10-09 10:57:56.477 UTC: 	 Command api workflow
DEBUG 2024-10-09 10:57:56.477 UTC: 	 Encoded data for curl request: subresource=search&workflow=241009_070338%3Awkwon_crab_MuonAnalysis_DYJetsToLL_Run3Summer22DR
DEBUG 2024-10-09 10:57:56.563 UTC: 	 Got information from server oracle database: {'desc': {'columns': ['tm_taskname', 'tm_activity', 'tm_task_status', 'tm_task_command', 'tm_start_time', 'tm_start_injection', 'tm_end_injection', 'tm_task_failure', 'tm_job_sw', 'tm_job_arch', 'tm_input_dataset', 'tm_nonvalid_input_dataset', 'tm_use_parent', 'tm_site_whitelist', 'tm_site_blacklist', 'tm_split_algo', 'tm_split_args', 'tm_user_sandbox', 'tm_cache_url', 'tm_username', 'tm_user_dn', 'tm_user_vo', 'tm_user_role', 'tm_user_group', 'tm_publish_name', 'tm_publish_groupname', 'tm_asyncdest', 'tm_dbs_url', 'tm_publish_dbs_url', 'tm_publication', 'tm_outfiles', 'tm_tfile_outfiles', 'tm_edm_outfiles', 'tm_job_type', 'tm_generator', 'tm_events_per_lumi', 'tm_arguments', 'tm_save_logs', 'tw_name', 'tm_user_infiles', 'tm_maxjobruntime', 'tm_numcores', 'tm_maxmemory', 'tm_priority', 'tm_output_dataset', 'tm_task_warnings', 'tm_user_webdir', 'tm_scriptexe', 'tm_scriptargs', 'tm_extrajdl', 'tm_collector', 'tm_schedd', 'tm_dry_run', 'tm_user_files', 'tm_transfer_outputs', 'tm_output_lfn', 'tm_ignore_locality', 'tm_fail_limit', 'tm_one_event_mode', 'tm_secondary_input_dataset', 'tm_primary_dataset', 'tm_last_publication', 'tm_debug_files', 'clusterid', 'tm_ignore_global_blacklist', 'tm_submitter_ip_addr', 'tm_totalunits', 'tm_ddm_reqid', 'tm_user_config', 'tm_transfer_container', 'tm_transfer_rule', 'tm_publish_rule', 'tm_multipub_rule']}, 'result': ['241009_070338:wkwon_crab_MuonAnalysis_DYJetsToLL_Run3Summer22DR', 'None', 'SUBMITTED', 'SUBMIT', '2024-10-09 07:03:38.401369', 'None', '2024-10-09 08:01:16.437684', 'None', 'CMSSW_14_0_12', 'el9_amd64_gcc12', '/DYJetsToLL_M-50_TuneCP5_13p6TeV-madgraphMLM-pythia8/Run3Summer22DRPremix-124X_mcRun3_2022_realistic_v12-v2/AODSIM', 'F', '0', '[]', '[]', 'FileBased', "{'halt_job_on_file_boundaries': False, 'splitOnRun': False, 'files_per_job': 100, 'runs': [], 'lumis': []}", '9cd5be79f7bcdc4659dc82b85a31cf0ec5dfa74742db2e1e4e783d79da828dee.tar.gz', 'https://cmsweb.cern.ch/S3/crabcache_prod', 'wkwon', '/DC=ch/DC=cern/OU=Organic Units/OU=Users/CN=wkwon/CN=874403/CN=Wooyeon Kwon', 'cms', 'None', 'None', 'crab_MuonAnalysis_DYJetsToLL_Run3Summer22DR-00000000000000000000000000000000', 'F', 'T3_KR_KNU', 'https://cmsweb.cern.ch/dbs/prod/global/DBSReader', 'https://cmsweb.cern.ch/dbs/prod/phys03/DBSWriter', 'F', '[]', "['mc.root']", '[]', 'Analysis', 'pythia', 'None', '{}', 'F', 'crab-prod-tw01', '[]', '1250', '1', '2000', '10', "['/FakeDataset/fakefile-FakePublish-2f6d44273b30e436d88aa1e9c3f1903b/USER']", '[]', 'http://vocms0155.cern.ch/mon/wkwon/241009_070338:wkwon_crab_MuonAnalysis_DYJetsToLL_Run3Summer22DR', 'None', '[]', '[]', 'cmsgwms-collector-global.cern.ch:9620,cmsgwms-collector-global.fnal.gov:9620', 'crab3@vocms0155.cern.ch', 'F', '[]', 'T', '/store/user/wkwon/AnalysisResults/', 'F', 'None', 'F', 'None', 'DYJetsToLL_M-50_TuneCP5_13p6TeV-madgraphMLM-pythia8', 'None', '26555aa959b66ee40ed2d0f451977a86eb9aabe20b5900dd8c14426866077996.tar.gz', '114155030', 'F', '137.138.154.184', '0.0', 'b7742c5066064520950958d878f4b734', '{"partialdataset": false, "requireaccelerator": false, "acceleratorparams": null, "inputblocks": null}', 'None', 'None', 'None', 'None']}
INFO 2024-10-09 10:57:56.563 UTC: 	 CRAB project directory:		/eos/home-w/wkwon/CMSSW_14_0_12/src/work/mc/crab_projects/crab_MuonAnalysis_DYJetsToLL_Run3Summer22DR
INFO 2024-10-09 10:57:56.563 UTC: 	 Task name:			241009_070338:wkwon_crab_MuonAnalysis_DYJetsToLL_Run3Summer22DR
INFO 2024-10-09 10:57:56.563 UTC: 	 Grid scheduler - Task Worker:	crab3@vocms0155.cern.ch - crab-prod-tw01
INFO 2024-10-09 10:57:56.563 UTC: 	 Status on the CRAB server:	SUBMITTED
INFO 2024-10-09 10:57:56.563 UTC: 	 Task URL to use for HELP:	https://cmsweb.cern.ch/crabserver/ui/task/241009_070338%3Awkwon_crab_MuonAnalysis_DYJetsToLL_Run3Summer22DR
INFO 2024-10-09 10:57:56.574 UTC: 	 Dashboard monitoring URL:	https://monit-grafana.cern.ch/d/cmsTMDetail/cms-task-monitoring-task-view?orgId=11&var-user=wkwon&var-task=241009_070338%3Awkwon_crab_MuonAnalysis_DYJetsToLL_Run3Summer22DR&from=1728453818000&to=now
DEBUG 2024-10-09 10:57:56.575 UTC: 	 The CRAB server submitted your task to the Grid scheduler (cluster ID: 114155030)
DEBUG 2024-10-09 10:57:56.575 UTC: 	 Webdir is located at http://vocms0155.cern.ch/mon/wkwon/241009_070338:wkwon_crab_MuonAnalysis_DYJetsToLL_Run3Summer22DR
DEBUG 2024-10-09 10:57:56.575 UTC: 	 Encoded data for curl request: subresource=webdirprx&workflow=241009_070338%3Awkwon_crab_MuonAnalysis_DYJetsToLL_Run3Summer22DR
DEBUG 2024-10-09 10:57:56.654 UTC: 	 Proxied webdir is located at https://cmsweb.cern.ch:8443/scheddmon/0155/wkwon/241009_070338:wkwon_crab_MuonAnalysis_DYJetsToLL_Run3Summer22DR
DEBUG 2024-10-09 10:57:56.654 UTC: 	 Retrieving 'status_cache' file from https://cmsweb.cern.ch:8443/scheddmon/0155/wkwon/241009_070338:wkwon_crab_MuonAnalysis_DYJetsToLL_Run3Summer22DR/status_cache.pkl
DEBUG 2024-10-09 10:57:56.655 UTC: 	 Will execute:
curl -sS --capath /etc/grid-security/certificates --cert /tmp/x509up_u168090 --key /tmp/x509up_u168090 -o /tmp/crab_status-cache-pwyhw3dw.pkl -w %"{http_code}" "https://cmsweb.cern.ch:8443/scheddmon/0155/wkwon/241009_070338:wkwon_crab_MuonAnalysis_DYJetsToLL_Run3Summer22DR/status_cache.pkl"
DEBUG 2024-10-09 10:57:56.655 UTC: 	 Executing command :
 curl -sS --capath /etc/grid-security/certificates --cert /tmp/x509up_u168090 --key /tmp/x509up_u168090 -o /tmp/crab_status-cache-pwyhw3dw.pkl -w %"{http_code}" "https://cmsweb.cern.ch:8443/scheddmon/0155/wkwon/241009_070338:wkwon_crab_MuonAnalysis_DYJetsToLL_Run3Summer22DR/status_cache.pkl"
DEBUG 2024-10-09 10:57:56.746 UTC: 	 output : 200
 error: 
 retcode : 0
DEBUG 2024-10-09 10:57:56.747 UTC: 	 exitcode: 0
stdout: 200
stderr: 
error details: 
DEBUG 2024-10-09 10:57:56.747 UTC: 	 Got information from status cache file: {'1': {'Retries': 0, 'Restarts': 0, 'SiteHistory': ['Unknown', 'T2_CH_CSCS', 'T2_CH_CSCS'], 'ResidentSetSize': [914648], 'SubmitTimes': [1728460940.0], 'StartTimes': [1728461140.0], 'EndTimes': [1728461610.0], 'TotalUserCpuTimeHistory': [121], 'TotalSysCpuTimeHistory': [5], 'WallDurations': [9.0, 162.24546575546265, 470.0], 'JobIds': ['114155034.0'], 'State': 'finished', 'RecordedSite': True}}
INFO 2024-10-09 10:57:56.747 UTC: 	 Status on the scheduler:	COMPLETED
INFO 2024-10-09 10:57:56.747 UTC: 	 
Jobs status:                    finished     		100.0% (1/1)
INFO 2024-10-09 10:57:56.747 UTC: 	 
No publication information (publication has been disabled in the CRAB configuration file)
INFO 2024-10-09 10:57:56.748 UTC: 	 
Warning: the max jobs runtime is less than 30% of the task requested value (1250 min), please consider to request a lower value for failed jobs (allowed through crab resubmit) and/or improve the jobs splitting (e.g. config.Data.splitting = 'Automatic') in a new task.
INFO 2024-10-09 10:57:56.748 UTC: 	 
Warning: the average jobs CPU efficiency is less than 50%, please consider to improve the jobs splitting (e.g. config.Data.splitting = 'Automatic') in a new task
INFO 2024-10-09 10:57:56.748 UTC: 	 
Summary of run jobs:
 * Memory: 893MB min, 893MB max, 893MB ave
 * Runtime: 0:07:50 min, 0:07:50 max, 0:07:50 ave
 * CPU eff: 27% min, 27% max, 27% ave
 * Waste: 0:02:51 (27% of total)

INFO 2024-10-09 10:57:56.766 UTC: 	 Log file is /eos/home-w/wkwon/CMSSW_14_0_12/src/work/mc/crab_projects/crab_MuonAnalysis_DYJetsToLL_Run3Summer22DR/crab.log
