DEBUG 2024-10-10 05:11:32.455 UTC: 	 CRAB Client version: v3.240621
DEBUG 2024-10-10 05:11:32.455 UTC: 	 Running on: Linux lxplus967.cern.ch 5.14.0-427.37.1.el9_4.x86_64 #1 SMP PREEMPT_DYNAMIC Fri Sep 13 12:41:50 EDT 2024 x86_64 x86_64 x86_64 GNU/Linux - Red Hat Enterprise Linux 9.4 (Plow)
DEBUG 2024-10-10 05:11:32.455 UTC: 	 Executing command: 'submit'
DEBUG 2024-10-10 05:11:32.456 UTC: 	 Found CRAB cache file /afs/cern.ch/user/w/wkwon/.crab3
INFO 2024-10-10 05:11:32.598 UTC: 	 Will use CRAB configuration file crab_conf.py
DEBUG 2024-10-10 05:11:32.598 UTC: 	 Loading CRAB configuration file.
DEBUG 2024-10-10 05:11:32.642 UTC: 	 Will use CRAB plugin ANALYSIS (i.e. will run an analysis job type).
DEBUG 2024-10-10 05:11:32.687 UTC: 	 Checking credentials
DEBUG 2024-10-10 05:11:32.714 UTC: 	 Found proxy file /tmp/x509up_u168090
DEBUG 2024-10-10 05:11:32.714 UTC: 	 Making sure it has proper VOMS extension
DEBUG 2024-10-10 05:11:32.714 UTC: 	 Executing command :
 voms-proxy-info --vo --file /tmp/x509up_u168090
DEBUG 2024-10-10 05:11:33.235 UTC: 	 output : cms

 error: 
 retcode : 0
DEBUG 2024-10-10 05:11:33.235 UTC: 	 Getting proxy life time left
DEBUG 2024-10-10 05:11:33.235 UTC: 	 Executing command :
 voms-proxy-info --actimeleft --timeleft --file /tmp/x509up_u168090
DEBUG 2024-10-10 05:11:33.619 UTC: 	 output : 0
0

 error: 
 retcode : 0
DEBUG 2024-10-10 05:11:33.619 UTC: 	 Proxy valid for 00:00:00 hours
DEBUG 2024-10-10 05:11:33.619 UTC: 	 Creating new proxy for 172:00 hours
DEBUG 2024-10-10 05:11:33.619 UTC: 	 Executing command :
 voms-proxy-init --rfc --cert ~/.globus/usercert.pem --key ~/.globus/userkey.pem --out /tmp/x509up_u168090 --valid 192:00 --voms cms:/cms
DEBUG 2024-10-10 05:11:38.130 UTC: 	 output : 
 error: 
 retcode : 0
DEBUG 2024-10-10 05:11:38.130 UTC: 	 Executing command :
 voms-proxy-info --actimeleft --timeleft --file /tmp/x509up_u168090
DEBUG 2024-10-10 05:11:38.537 UTC: 	 output : 691198
691198

 error: 
 retcode : 0
DEBUG 2024-10-10 05:11:38.538 UTC: 	 Proxy created.
DEBUG 2024-10-10 05:11:38.538 UTC: 	 Encoded data for curl request: subresource=delegatedn
DEBUG 2024-10-10 05:11:38.618 UTC: 	 Registering user credentials on myproxy for /DC=ch/DC=cern/OU=computers/CN=crab-(preprod|prod)-tw(01|02).cern.ch|/DC=ch/DC=cern/OU=computers/CN=crab-dev-tw(01|02|03|04).cern.ch|/DC=ch/DC=cern/OU=Organic Units/OU=Users/CN=cmscrab/CN=(817881|373708)/CN=Robot: cms crab|/DC=ch/DC=cern/OU=Organic Units/OU=Users/CN=crabint1/CN=373708/CN=Robot: CMS CRAB Integration 1
DEBUG 2024-10-10 05:11:38.618 UTC: 	 Executing command :
 voms-proxy-info --identity --file /tmp/x509up_u168090
DEBUG 2024-10-10 05:11:38.982 UTC: 	 output : /DC=ch/DC=cern/OU=Organic Units/OU=Users/CN=wkwon/CN=874403/CN=Wooyeon Kwon

 error: 
 retcode : 0
DEBUG 2024-10-10 05:11:38.982 UTC: 	 Getting myproxy life time left for f8986532409fa907e5c13102198102ce78e92be8
DEBUG 2024-10-10 05:11:38.982 UTC: 	 Executing command :
 myproxy-info -s myproxy.cern.ch -l f8986532409fa907e5c13102198102ce78e92be8
DEBUG 2024-10-10 05:11:39.290 UTC: 	 output : username: f8986532409fa907e5c13102198102ce78e92be8
owner: /DC=ch/DC=cern/OU=Organic Units/OU=Users/CN=wkwon/CN=874403/CN=Wooyeon Kwon
  renewal policy: /DC=ch/DC=cern/OU=computers/CN=crab-(preprod|prod)-tw(01|02).cern.ch|/DC=ch/DC=cern/OU=computers/CN=crab-dev-tw(01|02|03|04).cern.ch|/DC=ch/DC=cern/OU=Organic Units/OU=Users/CN=cmscrab/CN=(817881|373708)/CN=Robot: cms crab|/DC=ch/DC=cern/OU=Organic Units/OU=Users/CN=crabint1/CN=373708/CN=Robot: CMS CRAB Integration 1
  trusted retrieval policy: /DC=ch/DC=cern/OU=computers/CN=crab-(preprod|prod)-tw(01|02).cern.ch|/DC=ch/DC=cern/OU=computers/CN=crab-dev-tw(01|02|03|04).cern.ch|/DC=ch/DC=cern/OU=Organic Units/OU=Users/CN=cmscrab/CN=(817881|373708)/CN=Robot: cms crab|/DC=ch/DC=cern/OU=Organic Units/OU=Users/CN=crabint1/CN=373708/CN=Robot: CMS CRAB Integration 1
  timeleft: 357:08:18  (14.9 days)

 error: 
 retcode : 0
DEBUG 2024-10-10 05:11:39.290 UTC: 	 Myproxy is valid: 1285680
DEBUG 2024-10-10 05:11:39.290 UTC: 	 Executing command :
 openssl x509 -noout -dates -in ~/.globus/usercert.pem
DEBUG 2024-10-10 05:11:39.326 UTC: 	 output : notBefore=Dec 15 04:37:03 2023 GMT
notAfter=Jan 18 04:37:03 2025 GMT

 error: 
 retcode : 0
DEBUG 2024-10-10 05:11:39.334 UTC: 	 Delegating a myproxy for 720:00 hours
DEBUG 2024-10-10 05:11:39.334 UTC: 	 Executing command :
 export GT_PROXY_MODE=rfc ; myproxy-init -d -n -s myproxy.cern.ch -C ~/.globus/usercert.pem -y ~/.globus/userkey.pem -x -R '/DC=ch/DC=cern/OU=computers/CN=crab-(preprod|prod)-tw(01|02).cern.ch|/DC=ch/DC=cern/OU=computers/CN=crab-dev-tw(01|02|03|04).cern.ch|/DC=ch/DC=cern/OU=Organic Units/OU=Users/CN=cmscrab/CN=(817881|373708)/CN=Robot: cms crab|/DC=ch/DC=cern/OU=Organic Units/OU=Users/CN=crabint1/CN=373708/CN=Robot: CMS CRAB Integration 1' -x -Z '/DC=ch/DC=cern/OU=computers/CN=crab-(preprod|prod)-tw(01|02).cern.ch|/DC=ch/DC=cern/OU=computers/CN=crab-dev-tw(01|02|03|04).cern.ch|/DC=ch/DC=cern/OU=Organic Units/OU=Users/CN=cmscrab/CN=(817881|373708)/CN=Robot: cms crab|/DC=ch/DC=cern/OU=Organic Units/OU=Users/CN=crabint1/CN=373708/CN=Robot: CMS CRAB Integration 1' -l f8986532409fa907e5c13102198102ce78e92be8 -t 168 -c 720:00
DEBUG 2024-10-10 05:11:43.167 UTC: 	 output : Your identity: /DC=ch/DC=cern/OU=Organic Units/OU=Users/CN=wkwon/CN=874403/CN=Wooyeon Kwon
Creating proxy ........................................................................................................................................................................................................................................................................................................................................................................................................................................................................................................................................................................................................................................................................................................................................................................................................................................................................................................................................................................................................................................................................................................................................................................................................................................................................................................................................................................................................................................................................................................................................................................................................................................................................................................ Done
Proxy Verify OK
Your proxy is valid until: Sat Nov  9 06:11:42 2024
A proxy valid for 720 hours (30.0 days) for user f8986532409fa907e5c13102198102ce78e92be8 now exists on myproxy.cern.ch.

 error: 
 retcode : 0
DEBUG 2024-10-10 05:11:43.167 UTC: 	 Executing command :
 myproxy-info -s myproxy.cern.ch -l f8986532409fa907e5c13102198102ce78e92be8
DEBUG 2024-10-10 05:11:43.427 UTC: 	 output : username: f8986532409fa907e5c13102198102ce78e92be8
owner: /DC=ch/DC=cern/OU=Organic Units/OU=Users/CN=wkwon/CN=874403/CN=Wooyeon Kwon
  renewal policy: /DC=ch/DC=cern/OU=computers/CN=crab-(preprod|prod)-tw(01|02).cern.ch|/DC=ch/DC=cern/OU=computers/CN=crab-dev-tw(01|02|03|04).cern.ch|/DC=ch/DC=cern/OU=Organic Units/OU=Users/CN=cmscrab/CN=(817881|373708)/CN=Robot: cms crab|/DC=ch/DC=cern/OU=Organic Units/OU=Users/CN=crabint1/CN=373708/CN=Robot: CMS CRAB Integration 1
  trusted retrieval policy: /DC=ch/DC=cern/OU=computers/CN=crab-(preprod|prod)-tw(01|02).cern.ch|/DC=ch/DC=cern/OU=computers/CN=crab-dev-tw(01|02|03|04).cern.ch|/DC=ch/DC=cern/OU=Organic Units/OU=Users/CN=cmscrab/CN=(817881|373708)/CN=Robot: cms crab|/DC=ch/DC=cern/OU=Organic Units/OU=Users/CN=crabint1/CN=373708/CN=Robot: CMS CRAB Integration 1
  timeleft: 719:59:59  (30.0 days)

 error: 
 retcode : 0
DEBUG 2024-10-10 05:11:43.427 UTC: 	 My-proxy delegated.
DEBUG 2024-10-10 05:11:43.427 UTC: 	 Result of myproxy credential check:
  Credential exists on myproxy: username: f8986532409fa907e5c13102198102ce78e92be8  - validity: 29 days, 23:59:00
DEBUG 2024-10-10 05:11:43.427 UTC: 	 Command use: submit
DEBUG 2024-10-10 05:11:43.427 UTC: 	 Options use: ['-c', 'crab_conf.py']
DEBUG 2024-10-10 05:11:43.427 UTC: 	 Encoded data for curl request: subresource=version
DEBUG 2024-10-10 05:11:43.877 UTC: 	 CRABClient version: v3.240621
DEBUG 2024-10-10 05:11:43.877 UTC: 	 Instance is prod
DEBUG 2024-10-10 05:11:43.877 UTC: 	 Server base url is cmsweb.cern.ch
DEBUG 2024-10-10 05:11:43.877 UTC: 	 Command api workflow
DEBUG 2024-10-10 05:11:43.877 UTC: 	 Started submission
DEBUG 2024-10-10 05:11:43.877 UTC: 	 Working on /eos/home-w/wkwon/CMSSW_14_0_12/src/work/mc/crab_projects/crab_MuonAnalysis_DYJetsToLL_Run3Summer22EEDR
DEBUG 2024-10-10 05:11:43.877 UTC: 	 Encoded data for curl request: subresource=backendurls
DEBUG 2024-10-10 05:11:44.073 UTC: 	 Loading required information from the environment
DEBUG 2024-10-10 05:11:44.073 UTC: 	 Found CMSSW_14_0_12 for el9_amd64_gcc12 with base /eos/home-w/wkwon/CMSSW_14_0_12
DEBUG 2024-10-10 05:11:44.073 UTC: 	 Loading required information from the environment
DEBUG 2024-10-10 05:11:44.073 UTC: 	 Found CMSSW_14_0_12 for el9_amd64_gcc12 with base /eos/home-w/wkwon/CMSSW_14_0_12
DEBUG 2024-10-10 05:11:44.073 UTC: 	 UNIQUE NAME: tarUUID 800112f4-6a41-4a9e-a21c-d73cdb135f34 
DEBUG 2024-10-10 05:11:44.073 UTC: 	 self.config: from WMCore.Configuration import Configuration
config = Configuration()
config.section_('General')
config.General.workArea = 'crab_projects'
config.General.requestName = 'MuonAnalysis_DYJetsToLL_Run3Summer22EEDR'
config.section_('JobType')
config.JobType.psetName = 'conf.py'
config.JobType.maxMemoryMB = 2000
config.JobType.numCores = 1
config.JobType.pluginName = 'Analysis'
config.JobType.outputFiles = ['mc.root']
config.section_('Data')
config.Data.inputDataset = '/DYJetsToLL_M-50_TuneCP5_13p6TeV-madgraphMLM-pythia8/Run3Summer22EEDRPremix-forPOG_124X_mcRun3_2022_realistic_postEE_v1-v3/AODSIM'
config.Data.publication = False
config.Data.unitsPerJob = 100
config.Data.splitting = 'FileBased'
config.Data.inputDBS = 'global'
config.Data.outLFNDirBase = '/store/user/wkwon/AnalysisResults/'
config.section_('Site')
config.Site.storageSite = 'T3_KR_KNU'
config.section_('User')
config.section_('Debug')

DEBUG 2024-10-10 05:11:44.073 UTC: 	 self.config.JobType.psetName: conf.py
INFO 2024-10-10 05:11:44.074 UTC: 	 Importing CMSSW configuration conf.py
INFO 2024-10-10 05:11:44.445 UTC: 	 Finished importing CMSSW configuration conf.py
DEBUG 2024-10-10 05:11:44.446 UTC: 	 Writing CMSSW configuration to /eos/home-w/wkwon/CMSSW_14_0_12/src/work/mc/crab_projects/crab_MuonAnalysis_DYJetsToLL_Run3Summer22EEDR/inputs/PSet.py
DEBUG 2024-10-10 05:11:44.507 UTC: 	 The following EDM output files will be collected: []
DEBUG 2024-10-10 05:11:44.507 UTC: 	 The following TFile output files will be collected: ['mc.root']
DEBUG 2024-10-10 05:11:44.507 UTC: 	 The following user output files (not listed as PoolOuputModule or TFileService in the CMSSW PSet) will be collected: 
DEBUG 2024-10-10 05:11:44.507 UTC: 	 Loading required information from the environment
DEBUG 2024-10-10 05:11:44.507 UTC: 	 Found CMSSW_14_0_12 for el9_amd64_gcc12 with base /eos/home-w/wkwon/CMSSW_14_0_12
DEBUG 2024-10-10 05:11:44.507 UTC: 	 Making tarball in /eos/home-w/wkwon/CMSSW_14_0_12/src/work/mc/crab_projects/crab_MuonAnalysis_DYJetsToLL_Run3Summer22EEDR/inputs/800112f4-6a41-4a9e-a21c-d73cdb135f34default.tgz
DEBUG 2024-10-10 05:11:44.509 UTC: 	 Checking directory /eos/home-w/wkwon/CMSSW_14_0_12/bin
DEBUG 2024-10-10 05:11:44.509 UTC: 	 Adding directory /eos/home-w/wkwon/CMSSW_14_0_12/bin to tarball
DEBUG 2024-10-10 05:11:44.515 UTC: 	 Checking directory /eos/home-w/wkwon/CMSSW_14_0_12/python
DEBUG 2024-10-10 05:11:44.515 UTC: 	 Adding directory /eos/home-w/wkwon/CMSSW_14_0_12/python to tarball
DEBUG 2024-10-10 05:11:44.932 UTC: 	 Checking directory /eos/home-w/wkwon/CMSSW_14_0_12/cfipython
DEBUG 2024-10-10 05:11:44.934 UTC: 	 Adding directory /eos/home-w/wkwon/CMSSW_14_0_12/cfipython to tarball
DEBUG 2024-10-10 05:11:45.009 UTC: 	 Checking directory /eos/home-w/wkwon/CMSSW_14_0_12/lib
DEBUG 2024-10-10 05:11:45.009 UTC: 	 Adding directory /eos/home-w/wkwon/CMSSW_14_0_12/lib to tarball
DEBUG 2024-10-10 05:11:45.018 UTC: 	 Checking directory /eos/home-w/wkwon/CMSSW_14_0_12/biglib
DEBUG 2024-10-10 05:11:45.019 UTC: 	 Adding directory /eos/home-w/wkwon/CMSSW_14_0_12/biglib to tarball
DEBUG 2024-10-10 05:11:45.022 UTC: 	 Checking directory /eos/home-w/wkwon/CMSSW_14_0_12/module
DEBUG 2024-10-10 05:11:45.023 UTC: 	 Checking directory /eos/home-w/wkwon/CMSSW_14_0_12/config/SCRAM/hooks
DEBUG 2024-10-10 05:11:45.026 UTC: 	 Adding directory /eos/home-w/wkwon/CMSSW_14_0_12/config/SCRAM/hooks to tarball
DEBUG 2024-10-10 05:11:46.989 UTC: 	 Adding directory /eos/home-w/wkwon/CMSSW_14_0_12/src/work/mc/python to tarball
DEBUG 2024-10-10 05:11:47.026 UTC: 	 Uploading archive /eos/home-w/wkwon/CMSSW_14_0_12/src/work/mc/crab_projects/crab_MuonAnalysis_DYJetsToLL_Run3Summer22EEDR/inputs/800112f4-6a41-4a9e-a21c-d73cdb135f34default.tgz (95 KB) to the CRAB cache. Using URI https://cmsweb.cern.ch/S3/crabcache_prod
DEBUG 2024-10-10 05:11:47.089 UTC: 	 Encoded data for curl request: subresource=upload&objecttype=sandbox&tarballname=9cd5be79f7bcdc4659dc82b85a31cf0ec5dfa74742db2e1e4e783d79da828dee.tar.gz
DEBUG 2024-10-10 05:11:47.244 UTC: 	 sandbox 9cd5be79f7bcdc4659dc82b85a31cf0ec5dfa74742db2e1e4e783d79da828dee.tar.gz is already in the S3 store, will not upload again
DEBUG 2024-10-10 05:11:47.244 UTC: 	 Loading required information from the environment
DEBUG 2024-10-10 05:11:47.244 UTC: 	 Found CMSSW_14_0_12 for el9_amd64_gcc12 with base /eos/home-w/wkwon/CMSSW_14_0_12
DEBUG 2024-10-10 05:11:47.244 UTC: 	 Making tarball in /eos/home-w/wkwon/CMSSW_14_0_12/src/work/mc/crab_projects/crab_MuonAnalysis_DYJetsToLL_Run3Summer22EEDR/inputs/debugFiles.tgz
DEBUG 2024-10-10 05:11:47.258 UTC: 	 Uploading archive /eos/home-w/wkwon/CMSSW_14_0_12/src/work/mc/crab_projects/crab_MuonAnalysis_DYJetsToLL_Run3Summer22EEDR/inputs/debugFiles.tgz (1 KB) to the CRAB cache. Using URI https://cmsweb.cern.ch/S3/crabcache_prod
DEBUG 2024-10-10 05:11:47.262 UTC: 	 Encoded data for curl request: subresource=upload&objecttype=sandbox&tarballname=00bb0ce6b8b3b3d6b961daefb8ec8dd6fd90b96ab8d26bd1a4fc8a25773cbace.tar.gz
DEBUG 2024-10-10 05:11:47.347 UTC: 	 Will execute:
curl -f -v -X POST  -H "User-Agent: CRAB" -F "key=wkwon/sandboxes/00bb0ce6b8b3b3d6b961daefb8ec8dd6fd90b96ab8d26bd1a4fc8a25773cbace.tar.gz" -F "AWSAccessKeyId=715203df6482458ba839e73e6dab634b" -F "policy=eyJleHBpcmF0aW9uIjogIjIwMjQtMTAtMTBUMDY6MTE6NDdaIiwgImNvbmRpdGlvbnMiOiBbeyJidWNrZXQiOiAiY3JhYmNhY2hlX3Byb2QifSwgeyJrZXkiOiAid2t3b24vc2FuZGJveGVzLzAwYmIwY2U2YjhiM2IzZDZiOTYxZGFlZmI4ZWM4ZGQ2ZmQ5MGI5NmFiOGQyNmJkMWE0ZmM4YTI1NzczY2JhY2UudGFyLmd6In1dfQ==" -F "signature=XCMB+ljgNDdRyPiZ+Lq91O66x5w=" -F "file=@/eos/home-w/wkwon/CMSSW_14_0_12/src/work/mc/crab_projects/crab_MuonAnalysis_DYJetsToLL_Run3Summer22EEDR/inputs/debugFiles.tgz" "https://s3.cern.ch/crabcache_prod"
DEBUG 2024-10-10 05:11:47.448 UTC: 	 exitcode: 0
stdout: b''
DEBUG 2024-10-10 05:11:47.448 UTC: 	 sandbox /eos/home-w/wkwon/CMSSW_14_0_12/src/work/mc/crab_projects/crab_MuonAnalysis_DYJetsToLL_Run3Summer22EEDR/inputs/debugFiles.tgz successfully uploaded to S3
DEBUG 2024-10-10 05:11:47.448 UTC: 	 Result uploading input files: 9cd5be79f7bcdc4659dc82b85a31cf0ec5dfa74742db2e1e4e783d79da828dee.tar.gz 
DEBUG 2024-10-10 05:11:47.448 UTC: 	 submit() - self.configuration from WMCore.Configuration import Configuration
config = Configuration()
config.section_('General')
config.General.workArea = 'crab_projects'
config.General.requestName = 'MuonAnalysis_DYJetsToLL_Run3Summer22EEDR'
config.section_('JobType')
config.JobType.psetName = 'conf.py'
config.JobType.maxMemoryMB = 2000
config.JobType.numCores = 1
config.JobType.pluginName = 'Analysis'
config.JobType.outputFiles = ['mc.root']
config.section_('Data')
config.Data.inputDataset = '/DYJetsToLL_M-50_TuneCP5_13p6TeV-madgraphMLM-pythia8/Run3Summer22EEDRPremix-forPOG_124X_mcRun3_2022_realistic_postEE_v1-v3/AODSIM'
config.Data.publication = False
config.Data.unitsPerJob = 100
config.Data.splitting = 'FileBased'
config.Data.inputDBS = 'global'
config.Data.outLFNDirBase = '/store/user/wkwon/AnalysisResults/'
config.section_('Site')
config.Site.storageSite = 'T3_KR_KNU'
config.section_('User')
config.section_('Debug')

DEBUG 2024-10-10 05:11:47.448 UTC: 	 submit() - self.configreq {'dryrun': 0, 'workflow': 'crab_MuonAnalysis_DYJetsToLL_Run3Summer22EEDR', 'saveoutput': 1, 'savelogsflag': 0, 'inputdata': '/DYJetsToLL_M-50_TuneCP5_13p6TeV-madgraphMLM-pythia8/Run3Summer22EEDRPremix-forPOG_124X_mcRun3_2022_realistic_postEE_v1-v3/AODSIM', 'nonvaliddata': 0, 'userfiles': [], 'dbsurl': 'https://cmsweb.cern.ch/dbs/prod/global/DBSReader', 'useparent': 0, 'ignorelocality': 0, 'splitalgo': 'FileBased', 'algoargs': 100, 'totalunits': 0, 'lfn': '/store/user/wkwon/AnalysisResults/', 'publication': 0, 'publishdbsurl': 'https://cmsweb.cern.ch/dbs/prod/phys03/DBSWriter', 'jobtype': 'Analysis', 'generator': 'pythia', 'addoutputfiles': ['mc.root'], 'maxjobruntime': 1250, 'numcores': 1, 'maxmemory': 2000, 'priority': 10, 'nonprodsw': 0, 'asyncdest': 'T3_KR_KNU', 'requireaccelerator': 0, 'oneEventMode': 0, 'extrajdl': [], 'ignoreglobalblacklist': 0, 'partialdataset': 0, 'inputblocks': []}
DEBUG 2024-10-10 05:11:47.448 UTC: 	 submit() - jobconfig {'addoutputfiles': [], 'tfileoutfiles': ['mc.root'], 'edmoutfiles': [], 'jobarch': 'el9_amd64_gcc12', 'jobsw': 'CMSSW_14_0_12', 'inputdata': '/DYJetsToLL_M-50_TuneCP5_13p6TeV-madgraphMLM-pythia8/Run3Summer22EEDRPremix-forPOG_124X_mcRun3_2022_realistic_postEE_v1-v3/AODSIM', 'cacheurl': 'https://cmsweb.cern.ch/S3/crabcache_prod', 'cachefilename': '9cd5be79f7bcdc4659dc82b85a31cf0ec5dfa74742db2e1e4e783d79da828dee.tar.gz', 'debugfilename': '00bb0ce6b8b3b3d6b961daefb8ec8dd6fd90b96ab8d26bd1a4fc8a25773cbace.tar.gz', 'jobtype': 'Analysis'}
INFO 2024-10-10 05:11:47.448 UTC: 	 Sending the request to the server at cmsweb.cern.ch
DEBUG 2024-10-10 05:11:47.448 UTC: 	 Submitting {'dryrun': 0, 'workflow': 'crab_MuonAnalysis_DYJetsToLL_Run3Summer22EEDR', 'saveoutput': 1, 'savelogsflag': 0, 'inputdata': '/DYJetsToLL_M-50_TuneCP5_13p6TeV-madgraphMLM-pythia8/Run3Summer22EEDRPremix-forPOG_124X_mcRun3_2022_realistic_postEE_v1-v3/AODSIM', 'nonvaliddata': 0, 'userfiles': [], 'dbsurl': 'https://cmsweb.cern.ch/dbs/prod/global/DBSReader', 'useparent': 0, 'ignorelocality': 0, 'splitalgo': 'FileBased', 'algoargs': 100, 'totalunits': 0, 'lfn': '/store/user/wkwon/AnalysisResults/', 'publication': 0, 'publishdbsurl': 'https://cmsweb.cern.ch/dbs/prod/phys03/DBSWriter', 'jobtype': 'Analysis', 'generator': 'pythia', 'addoutputfiles': [], 'maxjobruntime': 1250, 'numcores': 1, 'maxmemory': 2000, 'priority': 10, 'nonprodsw': 0, 'asyncdest': 'T3_KR_KNU', 'requireaccelerator': 0, 'oneEventMode': 0, 'extrajdl': [], 'ignoreglobalblacklist': 0, 'partialdataset': 0, 'inputblocks': [], 'tfileoutfiles': ['mc.root'], 'edmoutfiles': [], 'jobarch': 'el9_amd64_gcc12', 'jobsw': 'CMSSW_14_0_12', 'cacheurl': 'https://cmsweb.cern.ch/S3/crabcache_prod', 'cachefilename': '9cd5be79f7bcdc4659dc82b85a31cf0ec5dfa74742db2e1e4e783d79da828dee.tar.gz', 'debugfilename': '00bb0ce6b8b3b3d6b961daefb8ec8dd6fd90b96ab8d26bd1a4fc8a25773cbace.tar.gz'} 
DEBUG 2024-10-10 05:11:47.449 UTC: 	 Encoded data for curl request: dryrun=0&workflow=crab_MuonAnalysis_DYJetsToLL_Run3Summer22EEDR&saveoutput=1&savelogsflag=0&inputdata=%2FDYJetsToLL_M-50_TuneCP5_13p6TeV-madgraphMLM-pythia8%2FRun3Summer22EEDRPremix-forPOG_124X_mcRun3_2022_realistic_postEE_v1-v3%2FAODSIM&nonvaliddata=0&dbsurl=https%3A%2F%2Fcmsweb.cern.ch%2Fdbs%2Fprod%2Fglobal%2FDBSReader&useparent=0&ignorelocality=0&splitalgo=FileBased&algoargs=100&totalunits=0&lfn=%2Fstore%2Fuser%2Fwkwon%2FAnalysisResults%2F&publication=0&publishdbsurl=https%3A%2F%2Fcmsweb.cern.ch%2Fdbs%2Fprod%2Fphys03%2FDBSWriter&jobtype=Analysis&generator=pythia&maxjobruntime=1250&numcores=1&maxmemory=2000&priority=10&nonprodsw=0&asyncdest=T3_KR_KNU&requireaccelerator=0&oneEventMode=0&ignoreglobalblacklist=0&partialdataset=0&jobarch=el9_amd64_gcc12&jobsw=CMSSW_14_0_12&cacheurl=https%3A%2F%2Fcmsweb.cern.ch%2FS3%2Fcrabcache_prod&cachefilename=9cd5be79f7bcdc4659dc82b85a31cf0ec5dfa74742db2e1e4e783d79da828dee.tar.gz&debugfilename=00bb0ce6b8b3b3d6b961daefb8ec8dd6fd90b96ab8d26bd1a4fc8a25773cbace.tar.gz&tfileoutfiles=mc.root
DEBUG 2024-10-10 05:11:48.223 UTC: 	 Result: {'result': [{'RequestName': '241010_051147:wkwon_crab_MuonAnalysis_DYJetsToLL_Run3Summer22EEDR'}]}
INFO 2024-10-10 05:11:48.253 UTC: 	 Success: Your task has been delivered to the prod CRAB3 server.
INFO 2024-10-10 05:11:48.253 UTC: 	 Task name: 241010_051147:wkwon_crab_MuonAnalysis_DYJetsToLL_Run3Summer22EEDR
INFO 2024-10-10 05:11:48.253 UTC: 	 Project dir: crab_projects/crab_MuonAnalysis_DYJetsToLL_Run3Summer22EEDR
INFO 2024-10-10 05:11:48.253 UTC: 	 Please use ' crab status -d crab_projects/crab_MuonAnalysis_DYJetsToLL_Run3Summer22EEDR ' to check how the submission process proceeds.
DEBUG 2024-10-10 05:11:48.253 UTC: 	 About to return
INFO 2024-10-10 05:11:48.265 UTC: 	 Log file is /eos/home-w/wkwon/CMSSW_14_0_12/src/work/mc/crab_projects/crab_MuonAnalysis_DYJetsToLL_Run3Summer22EEDR/crab.log
