DEBUG 2024-10-13 07:12:38.477 UTC: 	 CRAB Client version: v3.240621
DEBUG 2024-10-13 07:12:38.478 UTC: 	 Running on: Linux lxplus976.cern.ch 5.14.0-427.35.1.el9_4.x86_64 #1 SMP PREEMPT_DYNAMIC Fri Aug 30 15:47:10 EDT 2024 x86_64 x86_64 x86_64 GNU/Linux - Red Hat Enterprise Linux 9.4 (Plow)
DEBUG 2024-10-13 07:12:38.478 UTC: 	 Executing command: 'submit'
DEBUG 2024-10-13 07:12:38.478 UTC: 	 Found CRAB cache file /afs/cern.ch/user/w/wkwon/.crab3
INFO 2024-10-13 07:12:38.480 UTC: 	 Will use CRAB configuration file crab_conf.py
DEBUG 2024-10-13 07:12:38.480 UTC: 	 Loading CRAB configuration file.
DEBUG 2024-10-13 07:12:38.506 UTC: 	 Will use CRAB plugin ANALYSIS (i.e. will run an analysis job type).
DEBUG 2024-10-13 07:12:38.516 UTC: 	 Checking credentials
DEBUG 2024-10-13 07:12:38.516 UTC: 	 Found proxy file /tmp/x509up_u168090
DEBUG 2024-10-13 07:12:38.516 UTC: 	 Making sure it has proper VOMS extension
DEBUG 2024-10-13 07:12:38.516 UTC: 	 Executing command :
 voms-proxy-info --vo --file /tmp/x509up_u168090
DEBUG 2024-10-13 07:12:39.116 UTC: 	 output : cms

 error: 
 retcode : 0
DEBUG 2024-10-13 07:12:39.117 UTC: 	 Getting proxy life time left
DEBUG 2024-10-13 07:12:39.117 UTC: 	 Executing command :
 voms-proxy-info --actimeleft --timeleft --file /tmp/x509up_u168090
DEBUG 2024-10-13 07:12:39.670 UTC: 	 output : 690355
690355

 error: 
 retcode : 0
DEBUG 2024-10-13 07:12:39.671 UTC: 	 Proxy valid for 191:45:55 hours
DEBUG 2024-10-13 07:12:39.671 UTC: 	 Encoded data for curl request: subresource=delegatedn
DEBUG 2024-10-13 07:12:39.746 UTC: 	 Registering user credentials on myproxy for /DC=ch/DC=cern/OU=computers/CN=crab-(preprod|prod)-tw(01|02).cern.ch|/DC=ch/DC=cern/OU=computers/CN=crab-dev-tw(01|02|03|04).cern.ch|/DC=ch/DC=cern/OU=Organic Units/OU=Users/CN=cmscrab/CN=(817881|373708)/CN=Robot: cms crab|/DC=ch/DC=cern/OU=Organic Units/OU=Users/CN=crabint1/CN=373708/CN=Robot: CMS CRAB Integration 1
DEBUG 2024-10-13 07:12:39.746 UTC: 	 Executing command :
 voms-proxy-info --identity --file /tmp/x509up_u168090
DEBUG 2024-10-13 07:12:40.306 UTC: 	 output : /DC=ch/DC=cern/OU=Organic Units/OU=Users/CN=wkwon/CN=874403/CN=Wooyeon Kwon

 error: 
 retcode : 0
DEBUG 2024-10-13 07:12:40.307 UTC: 	 Getting myproxy life time left for f8986532409fa907e5c13102198102ce78e92be8
DEBUG 2024-10-13 07:12:40.307 UTC: 	 Executing command :
 myproxy-info -s myproxy.cern.ch -l f8986532409fa907e5c13102198102ce78e92be8
DEBUG 2024-10-13 07:12:40.592 UTC: 	 output : username: f8986532409fa907e5c13102198102ce78e92be8
owner: /DC=ch/DC=cern/OU=Organic Units/OU=Users/CN=wkwon/CN=874403/CN=Wooyeon Kwon
  renewal policy: /DC=ch/DC=cern/OU=computers/CN=crab-(preprod|prod)-tw(01|02).cern.ch|/DC=ch/DC=cern/OU=computers/CN=crab-dev-tw(01|02|03|04).cern.ch|/DC=ch/DC=cern/OU=Organic Units/OU=Users/CN=cmscrab/CN=(817881|373708)/CN=Robot: cms crab|/DC=ch/DC=cern/OU=Organic Units/OU=Users/CN=crabint1/CN=373708/CN=Robot: CMS CRAB Integration 1
  trusted retrieval policy: /DC=ch/DC=cern/OU=computers/CN=crab-(preprod|prod)-tw(01|02).cern.ch|/DC=ch/DC=cern/OU=computers/CN=crab-dev-tw(01|02|03|04).cern.ch|/DC=ch/DC=cern/OU=Organic Units/OU=Users/CN=cmscrab/CN=(817881|373708)/CN=Robot: cms crab|/DC=ch/DC=cern/OU=Organic Units/OU=Users/CN=crabint1/CN=373708/CN=Robot: CMS CRAB Integration 1
  timeleft: 645:59:02  (26.9 days)

 error: 
 retcode : 0
DEBUG 2024-10-13 07:12:40.592 UTC: 	 Myproxy is valid: 2325540
DEBUG 2024-10-13 07:12:40.592 UTC: 	 Result of myproxy credential check:
  Credential exists on myproxy: username: f8986532409fa907e5c13102198102ce78e92be8  - validity: 26 days, 21:59:00
DEBUG 2024-10-13 07:12:40.592 UTC: 	 Command use: submit
DEBUG 2024-10-13 07:12:40.592 UTC: 	 Options use: ['-c', 'crab_conf.py']
DEBUG 2024-10-13 07:12:40.593 UTC: 	 Encoded data for curl request: subresource=version
DEBUG 2024-10-13 07:12:40.668 UTC: 	 CRABClient version: v3.240621
DEBUG 2024-10-13 07:12:40.668 UTC: 	 Instance is prod
DEBUG 2024-10-13 07:12:40.668 UTC: 	 Server base url is cmsweb.cern.ch
DEBUG 2024-10-13 07:12:40.668 UTC: 	 Command api workflow
DEBUG 2024-10-13 07:12:40.668 UTC: 	 Started submission
DEBUG 2024-10-13 07:12:40.668 UTC: 	 Working on /eos/home-w/wkwon/CMSSW_14_0_12/src/work/Analysis/crab_projects/crab_MuonAnalysis_TnP_Run2024C1
DEBUG 2024-10-13 07:12:40.669 UTC: 	 Encoded data for curl request: subresource=backendurls
DEBUG 2024-10-13 07:12:40.779 UTC: 	 Loading required information from the environment
DEBUG 2024-10-13 07:12:40.779 UTC: 	 Found CMSSW_14_0_12 for el9_amd64_gcc12 with base /eos/home-w/wkwon/CMSSW_14_0_12
DEBUG 2024-10-13 07:12:40.779 UTC: 	 Loading required information from the environment
DEBUG 2024-10-13 07:12:40.779 UTC: 	 Found CMSSW_14_0_12 for el9_amd64_gcc12 with base /eos/home-w/wkwon/CMSSW_14_0_12
DEBUG 2024-10-13 07:12:40.779 UTC: 	 UNIQUE NAME: tarUUID dc11b6b2-9df6-4ba1-b089-ccb8e5bc1191 
DEBUG 2024-10-13 07:12:40.780 UTC: 	 self.config: from WMCore.Configuration import Configuration
config = Configuration()
config.section_('General')
config.General.workArea = 'crab_projects'
config.General.requestName = 'MuonAnalysis_TnP_Run2024C1'
config.section_('JobType')
config.JobType.maxMemoryMB = 2000
config.JobType.numCores = 1
config.JobType.outputFiles = ['data.root']
config.JobType.pluginName = 'Analysis'
config.JobType.psetName = 'conf.py'
config.section_('Data')
config.Data.inputDBS = 'global'
config.Data.publication = False
config.Data.outLFNDirBase = '/store/user/wkwon/AnalysisResults/'
config.Data.splitting = 'FileBased'
config.Data.inputDataset = '/Muon1/Run2024C-PromptReco-v1/AOD'
config.Data.unitsPerJob = 100
config.Data.lumiMask = 'Cert_Collisions2024_378981_385194_Golden.json'
config.section_('Site')
config.Site.storageSite = 'T3_KR_KNU'
config.section_('User')
config.section_('Debug')

DEBUG 2024-10-13 07:12:40.780 UTC: 	 self.config.JobType.psetName: conf.py
INFO 2024-10-13 07:12:40.780 UTC: 	 Importing CMSSW configuration conf.py
INFO 2024-10-13 07:12:40.930 UTC: 	 Finished importing CMSSW configuration conf.py
DEBUG 2024-10-13 07:12:40.930 UTC: 	 Writing CMSSW configuration to /eos/home-w/wkwon/CMSSW_14_0_12/src/work/Analysis/crab_projects/crab_MuonAnalysis_TnP_Run2024C1/inputs/PSet.py
DEBUG 2024-10-13 07:12:40.961 UTC: 	 The following EDM output files will be collected: []
DEBUG 2024-10-13 07:12:40.961 UTC: 	 The following TFile output files will be collected: ['data.root']
DEBUG 2024-10-13 07:12:40.961 UTC: 	 The following user output files (not listed as PoolOuputModule or TFileService in the CMSSW PSet) will be collected: 
DEBUG 2024-10-13 07:12:40.961 UTC: 	 Loading required information from the environment
DEBUG 2024-10-13 07:12:40.961 UTC: 	 Found CMSSW_14_0_12 for el9_amd64_gcc12 with base /eos/home-w/wkwon/CMSSW_14_0_12
DEBUG 2024-10-13 07:12:40.961 UTC: 	 Making tarball in /eos/home-w/wkwon/CMSSW_14_0_12/src/work/Analysis/crab_projects/crab_MuonAnalysis_TnP_Run2024C1/inputs/dc11b6b2-9df6-4ba1-b089-ccb8e5bc1191default.tgz
DEBUG 2024-10-13 07:12:40.964 UTC: 	 Checking directory /eos/home-w/wkwon/CMSSW_14_0_12/bin
DEBUG 2024-10-13 07:12:40.964 UTC: 	 Adding directory /eos/home-w/wkwon/CMSSW_14_0_12/bin to tarball
DEBUG 2024-10-13 07:12:40.969 UTC: 	 Checking directory /eos/home-w/wkwon/CMSSW_14_0_12/python
DEBUG 2024-10-13 07:12:40.969 UTC: 	 Adding directory /eos/home-w/wkwon/CMSSW_14_0_12/python to tarball
DEBUG 2024-10-13 07:12:41.007 UTC: 	 Checking directory /eos/home-w/wkwon/CMSSW_14_0_12/cfipython
DEBUG 2024-10-13 07:12:41.007 UTC: 	 Adding directory /eos/home-w/wkwon/CMSSW_14_0_12/cfipython to tarball
DEBUG 2024-10-13 07:12:41.018 UTC: 	 Checking directory /eos/home-w/wkwon/CMSSW_14_0_12/lib
DEBUG 2024-10-13 07:12:41.018 UTC: 	 Adding directory /eos/home-w/wkwon/CMSSW_14_0_12/lib to tarball
DEBUG 2024-10-13 07:12:41.030 UTC: 	 Checking directory /eos/home-w/wkwon/CMSSW_14_0_12/biglib
DEBUG 2024-10-13 07:12:41.031 UTC: 	 Adding directory /eos/home-w/wkwon/CMSSW_14_0_12/biglib to tarball
DEBUG 2024-10-13 07:12:41.033 UTC: 	 Checking directory /eos/home-w/wkwon/CMSSW_14_0_12/module
DEBUG 2024-10-13 07:12:41.033 UTC: 	 Checking directory /eos/home-w/wkwon/CMSSW_14_0_12/config/SCRAM/hooks
DEBUG 2024-10-13 07:12:41.033 UTC: 	 Adding directory /eos/home-w/wkwon/CMSSW_14_0_12/config/SCRAM/hooks to tarball
DEBUG 2024-10-13 07:12:41.240 UTC: 	 Adding directory /eos/home-w/wkwon/CMSSW_14_0_12/src/work/mc/python to tarball
DEBUG 2024-10-13 07:12:41.303 UTC: 	 Uploading archive /eos/home-w/wkwon/CMSSW_14_0_12/src/work/Analysis/crab_projects/crab_MuonAnalysis_TnP_Run2024C1/inputs/dc11b6b2-9df6-4ba1-b089-ccb8e5bc1191default.tgz (95 KB) to the CRAB cache. Using URI https://cmsweb.cern.ch/S3/crabcache_prod
DEBUG 2024-10-13 07:12:41.378 UTC: 	 Encoded data for curl request: subresource=upload&objecttype=sandbox&tarballname=90c51b3f0a8edd31014b9742573a61fa1de7e8370b93029ba37f1160af6740a6.tar.gz
DEBUG 2024-10-13 07:12:41.745 UTC: 	 sandbox 90c51b3f0a8edd31014b9742573a61fa1de7e8370b93029ba37f1160af6740a6.tar.gz is already in the S3 store, will not upload again
DEBUG 2024-10-13 07:12:41.745 UTC: 	 Loading required information from the environment
DEBUG 2024-10-13 07:12:41.746 UTC: 	 Found CMSSW_14_0_12 for el9_amd64_gcc12 with base /eos/home-w/wkwon/CMSSW_14_0_12
DEBUG 2024-10-13 07:12:41.746 UTC: 	 Making tarball in /eos/home-w/wkwon/CMSSW_14_0_12/src/work/Analysis/crab_projects/crab_MuonAnalysis_TnP_Run2024C1/inputs/debugFiles.tgz
DEBUG 2024-10-13 07:12:41.759 UTC: 	 Uploading archive /eos/home-w/wkwon/CMSSW_14_0_12/src/work/Analysis/crab_projects/crab_MuonAnalysis_TnP_Run2024C1/inputs/debugFiles.tgz (1 KB) to the CRAB cache. Using URI https://cmsweb.cern.ch/S3/crabcache_prod
DEBUG 2024-10-13 07:12:41.764 UTC: 	 Encoded data for curl request: subresource=upload&objecttype=sandbox&tarballname=52eab9200692f5d1f468fba7d837a1a680ede513a23d3518d3042611910b511b.tar.gz
DEBUG 2024-10-13 07:12:41.850 UTC: 	 Will execute:
curl -f -v -X POST  -H "User-Agent: CRAB" -F "key=wkwon/sandboxes/52eab9200692f5d1f468fba7d837a1a680ede513a23d3518d3042611910b511b.tar.gz" -F "AWSAccessKeyId=715203df6482458ba839e73e6dab634b" -F "policy=eyJleHBpcmF0aW9uIjogIjIwMjQtMTAtMTNUMDg6MTI6NDFaIiwgImNvbmRpdGlvbnMiOiBbeyJidWNrZXQiOiAiY3JhYmNhY2hlX3Byb2QifSwgeyJrZXkiOiAid2t3b24vc2FuZGJveGVzLzUyZWFiOTIwMDY5MmY1ZDFmNDY4ZmJhN2Q4MzdhMWE2ODBlZGU1MTNhMjNkMzUxOGQzMDQyNjExOTEwYjUxMWIudGFyLmd6In1dfQ==" -F "signature=uX8tItEXEDu+jsRBdXJJ7SBqSyQ=" -F "file=@/eos/home-w/wkwon/CMSSW_14_0_12/src/work/Analysis/crab_projects/crab_MuonAnalysis_TnP_Run2024C1/inputs/debugFiles.tgz" "https://s3.cern.ch/crabcache_prod"
DEBUG 2024-10-13 07:12:41.933 UTC: 	 exitcode: 0
stdout: b''
DEBUG 2024-10-13 07:12:41.933 UTC: 	 sandbox /eos/home-w/wkwon/CMSSW_14_0_12/src/work/Analysis/crab_projects/crab_MuonAnalysis_TnP_Run2024C1/inputs/debugFiles.tgz successfully uploaded to S3
DEBUG 2024-10-13 07:12:41.933 UTC: 	 Result uploading input files: 90c51b3f0a8edd31014b9742573a61fa1de7e8370b93029ba37f1160af6740a6.tar.gz 
DEBUG 2024-10-13 07:12:41.933 UTC: 	 Attaching lumi mask Cert_Collisions2024_378981_385194_Golden.json to the request
DEBUG 2024-10-13 07:12:41.933 UTC: 	 Reading lumi-mask from Cert_Collisions2024_378981_385194_Golden.json
DEBUG 2024-10-13 07:12:41.940 UTC: 	 submit() - self.configuration from WMCore.Configuration import Configuration
config = Configuration()
config.section_('General')
config.General.workArea = 'crab_projects'
config.General.requestName = 'MuonAnalysis_TnP_Run2024C1'
config.section_('JobType')
config.JobType.maxMemoryMB = 2000
config.JobType.numCores = 1
config.JobType.outputFiles = ['data.root']
config.JobType.pluginName = 'Analysis'
config.JobType.psetName = 'conf.py'
config.section_('Data')
config.Data.inputDBS = 'global'
config.Data.publication = False
config.Data.outLFNDirBase = '/store/user/wkwon/AnalysisResults/'
config.Data.splitting = 'FileBased'
config.Data.inputDataset = '/Muon1/Run2024C-PromptReco-v1/AOD'
config.Data.unitsPerJob = 100
config.Data.lumiMask = 'Cert_Collisions2024_378981_385194_Golden.json'
config.section_('Site')
config.Site.storageSite = 'T3_KR_KNU'
config.section_('User')
config.section_('Debug')

DEBUG 2024-10-13 07:12:41.940 UTC: 	 submit() - self.configreq {'dryrun': 0, 'workflow': 'crab_MuonAnalysis_TnP_Run2024C1', 'saveoutput': 1, 'savelogsflag': 0, 'inputdata': '/Muon1/Run2024C-PromptReco-v1/AOD', 'nonvaliddata': 0, 'userfiles': [], 'dbsurl': 'https://cmsweb.cern.ch/dbs/prod/global/DBSReader', 'useparent': 0, 'ignorelocality': 0, 'splitalgo': 'FileBased', 'algoargs': 100, 'totalunits': 0, 'lfn': '/store/user/wkwon/AnalysisResults/', 'publication': 0, 'publishdbsurl': 'https://cmsweb.cern.ch/dbs/prod/phys03/DBSWriter', 'jobtype': 'Analysis', 'generator': 'pythia', 'addoutputfiles': ['data.root'], 'maxjobruntime': 1250, 'numcores': 1, 'maxmemory': 2000, 'priority': 10, 'nonprodsw': 0, 'asyncdest': 'T3_KR_KNU', 'requireaccelerator': 0, 'oneEventMode': 0, 'extrajdl': [], 'ignoreglobalblacklist': 0, 'partialdataset': 0, 'inputblocks': []}
DEBUG 2024-10-13 07:12:41.941 UTC: 	 submit() - jobconfig {'addoutputfiles': [], 'tfileoutfiles': ['data.root'], 'edmoutfiles': [], 'jobarch': 'el9_amd64_gcc12', 'jobsw': 'CMSSW_14_0_12', 'inputdata': '/Muon1/Run2024C-PromptReco-v1/AOD', 'cacheurl': 'https://cmsweb.cern.ch/S3/crabcache_prod', 'cachefilename': '90c51b3f0a8edd31014b9742573a61fa1de7e8370b93029ba37f1160af6740a6.tar.gz', 'debugfilename': '52eab9200692f5d1f468fba7d837a1a680ede513a23d3518d3042611910b511b.tar.gz', 'runs': ['378981', '378985', '378993', '379006', '379011', '379012', '379028', '379031', '379058', '379075', '379154', '379238', '379243', '379252', '379253', '379338', '379355', '379416', '379420', '379425', '379433', '379442', '379454', '379456', '379470', '379530', '379613', '379617', '379618', '379660', '379661', '379729', '379765', '379774', '379866', '379984', '380001', '380005', '380007', '380029', '380030', '380032', '380033', '380043', '380049', '380051', '380052', '380053', '380056', '380066', '380074', '380115', '380126', '380127', '380128', '380195', '380197', '380235', '380236', '380306', '380308', '380309', '380310', '380346', '380348', '380349', '380360', '380377', '380384', '380385', '380399', '380403', '380444', '380446', '380447', '380466', '380470', '380481', '380513', '380517', '380531', '380534', '380537', '380538', '380564', '380567', '380623', '380624', '380625', '380626', '380627', '380647', '380649', '380933', '380945', '380947', '380963', '381022', '381053', '381065', '381067', '381069', '381070', '381075', '381078', '381079', '381080', '381113', '381114', '381115', '381147', '381148', '381149', '381150', '381151', '381152', '381164', '381190', '381191', '381199', '381212', '381286', '381309', '381358', '381364', '381365', '381371', '381379', '381380', '381384', '381417', '381443', '381477', '381479', '381480', '381484', '381499', '381500', '381515', '381516', '381543', '381544', '382229', '382250', '382255', '382256', '382257', '382258', '382262', '382298', '382299', '382300', '382313', '382314', '382328', '382329', '382343', '382344', '382504', '382568', '382580', '382594', '382595', '382617', '382626', '382649', '382650', '382654', '382655', '382656', '382679', '382684', '382685', '382686', '382725', '382729', '382730', '382750', '382752', '382769', '382770', '382791', '382792', '382794', '382795', '382799', '382810', '382811', '382830', '382834', '382856', '382878', '382913', '382921', '382922', '382924', '382937', '382960', '383028', '383034', '383036', '383134', '383148', '383153', '383155', '383162', '383163', '383173', '383174', '383175', '383247', '383254', '383255', '383275', '383276', '383277', '383323', '383326', '383363', '383365', '383366', '383367', '383368', '383377', '383417', '383418', '383447', '383448', '383449', '383467', '383468', '383485', '383486', '383487', '383496', '383512', '383514', '383536', '383537', '383541', '383629', '383630', '383631', '383647', '383648', '383649', '383650', '383661', '383662', '383669', '383687', '383692', '383693', '383694', '383695', '383712', '383724', '383740', '383741', '383756', '383758', '383767', '383779', '383811', '383812', '383813', '383814', '383830', '383832', '383833', '383834', '383854', '383855', '383900', '383907', '383908', '383948', '383949', '383996', '384014', '384029', '384052', '384069', '384070', '384124', '384126', '384127', '384128', '384187', '384188', '384202', '384203', '384204', '384209', '384238', '384239', '384244', '384264', '384265', '384290', '384291', '384318', '384322', '384323', '384331', '384332', '384377', '384378', '384380', '384382', '384383', '384406', '384413', '384446', '384464', '384468', '384485', '384486', '384487', '384489', '384490', '384491', '384492', '384565', '384579', '384591', '384593', '384610', '384614', '384638', '384644', '384933', '384934', '384935', '384950', '384951', '384963', '384981', '385012', '385016', '385094', '385100', '385127', '385134', '385142', '385152', '385153', '385168', '385178', '385194'], 'lumis': ['54,87,824,888', '57,824', '121,200', '1,23', '1,399', '1,73', '66,599', '1,289', '38,863', '33,407', '17,1065', '12,297', '39,337', '34,677', '1,104', '1,170', '1,20', '1,34,56,88,94,102,107,225', '38,497,499,554', '29,231', '27,47', '19,287', '33,530', '1,1199', '5,804', '30,622', '38,157', '1,130,132,665', '1,360', '60,1566', '1,406', '57,668,670,1522', '43,682,684,1738', '29,213', '26,1375', '36,948', '36,616,618,727', '33,79,82,311,317,1101', '1,129', '35,89', '1,346', '149,167', '1,53', '33,932', '33,903', '1,735', '1,12', '1,128', '1,168', '34,585', '29,840,842,1335', '27,1818', '40,991', '1,535', '1,387', '87,93', '1,357', '32,287', '1,52,59,63', '28,273', '1,35', '1,351', '1,1131', '34,334,342,606', '1,341', '1,695', '32,147,149,954,967,1972', '36,455', '48,798', '1,1247', '38,531', '9,259', '4,328', '1,321,327,1033', '1,810', '37,400,416,555', '1,1634', '25,884', '5,1162', '1,39', '28,355,362,913,919,1062', '1,746', '1,58', '1,144', '38,779', '1,1081', '30,417', '1,809', '1,7', '1,9,13,17', '1,808', '35,409', '1,401', '1,625,642,789', '1,245', '1,823', '33,954', '39,624', '32,139', '35,825', '1,313', '1,307', '1,425', '67,492', '1,24,26,335', '1,2,5,398', '1,264,266,337', '60,305', '1,458', '1,1064,1079,1308', '27,212', '1,108,113,200,205,240,242,273', '1,133', '1,42', '1,851', '1,193', '30,1180', '1,1098', '1,1121', '36,185', '33,404', '31,741', '32,457', '31,33', '30,456', '1,595', '33,226', '35,867', '1,1354', '32,864,867,1032,1034,3516', '35,1824', '33,1118,1120,1571', '27,304', '1,434', '1,1268', '24,843', '33,228', '1,92', '35,157,160,550', '1,1672', '8,519', '10,1979', '1,313', '33,922', '36,132', '1,67', '1,70', '1,191,193,963,965,1150', '1,211,232,273', '50,102', '1,808', '1,1186', '30,418', '1,35,37,296', '33,122', '1,150', '38,2245', '1,319,325,360', '31,143,156,391', '30,437', '32,1200,1202,1743', '24,1429', '1,854', '33,733', '41,399', '32,61,63,514', '1,20,22,235', '33,160,162,1674', '1,394', '1,67,70,296', '37,107', '29,1192', '1,482,492,492', '1,141', '31,210,212,400', '31,66,83,101', '1,52', '1,219,223,533', '1,155,157,710', '32,1565', '1,586', '28,132', '1,80', '1,14', '1,293,296,476', '34,648', '35,79,86,110', '1,396', '34,108', '76,838', '35,455', '34,416,419,888', '41,990,992,2259,2261,2329', '27,405,436,1241', '1,83', '1,247', '42,514', '37,480,482,601', '42,130', '1,666', '1,58', '39,148', '35,571', '31,224', '1,1354,1356,1573,1575,1856', '26,1556', '1,219,221,515', '54,982', '1,354,357,1024', '1,158', '38,145', '34,1261', '1,915', '31,207', '1,292', '1,676', '26,1290', '1,516', '27,769', '1,53', '1,27', '1,176', '27,44,47,1065', '60,338', '31,809', '1,917', '31,504', '1,465', '1,123,125,515,518,1251', '32,208', '1,483,485,1541,1544,2152', '33,109', '1,80,82,115,117,118', '1,1079,1081,2044', '20,200', '32,473,475,1787', '57,195', '30,175,177,194', '1,76', '1,302', '1,190', '1,295', '1,943,946,1677', '40,146', '1,232', '1,342', '1,41', '40,140', '1,181', '13,651', '29,504', '32,374,376,891', '1,155', '1,30', '1,740', '26,1577', '1,192', '34,709', '1,574', '29,1393', '9,33', '4,848,852,1609', '1,173', '30,70', '1,338', '1,104', '1,1244', '27,150', '1,405', '1,173', '1,438', '35,1122', '1,905', '33,61', '29,610,612,649', '1,16', '28,909', '1,570,572,906', '35,895,897,2232', '27,404', '37,174,181,485,502,503', '16,2157', '29,1254', '1,101,132,314,316,565,567,710', '32,100', '1,20', '1,15', '1,1613', '35,418', '1,255', '32,1791', '1,8', '1,215', '39,821', '31,564', '1,310,312,1324', '1,146', '33,823,825,1002', '1,408', '37,37,66,66,124,232', '1,430,432,439,441,442,447,624,626,635,638,645,650,651,654,1645', '29,61', '35,737', '1,37,39,433', '27,616', '1,529', '26,315,319,422', '1,162,168,173', '2,7,14,34', '1,59,61,160', '1,75,77,1001', '31,308,310,635', '33,818,820,1986', '4,247', '40,287', '34,1945', '40,135', '1,34', '1,30', '1,29', '1,32', '1,31', '1,1611', '34,1237,1240,1746', '33,572', '63,219', '1,137', '34,391,394,440', '35,1290', '34,565', '1,1032,1034,1047', '1,623', '1,4', '1,971,973,1328', '28,203', '1,652,654,962', '23,2128', '30,1212,1215,2137', '49,324', '46,350,353,825', '33,983', '37,53', '36,1872,1874,2075', '45,348', '37,1569,1571,1979', '32,726,729,1193', '1,852', '51,2106', '48,557', '14,22,24,1415'], 'jobtype': 'Analysis'}
INFO 2024-10-13 07:12:41.941 UTC: 	 Sending the request to the server at cmsweb.cern.ch
DEBUG 2024-10-13 07:12:41.941 UTC: 	 Submitting {'dryrun': 0, 'workflow': 'crab_MuonAnalysis_TnP_Run2024C1', 'saveoutput': 1, 'savelogsflag': 0, 'inputdata': '/Muon1/Run2024C-PromptReco-v1/AOD', 'nonvaliddata': 0, 'userfiles': [], 'dbsurl': 'https://cmsweb.cern.ch/dbs/prod/global/DBSReader', 'useparent': 0, 'ignorelocality': 0, 'splitalgo': 'FileBased', 'algoargs': 100, 'totalunits': 0, 'lfn': '/store/user/wkwon/AnalysisResults/', 'publication': 0, 'publishdbsurl': 'https://cmsweb.cern.ch/dbs/prod/phys03/DBSWriter', 'jobtype': 'Analysis', 'generator': 'pythia', 'addoutputfiles': [], 'maxjobruntime': 1250, 'numcores': 1, 'maxmemory': 2000, 'priority': 10, 'nonprodsw': 0, 'asyncdest': 'T3_KR_KNU', 'requireaccelerator': 0, 'oneEventMode': 0, 'extrajdl': [], 'ignoreglobalblacklist': 0, 'partialdataset': 0, 'inputblocks': [], 'tfileoutfiles': ['data.root'], 'edmoutfiles': [], 'jobarch': 'el9_amd64_gcc12', 'jobsw': 'CMSSW_14_0_12', 'cacheurl': 'https://cmsweb.cern.ch/S3/crabcache_prod', 'cachefilename': '90c51b3f0a8edd31014b9742573a61fa1de7e8370b93029ba37f1160af6740a6.tar.gz', 'debugfilename': '52eab9200692f5d1f468fba7d837a1a680ede513a23d3518d3042611910b511b.tar.gz', 'runs': ['378981', '378985', '378993', '379006', '379011', '379012', '379028', '379031', '379058', '379075', '379154', '379238', '379243', '379252', '379253', '379338', '379355', '379416', '379420', '379425', '379433', '379442', '379454', '379456', '379470', '379530', '379613', '379617', '379618', '379660', '379661', '379729', '379765', '379774', '379866', '379984', '380001', '380005', '380007', '380029', '380030', '380032', '380033', '380043', '380049', '380051', '380052', '380053', '380056', '380066', '380074', '380115', '380126', '380127', '380128', '380195', '380197', '380235', '380236', '380306', '380308', '380309', '380310', '380346', '380348', '380349', '380360', '380377', '380384', '380385', '380399', '380403', '380444', '380446', '380447', '380466', '380470', '380481', '380513', '380517', '380531', '380534', '380537', '380538', '380564', '380567', '380623', '380624', '380625', '380626', '380627', '380647', '380649', '380933', '380945', '380947', '380963', '381022', '381053', '381065', '381067', '381069', '381070', '381075', '381078', '381079', '381080', '381113', '381114', '381115', '381147', '381148', '381149', '381150', '381151', '381152', '381164', '381190', '381191', '381199', '381212', '381286', '381309', '381358', '381364', '381365', '381371', '381379', '381380', '381384', '381417', '381443', '381477', '381479', '381480', '381484', '381499', '381500', '381515', '381516', '381543', '381544', '382229', '382250', '382255', '382256', '382257', '382258', '382262', '382298', '382299', '382300', '382313', '382314', '382328', '382329', '382343', '382344', '382504', '382568', '382580', '382594', '382595', '382617', '382626', '382649', '382650', '382654', '382655', '382656', '382679', '382684', '382685', '382686', '382725', '382729', '382730', '382750', '382752', '382769', '382770', '382791', '382792', '382794', '382795', '382799', '382810', '382811', '382830', '382834', '382856', '382878', '382913', '382921', '382922', '382924', '382937', '382960', '383028', '383034', '383036', '383134', '383148', '383153', '383155', '383162', '383163', '383173', '383174', '383175', '383247', '383254', '383255', '383275', '383276', '383277', '383323', '383326', '383363', '383365', '383366', '383367', '383368', '383377', '383417', '383418', '383447', '383448', '383449', '383467', '383468', '383485', '383486', '383487', '383496', '383512', '383514', '383536', '383537', '383541', '383629', '383630', '383631', '383647', '383648', '383649', '383650', '383661', '383662', '383669', '383687', '383692', '383693', '383694', '383695', '383712', '383724', '383740', '383741', '383756', '383758', '383767', '383779', '383811', '383812', '383813', '383814', '383830', '383832', '383833', '383834', '383854', '383855', '383900', '383907', '383908', '383948', '383949', '383996', '384014', '384029', '384052', '384069', '384070', '384124', '384126', '384127', '384128', '384187', '384188', '384202', '384203', '384204', '384209', '384238', '384239', '384244', '384264', '384265', '384290', '384291', '384318', '384322', '384323', '384331', '384332', '384377', '384378', '384380', '384382', '384383', '384406', '384413', '384446', '384464', '384468', '384485', '384486', '384487', '384489', '384490', '384491', '384492', '384565', '384579', '384591', '384593', '384610', '384614', '384638', '384644', '384933', '384934', '384935', '384950', '384951', '384963', '384981', '385012', '385016', '385094', '385100', '385127', '385134', '385142', '385152', '385153', '385168', '385178', '385194'], 'lumis': ['54,87,824,888', '57,824', '121,200', '1,23', '1,399', '1,73', '66,599', '1,289', '38,863', '33,407', '17,1065', '12,297', '39,337', '34,677', '1,104', '1,170', '1,20', '1,34,56,88,94,102,107,225', '38,497,499,554', '29,231', '27,47', '19,287', '33,530', '1,1199', '5,804', '30,622', '38,157', '1,130,132,665', '1,360', '60,1566', '1,406', '57,668,670,1522', '43,682,684,1738', '29,213', '26,1375', '36,948', '36,616,618,727', '33,79,82,311,317,1101', '1,129', '35,89', '1,346', '149,167', '1,53', '33,932', '33,903', '1,735', '1,12', '1,128', '1,168', '34,585', '29,840,842,1335', '27,1818', '40,991', '1,535', '1,387', '87,93', '1,357', '32,287', '1,52,59,63', '28,273', '1,35', '1,351', '1,1131', '34,334,342,606', '1,341', '1,695', '32,147,149,954,967,1972', '36,455', '48,798', '1,1247', '38,531', '9,259', '4,328', '1,321,327,1033', '1,810', '37,400,416,555', '1,1634', '25,884', '5,1162', '1,39', '28,355,362,913,919,1062', '1,746', '1,58', '1,144', '38,779', '1,1081', '30,417', '1,809', '1,7', '1,9,13,17', '1,808', '35,409', '1,401', '1,625,642,789', '1,245', '1,823', '33,954', '39,624', '32,139', '35,825', '1,313', '1,307', '1,425', '67,492', '1,24,26,335', '1,2,5,398', '1,264,266,337', '60,305', '1,458', '1,1064,1079,1308', '27,212', '1,108,113,200,205,240,242,273', '1,133', '1,42', '1,851', '1,193', '30,1180', '1,1098', '1,1121', '36,185', '33,404', '31,741', '32,457', '31,33', '30,456', '1,595', '33,226', '35,867', '1,1354', '32,864,867,1032,1034,3516', '35,1824', '33,1118,1120,1571', '27,304', '1,434', '1,1268', '24,843', '33,228', '1,92', '35,157,160,550', '1,1672', '8,519', '10,1979', '1,313', '33,922', '36,132', '1,67', '1,70', '1,191,193,963,965,1150', '1,211,232,273', '50,102', '1,808', '1,1186', '30,418', '1,35,37,296', '33,122', '1,150', '38,2245', '1,319,325,360', '31,143,156,391', '30,437', '32,1200,1202,1743', '24,1429', '1,854', '33,733', '41,399', '32,61,63,514', '1,20,22,235', '33,160,162,1674', '1,394', '1,67,70,296', '37,107', '29,1192', '1,482,492,492', '1,141', '31,210,212,400', '31,66,83,101', '1,52', '1,219,223,533', '1,155,157,710', '32,1565', '1,586', '28,132', '1,80', '1,14', '1,293,296,476', '34,648', '35,79,86,110', '1,396', '34,108', '76,838', '35,455', '34,416,419,888', '41,990,992,2259,2261,2329', '27,405,436,1241', '1,83', '1,247', '42,514', '37,480,482,601', '42,130', '1,666', '1,58', '39,148', '35,571', '31,224', '1,1354,1356,1573,1575,1856', '26,1556', '1,219,221,515', '54,982', '1,354,357,1024', '1,158', '38,145', '34,1261', '1,915', '31,207', '1,292', '1,676', '26,1290', '1,516', '27,769', '1,53', '1,27', '1,176', '27,44,47,1065', '60,338', '31,809', '1,917', '31,504', '1,465', '1,123,125,515,518,1251', '32,208', '1,483,485,1541,1544,2152', '33,109', '1,80,82,115,117,118', '1,1079,1081,2044', '20,200', '32,473,475,1787', '57,195', '30,175,177,194', '1,76', '1,302', '1,190', '1,295', '1,943,946,1677', '40,146', '1,232', '1,342', '1,41', '40,140', '1,181', '13,651', '29,504', '32,374,376,891', '1,155', '1,30', '1,740', '26,1577', '1,192', '34,709', '1,574', '29,1393', '9,33', '4,848,852,1609', '1,173', '30,70', '1,338', '1,104', '1,1244', '27,150', '1,405', '1,173', '1,438', '35,1122', '1,905', '33,61', '29,610,612,649', '1,16', '28,909', '1,570,572,906', '35,895,897,2232', '27,404', '37,174,181,485,502,503', '16,2157', '29,1254', '1,101,132,314,316,565,567,710', '32,100', '1,20', '1,15', '1,1613', '35,418', '1,255', '32,1791', '1,8', '1,215', '39,821', '31,564', '1,310,312,1324', '1,146', '33,823,825,1002', '1,408', '37,37,66,66,124,232', '1,430,432,439,441,442,447,624,626,635,638,645,650,651,654,1645', '29,61', '35,737', '1,37,39,433', '27,616', '1,529', '26,315,319,422', '1,162,168,173', '2,7,14,34', '1,59,61,160', '1,75,77,1001', '31,308,310,635', '33,818,820,1986', '4,247', '40,287', '34,1945', '40,135', '1,34', '1,30', '1,29', '1,32', '1,31', '1,1611', '34,1237,1240,1746', '33,572', '63,219', '1,137', '34,391,394,440', '35,1290', '34,565', '1,1032,1034,1047', '1,623', '1,4', '1,971,973,1328', '28,203', '1,652,654,962', '23,2128', '30,1212,1215,2137', '49,324', '46,350,353,825', '33,983', '37,53', '36,1872,1874,2075', '45,348', '37,1569,1571,1979', '32,726,729,1193', '1,852', '51,2106', '48,557', '14,22,24,1415']} 
DEBUG 2024-10-13 07:12:41.943 UTC: 	 Encoded data for curl request: dryrun=0&workflow=crab_MuonAnalysis_TnP_Run2024C1&saveoutput=1&savelogsflag=0&inputdata=%2FMuon1%2FRun2024C-PromptReco-v1%2FAOD&nonvaliddata=0&dbsurl=https%3A%2F%2Fcmsweb.cern.ch%2Fdbs%2Fprod%2Fglobal%2FDBSReader&useparent=0&ignorelocality=0&splitalgo=FileBased&algoargs=100&totalunits=0&lfn=%2Fstore%2Fuser%2Fwkwon%2FAnalysisResults%2F&publication=0&publishdbsurl=https%3A%2F%2Fcmsweb.cern.ch%2Fdbs%2Fprod%2Fphys03%2FDBSWriter&jobtype=Analysis&generator=pythia&maxjobruntime=1250&numcores=1&maxmemory=2000&priority=10&nonprodsw=0&asyncdest=T3_KR_KNU&requireaccelerator=0&oneEventMode=0&ignoreglobalblacklist=0&partialdataset=0&jobarch=el9_amd64_gcc12&jobsw=CMSSW_14_0_12&cacheurl=https%3A%2F%2Fcmsweb.cern.ch%2FS3%2Fcrabcache_prod&cachefilename=90c51b3f0a8edd31014b9742573a61fa1de7e8370b93029ba37f1160af6740a6.tar.gz&debugfilename=52eab9200692f5d1f468fba7d837a1a680ede513a23d3518d3042611910b511b.tar.gz&tfileoutfiles=data.root&runs=378981&runs=378985&runs=378993&runs=379006&runs=379011&runs=379012&runs=379028&runs=379031&runs=379058&runs=379075&runs=379154&runs=379238&runs=379243&runs=379252&runs=379253&runs=379338&runs=379355&runs=379416&runs=379420&runs=379425&runs=379433&runs=379442&runs=379454&runs=379456&runs=379470&runs=379530&runs=379613&runs=379617&runs=379618&runs=379660&runs=379661&runs=379729&runs=379765&runs=379774&runs=379866&runs=379984&runs=380001&runs=380005&runs=380007&runs=380029&runs=380030&runs=380032&runs=380033&runs=380043&runs=380049&runs=380051&runs=380052&runs=380053&runs=380056&runs=380066&runs=380074&runs=380115&runs=380126&runs=380127&runs=380128&runs=380195&runs=380197&runs=380235&runs=380236&runs=380306&runs=380308&runs=380309&runs=380310&runs=380346&runs=380348&runs=380349&runs=380360&runs=380377&runs=380384&runs=380385&runs=380399&runs=380403&runs=380444&runs=380446&runs=380447&runs=380466&runs=380470&runs=380481&runs=380513&runs=380517&runs=380531&runs=380534&runs=380537&runs=380538&runs=380564&runs=380567&runs=380623&runs=380624&runs=380625&runs=380626&runs=380627&runs=380647&runs=380649&runs=380933&runs=380945&runs=380947&runs=380963&runs=381022&runs=381053&runs=381065&runs=381067&runs=381069&runs=381070&runs=381075&runs=381078&runs=381079&runs=381080&runs=381113&runs=381114&runs=381115&runs=381147&runs=381148&runs=381149&runs=381150&runs=381151&runs=381152&runs=381164&runs=381190&runs=381191&runs=381199&runs=381212&runs=381286&runs=381309&runs=381358&runs=381364&runs=381365&runs=381371&runs=381379&runs=381380&runs=381384&runs=381417&runs=381443&runs=381477&runs=381479&runs=381480&runs=381484&runs=381499&runs=381500&runs=381515&runs=381516&runs=381543&runs=381544&runs=382229&runs=382250&runs=382255&runs=382256&runs=382257&runs=382258&runs=382262&runs=382298&runs=382299&runs=382300&runs=382313&runs=382314&runs=382328&runs=382329&runs=382343&runs=382344&runs=382504&runs=382568&runs=382580&runs=382594&runs=382595&runs=382617&runs=382626&runs=382649&runs=382650&runs=382654&runs=382655&runs=382656&runs=382679&runs=382684&runs=382685&runs=382686&runs=382725&runs=382729&runs=382730&runs=382750&runs=382752&runs=382769&runs=382770&runs=382791&runs=382792&runs=382794&runs=382795&runs=382799&runs=382810&runs=382811&runs=382830&runs=382834&runs=382856&runs=382878&runs=382913&runs=382921&runs=382922&runs=382924&runs=382937&runs=382960&runs=383028&runs=383034&runs=383036&runs=383134&runs=383148&runs=383153&runs=383155&runs=383162&runs=383163&runs=383173&runs=383174&runs=383175&runs=383247&runs=383254&runs=383255&runs=383275&runs=383276&runs=383277&runs=383323&runs=383326&runs=383363&runs=383365&runs=383366&runs=383367&runs=383368&runs=383377&runs=383417&runs=383418&runs=383447&runs=383448&runs=383449&runs=383467&runs=383468&runs=383485&runs=383486&runs=383487&runs=383496&runs=383512&runs=383514&runs=383536&runs=383537&runs=383541&runs=383629&runs=383630&runs=383631&runs=383647&runs=383648&runs=383649&runs=383650&runs=383661&runs=383662&runs=383669&runs=383687&runs=383692&runs=383693&runs=383694&runs=383695&runs=383712&runs=383724&runs=383740&runs=383741&runs=383756&runs=383758&runs=383767&runs=383779&runs=383811&runs=383812&runs=383813&runs=383814&runs=383830&runs=383832&runs=383833&runs=383834&runs=383854&runs=383855&runs=383900&runs=383907&runs=383908&runs=383948&runs=383949&runs=383996&runs=384014&runs=384029&runs=384052&runs=384069&runs=384070&runs=384124&runs=384126&runs=384127&runs=384128&runs=384187&runs=384188&runs=384202&runs=384203&runs=384204&runs=384209&runs=384238&runs=384239&runs=384244&runs=384264&runs=384265&runs=384290&runs=384291&runs=384318&runs=384322&runs=384323&runs=384331&runs=384332&runs=384377&runs=384378&runs=384380&runs=384382&runs=384383&runs=384406&runs=384413&runs=384446&runs=384464&runs=384468&runs=384485&runs=384486&runs=384487&runs=384489&runs=384490&runs=384491&runs=384492&runs=384565&runs=384579&runs=384591&runs=384593&runs=384610&runs=384614&runs=384638&runs=384644&runs=384933&runs=384934&runs=384935&runs=384950&runs=384951&runs=384963&runs=384981&runs=385012&runs=385016&runs=385094&runs=385100&runs=385127&runs=385134&runs=385142&runs=385152&runs=385153&runs=385168&runs=385178&runs=385194&lumis=54%2C87%2C824%2C888&lumis=57%2C824&lumis=121%2C200&lumis=1%2C23&lumis=1%2C399&lumis=1%2C73&lumis=66%2C599&lumis=1%2C289&lumis=38%2C863&lumis=33%2C407&lumis=17%2C1065&lumis=12%2C297&lumis=39%2C337&lumis=34%2C677&lumis=1%2C104&lumis=1%2C170&lumis=1%2C20&lumis=1%2C34%2C56%2C88%2C94%2C102%2C107%2C225&lumis=38%2C497%2C499%2C554&lumis=29%2C231&lumis=27%2C47&lumis=19%2C287&lumis=33%2C530&lumis=1%2C1199&lumis=5%2C804&lumis=30%2C622&lumis=38%2C157&lumis=1%2C130%2C132%2C665&lumis=1%2C360&lumis=60%2C1566&lumis=1%2C406&lumis=57%2C668%2C670%2C1522&lumis=43%2C682%2C684%2C1738&lumis=29%2C213&lumis=26%2C1375&lumis=36%2C948&lumis=36%2C616%2C618%2C727&lumis=33%2C79%2C82%2C311%2C317%2C1101&lumis=1%2C129&lumis=35%2C89&lumis=1%2C346&lumis=149%2C167&lumis=1%2C53&lumis=33%2C932&lumis=33%2C903&lumis=1%2C735&lumis=1%2C12&lumis=1%2C128&lumis=1%2C168&lumis=34%2C585&lumis=29%2C840%2C842%2C1335&lumis=27%2C1818&lumis=40%2C991&lumis=1%2C535&lumis=1%2C387&lumis=87%2C93&lumis=1%2C357&lumis=32%2C287&lumis=1%2C52%2C59%2C63&lumis=28%2C273&lumis=1%2C35&lumis=1%2C351&lumis=1%2C1131&lumis=34%2C334%2C342%2C606&lumis=1%2C341&lumis=1%2C695&lumis=32%2C147%2C149%2C954%2C967%2C1972&lumis=36%2C455&lumis=48%2C798&lumis=1%2C1247&lumis=38%2C531&lumis=9%2C259&lumis=4%2C328&lumis=1%2C321%2C327%2C1033&lumis=1%2C810&lumis=37%2C400%2C416%2C555&lumis=1%2C1634&lumis=25%2C884&lumis=5%2C1162&lumis=1%2C39&lumis=28%2C355%2C362%2C913%2C919%2C1062&lumis=1%2C746&lumis=1%2C58&lumis=1%2C144&lumis=38%2C779&lumis=1%2C1081&lumis=30%2C417&lumis=1%2C809&lumis=1%2C7&lumis=1%2C9%2C13%2C17&lumis=1%2C808&lumis=35%2C409&lumis=1%2C401&lumis=1%2C625%2C642%2C789&lumis=1%2C245&lumis=1%2C823&lumis=33%2C954&lumis=39%2C624&lumis=32%2C139&lumis=35%2C825&lumis=1%2C313&lumis=1%2C307&lumis=1%2C425&lumis=67%2C492&lumis=1%2C24%2C26%2C335&lumis=1%2C2%2C5%2C398&lumis=1%2C264%2C266%2C337&lumis=60%2C305&lumis=1%2C458&lumis=1%2C1064%2C1079%2C1308&lumis=27%2C212&lumis=1%2C108%2C113%2C200%2C205%2C240%2C242%2C273&lumis=1%2C133&lumis=1%2C42&lumis=1%2C851&lumis=1%2C193&lumis=30%2C1180&lumis=1%2C1098&lumis=1%2C1121&lumis=36%2C185&lumis=33%2C404&lumis=31%2C741&lumis=32%2C457&lumis=31%2C33&lumis=30%2C456&lumis=1%2C595&lumis=33%2C226&lumis=35%2C867&lumis=1%2C1354&lumis=32%2C864%2C867%2C1032%2C1034%2C3516&lumis=35%2C1824&lumis=33%2C1118%2C1120%2C1571&lumis=27%2C304&lumis=1%2C434&lumis=1%2C1268&lumis=24%2C843&lumis=33%2C228&lumis=1%2C92&lumis=35%2C157%2C160%2C550&lumis=1%2C1672&lumis=8%2C519&lumis=10%2C1979&lumis=1%2C313&lumis=33%2C922&lumis=36%2C132&lumis=1%2C67&lumis=1%2C70&lumis=1%2C191%2C193%2C963%2C965%2C1150&lumis=1%2C211%2C232%2C273&lumis=50%2C102&lumis=1%2C808&lumis=1%2C1186&lumis=30%2C418&lumis=1%2C35%2C37%2C296&lumis=33%2C122&lumis=1%2C150&lumis=38%2C2245&lumis=1%2C319%2C325%2C360&lumis=31%2C143%2C156%2C391&lumis=30%2C437&lumis=32%2C1200%2C1202%2C1743&lumis=24%2C1429&lumis=1%2C854&lumis=33%2C733&lumis=41%2C399&lumis=32%2C61%2C63%2C514&lumis=1%2C20%2C22%2C235&lumis=33%2C160%2C162%2C1674&lumis=1%2C394&lumis=1%2C67%2C70%2C296&lumis=37%2C107&lumis=29%2C1192&lumis=1%2C482%2C492%2C492&lumis=1%2C141&lumis=31%2C210%2C212%2C400&lumis=31%2C66%2C83%2C101&lumis=1%2C52&lumis=1%2C219%2C223%2C533&lumis=1%2C155%2C157%2C710&lumis=32%2C1565&lumis=1%2C586&lumis=28%2C132&lumis=1%2C80&lumis=1%2C14&lumis=1%2C293%2C296%2C476&lumis=34%2C648&lumis=35%2C79%2C86%2C110&lumis=1%2C396&lumis=34%2C108&lumis=76%2C838&lumis=35%2C455&lumis=34%2C416%2C419%2C888&lumis=41%2C990%2C992%2C2259%2C2261%2C2329&lumis=27%2C405%2C436%2C1241&lumis=1%2C83&lumis=1%2C247&lumis=42%2C514&lumis=37%2C480%2C482%2C601&lumis=42%2C130&lumis=1%2C666&lumis=1%2C58&lumis=39%2C148&lumis=35%2C571&lumis=31%2C224&lumis=1%2C1354%2C1356%2C1573%2C1575%2C1856&lumis=26%2C1556&lumis=1%2C219%2C221%2C515&lumis=54%2C982&lumis=1%2C354%2C357%2C1024&lumis=1%2C158&lumis=38%2C145&lumis=34%2C1261&lumis=1%2C915&lumis=31%2C207&lumis=1%2C292&lumis=1%2C676&lumis=26%2C1290&lumis=1%2C516&lumis=27%2C769&lumis=1%2C53&lumis=1%2C27&lumis=1%2C176&lumis=27%2C44%2C47%2C1065&lumis=60%2C338&lumis=31%2C809&lumis=1%2C917&lumis=31%2C504&lumis=1%2C465&lumis=1%2C123%2C125%2C515%2C518%2C1251&lumis=32%2C208&lumis=1%2C483%2C485%2C1541%2C1544%2C2152&lumis=33%2C109&lumis=1%2C80%2C82%2C115%2C117%2C118&lumis=1%2C1079%2C1081%2C2044&lumis=20%2C200&lumis=32%2C473%2C475%2C1787&lumis=57%2C195&lumis=30%2C175%2C177%2C194&lumis=1%2C76&lumis=1%2C302&lumis=1%2C190&lumis=1%2C295&lumis=1%2C943%2C946%2C1677&lumis=40%2C146&lumis=1%2C232&lumis=1%2C342&lumis=1%2C41&lumis=40%2C140&lumis=1%2C181&lumis=13%2C651&lumis=29%2C504&lumis=32%2C374%2C376%2C891&lumis=1%2C155&lumis=1%2C30&lumis=1%2C740&lumis=26%2C1577&lumis=1%2C192&lumis=34%2C709&lumis=1%2C574&lumis=29%2C1393&lumis=9%2C33&lumis=4%2C848%2C852%2C1609&lumis=1%2C173&lumis=30%2C70&lumis=1%2C338&lumis=1%2C104&lumis=1%2C1244&lumis=27%2C150&lumis=1%2C405&lumis=1%2C173&lumis=1%2C438&lumis=35%2C1122&lumis=1%2C905&lumis=33%2C61&lumis=29%2C610%2C612%2C649&lumis=1%2C16&lumis=28%2C909&lumis=1%2C570%2C572%2C906&lumis=35%2C895%2C897%2C2232&lumis=27%2C404&lumis=37%2C174%2C181%2C485%2C502%2C503&lumis=16%2C2157&lumis=29%2C1254&lumis=1%2C101%2C132%2C314%2C316%2C565%2C567%2C710&lumis=32%2C100&lumis=1%2C20&lumis=1%2C15&lumis=1%2C1613&lumis=35%2C418&lumis=1%2C255&lumis=32%2C1791&lumis=1%2C8&lumis=1%2C215&lumis=39%2C821&lumis=31%2C564&lumis=1%2C310%2C312%2C1324&lumis=1%2C146&lumis=33%2C823%2C825%2C1002&lumis=1%2C408&lumis=37%2C37%2C66%2C66%2C124%2C232&lumis=1%2C430%2C432%2C439%2C441%2C442%2C447%2C624%2C626%2C635%2C638%2C645%2C650%2C651%2C654%2C1645&lumis=29%2C61&lumis=35%2C737&lumis=1%2C37%2C39%2C433&lumis=27%2C616&lumis=1%2C529&lumis=26%2C315%2C319%2C422&lumis=1%2C162%2C168%2C173&lumis=2%2C7%2C14%2C34&lumis=1%2C59%2C61%2C160&lumis=1%2C75%2C77%2C1001&lumis=31%2C308%2C310%2C635&lumis=33%2C818%2C820%2C1986&lumis=4%2C247&lumis=40%2C287&lumis=34%2C1945&lumis=40%2C135&lumis=1%2C34&lumis=1%2C30&lumis=1%2C29&lumis=1%2C32&lumis=1%2C31&lumis=1%2C1611&lumis=34%2C1237%2C1240%2C1746&lumis=33%2C572&lumis=63%2C219&lumis=1%2C137&lumis=34%2C391%2C394%2C440&lumis=35%2C1290&lumis=34%2C565&lumis=1%2C1032%2C1034%2C1047&lumis=1%2C623&lumis=1%2C4&lumis=1%2C971%2C973%2C1328&lumis=28%2C203&lumis=1%2C652%2C654%2C962&lumis=23%2C2128&lumis=30%2C1212%2C1215%2C2137&lumis=49%2C324&lumis=46%2C350%2C353%2C825&lumis=33%2C983&lumis=37%2C53&lumis=36%2C1872%2C1874%2C2075&lumis=45%2C348&lumis=37%2C1569%2C1571%2C1979&lumis=32%2C726%2C729%2C1193&lumis=1%2C852&lumis=51%2C2106&lumis=48%2C557&lumis=14%2C22%2C24%2C1415
DEBUG 2024-10-13 07:12:44.276 UTC: 	 Result: {'result': [{'RequestName': '241013_071243:wkwon_crab_MuonAnalysis_TnP_Run2024C1'}]}
INFO 2024-10-13 07:12:44.288 UTC: 	 Success: Your task has been delivered to the prod CRAB3 server.
INFO 2024-10-13 07:12:44.289 UTC: 	 Task name: 241013_071243:wkwon_crab_MuonAnalysis_TnP_Run2024C1
INFO 2024-10-13 07:12:44.289 UTC: 	 Project dir: crab_projects/crab_MuonAnalysis_TnP_Run2024C1
INFO 2024-10-13 07:12:44.289 UTC: 	 Please use ' crab status -d crab_projects/crab_MuonAnalysis_TnP_Run2024C1 ' to check how the submission process proceeds.
DEBUG 2024-10-13 07:12:44.289 UTC: 	 About to return
INFO 2024-10-13 07:12:44.306 UTC: 	 Log file is /eos/home-w/wkwon/CMSSW_14_0_12/src/work/Analysis/crab_projects/crab_MuonAnalysis_TnP_Run2024C1/crab.log
