DEBUG 2024-08-08 05:56:07.383 UTC: 	 CRAB Client version: v3.240621
DEBUG 2024-08-08 05:56:07.383 UTC: 	 Running on: Linux lxplus904.cern.ch 5.14.0-427.20.1.el9_4.x86_64 #1 SMP PREEMPT_DYNAMIC Thu May 23 16:37:13 EDT 2024 x86_64 x86_64 x86_64 GNU/Linux - Red Hat Enterprise Linux 9.4 (Plow)
DEBUG 2024-08-08 05:56:07.383 UTC: 	 Executing command: 'submit'
DEBUG 2024-08-08 05:56:07.383 UTC: 	 Found CRAB cache file /afs/cern.ch/user/w/wkwon/.crab3
INFO 2024-08-08 05:56:07.385 UTC: 	 Will use CRAB configuration file crab_config.py
DEBUG 2024-08-08 05:56:07.385 UTC: 	 Loading CRAB configuration file.
DEBUG 2024-08-08 05:56:07.406 UTC: 	 Will use CRAB plugin ANALYSIS (i.e. will run an analysis job type).
ERROR 2024-08-08 05:56:07.406 UTC: 	 Working area '/eos/home-w/wkwon/CMSSW_14_0_12/src/work/Analysis/crab_projects/crab_my_analysis_job' already exists 
Please change the requestName in the config file
ERROR 2024-08-08 05:56:07.407 UTC: 	 Caught ClientException exception
Traceback (most recent call last):
  File "/cvmfs/cms.cern.ch/share/cms/crab-prod/v3.240621.01/bin/crab.py", line 152, in <module>
    client()
  File "/cvmfs/cms.cern.ch/share/cms/crab-prod/v3.240621.01/bin/crab.py", line 135, in __call__
    self.cmd = sub_cmd(self.logger, args[1:])
  File "/cvmfs/cms.cern.ch/share/cms/crab-prod/v3.240621.01/lib/CRABClient/Commands/submit.py", line 36, in __init__
    SubCommand.__init__(self, logger, cmdargs, disable_interspersed_args=True)
  File "/cvmfs/cms.cern.ch/share/cms/crab-prod/v3.240621.01/lib/CRABClient/Commands/SubCommand.py", line 327, in __init__
    self.requestarea, self.requestname, self.logfile = createWorkArea(
  File "/cvmfs/cms.cern.ch/share/cms/crab-prod/v3.240621.01/lib/CRABClient/ClientUtilities.py", line 392, in createWorkArea
    raise ConfigException("Working area '%s' already exists \nPlease change the requestName in the config file" % fullpath)
CRABClient.ClientExceptions.ConfigException: Working area '/eos/home-w/wkwon/CMSSW_14_0_12/src/work/Analysis/crab_projects/crab_my_analysis_job' already exists 
Please change the requestName in the config file
INFO 2024-08-08 05:56:07.411 UTC: 	 Log file is /eos/home-w/wkwon/CMSSW_14_0_12/src/work/Analysis/crab.log
DEBUG 2024-08-14 05:00:30.338 UTC: 	 CRAB Client version: v3.240621
DEBUG 2024-08-14 05:00:30.338 UTC: 	 Running on: Linux lxplus983.cern.ch 5.14.0-427.24.1.el9_4.x86_64 #1 SMP PREEMPT_DYNAMIC Sun Jun 23 11:48:35 EDT 2024 x86_64 x86_64 x86_64 GNU/Linux - Red Hat Enterprise Linux 9.4 (Plow)
DEBUG 2024-08-14 05:00:30.338 UTC: 	 Executing command: 'submit'
DEBUG 2024-08-14 05:00:30.338 UTC: 	 Found CRAB cache file /afs/cern.ch/user/w/wkwon/.crab3
INFO 2024-08-14 05:00:30.339 UTC: 	 Will use CRAB configuration file crab_conf.py
DEBUG 2024-08-14 05:00:30.339 UTC: 	 Loading CRAB configuration file.
ERROR 2024-08-14 05:00:30.375 UTC: 	 Invalid CRAB configuration: In case of Automatic splitting, the Data.unitsPerJob parameter must be in the [180, 2700] minutes range. You asked for 100000 minutes.
The documentation about the CRAB configuration file can be found in https://twiki.cern.ch/twiki/bin/view/CMSPublic/CRAB3ConfigurationFile
ERROR 2024-08-14 05:00:30.376 UTC: 	 Caught ClientException exception
Traceback (most recent call last):
  File "/cvmfs/cms.cern.ch/share/cms/crab-prod/v3.240621.01/bin/crab.py", line 152, in <module>
    client()
  File "/cvmfs/cms.cern.ch/share/cms/crab-prod/v3.240621.01/bin/crab.py", line 135, in __call__
    self.cmd = sub_cmd(self.logger, args[1:])
  File "/cvmfs/cms.cern.ch/share/cms/crab-prod/v3.240621.01/lib/CRABClient/Commands/submit.py", line 36, in __init__
    SubCommand.__init__(self, logger, cmdargs, disable_interspersed_args=True)
  File "/cvmfs/cms.cern.ch/share/cms/crab-prod/v3.240621.01/lib/CRABClient/Commands/SubCommand.py", line 325, in __init__
    self.loadConfig(self.options.config, self.args)
  File "/cvmfs/cms.cern.ch/share/cms/crab-prod/v3.240621.01/lib/CRABClient/Commands/SubCommand.py", line 96, in loadConfig
    raise ConfigurationException(configmsg)
CRABClient.ClientExceptions.ConfigurationException: Invalid CRAB configuration: In case of Automatic splitting, the Data.unitsPerJob parameter must be in the [180, 2700] minutes range. You asked for 100000 minutes.
The documentation about the CRAB configuration file can be found in https://twiki.cern.ch/twiki/bin/view/CMSPublic/CRAB3ConfigurationFile
INFO 2024-08-14 05:00:30.378 UTC: 	 Log file is /eos/home-w/wkwon/CMSSW_14_0_12/src/work/Analysis/crab.log
DEBUG 2024-08-14 05:30:42.258 UTC: 	 CRAB Client version: v3.240621
DEBUG 2024-08-14 05:30:42.258 UTC: 	 Running on: Linux lxplus983.cern.ch 5.14.0-427.24.1.el9_4.x86_64 #1 SMP PREEMPT_DYNAMIC Sun Jun 23 11:48:35 EDT 2024 x86_64 x86_64 x86_64 GNU/Linux - Red Hat Enterprise Linux 9.4 (Plow)
DEBUG 2024-08-14 05:30:42.258 UTC: 	 Executing command: 'submit'
DEBUG 2024-08-14 05:30:42.258 UTC: 	 Found CRAB cache file /afs/cern.ch/user/w/wkwon/.crab3
INFO 2024-08-14 05:30:42.261 UTC: 	 Will use CRAB configuration file crab_conf.py
DEBUG 2024-08-14 05:30:42.261 UTC: 	 Loading CRAB configuration file.
DEBUG 2024-08-14 05:30:42.296 UTC: 	 Will use CRAB plugin ANALYSIS (i.e. will run an analysis job type).
ERROR 2024-08-14 05:30:42.299 UTC: 	 Working area '/eos/home-w/wkwon/CMSSW_14_0_12/src/work/Analysis/crab_projects/crab_MuonAnalysis_Run2022D' already exists 
Please change the requestName in the config file
ERROR 2024-08-14 05:30:42.299 UTC: 	 Caught ClientException exception
Traceback (most recent call last):
  File "/cvmfs/cms.cern.ch/share/cms/crab-prod/v3.240621.01/bin/crab.py", line 152, in <module>
    client()
  File "/cvmfs/cms.cern.ch/share/cms/crab-prod/v3.240621.01/bin/crab.py", line 135, in __call__
    self.cmd = sub_cmd(self.logger, args[1:])
  File "/cvmfs/cms.cern.ch/share/cms/crab-prod/v3.240621.01/lib/CRABClient/Commands/submit.py", line 36, in __init__
    SubCommand.__init__(self, logger, cmdargs, disable_interspersed_args=True)
  File "/cvmfs/cms.cern.ch/share/cms/crab-prod/v3.240621.01/lib/CRABClient/Commands/SubCommand.py", line 327, in __init__
    self.requestarea, self.requestname, self.logfile = createWorkArea(
  File "/cvmfs/cms.cern.ch/share/cms/crab-prod/v3.240621.01/lib/CRABClient/ClientUtilities.py", line 392, in createWorkArea
    raise ConfigException("Working area '%s' already exists \nPlease change the requestName in the config file" % fullpath)
CRABClient.ClientExceptions.ConfigException: Working area '/eos/home-w/wkwon/CMSSW_14_0_12/src/work/Analysis/crab_projects/crab_MuonAnalysis_Run2022D' already exists 
Please change the requestName in the config file
INFO 2024-08-14 05:30:42.302 UTC: 	 Log file is /eos/home-w/wkwon/CMSSW_14_0_12/src/work/Analysis/crab.log
DEBUG 2024-08-14 06:11:22.461 UTC: 	 CRAB Client version: v3.240621
DEBUG 2024-08-14 06:11:22.461 UTC: 	 Running on: Linux lxplus983.cern.ch 5.14.0-427.24.1.el9_4.x86_64 #1 SMP PREEMPT_DYNAMIC Sun Jun 23 11:48:35 EDT 2024 x86_64 x86_64 x86_64 GNU/Linux - Red Hat Enterprise Linux 9.4 (Plow)
DEBUG 2024-08-14 06:11:22.461 UTC: 	 Executing command: 'checkwrite'
DEBUG 2024-08-14 06:11:22.461 UTC: 	 Found CRAB cache file /afs/cern.ch/user/w/wkwon/.crab3
DEBUG 2024-08-14 06:11:22.462 UTC: 	 Checking credentials
DEBUG 2024-08-14 06:11:22.462 UTC: 	 Found proxy file /tmp/x509up_u168090
DEBUG 2024-08-14 06:11:22.462 UTC: 	 Making sure it has proper VOMS extension
DEBUG 2024-08-14 06:11:22.462 UTC: 	 Executing command :
 voms-proxy-info --vo --file /tmp/x509up_u168090
DEBUG 2024-08-14 06:11:22.870 UTC: 	 output : cms

 error: 
 retcode : 0
DEBUG 2024-08-14 06:11:22.870 UTC: 	 Getting proxy life time left
DEBUG 2024-08-14 06:11:22.870 UTC: 	 Executing command :
 voms-proxy-info --actimeleft --timeleft --file /tmp/x509up_u168090
DEBUG 2024-08-14 06:11:23.240 UTC: 	 output : 598911
598911

 error: 
 retcode : 0
DEBUG 2024-08-14 06:11:23.240 UTC: 	 Proxy valid for 166:21:51 hours
DEBUG 2024-08-14 06:11:23.240 UTC: 	 Retrieving username ...
DEBUG 2024-08-14 06:11:23.240 UTC: 	 Retrieving username from CRIC...
DEBUG 2024-08-14 06:11:23.849 UTC: 	 username is wkwon
INFO 2024-08-14 06:11:24.279 UTC: 	 Rucio client intialized for account wkwon
DEBUG 2024-08-14 06:11:24.280 UTC: 	 Command use: checkwrite
DEBUG 2024-08-14 06:11:24.280 UTC: 	 Options use: ['--site=T2_CH_CERN', '--lfn=/store/user/wkwon/AnalysisResults/']
DEBUG 2024-08-14 06:11:24.280 UTC: 	 Instance is None
DEBUG 2024-08-14 06:11:24.280 UTC: 	 Server base url is None
DEBUG 2024-08-14 06:11:24.280 UTC: 	 Retrieving username ...
DEBUG 2024-08-14 06:11:24.280 UTC: 	 Retrieving username from CRIC...
DEBUG 2024-08-14 06:11:24.997 UTC: 	 username is wkwon
INFO 2024-08-14 06:11:24.998 UTC: 	 Validating LFN /store/user/wkwon/AnalysisResults/...
INFO 2024-08-14 06:11:24.998 UTC: 	 LFN /store/user/wkwon/AnalysisResults/ is valid.
INFO 2024-08-14 06:11:25.010 UTC: 	 Will use `gfal-copy`, `gfal-rm` commands for checking write permissions
INFO 2024-08-14 06:11:25.010 UTC: 	 Will check write permission in /store/user/wkwon/AnalysisResults/ on site T2_CH_CERN
INFO 2024-08-14 06:11:25.036 UTC: 	 Will use PFN: davs://eoscms.cern.ch:443/eos/cms/store/user/wkwon/AnalysisResults/crab3checkwrite_20240814_081125_f2eac901-2e91-440d-bf57-2228bb6d2655/f2eac901-2e91-440d-bf57-2228bb6d2655.tmp
INFO 2024-08-14 06:11:25.036 UTC: 	 
Attempting to create (dummy) directory crab3checkwrite_20240814_081125_f2eac901-2e91-440d-bf57-2228bb6d2655 and copy (dummy) file f2eac901-2e91-440d-bf57-2228bb6d2655.tmp to /store/user/wkwon/AnalysisResults/

INFO 2024-08-14 06:11:25.040 UTC: 	 Executing command: which scram >/dev/null 2>&1 && eval `scram unsetenv -sh`; gfal-copy -p -v -t 180 file:///eos/home-w/wkwon/CMSSW_14_0_12/src/work/Analysis/f2eac901-2e91-440d-bf57-2228bb6d2655.tmp 'davs://eoscms.cern.ch:443/eos/cms/store/user/wkwon/AnalysisResults/crab3checkwrite_20240814_081125_f2eac901-2e91-440d-bf57-2228bb6d2655/f2eac901-2e91-440d-bf57-2228bb6d2655.tmp'
INFO 2024-08-14 06:11:25.040 UTC: 	 Please wait...
INFO 2024-08-14 06:11:25.964 UTC: 	 Failed running copy command
INFO 2024-08-14 06:11:25.964 UTC: 	   Stdout:
    Copying 85 bytes file:///eos/home-w/wkwon/CMSSW_14_0_12/src/work/Analysis/f2eac901-2e91-440d-bf57-2228bb6d2655.tmp => davs://eoscms.cern.ch:443/eos/cms/store/user/wkwon/AnalysisResults/crab3checkwrite_20240814_081125_f2eac901-2e91-440d-bf57-2228bb6d2655/f2eac901-2e91-440d-bf57-2228bb6d2655.tmp
    event: [1723615885785] BOTH   GFAL2:CORE:COPY	LIST:ENTER	
    event: [1723615885785] BOTH   GFAL2:CORE:COPY	LIST:ITEM	file:///eos/home-w/wkwon/CMSSW_14_0_12/src/work/Analysis/f2eac901-2e91-440d-bf57-2228bb6d2655.tmp => davs://eoscms.cern.ch:443/eos/cms/store/user/wkwon/AnalysisResults/crab3checkwrite_20240814_081125_f2eac901-2e91-440d-bf57-2228bb6d2655/f2eac901-2e91-440d-bf57-2228bb6d2655.tmp
    event: [1723615885785] BOTH   GFAL2:CORE:COPY	LIST:EXIT	
    event: [1723615885785] BOTH   http_plugin	PREPARE:ENTER	file:///eos/home-w/wkwon/CMSSW_14_0_12/src/work/Analysis/f2eac901-2e91-440d-bf57-2228bb6d2655.tmp => davs://eoscms.cern.ch:443/eos/cms/store/user/wkwon/AnalysisResults/crab3checkwrite_20240814_081125_f2eac901-2e91-440d-bf57-2228bb6d2655/f2eac901-2e91-440d-bf57-2228bb6d2655.tmp
    
INFO 2024-08-14 06:11:25.965 UTC: 	   Stderr:
    gfal-copy error: 1 (Operation not permitted) - DESTINATION MAKE_PARENT HTTP 403 : Permission refused 
    
INFO 2024-08-14 06:11:25.965 UTC: 	 
Checkwrite Result:
INFO 2024-08-14 06:11:25.965 UTC: 	 Unable to check write permission in /store/user/wkwon/AnalysisResults/ on site T2_CH_CERN
Please try again later or contact the site administrators sending them the 'crab checkwrite' output as printed above.
INFO 2024-08-14 06:11:25.965 UTC: 	 Note: You cannot write to a site if you did not ask permission.
INFO 2024-08-14 06:11:26.388 UTC: 	 Additional diagnostic info for CERN EOS
== id ==>:
uid=168090(wkwon) gid=1399(zh) groups=1399(zh),1100887945 context=unconfined_u:unconfined_r:unconfined_t:s0-s0:c0.c1023
== voms-proxy-info -all ==>:
subject   : /DC=ch/DC=cern/OU=Organic Units/OU=Users/CN=wkwon/CN=874403/CN=Wooyeon Kwon/CN=1549507101
issuer    : /DC=ch/DC=cern/OU=Organic Units/OU=Users/CN=wkwon/CN=874403/CN=Wooyeon Kwon
identity  : /DC=ch/DC=cern/OU=Organic Units/OU=Users/CN=wkwon/CN=874403/CN=Wooyeon Kwon
type      : RFC3820 compliant impersonation proxy
strength  : 2048
path      : /tmp/x509up_u168090
timeleft  : 166:21:48
key usage : Digital Signature, Key Encipherment
=== VO cms extension information ===
VO        : cms
subject   : /DC=ch/DC=cern/OU=Organic Units/OU=Users/CN=wkwon/CN=874403/CN=Wooyeon Kwon
issuer    : /DC=ch/DC=cern/OU=computers/CN=cms-auth.web.cern.ch
attribute : /cms/Role=NULL/Capability=NULL
timeleft  : 166:21:48
uri       : voms-cms-auth.app.cern.ch:15000

== uberftp eoscmsftp.cern.ch pwd ==>:

ERROR 2024-08-14 06:11:26.388 UTC: 	 Command checkwrite failed
ERROR 2024-08-14 06:11:26.388 UTC: 	 Caught ClientException exception
Traceback (most recent call last):
  File "/cvmfs/cms.cern.ch/share/cms/crab-prod/v3.240621.01/bin/crab.py", line 152, in <module>
    client()
  File "/cvmfs/cms.cern.ch/share/cms/crab-prod/v3.240621.01/bin/crab.py", line 139, in __call__
    raise CommandFailedException("Command %s failed" % str(args[0]))
CRABClient.ClientExceptions.CommandFailedException: Command checkwrite failed
DEBUG 2024-08-14 06:15:15.940 UTC: 	 CRAB Client version: v3.240621
DEBUG 2024-08-14 06:15:15.940 UTC: 	 Running on: Linux lxplus983.cern.ch 5.14.0-427.24.1.el9_4.x86_64 #1 SMP PREEMPT_DYNAMIC Sun Jun 23 11:48:35 EDT 2024 x86_64 x86_64 x86_64 GNU/Linux - Red Hat Enterprise Linux 9.4 (Plow)
DEBUG 2024-08-14 06:15:15.941 UTC: 	 Executing command: 'checkwrite'
DEBUG 2024-08-14 06:15:15.941 UTC: 	 Found CRAB cache file /afs/cern.ch/user/w/wkwon/.crab3
DEBUG 2024-08-14 06:15:15.941 UTC: 	 Checking credentials
DEBUG 2024-08-14 06:15:15.941 UTC: 	 Found proxy file /tmp/x509up_u168090
DEBUG 2024-08-14 06:15:15.941 UTC: 	 Making sure it has proper VOMS extension
DEBUG 2024-08-14 06:15:15.941 UTC: 	 Executing command :
 voms-proxy-info --vo --file /tmp/x509up_u168090
DEBUG 2024-08-14 06:15:16.347 UTC: 	 output : cms

 error: 
 retcode : 0
DEBUG 2024-08-14 06:15:16.347 UTC: 	 Getting proxy life time left
DEBUG 2024-08-14 06:15:16.347 UTC: 	 Executing command :
 voms-proxy-info --actimeleft --timeleft --file /tmp/x509up_u168090
DEBUG 2024-08-14 06:15:16.733 UTC: 	 output : 598678
598678

 error: 
 retcode : 0
DEBUG 2024-08-14 06:15:16.733 UTC: 	 Proxy valid for 166:17:58 hours
DEBUG 2024-08-14 06:15:16.733 UTC: 	 Retrieving username ...
DEBUG 2024-08-14 06:15:16.733 UTC: 	 Retrieving username from CRIC...
DEBUG 2024-08-14 06:15:17.345 UTC: 	 username is wkwon
INFO 2024-08-14 06:15:17.755 UTC: 	 Rucio client intialized for account wkwon
DEBUG 2024-08-14 06:15:17.755 UTC: 	 Command use: checkwrite
DEBUG 2024-08-14 06:15:17.755 UTC: 	 Options use: ['--site=T2_CH_CERN', '--lfn=/eos/home-w/wkwon/']
DEBUG 2024-08-14 06:15:17.755 UTC: 	 Instance is None
DEBUG 2024-08-14 06:15:17.755 UTC: 	 Server base url is None
DEBUG 2024-08-14 06:15:17.755 UTC: 	 Retrieving username ...
DEBUG 2024-08-14 06:15:17.755 UTC: 	 Retrieving username from CRIC...
DEBUG 2024-08-14 06:15:18.340 UTC: 	 username is wkwon
INFO 2024-08-14 06:15:18.340 UTC: 	 Validating LFN /eos/home-w/wkwon/...
INFO 2024-08-14 06:15:18.340 UTC: 	 Refusing to check write permission in /eos/home-w/wkwon/, because this is not an allowed LFN for stageout.
The LFN must start with either '/store/user/<username>/' or '/store/group/<groupname>/' (or '/store/local/<something>/' if publication is off), where username is your username as registered in CMS (i.e. the username of your CERN primary account).
LFN /eos/home-w/wkwon/ is not valid.
ERROR 2024-08-14 06:15:18.340 UTC: 	 Command checkwrite failed
ERROR 2024-08-14 06:15:18.340 UTC: 	 Caught ClientException exception
Traceback (most recent call last):
  File "/cvmfs/cms.cern.ch/share/cms/crab-prod/v3.240621.01/bin/crab.py", line 152, in <module>
    client()
  File "/cvmfs/cms.cern.ch/share/cms/crab-prod/v3.240621.01/bin/crab.py", line 139, in __call__
    raise CommandFailedException("Command %s failed" % str(args[0]))
CRABClient.ClientExceptions.CommandFailedException: Command checkwrite failed
DEBUG 2024-08-14 06:16:07.791 UTC: 	 CRAB Client version: v3.240621
DEBUG 2024-08-14 06:16:07.791 UTC: 	 Running on: Linux lxplus983.cern.ch 5.14.0-427.24.1.el9_4.x86_64 #1 SMP PREEMPT_DYNAMIC Sun Jun 23 11:48:35 EDT 2024 x86_64 x86_64 x86_64 GNU/Linux - Red Hat Enterprise Linux 9.4 (Plow)
DEBUG 2024-08-14 06:16:07.791 UTC: 	 Executing command: 'checkwrite'
DEBUG 2024-08-14 06:16:07.792 UTC: 	 Found CRAB cache file /afs/cern.ch/user/w/wkwon/.crab3
DEBUG 2024-08-14 06:16:07.792 UTC: 	 Checking credentials
DEBUG 2024-08-14 06:16:07.792 UTC: 	 Found proxy file /tmp/x509up_u168090
DEBUG 2024-08-14 06:16:07.792 UTC: 	 Making sure it has proper VOMS extension
DEBUG 2024-08-14 06:16:07.792 UTC: 	 Executing command :
 voms-proxy-info --vo --file /tmp/x509up_u168090
DEBUG 2024-08-14 06:16:08.181 UTC: 	 output : cms

 error: 
 retcode : 0
DEBUG 2024-08-14 06:16:08.181 UTC: 	 Getting proxy life time left
DEBUG 2024-08-14 06:16:08.181 UTC: 	 Executing command :
 voms-proxy-info --actimeleft --timeleft --file /tmp/x509up_u168090
DEBUG 2024-08-14 06:16:08.546 UTC: 	 output : 598626
598626

 error: 
 retcode : 0
DEBUG 2024-08-14 06:16:08.546 UTC: 	 Proxy valid for 166:17:06 hours
DEBUG 2024-08-14 06:16:08.546 UTC: 	 Retrieving username ...
DEBUG 2024-08-14 06:16:08.546 UTC: 	 Retrieving username from CRIC...
DEBUG 2024-08-14 06:16:09.185 UTC: 	 username is wkwon
INFO 2024-08-14 06:16:09.587 UTC: 	 Rucio client intialized for account wkwon
DEBUG 2024-08-14 06:16:09.587 UTC: 	 Command use: checkwrite
DEBUG 2024-08-14 06:16:09.587 UTC: 	 Options use: ['--site=T2_KR_KNU', '--lfn=/store/user/wkwon/AnalysisResults/']
DEBUG 2024-08-14 06:16:09.587 UTC: 	 Instance is None
DEBUG 2024-08-14 06:16:09.587 UTC: 	 Server base url is None
DEBUG 2024-08-14 06:16:09.587 UTC: 	 Retrieving username ...
DEBUG 2024-08-14 06:16:09.587 UTC: 	 Retrieving username from CRIC...
DEBUG 2024-08-14 06:16:10.195 UTC: 	 username is wkwon
INFO 2024-08-14 06:16:10.195 UTC: 	 Validating LFN /store/user/wkwon/AnalysisResults/...
INFO 2024-08-14 06:16:10.196 UTC: 	 LFN /store/user/wkwon/AnalysisResults/ is valid.
INFO 2024-08-14 06:16:10.206 UTC: 	 Will use `gfal-copy`, `gfal-rm` commands for checking write permissions
INFO 2024-08-14 06:16:10.206 UTC: 	 Will check write permission in /store/user/wkwon/AnalysisResults/ on site T2_KR_KNU
ERROR 2024-08-14 06:16:10.219 UTC: 	 RSE does not exist.
Details: RSE 'T2_KR_KNU' cannot be found in vo 'def'
ERROR 2024-08-14 06:16:10.219 UTC: 	 Command checkwrite failed
ERROR 2024-08-14 06:16:10.219 UTC: 	 Caught ClientException exception
Traceback (most recent call last):
  File "/cvmfs/cms.cern.ch/share/cms/crab-prod/v3.240621.01/bin/crab.py", line 152, in <module>
    client()
  File "/cvmfs/cms.cern.ch/share/cms/crab-prod/v3.240621.01/bin/crab.py", line 139, in __call__
    raise CommandFailedException("Command %s failed" % str(args[0]))
CRABClient.ClientExceptions.CommandFailedException: Command checkwrite failed
DEBUG 2024-08-14 06:20:20.233 UTC: 	 CRAB Client version: v3.240621
DEBUG 2024-08-14 06:20:20.233 UTC: 	 Running on: Linux lxplus983.cern.ch 5.14.0-427.24.1.el9_4.x86_64 #1 SMP PREEMPT_DYNAMIC Sun Jun 23 11:48:35 EDT 2024 x86_64 x86_64 x86_64 GNU/Linux - Red Hat Enterprise Linux 9.4 (Plow)
DEBUG 2024-08-14 06:20:20.233 UTC: 	 Executing command: 'checkwrite'
DEBUG 2024-08-14 06:20:20.233 UTC: 	 Found CRAB cache file /afs/cern.ch/user/w/wkwon/.crab3
DEBUG 2024-08-14 06:20:20.234 UTC: 	 Checking credentials
DEBUG 2024-08-14 06:20:20.234 UTC: 	 Found proxy file /tmp/x509up_u168090
DEBUG 2024-08-14 06:20:20.234 UTC: 	 Making sure it has proper VOMS extension
DEBUG 2024-08-14 06:20:20.234 UTC: 	 Executing command :
 voms-proxy-info --vo --file /tmp/x509up_u168090
DEBUG 2024-08-14 06:20:20.702 UTC: 	 output : cms

 error: 
 retcode : 0
DEBUG 2024-08-14 06:20:20.702 UTC: 	 Getting proxy life time left
DEBUG 2024-08-14 06:20:20.702 UTC: 	 Executing command :
 voms-proxy-info --actimeleft --timeleft --file /tmp/x509up_u168090
DEBUG 2024-08-14 06:20:21.097 UTC: 	 output : 598373
598373

 error: 
 retcode : 0
DEBUG 2024-08-14 06:20:21.097 UTC: 	 Proxy valid for 166:12:53 hours
DEBUG 2024-08-14 06:20:21.097 UTC: 	 Retrieving username ...
DEBUG 2024-08-14 06:20:21.097 UTC: 	 Retrieving username from CRIC...
DEBUG 2024-08-14 06:20:21.824 UTC: 	 username is wkwon
INFO 2024-08-14 06:20:22.246 UTC: 	 Rucio client intialized for account wkwon
DEBUG 2024-08-14 06:20:22.247 UTC: 	 Command use: checkwrite
DEBUG 2024-08-14 06:20:22.247 UTC: 	 Options use: ['--site=T3_KR_KNU', '--lfn=/store/user/wkwon/AnalysisResults/']
DEBUG 2024-08-14 06:20:22.247 UTC: 	 Instance is None
DEBUG 2024-08-14 06:20:22.247 UTC: 	 Server base url is None
DEBUG 2024-08-14 06:20:22.247 UTC: 	 Retrieving username ...
DEBUG 2024-08-14 06:20:22.247 UTC: 	 Retrieving username from CRIC...
DEBUG 2024-08-14 06:20:22.924 UTC: 	 username is wkwon
INFO 2024-08-14 06:20:22.925 UTC: 	 Validating LFN /store/user/wkwon/AnalysisResults/...
INFO 2024-08-14 06:20:22.925 UTC: 	 LFN /store/user/wkwon/AnalysisResults/ is valid.
INFO 2024-08-14 06:20:22.936 UTC: 	 Will use `gfal-copy`, `gfal-rm` commands for checking write permissions
INFO 2024-08-14 06:20:22.936 UTC: 	 Will check write permission in /store/user/wkwon/AnalysisResults/ on site T3_KR_KNU
INFO 2024-08-14 06:20:22.965 UTC: 	 Will use PFN: davs://cluster142.knu.ac.kr:2880/cms/store/user/wkwon/AnalysisResults/crab3checkwrite_20240814_082022_eb10cc1a-e89c-46e1-a8e7-ba0a52f81a49/eb10cc1a-e89c-46e1-a8e7-ba0a52f81a49.tmp
INFO 2024-08-14 06:20:22.965 UTC: 	 
Attempting to create (dummy) directory crab3checkwrite_20240814_082022_eb10cc1a-e89c-46e1-a8e7-ba0a52f81a49 and copy (dummy) file eb10cc1a-e89c-46e1-a8e7-ba0a52f81a49.tmp to /store/user/wkwon/AnalysisResults/

INFO 2024-08-14 06:20:22.969 UTC: 	 Executing command: which scram >/dev/null 2>&1 && eval `scram unsetenv -sh`; gfal-copy -p -v -t 180 file:///eos/home-w/wkwon/CMSSW_14_0_12/src/work/Analysis/eb10cc1a-e89c-46e1-a8e7-ba0a52f81a49.tmp 'davs://cluster142.knu.ac.kr:2880/cms/store/user/wkwon/AnalysisResults/crab3checkwrite_20240814_082022_eb10cc1a-e89c-46e1-a8e7-ba0a52f81a49/eb10cc1a-e89c-46e1-a8e7-ba0a52f81a49.tmp'
INFO 2024-08-14 06:20:22.970 UTC: 	 Please wait...
INFO 2024-08-14 06:21:02.083 UTC: 	 
Successfully created directory crab3checkwrite_20240814_082022_eb10cc1a-e89c-46e1-a8e7-ba0a52f81a49 and copied file eb10cc1a-e89c-46e1-a8e7-ba0a52f81a49.tmp to /store/user/wkwon/AnalysisResults/
INFO 2024-08-14 06:21:02.083 UTC: 	 
Attempting to delete file davs://cluster142.knu.ac.kr:2880/cms/store/user/wkwon/AnalysisResults/crab3checkwrite_20240814_082022_eb10cc1a-e89c-46e1-a8e7-ba0a52f81a49/eb10cc1a-e89c-46e1-a8e7-ba0a52f81a49.tmp

INFO 2024-08-14 06:21:02.083 UTC: 	 Executing command: which scram >/dev/null 2>&1 && eval `scram unsetenv -sh`; gfal-rm -v -t 180 'davs://cluster142.knu.ac.kr:2880/cms/store/user/wkwon/AnalysisResults/crab3checkwrite_20240814_082022_eb10cc1a-e89c-46e1-a8e7-ba0a52f81a49/eb10cc1a-e89c-46e1-a8e7-ba0a52f81a49.tmp'
INFO 2024-08-14 06:21:02.083 UTC: 	 Please wait...
INFO 2024-08-14 06:21:06.655 UTC: 	 
Successfully deleted file davs://cluster142.knu.ac.kr:2880/cms/store/user/wkwon/AnalysisResults/crab3checkwrite_20240814_082022_eb10cc1a-e89c-46e1-a8e7-ba0a52f81a49/eb10cc1a-e89c-46e1-a8e7-ba0a52f81a49.tmp
INFO 2024-08-14 06:21:06.655 UTC: 	 
Attempting to delete directory davs://cluster142.knu.ac.kr:2880/cms/store/user/wkwon/AnalysisResults/crab3checkwrite_20240814_082022_eb10cc1a-e89c-46e1-a8e7-ba0a52f81a49/

INFO 2024-08-14 06:21:06.655 UTC: 	 Executing command: which scram >/dev/null 2>&1 && eval `scram unsetenv -sh`; gfal-rm -r -v -t 180 'davs://cluster142.knu.ac.kr:2880/cms/store/user/wkwon/AnalysisResults/crab3checkwrite_20240814_082022_eb10cc1a-e89c-46e1-a8e7-ba0a52f81a49/'
INFO 2024-08-14 06:21:06.655 UTC: 	 Please wait...
INFO 2024-08-14 06:21:11.883 UTC: 	 
Successfully deleted directory davs://cluster142.knu.ac.kr:2880/cms/store/user/wkwon/AnalysisResults/crab3checkwrite_20240814_082022_eb10cc1a-e89c-46e1-a8e7-ba0a52f81a49/
INFO 2024-08-14 06:21:11.884 UTC: 	 
Checkwrite Result:
INFO 2024-08-14 06:21:11.885 UTC: 	 Success: Able to write in /store/user/wkwon/AnalysisResults/ on site T3_KR_KNU
DEBUG 2024-08-16 03:49:25.872 UTC: 	 CRAB Client version: v3.240621
DEBUG 2024-08-16 03:49:25.872 UTC: 	 Running on: Linux lxplus983.cern.ch 5.14.0-427.24.1.el9_4.x86_64 #1 SMP PREEMPT_DYNAMIC Sun Jun 23 11:48:35 EDT 2024 x86_64 x86_64 x86_64 GNU/Linux - Red Hat Enterprise Linux 9.4 (Plow)
DEBUG 2024-08-16 03:49:25.872 UTC: 	 Executing command: 'status'
DEBUG 2024-08-16 03:49:25.873 UTC: 	 Could not find CRAB cache file /afs/cern.ch/user/w/wkwon/.crab3; creating a new one.
ERROR 2024-08-16 03:49:25.876 UTC: 	 Unhandled Exception!
ERROR 2024-08-16 03:49:25.876 UTC: 	 [Errno 13] Permission denied: '/afs/cern.ch/user/w/wkwon/.crab3.73144'
Traceback (most recent call last):
  File "/cvmfs/cms.cern.ch/share/cms/crab-prod/v3.240621.01/bin/crab.py", line 152, in <module>
    client()
  File "/cvmfs/cms.cern.ch/share/cms/crab-prod/v3.240621.01/bin/crab.py", line 135, in __call__
    self.cmd = sub_cmd(self.logger, args[1:])
  File "/cvmfs/cms.cern.ch/share/cms/crab-prod/v3.240621.01/lib/CRABClient/Commands/status.py", line 48, in __init__
    SubCommand.__init__(self, logger, cmdargs)
  File "/cvmfs/cms.cern.ch/share/cms/crab-prod/v3.240621.01/lib/CRABClient/Commands/SubCommand.py", line 263, in __init__
    self.crab3dic = self.getConfiDict()
  File "/cvmfs/cms.cern.ch/share/cms/crab-prod/v3.240621.01/lib/CRABClient/Commands/SubCommand.py", line 562, in getConfiDict
    with open(crabCacheFileName_tmp, 'w') as fd:
PermissionError: [Errno 13] Permission denied: '/afs/cern.ch/user/w/wkwon/.crab3.73144'
ERROR 2024-08-16 03:49:25.877 UTC: 	 ERROR: PermissionError: [Errno 13] Permission denied: '/afs/cern.ch/user/w/wkwon/.crab3.73144'
ERROR 2024-08-16 03:49:25.878 UTC: 	 
	Please email cmstalk+computing-tools@dovecotmta.cern.ch for support with the crab.log file or crab.log URL.
ERROR 2024-08-16 03:49:25.878 UTC: 	 	Client Version: v3.240621
ERROR 2024-08-16 03:49:25.878 UTC: 	 	Please use 'crab uploadlog' to upload the log file /eos/home-w/wkwon/CMSSW_14_0_12/src/work/Analysis/crab.log to the CRAB cache.
DEBUG 2024-08-18 05:37:51.213 UTC: 	 CRAB Client version: v3.240621
DEBUG 2024-08-18 05:37:51.214 UTC: 	 Running on: Linux lxplus954.cern.ch 5.14.0-427.20.1.el9_4.x86_64 #1 SMP PREEMPT_DYNAMIC Thu May 23 16:37:13 EDT 2024 x86_64 x86_64 x86_64 GNU/Linux - Red Hat Enterprise Linux 9.4 (Plow)
DEBUG 2024-08-18 05:37:51.214 UTC: 	 Executing command: 'submit'
DEBUG 2024-08-18 05:37:51.214 UTC: 	 Found CRAB cache file /afs/cern.ch/user/w/wkwon/.crab3
INFO 2024-08-18 05:37:51.215 UTC: 	 Will use CRAB configuration file crab_conf.py
DEBUG 2024-08-18 05:37:51.215 UTC: 	 Loading CRAB configuration file.
DEBUG 2024-08-18 05:37:51.295 UTC: 	 Will use CRAB plugin ANALYSIS (i.e. will run an analysis job type).
ERROR 2024-08-18 05:37:51.295 UTC: 	 Working area '/eos/home-w/wkwon/CMSSW_14_0_12/src/work/Analysis/crab_projects/crab_MuonAnalysis_Run2022E' already exists 
Please change the requestName in the config file
ERROR 2024-08-18 05:37:51.295 UTC: 	 Caught ClientException exception
Traceback (most recent call last):
  File "/cvmfs/cms.cern.ch/share/cms/crab-prod/v3.240621.01/bin/crab.py", line 152, in <module>
    client()
  File "/cvmfs/cms.cern.ch/share/cms/crab-prod/v3.240621.01/bin/crab.py", line 135, in __call__
    self.cmd = sub_cmd(self.logger, args[1:])
  File "/cvmfs/cms.cern.ch/share/cms/crab-prod/v3.240621.01/lib/CRABClient/Commands/submit.py", line 36, in __init__
    SubCommand.__init__(self, logger, cmdargs, disable_interspersed_args=True)
  File "/cvmfs/cms.cern.ch/share/cms/crab-prod/v3.240621.01/lib/CRABClient/Commands/SubCommand.py", line 327, in __init__
    self.requestarea, self.requestname, self.logfile = createWorkArea(
  File "/cvmfs/cms.cern.ch/share/cms/crab-prod/v3.240621.01/lib/CRABClient/ClientUtilities.py", line 392, in createWorkArea
    raise ConfigException("Working area '%s' already exists \nPlease change the requestName in the config file" % fullpath)
CRABClient.ClientExceptions.ConfigException: Working area '/eos/home-w/wkwon/CMSSW_14_0_12/src/work/Analysis/crab_projects/crab_MuonAnalysis_Run2022E' already exists 
Please change the requestName in the config file
INFO 2024-08-18 05:37:51.299 UTC: 	 Log file is /eos/home-w/wkwon/CMSSW_14_0_12/src/work/Analysis/crab.log
DEBUG 2024-08-20 06:47:21.937 UTC: 	 CRAB Client version: v3.240621
DEBUG 2024-08-20 06:47:21.937 UTC: 	 Running on: Linux lxplus995.cern.ch 5.14.0-427.28.1.el9_4.x86_64 #1 SMP PREEMPT_DYNAMIC Fri Jul 19 14:40:47 EDT 2024 x86_64 x86_64 x86_64 GNU/Linux - Red Hat Enterprise Linux 9.4 (Plow)
DEBUG 2024-08-20 06:47:21.937 UTC: 	 Executing command: 'submit'
DEBUG 2024-08-20 06:47:21.937 UTC: 	 Found CRAB cache file /afs/cern.ch/user/w/wkwon/.crab3
DEBUG 2024-08-21 04:45:30.853 UTC: 	 CRAB Client version: v3.240621
DEBUG 2024-08-21 04:45:30.853 UTC: 	 Running on: Linux lxplus9108.cern.ch 5.14.0-427.28.1.el9_4.x86_64 #1 SMP PREEMPT_DYNAMIC Fri Jul 19 14:40:47 EDT 2024 x86_64 x86_64 x86_64 GNU/Linux - Red Hat Enterprise Linux 9.4 (Plow)
DEBUG 2024-08-21 04:45:30.853 UTC: 	 Executing command: 'submit'
DEBUG 2024-08-21 04:45:30.854 UTC: 	 Found CRAB cache file /afs/cern.ch/user/w/wkwon/.crab3
DEBUG 2024-08-21 04:45:50.018 UTC: 	 CRAB Client version: v3.240621
DEBUG 2024-08-21 04:45:50.018 UTC: 	 Running on: Linux lxplus9108.cern.ch 5.14.0-427.28.1.el9_4.x86_64 #1 SMP PREEMPT_DYNAMIC Fri Jul 19 14:40:47 EDT 2024 x86_64 x86_64 x86_64 GNU/Linux - Red Hat Enterprise Linux 9.4 (Plow)
DEBUG 2024-08-21 04:45:50.018 UTC: 	 Executing command: 'submit'
DEBUG 2024-08-21 04:45:50.019 UTC: 	 Found CRAB cache file /afs/cern.ch/user/w/wkwon/.crab3
INFO 2024-08-21 04:45:50.019 UTC: 	 Will use CRAB configuration file conf.py
DEBUG 2024-08-21 04:45:50.019 UTC: 	 Loading CRAB configuration file.
ERROR 2024-08-21 04:45:50.169 UTC: 	 Error while loading CRAB configuration:
Unable to find a Configuration object instance in file:
/eos/home-w/wkwon/CMSSW_14_0_12/src/work/Analysis/conf.py

Please refer to https://twiki.cern.ch/twiki/bin/view/CMSPublic/CRAB3FAQ
See the ./crab.log file for more details.
The documentation about the CRAB configuration file can be found in https://twiki.cern.ch/twiki/bin/view/CMSPublic/CRAB3ConfigurationFile
ERROR 2024-08-21 04:45:50.169 UTC: 	 Caught ClientException exception
Traceback (most recent call last):
  File "/cvmfs/cms.cern.ch/share/cms/crab-prod/v3.240621.01/lib/CRABClient/Commands/SubCommand.py", line 57, in loadConfig
    self.configuration = loadConfigurationFile(os.path.abspath(configname))
  File "/cvmfs/cms.cern.ch/share/cms/crab-prod/v3.240621.01/lib/WMCore/Configuration.py", line 358, in loadConfigurationFile
    raise RuntimeError(msg)
RuntimeError: Unable to find a Configuration object instance in file:
/eos/home-w/wkwon/CMSSW_14_0_12/src/work/Analysis/conf.py


During handling of the above exception, another exception occurred:

Traceback (most recent call last):
  File "/cvmfs/cms.cern.ch/share/cms/crab-prod/v3.240621.01/bin/crab.py", line 152, in <module>
    client()
  File "/cvmfs/cms.cern.ch/share/cms/crab-prod/v3.240621.01/bin/crab.py", line 135, in __call__
    self.cmd = sub_cmd(self.logger, args[1:])
  File "/cvmfs/cms.cern.ch/share/cms/crab-prod/v3.240621.01/lib/CRABClient/Commands/submit.py", line 36, in __init__
    SubCommand.__init__(self, logger, cmdargs, disable_interspersed_args=True)
  File "/cvmfs/cms.cern.ch/share/cms/crab-prod/v3.240621.01/lib/CRABClient/Commands/SubCommand.py", line 325, in __init__
    self.loadConfig(self.options.config, self.args)
  File "/cvmfs/cms.cern.ch/share/cms/crab-prod/v3.240621.01/lib/CRABClient/Commands/SubCommand.py", line 91, in loadConfig
    raise ConfigurationException(configmsg)
CRABClient.ClientExceptions.ConfigurationException: Error while loading CRAB configuration:
Unable to find a Configuration object instance in file:
/eos/home-w/wkwon/CMSSW_14_0_12/src/work/Analysis/conf.py

Please refer to https://twiki.cern.ch/twiki/bin/view/CMSPublic/CRAB3FAQ
See the ./crab.log file for more details.
The documentation about the CRAB configuration file can be found in https://twiki.cern.ch/twiki/bin/view/CMSPublic/CRAB3ConfigurationFile
INFO 2024-08-21 04:45:50.172 UTC: 	 Log file is /eos/home-w/wkwon/CMSSW_14_0_12/src/work/Analysis/crab.log
DEBUG 2024-08-21 04:46:03.740 UTC: 	 CRAB Client version: v3.240621
DEBUG 2024-08-21 04:46:03.740 UTC: 	 Running on: Linux lxplus9108.cern.ch 5.14.0-427.28.1.el9_4.x86_64 #1 SMP PREEMPT_DYNAMIC Fri Jul 19 14:40:47 EDT 2024 x86_64 x86_64 x86_64 GNU/Linux - Red Hat Enterprise Linux 9.4 (Plow)
DEBUG 2024-08-21 04:46:03.740 UTC: 	 Executing command: 'submit'
DEBUG 2024-08-21 04:46:03.740 UTC: 	 Found CRAB cache file /afs/cern.ch/user/w/wkwon/.crab3
ERROR 2024-08-21 04:46:03.741 UTC: 	 CRAB configuration file conf_crab.py not found.
ERROR 2024-08-21 04:46:03.741 UTC: 	 Caught ClientException exception
Traceback (most recent call last):
  File "/cvmfs/cms.cern.ch/share/cms/crab-prod/v3.240621.01/bin/crab.py", line 152, in <module>
    client()
  File "/cvmfs/cms.cern.ch/share/cms/crab-prod/v3.240621.01/bin/crab.py", line 135, in __call__
    self.cmd = sub_cmd(self.logger, args[1:])
  File "/cvmfs/cms.cern.ch/share/cms/crab-prod/v3.240621.01/lib/CRABClient/Commands/submit.py", line 36, in __init__
    SubCommand.__init__(self, logger, cmdargs, disable_interspersed_args=True)
  File "/cvmfs/cms.cern.ch/share/cms/crab-prod/v3.240621.01/lib/CRABClient/Commands/SubCommand.py", line 325, in __init__
    self.loadConfig(self.options.config, self.args)
  File "/cvmfs/cms.cern.ch/share/cms/crab-prod/v3.240621.01/lib/CRABClient/Commands/SubCommand.py", line 53, in loadConfig
    raise ConfigurationException("CRAB configuration file %s not found." % (configname))
CRABClient.ClientExceptions.ConfigurationException: CRAB configuration file conf_crab.py not found.
INFO 2024-08-21 04:46:03.745 UTC: 	 Log file is /eos/home-w/wkwon/CMSSW_14_0_12/src/work/Analysis/crab.log
DEBUG 2024-08-21 04:47:04.092 UTC: 	 CRAB Client version: v3.240621
DEBUG 2024-08-21 04:47:04.092 UTC: 	 Running on: Linux lxplus9108.cern.ch 5.14.0-427.28.1.el9_4.x86_64 #1 SMP PREEMPT_DYNAMIC Fri Jul 19 14:40:47 EDT 2024 x86_64 x86_64 x86_64 GNU/Linux - Red Hat Enterprise Linux 9.4 (Plow)
DEBUG 2024-08-21 04:47:04.092 UTC: 	 Executing command: 'submit'
DEBUG 2024-08-21 04:47:04.092 UTC: 	 Found CRAB cache file /afs/cern.ch/user/w/wkwon/.crab3
INFO 2024-08-21 04:47:04.094 UTC: 	 Will use CRAB configuration file crab_conf.py
DEBUG 2024-08-21 04:47:04.094 UTC: 	 Loading CRAB configuration file.
DEBUG 2024-08-21 04:47:04.135 UTC: 	 Will use CRAB plugin ANALYSIS (i.e. will run an analysis job type).
ERROR 2024-08-21 04:47:04.139 UTC: 	 Working area '/eos/home-w/wkwon/CMSSW_14_0_12/src/work/Analysis/crab_projects/crab_MuonAnalysis_Run2022E' already exists 
Please change the requestName in the config file
ERROR 2024-08-21 04:47:04.139 UTC: 	 Caught ClientException exception
Traceback (most recent call last):
  File "/cvmfs/cms.cern.ch/share/cms/crab-prod/v3.240621.01/bin/crab.py", line 152, in <module>
    client()
  File "/cvmfs/cms.cern.ch/share/cms/crab-prod/v3.240621.01/bin/crab.py", line 135, in __call__
    self.cmd = sub_cmd(self.logger, args[1:])
  File "/cvmfs/cms.cern.ch/share/cms/crab-prod/v3.240621.01/lib/CRABClient/Commands/submit.py", line 36, in __init__
    SubCommand.__init__(self, logger, cmdargs, disable_interspersed_args=True)
  File "/cvmfs/cms.cern.ch/share/cms/crab-prod/v3.240621.01/lib/CRABClient/Commands/SubCommand.py", line 327, in __init__
    self.requestarea, self.requestname, self.logfile = createWorkArea(
  File "/cvmfs/cms.cern.ch/share/cms/crab-prod/v3.240621.01/lib/CRABClient/ClientUtilities.py", line 392, in createWorkArea
    raise ConfigException("Working area '%s' already exists \nPlease change the requestName in the config file" % fullpath)
CRABClient.ClientExceptions.ConfigException: Working area '/eos/home-w/wkwon/CMSSW_14_0_12/src/work/Analysis/crab_projects/crab_MuonAnalysis_Run2022E' already exists 
Please change the requestName in the config file
INFO 2024-08-21 04:47:04.143 UTC: 	 Log file is /eos/home-w/wkwon/CMSSW_14_0_12/src/work/Analysis/crab.log
DEBUG 2024-08-21 05:25:06.916 UTC: 	 CRAB Client version: v3.240621
DEBUG 2024-08-21 05:25:06.916 UTC: 	 Running on: Linux lxplus9108.cern.ch 5.14.0-427.28.1.el9_4.x86_64 #1 SMP PREEMPT_DYNAMIC Fri Jul 19 14:40:47 EDT 2024 x86_64 x86_64 x86_64 GNU/Linux - Red Hat Enterprise Linux 9.4 (Plow)
DEBUG 2024-08-21 05:25:06.916 UTC: 	 Executing command: 'kill'
DEBUG 2024-08-21 05:25:06.916 UTC: 	 Found CRAB cache file /afs/cern.ch/user/w/wkwon/.crab3
DEBUG 2024-08-21 06:09:51.823 UTC: 	 CRAB Client version: v3.240621
DEBUG 2024-08-21 06:09:51.823 UTC: 	 Running on: Linux lxplus9108.cern.ch 5.14.0-427.28.1.el9_4.x86_64 #1 SMP PREEMPT_DYNAMIC Fri Jul 19 14:40:47 EDT 2024 x86_64 x86_64 x86_64 GNU/Linux - Red Hat Enterprise Linux 9.4 (Plow)
DEBUG 2024-08-21 06:09:51.823 UTC: 	 Executing command: 'submit'
DEBUG 2024-08-21 06:09:51.823 UTC: 	 Found CRAB cache file /afs/cern.ch/user/w/wkwon/.crab3
INFO 2024-08-21 06:09:51.824 UTC: 	 Will use CRAB configuration file crab_conf.py
DEBUG 2024-08-21 06:09:51.824 UTC: 	 Loading CRAB configuration file.
DEBUG 2024-08-21 06:09:52.109 UTC: 	 Will use CRAB plugin ANALYSIS (i.e. will run an analysis job type).
ERROR 2024-08-21 06:09:52.112 UTC: 	 Working area '/eos/home-w/wkwon/CMSSW_14_0_12/src/work/Analysis/crab_projects/crab_MuonAnalysis_Run2022E' already exists 
Please change the requestName in the config file
ERROR 2024-08-21 06:09:52.112 UTC: 	 Caught ClientException exception
Traceback (most recent call last):
  File "/cvmfs/cms.cern.ch/share/cms/crab-prod/v3.240621.01/bin/crab.py", line 152, in <module>
    client()
  File "/cvmfs/cms.cern.ch/share/cms/crab-prod/v3.240621.01/bin/crab.py", line 135, in __call__
    self.cmd = sub_cmd(self.logger, args[1:])
  File "/cvmfs/cms.cern.ch/share/cms/crab-prod/v3.240621.01/lib/CRABClient/Commands/submit.py", line 36, in __init__
    SubCommand.__init__(self, logger, cmdargs, disable_interspersed_args=True)
  File "/cvmfs/cms.cern.ch/share/cms/crab-prod/v3.240621.01/lib/CRABClient/Commands/SubCommand.py", line 327, in __init__
    self.requestarea, self.requestname, self.logfile = createWorkArea(
  File "/cvmfs/cms.cern.ch/share/cms/crab-prod/v3.240621.01/lib/CRABClient/ClientUtilities.py", line 392, in createWorkArea
    raise ConfigException("Working area '%s' already exists \nPlease change the requestName in the config file" % fullpath)
CRABClient.ClientExceptions.ConfigException: Working area '/eos/home-w/wkwon/CMSSW_14_0_12/src/work/Analysis/crab_projects/crab_MuonAnalysis_Run2022E' already exists 
Please change the requestName in the config file
INFO 2024-08-21 06:09:52.115 UTC: 	 Log file is /eos/home-w/wkwon/CMSSW_14_0_12/src/work/Analysis/crab.log
DEBUG 2024-08-24 06:08:22.309 UTC: 	 CRAB Client version: v3.240621
DEBUG 2024-08-24 06:08:22.310 UTC: 	 Running on: Linux lxplus917.cern.ch 5.14.0-427.28.1.el9_4.x86_64 #1 SMP PREEMPT_DYNAMIC Fri Jul 19 14:40:47 EDT 2024 x86_64 x86_64 x86_64 GNU/Linux - Red Hat Enterprise Linux 9.4 (Plow)
DEBUG 2024-08-24 06:08:22.310 UTC: 	 Executing command: 'submit'
DEBUG 2024-08-24 06:08:22.311 UTC: 	 Found CRAB cache file /afs/cern.ch/user/w/wkwon/.crab3
INFO 2024-08-24 06:08:22.366 UTC: 	 Will use CRAB configuration file crab_conf.py
DEBUG 2024-08-24 06:08:22.366 UTC: 	 Loading CRAB configuration file.
DEBUG 2024-08-24 06:08:22.427 UTC: 	 Will use CRAB plugin ANALYSIS (i.e. will run an analysis job type).
ERROR 2024-08-24 06:08:22.432 UTC: 	 Working area '/eos/home-w/wkwon/CMSSW_14_0_12/src/work/Analysis/crab_projects/crab_MuonAnalysis_Run2022E' already exists 
Please change the requestName in the config file
ERROR 2024-08-24 06:08:22.432 UTC: 	 Caught ClientException exception
Traceback (most recent call last):
  File "/cvmfs/cms.cern.ch/share/cms/crab-prod/v3.240621.01/bin/crab.py", line 152, in <module>
    client()
  File "/cvmfs/cms.cern.ch/share/cms/crab-prod/v3.240621.01/bin/crab.py", line 135, in __call__
    self.cmd = sub_cmd(self.logger, args[1:])
  File "/cvmfs/cms.cern.ch/share/cms/crab-prod/v3.240621.01/lib/CRABClient/Commands/submit.py", line 36, in __init__
    SubCommand.__init__(self, logger, cmdargs, disable_interspersed_args=True)
  File "/cvmfs/cms.cern.ch/share/cms/crab-prod/v3.240621.01/lib/CRABClient/Commands/SubCommand.py", line 327, in __init__
    self.requestarea, self.requestname, self.logfile = createWorkArea(
  File "/cvmfs/cms.cern.ch/share/cms/crab-prod/v3.240621.01/lib/CRABClient/ClientUtilities.py", line 392, in createWorkArea
    raise ConfigException("Working area '%s' already exists \nPlease change the requestName in the config file" % fullpath)
CRABClient.ClientExceptions.ConfigException: Working area '/eos/home-w/wkwon/CMSSW_14_0_12/src/work/Analysis/crab_projects/crab_MuonAnalysis_Run2022E' already exists 
Please change the requestName in the config file
INFO 2024-08-24 06:08:22.439 UTC: 	 Log file is /eos/home-w/wkwon/CMSSW_14_0_12/src/work/Analysis/crab.log
DEBUG 2024-08-24 06:08:41.571 UTC: 	 CRAB Client version: v3.240621
DEBUG 2024-08-24 06:08:41.572 UTC: 	 Running on: Linux lxplus917.cern.ch 5.14.0-427.28.1.el9_4.x86_64 #1 SMP PREEMPT_DYNAMIC Fri Jul 19 14:40:47 EDT 2024 x86_64 x86_64 x86_64 GNU/Linux - Red Hat Enterprise Linux 9.4 (Plow)
DEBUG 2024-08-24 06:08:41.572 UTC: 	 Executing command: 'submit'
DEBUG 2024-08-24 06:08:41.572 UTC: 	 Found CRAB cache file /afs/cern.ch/user/w/wkwon/.crab3
INFO 2024-08-24 06:08:41.573 UTC: 	 Will use CRAB configuration file crab_conf.py
DEBUG 2024-08-24 06:08:41.573 UTC: 	 Loading CRAB configuration file.
DEBUG 2024-08-24 06:08:41.579 UTC: 	 Will use CRAB plugin ANALYSIS (i.e. will run an analysis job type).
ERROR 2024-08-24 06:08:41.579 UTC: 	 Working area '/eos/home-w/wkwon/CMSSW_14_0_12/src/work/Analysis/crab_projects/crab_MuonAnalysis_Run2022E' already exists 
Please change the requestName in the config file
ERROR 2024-08-24 06:08:41.579 UTC: 	 Caught ClientException exception
Traceback (most recent call last):
  File "/cvmfs/cms.cern.ch/share/cms/crab-prod/v3.240621.01/bin/crab.py", line 152, in <module>
    client()
  File "/cvmfs/cms.cern.ch/share/cms/crab-prod/v3.240621.01/bin/crab.py", line 135, in __call__
    self.cmd = sub_cmd(self.logger, args[1:])
  File "/cvmfs/cms.cern.ch/share/cms/crab-prod/v3.240621.01/lib/CRABClient/Commands/submit.py", line 36, in __init__
    SubCommand.__init__(self, logger, cmdargs, disable_interspersed_args=True)
  File "/cvmfs/cms.cern.ch/share/cms/crab-prod/v3.240621.01/lib/CRABClient/Commands/SubCommand.py", line 327, in __init__
    self.requestarea, self.requestname, self.logfile = createWorkArea(
  File "/cvmfs/cms.cern.ch/share/cms/crab-prod/v3.240621.01/lib/CRABClient/ClientUtilities.py", line 392, in createWorkArea
    raise ConfigException("Working area '%s' already exists \nPlease change the requestName in the config file" % fullpath)
CRABClient.ClientExceptions.ConfigException: Working area '/eos/home-w/wkwon/CMSSW_14_0_12/src/work/Analysis/crab_projects/crab_MuonAnalysis_Run2022E' already exists 
Please change the requestName in the config file
INFO 2024-08-24 06:08:41.587 UTC: 	 Log file is /eos/home-w/wkwon/CMSSW_14_0_12/src/work/Analysis/crab.log
DEBUG 2024-08-24 08:51:30.312 UTC: 	 CRAB Client version: v3.240621
DEBUG 2024-08-24 08:51:30.312 UTC: 	 Running on: Linux lxplus917.cern.ch 5.14.0-427.28.1.el9_4.x86_64 #1 SMP PREEMPT_DYNAMIC Fri Jul 19 14:40:47 EDT 2024 x86_64 x86_64 x86_64 GNU/Linux - Red Hat Enterprise Linux 9.4 (Plow)
DEBUG 2024-08-24 08:51:30.312 UTC: 	 Executing command: 'status'
DEBUG 2024-08-24 08:51:30.331 UTC: 	 Found CRAB cache file /afs/cern.ch/user/w/wkwon/.crab3
ERROR 2024-08-24 08:51:30.570 UTC: 	 Error: crab_projects/crab_MuonAnalysis_Run2022C is not a valid CRAB project directory.
ERROR 2024-08-24 08:51:30.571 UTC: 	 Caught ClientException exception
Traceback (most recent call last):
  File "/cvmfs/cms.cern.ch/share/cms/crab-prod/v3.240621.01/bin/crab.py", line 152, in <module>
    client()
  File "/cvmfs/cms.cern.ch/share/cms/crab-prod/v3.240621.01/bin/crab.py", line 135, in __call__
    self.cmd = sub_cmd(self.logger, args[1:])
  File "/cvmfs/cms.cern.ch/share/cms/crab-prod/v3.240621.01/lib/CRABClient/Commands/status.py", line 48, in __init__
    SubCommand.__init__(self, logger, cmdargs)
  File "/cvmfs/cms.cern.ch/share/cms/crab-prod/v3.240621.01/lib/CRABClient/Commands/SubCommand.py", line 280, in __init__
    SubCommand.validateOptions(self)
  File "/cvmfs/cms.cern.ch/share/cms/crab-prod/v3.240621.01/lib/CRABClient/Commands/SubCommand.py", line 680, in validateOptions
    raise ConfigurationException(msg)
CRABClient.ClientExceptions.ConfigurationException: [91mError[0m: crab_projects/crab_MuonAnalysis_Run2022C is not a valid CRAB project directory.
INFO 2024-08-24 08:51:30.596 UTC: 	 Log file is /eos/home-w/wkwon/CMSSW_14_0_12/src/work/Analysis/crab.log
DEBUG 2024-08-24 08:54:33.228 UTC: 	 CRAB Client version: v3.240621
DEBUG 2024-08-24 08:54:33.228 UTC: 	 Running on: Linux lxplus917.cern.ch 5.14.0-427.28.1.el9_4.x86_64 #1 SMP PREEMPT_DYNAMIC Fri Jul 19 14:40:47 EDT 2024 x86_64 x86_64 x86_64 GNU/Linux - Red Hat Enterprise Linux 9.4 (Plow)
DEBUG 2024-08-24 08:54:33.228 UTC: 	 Executing command: 'submit'
DEBUG 2024-08-24 08:54:33.229 UTC: 	 Found CRAB cache file /afs/cern.ch/user/w/wkwon/.crab3
INFO 2024-08-24 08:54:33.231 UTC: 	 Will use CRAB configuration file crab_conf.py
DEBUG 2024-08-24 08:54:33.232 UTC: 	 Loading CRAB configuration file.
DEBUG 2024-08-24 08:54:33.278 UTC: 	 Will use CRAB plugin ANALYSIS (i.e. will run an analysis job type).
ERROR 2024-08-24 08:54:33.281 UTC: 	 Working area '/eos/home-w/wkwon/CMSSW_14_0_12/src/work/Analysis/crab_projects/crab_MuonAnalysis_Run2022F' already exists 
Please change the requestName in the config file
ERROR 2024-08-24 08:54:33.281 UTC: 	 Caught ClientException exception
Traceback (most recent call last):
  File "/cvmfs/cms.cern.ch/share/cms/crab-prod/v3.240621.01/bin/crab.py", line 152, in <module>
    client()
  File "/cvmfs/cms.cern.ch/share/cms/crab-prod/v3.240621.01/bin/crab.py", line 135, in __call__
    self.cmd = sub_cmd(self.logger, args[1:])
  File "/cvmfs/cms.cern.ch/share/cms/crab-prod/v3.240621.01/lib/CRABClient/Commands/submit.py", line 36, in __init__
    SubCommand.__init__(self, logger, cmdargs, disable_interspersed_args=True)
  File "/cvmfs/cms.cern.ch/share/cms/crab-prod/v3.240621.01/lib/CRABClient/Commands/SubCommand.py", line 327, in __init__
    self.requestarea, self.requestname, self.logfile = createWorkArea(
  File "/cvmfs/cms.cern.ch/share/cms/crab-prod/v3.240621.01/lib/CRABClient/ClientUtilities.py", line 392, in createWorkArea
    raise ConfigException("Working area '%s' already exists \nPlease change the requestName in the config file" % fullpath)
CRABClient.ClientExceptions.ConfigException: Working area '/eos/home-w/wkwon/CMSSW_14_0_12/src/work/Analysis/crab_projects/crab_MuonAnalysis_Run2022F' already exists 
Please change the requestName in the config file
INFO 2024-08-24 08:54:33.289 UTC: 	 Log file is /eos/home-w/wkwon/CMSSW_14_0_12/src/work/Analysis/crab.log
DEBUG 2024-09-02 03:55:19.711 UTC: 	 CRAB Client version: v3.240621
DEBUG 2024-09-02 03:55:19.711 UTC: 	 Running on: Linux lxplus933.cern.ch 5.14.0-427.31.1.el9_4.x86_64 #1 SMP PREEMPT_DYNAMIC Fri Aug 9 14:06:03 EDT 2024 x86_64 x86_64 x86_64 GNU/Linux - Red Hat Enterprise Linux 9.4 (Plow)
DEBUG 2024-09-02 03:55:19.711 UTC: 	 Executing command: 'submit'
DEBUG 2024-09-02 03:55:19.712 UTC: 	 Found CRAB cache file /afs/cern.ch/user/w/wkwon/.crab3
DEBUG 2024-09-09 04:14:34.733 UTC: 	 CRAB Client version: v3.240621
DEBUG 2024-09-09 04:14:34.734 UTC: 	 Running on: Linux lxplus972.cern.ch 5.14.0-427.22.1.el9_4.x86_64 #1 SMP PREEMPT_DYNAMIC Mon Jun 10 09:23:36 EDT 2024 x86_64 x86_64 x86_64 GNU/Linux - Red Hat Enterprise Linux 9.4 (Plow)
DEBUG 2024-09-09 04:14:34.734 UTC: 	 Executing command: 'submit'
DEBUG 2024-09-09 04:14:34.734 UTC: 	 Found CRAB cache file /afs/cern.ch/user/w/wkwon/.crab3
INFO 2024-09-09 04:14:34.735 UTC: 	 Will use CRAB configuration file crab_conf.py
DEBUG 2024-09-09 04:14:34.735 UTC: 	 Loading CRAB configuration file.
DEBUG 2024-09-09 04:14:34.740 UTC: 	 Will use CRAB plugin ANALYSIS (i.e. will run an analysis job type).
ERROR 2024-09-09 04:14:34.740 UTC: 	 Working area '/eos/home-w/wkwon/CMSSW_14_0_12/src/work/Analysis/crab_projects/crab_MuonAnalysis_Run2022D_6' already exists 
Please change the requestName in the config file
ERROR 2024-09-09 04:14:34.740 UTC: 	 Caught ClientException exception
Traceback (most recent call last):
  File "/cvmfs/cms.cern.ch/share/cms/crab-prod/v3.240621.01/bin/crab.py", line 152, in <module>
    client()
  File "/cvmfs/cms.cern.ch/share/cms/crab-prod/v3.240621.01/bin/crab.py", line 135, in __call__
    self.cmd = sub_cmd(self.logger, args[1:])
  File "/cvmfs/cms.cern.ch/share/cms/crab-prod/v3.240621.01/lib/CRABClient/Commands/submit.py", line 36, in __init__
    SubCommand.__init__(self, logger, cmdargs, disable_interspersed_args=True)
  File "/cvmfs/cms.cern.ch/share/cms/crab-prod/v3.240621.01/lib/CRABClient/Commands/SubCommand.py", line 327, in __init__
    self.requestarea, self.requestname, self.logfile = createWorkArea(
  File "/cvmfs/cms.cern.ch/share/cms/crab-prod/v3.240621.01/lib/CRABClient/ClientUtilities.py", line 392, in createWorkArea
    raise ConfigException("Working area '%s' already exists \nPlease change the requestName in the config file" % fullpath)
CRABClient.ClientExceptions.ConfigException: Working area '/eos/home-w/wkwon/CMSSW_14_0_12/src/work/Analysis/crab_projects/crab_MuonAnalysis_Run2022D_6' already exists 
Please change the requestName in the config file
INFO 2024-09-09 04:14:34.744 UTC: 	 Log file is /eos/home-w/wkwon/CMSSW_14_0_12/src/work/Analysis/crab.log
DEBUG 2024-09-14 06:17:18.558 UTC: 	 CRAB Client version: v3.240621
DEBUG 2024-09-14 06:17:18.558 UTC: 	 Running on: Linux lxplus906.cern.ch 5.14.0-427.26.1.el9_4.x86_64 #1 SMP PREEMPT_DYNAMIC Fri Jul 5 11:34:54 EDT 2024 x86_64 x86_64 x86_64 GNU/Linux - Red Hat Enterprise Linux 9.4 (Plow)
DEBUG 2024-09-14 06:17:18.558 UTC: 	 Executing command: 'submit'
DEBUG 2024-09-14 06:17:18.559 UTC: 	 Found CRAB cache file /afs/cern.ch/user/w/wkwon/.crab3
INFO 2024-09-14 06:17:18.559 UTC: 	 Will use CRAB configuration file crab_conf.py
DEBUG 2024-09-14 06:17:18.559 UTC: 	 Loading CRAB configuration file.
DEBUG 2024-09-14 06:17:18.563 UTC: 	 Will use CRAB plugin ANALYSIS (i.e. will run an analysis job type).
ERROR 2024-09-14 06:17:18.564 UTC: 	 Working area '/eos/home-w/wkwon/CMSSW_14_0_12/src/work/Analysis/crab_projects/crab_MuonAnalysis_Run2022C' already exists 
Please change the requestName in the config file
ERROR 2024-09-14 06:17:18.564 UTC: 	 Caught ClientException exception
Traceback (most recent call last):
  File "/cvmfs/cms.cern.ch/share/cms/crab-prod/v3.240621.01/bin/crab.py", line 152, in <module>
    client()
  File "/cvmfs/cms.cern.ch/share/cms/crab-prod/v3.240621.01/bin/crab.py", line 135, in __call__
    self.cmd = sub_cmd(self.logger, args[1:])
  File "/cvmfs/cms.cern.ch/share/cms/crab-prod/v3.240621.01/lib/CRABClient/Commands/submit.py", line 36, in __init__
    SubCommand.__init__(self, logger, cmdargs, disable_interspersed_args=True)
  File "/cvmfs/cms.cern.ch/share/cms/crab-prod/v3.240621.01/lib/CRABClient/Commands/SubCommand.py", line 327, in __init__
    self.requestarea, self.requestname, self.logfile = createWorkArea(
  File "/cvmfs/cms.cern.ch/share/cms/crab-prod/v3.240621.01/lib/CRABClient/ClientUtilities.py", line 392, in createWorkArea
    raise ConfigException("Working area '%s' already exists \nPlease change the requestName in the config file" % fullpath)
CRABClient.ClientExceptions.ConfigException: Working area '/eos/home-w/wkwon/CMSSW_14_0_12/src/work/Analysis/crab_projects/crab_MuonAnalysis_Run2022C' already exists 
Please change the requestName in the config file
INFO 2024-09-14 06:17:18.567 UTC: 	 Log file is /eos/home-w/wkwon/CMSSW_14_0_12/src/work/Analysis/crab.log
DEBUG 2024-09-19 05:11:27.719 UTC: 	 CRAB Client version: v3.240621
DEBUG 2024-09-19 05:11:27.719 UTC: 	 Running on: Linux lxplus9115.cern.ch 5.14.0-427.24.1.el9_4.x86_64 #1 SMP PREEMPT_DYNAMIC Sun Jun 23 11:48:35 EDT 2024 x86_64 x86_64 x86_64 GNU/Linux - Red Hat Enterprise Linux 9.4 (Plow)
DEBUG 2024-09-19 05:11:27.719 UTC: 	 Executing command: 'submit'
DEBUG 2024-09-19 05:11:27.719 UTC: 	 Found CRAB cache file /afs/cern.ch/user/w/wkwon/.crab3
INFO 2024-09-19 05:11:27.722 UTC: 	 Will use CRAB configuration file crab_conf.py
DEBUG 2024-09-19 05:11:27.722 UTC: 	 Loading CRAB configuration file.
DEBUG 2024-09-19 05:11:27.762 UTC: 	 Will use CRAB plugin ANALYSIS (i.e. will run an analysis job type).
ERROR 2024-09-19 05:11:27.762 UTC: 	 Working area '/eos/home-w/wkwon/CMSSW_14_0_12/src/work/Analysis/crab_projects/crab_MuonAnalysis_Run2024G1' already exists 
Please change the requestName in the config file
ERROR 2024-09-19 05:11:27.763 UTC: 	 Caught ClientException exception
Traceback (most recent call last):
  File "/cvmfs/cms.cern.ch/share/cms/crab-prod/v3.240621.01/bin/crab.py", line 152, in <module>
    client()
  File "/cvmfs/cms.cern.ch/share/cms/crab-prod/v3.240621.01/bin/crab.py", line 135, in __call__
    self.cmd = sub_cmd(self.logger, args[1:])
  File "/cvmfs/cms.cern.ch/share/cms/crab-prod/v3.240621.01/lib/CRABClient/Commands/submit.py", line 36, in __init__
    SubCommand.__init__(self, logger, cmdargs, disable_interspersed_args=True)
  File "/cvmfs/cms.cern.ch/share/cms/crab-prod/v3.240621.01/lib/CRABClient/Commands/SubCommand.py", line 327, in __init__
    self.requestarea, self.requestname, self.logfile = createWorkArea(
  File "/cvmfs/cms.cern.ch/share/cms/crab-prod/v3.240621.01/lib/CRABClient/ClientUtilities.py", line 392, in createWorkArea
    raise ConfigException("Working area '%s' already exists \nPlease change the requestName in the config file" % fullpath)
CRABClient.ClientExceptions.ConfigException: Working area '/eos/home-w/wkwon/CMSSW_14_0_12/src/work/Analysis/crab_projects/crab_MuonAnalysis_Run2024G1' already exists 
Please change the requestName in the config file
INFO 2024-09-19 05:11:27.766 UTC: 	 Log file is /eos/home-w/wkwon/CMSSW_14_0_12/src/work/Analysis/crab.log
DEBUG 2024-09-23 05:59:28.691 UTC: 	 CRAB Client version: v3.240621
DEBUG 2024-09-23 05:59:28.692 UTC: 	 Running on: Linux lxplus959.cern.ch 5.14.0-427.31.1.el9_4.x86_64 #1 SMP PREEMPT_DYNAMIC Fri Aug 9 14:06:03 EDT 2024 x86_64 x86_64 x86_64 GNU/Linux - Red Hat Enterprise Linux 9.4 (Plow)
DEBUG 2024-09-23 05:59:28.692 UTC: 	 Executing command: 'submit'
DEBUG 2024-09-23 05:59:28.692 UTC: 	 Found CRAB cache file /afs/cern.ch/user/w/wkwon/.crab3
INFO 2024-09-23 05:59:28.694 UTC: 	 Will use CRAB configuration file crab_conf.py
DEBUG 2024-09-23 05:59:28.694 UTC: 	 Loading CRAB configuration file.
DEBUG 2024-09-23 05:59:28.745 UTC: 	 Will use CRAB plugin ANALYSIS (i.e. will run an analysis job type).
ERROR 2024-09-23 05:59:28.755 UTC: 	 Working area '/eos/home-w/wkwon/CMSSW_14_0_12/src/work/Analysis/crab_projects/crab_MuonAnalysis_Run2022E' already exists 
Please change the requestName in the config file
ERROR 2024-09-23 05:59:28.755 UTC: 	 Caught ClientException exception
Traceback (most recent call last):
  File "/cvmfs/cms.cern.ch/share/cms/crab-prod/v3.240621.01/bin/crab.py", line 152, in <module>
    client()
  File "/cvmfs/cms.cern.ch/share/cms/crab-prod/v3.240621.01/bin/crab.py", line 135, in __call__
    self.cmd = sub_cmd(self.logger, args[1:])
  File "/cvmfs/cms.cern.ch/share/cms/crab-prod/v3.240621.01/lib/CRABClient/Commands/submit.py", line 36, in __init__
    SubCommand.__init__(self, logger, cmdargs, disable_interspersed_args=True)
  File "/cvmfs/cms.cern.ch/share/cms/crab-prod/v3.240621.01/lib/CRABClient/Commands/SubCommand.py", line 327, in __init__
    self.requestarea, self.requestname, self.logfile = createWorkArea(
  File "/cvmfs/cms.cern.ch/share/cms/crab-prod/v3.240621.01/lib/CRABClient/ClientUtilities.py", line 392, in createWorkArea
    raise ConfigException("Working area '%s' already exists \nPlease change the requestName in the config file" % fullpath)
CRABClient.ClientExceptions.ConfigException: Working area '/eos/home-w/wkwon/CMSSW_14_0_12/src/work/Analysis/crab_projects/crab_MuonAnalysis_Run2022E' already exists 
Please change the requestName in the config file
INFO 2024-09-23 05:59:28.764 UTC: 	 Log file is /eos/home-w/wkwon/CMSSW_14_0_12/src/work/Analysis/crab.log
DEBUG 2024-09-23 08:24:21.166 UTC: 	 CRAB Client version: v3.240621
DEBUG 2024-09-23 08:24:21.167 UTC: 	 Running on: Linux lxplus959.cern.ch 5.14.0-427.31.1.el9_4.x86_64 #1 SMP PREEMPT_DYNAMIC Fri Aug 9 14:06:03 EDT 2024 x86_64 x86_64 x86_64 GNU/Linux - Red Hat Enterprise Linux 9.4 (Plow)
DEBUG 2024-09-23 08:24:21.167 UTC: 	 Executing command: 'submit'
DEBUG 2024-09-23 08:24:21.167 UTC: 	 Found CRAB cache file /afs/cern.ch/user/w/wkwon/.crab3
INFO 2024-09-23 08:24:21.212 UTC: 	 Will use CRAB configuration file crab_conf.py
DEBUG 2024-09-23 08:24:21.212 UTC: 	 Loading CRAB configuration file.
DEBUG 2024-09-23 08:24:21.270 UTC: 	 Will use CRAB plugin ANALYSIS (i.e. will run an analysis job type).
ERROR 2024-09-23 08:24:21.270 UTC: 	 Task requests 8000 MB of memory, above the allowed maximum of 5000 for a 1 core(s) job.

The documentation about the CRAB configuration file can be found in https://twiki.cern.ch/twiki/bin/view/CMSPublic/CRAB3ConfigurationFile
ERROR 2024-09-23 08:24:21.270 UTC: 	 Caught ClientException exception
Traceback (most recent call last):
  File "/cvmfs/cms.cern.ch/share/cms/crab-prod/v3.240621.01/bin/crab.py", line 152, in <module>
    client()
  File "/cvmfs/cms.cern.ch/share/cms/crab-prod/v3.240621.01/bin/crab.py", line 135, in __call__
    self.cmd = sub_cmd(self.logger, args[1:])
  File "/cvmfs/cms.cern.ch/share/cms/crab-prod/v3.240621.01/lib/CRABClient/Commands/submit.py", line 36, in __init__
    SubCommand.__init__(self, logger, cmdargs, disable_interspersed_args=True)
  File "/cvmfs/cms.cern.ch/share/cms/crab-prod/v3.240621.01/lib/CRABClient/Commands/SubCommand.py", line 325, in __init__
    self.loadConfig(self.options.config, self.args)
  File "/cvmfs/cms.cern.ch/share/cms/crab-prod/v3.240621.01/lib/CRABClient/Commands/SubCommand.py", line 96, in loadConfig
    raise ConfigurationException(configmsg)
CRABClient.ClientExceptions.ConfigurationException: Task requests 8000 MB of memory, above the allowed maximum of 5000 for a 1 core(s) job.

The documentation about the CRAB configuration file can be found in https://twiki.cern.ch/twiki/bin/view/CMSPublic/CRAB3ConfigurationFile
INFO 2024-09-23 08:24:21.277 UTC: 	 Log file is /eos/home-w/wkwon/CMSSW_14_0_12/src/work/Analysis/crab.log
DEBUG 2024-09-25 11:43:48.314 UTC: 	 CRAB Client version: v3.240621
DEBUG 2024-09-25 11:43:48.314 UTC: 	 Running on: Linux lxplus9104.cern.ch 5.14.0-427.35.1.el9_4.x86_64 #1 SMP PREEMPT_DYNAMIC Fri Aug 30 15:47:10 EDT 2024 x86_64 x86_64 x86_64 GNU/Linux - Red Hat Enterprise Linux 9.4 (Plow)
DEBUG 2024-09-25 11:43:48.314 UTC: 	 Executing command: 'submit'
DEBUG 2024-09-25 11:43:48.315 UTC: 	 Found CRAB cache file /afs/cern.ch/user/w/wkwon/.crab3
INFO 2024-09-25 11:43:48.316 UTC: 	 Will use CRAB configuration file crab_conf.py
DEBUG 2024-09-25 11:43:48.316 UTC: 	 Loading CRAB configuration file.
DEBUG 2024-09-25 11:43:48.472 UTC: 	 Will use CRAB plugin ANALYSIS (i.e. will run an analysis job type).
ERROR 2024-09-25 11:43:48.482 UTC: 	 Working area '/eos/home-w/wkwon/CMSSW_14_0_12/src/work/Analysis/crab_projects/crab_MuonAnalysis_Run2023B1' already exists 
Please change the requestName in the config file
ERROR 2024-09-25 11:43:48.482 UTC: 	 Caught ClientException exception
Traceback (most recent call last):
  File "/cvmfs/cms.cern.ch/share/cms/crab-prod/v3.240621.01/bin/crab.py", line 152, in <module>
    client()
  File "/cvmfs/cms.cern.ch/share/cms/crab-prod/v3.240621.01/bin/crab.py", line 135, in __call__
    self.cmd = sub_cmd(self.logger, args[1:])
  File "/cvmfs/cms.cern.ch/share/cms/crab-prod/v3.240621.01/lib/CRABClient/Commands/submit.py", line 36, in __init__
    SubCommand.__init__(self, logger, cmdargs, disable_interspersed_args=True)
  File "/cvmfs/cms.cern.ch/share/cms/crab-prod/v3.240621.01/lib/CRABClient/Commands/SubCommand.py", line 327, in __init__
    self.requestarea, self.requestname, self.logfile = createWorkArea(
  File "/cvmfs/cms.cern.ch/share/cms/crab-prod/v3.240621.01/lib/CRABClient/ClientUtilities.py", line 392, in createWorkArea
    raise ConfigException("Working area '%s' already exists \nPlease change the requestName in the config file" % fullpath)
CRABClient.ClientExceptions.ConfigException: Working area '/eos/home-w/wkwon/CMSSW_14_0_12/src/work/Analysis/crab_projects/crab_MuonAnalysis_Run2023B1' already exists 
Please change the requestName in the config file
INFO 2024-09-25 11:43:48.485 UTC: 	 Log file is /eos/home-w/wkwon/CMSSW_14_0_12/src/work/Analysis/crab.log
DEBUG 2024-09-26 01:51:22.714 UTC: 	 CRAB Client version: v3.240621
DEBUG 2024-09-26 01:51:22.715 UTC: 	 Running on: Linux lxplus978.cern.ch 5.14.0-427.28.1.el9_4.x86_64 #1 SMP PREEMPT_DYNAMIC Fri Jul 19 14:40:47 EDT 2024 x86_64 x86_64 x86_64 GNU/Linux - Red Hat Enterprise Linux 9.4 (Plow)
DEBUG 2024-09-26 01:51:22.715 UTC: 	 Executing command: 'getoutput'
DEBUG 2024-09-26 01:51:22.715 UTC: 	 Found CRAB cache file /afs/cern.ch/user/w/wkwon/.crab3
DEBUG 2024-09-27 04:39:42.247 UTC: 	 CRAB Client version: v3.240621
DEBUG 2024-09-27 04:39:42.247 UTC: 	 Running on: Linux lxplus937.cern.ch 5.14.0-427.33.1.el9_4.x86_64 #1 SMP PREEMPT_DYNAMIC Fri Aug 16 10:56:24 EDT 2024 x86_64 x86_64 x86_64 GNU/Linux - Red Hat Enterprise Linux 9.4 (Plow)
DEBUG 2024-09-27 04:39:42.247 UTC: 	 Executing command: 'status'
DEBUG 2024-09-27 04:39:42.247 UTC: 	 Found CRAB cache file /afs/cern.ch/user/w/wkwon/.crab3
DEBUG 2024-09-28 04:16:16.318 UTC: 	 CRAB Client version: v3.240621
DEBUG 2024-09-28 04:16:16.318 UTC: 	 Running on: Linux lxplus910.cern.ch 5.14.0-427.35.1.el9_4.x86_64 #1 SMP PREEMPT_DYNAMIC Fri Aug 30 15:47:10 EDT 2024 x86_64 x86_64 x86_64 GNU/Linux - Red Hat Enterprise Linux 9.4 (Plow)
DEBUG 2024-09-28 04:16:16.318 UTC: 	 Executing command: 'submit'
DEBUG 2024-09-28 04:16:16.319 UTC: 	 Found CRAB cache file /afs/cern.ch/user/w/wkwon/.crab3
INFO 2024-09-28 04:16:16.319 UTC: 	 Will use CRAB configuration file crab_conf.py
DEBUG 2024-09-28 04:16:16.319 UTC: 	 Loading CRAB configuration file.
DEBUG 2024-09-28 04:16:16.896 UTC: 	 Will use CRAB plugin ANALYSIS (i.e. will run an analysis job type).
ERROR 2024-09-28 04:16:16.898 UTC: 	 Working area '/eos/home-w/wkwon/CMSSW_14_0_12/src/work/Analysis/crab_projects/crab_MuonAnalysis_Run2024D1' already exists 
Please change the requestName in the config file
ERROR 2024-09-28 04:16:16.898 UTC: 	 Caught ClientException exception
Traceback (most recent call last):
  File "/cvmfs/cms.cern.ch/share/cms/crab-prod/v3.240621.01/bin/crab.py", line 152, in <module>
    client()
  File "/cvmfs/cms.cern.ch/share/cms/crab-prod/v3.240621.01/bin/crab.py", line 135, in __call__
    self.cmd = sub_cmd(self.logger, args[1:])
  File "/cvmfs/cms.cern.ch/share/cms/crab-prod/v3.240621.01/lib/CRABClient/Commands/submit.py", line 36, in __init__
    SubCommand.__init__(self, logger, cmdargs, disable_interspersed_args=True)
  File "/cvmfs/cms.cern.ch/share/cms/crab-prod/v3.240621.01/lib/CRABClient/Commands/SubCommand.py", line 327, in __init__
    self.requestarea, self.requestname, self.logfile = createWorkArea(
  File "/cvmfs/cms.cern.ch/share/cms/crab-prod/v3.240621.01/lib/CRABClient/ClientUtilities.py", line 392, in createWorkArea
    raise ConfigException("Working area '%s' already exists \nPlease change the requestName in the config file" % fullpath)
CRABClient.ClientExceptions.ConfigException: Working area '/eos/home-w/wkwon/CMSSW_14_0_12/src/work/Analysis/crab_projects/crab_MuonAnalysis_Run2024D1' already exists 
Please change the requestName in the config file
INFO 2024-09-28 04:16:16.903 UTC: 	 Log file is /eos/home-w/wkwon/CMSSW_14_0_12/src/work/Analysis/crab.log
DEBUG 2024-09-28 05:36:53.479 UTC: 	 CRAB Client version: v3.240621
DEBUG 2024-09-28 05:36:53.479 UTC: 	 Running on: Linux lxplus940.cern.ch 5.14.0-427.35.1.el9_4.x86_64 #1 SMP PREEMPT_DYNAMIC Fri Aug 30 15:47:10 EDT 2024 x86_64 x86_64 x86_64 GNU/Linux - Red Hat Enterprise Linux 9.4 (Plow)
DEBUG 2024-09-28 05:36:53.479 UTC: 	 Executing command: 'submit'
DEBUG 2024-09-28 05:36:53.480 UTC: 	 Found CRAB cache file /afs/cern.ch/user/w/wkwon/.crab3
DEBUG 2024-09-29 14:00:00.574 UTC: 	 CRAB Client version: v3.240621
DEBUG 2024-09-29 14:00:00.574 UTC: 	 Running on: Linux lxplus988.cern.ch 5.14.0-427.35.1.el9_4.x86_64 #1 SMP PREEMPT_DYNAMIC Fri Aug 30 15:47:10 EDT 2024 x86_64 x86_64 x86_64 GNU/Linux - Red Hat Enterprise Linux 9.4 (Plow)
DEBUG 2024-09-29 14:00:00.574 UTC: 	 Executing command: 'status'
DEBUG 2024-09-29 14:00:00.574 UTC: 	 Found CRAB cache file /afs/cern.ch/user/w/wkwon/.crab3
ERROR 2024-09-29 14:00:00.575 UTC: 	 Error: crab_projects/crab_MuonAnalysis_Run2022D0 is not a valid CRAB project directory.
ERROR 2024-09-29 14:00:00.575 UTC: 	 Caught ClientException exception
Traceback (most recent call last):
  File "/cvmfs/cms.cern.ch/share/cms/crab-prod/v3.240621.01/bin/crab.py", line 152, in <module>
    client()
  File "/cvmfs/cms.cern.ch/share/cms/crab-prod/v3.240621.01/bin/crab.py", line 135, in __call__
    self.cmd = sub_cmd(self.logger, args[1:])
  File "/cvmfs/cms.cern.ch/share/cms/crab-prod/v3.240621.01/lib/CRABClient/Commands/status.py", line 48, in __init__
    SubCommand.__init__(self, logger, cmdargs)
  File "/cvmfs/cms.cern.ch/share/cms/crab-prod/v3.240621.01/lib/CRABClient/Commands/SubCommand.py", line 280, in __init__
    SubCommand.validateOptions(self)
  File "/cvmfs/cms.cern.ch/share/cms/crab-prod/v3.240621.01/lib/CRABClient/Commands/SubCommand.py", line 680, in validateOptions
    raise ConfigurationException(msg)
CRABClient.ClientExceptions.ConfigurationException: [91mError[0m: crab_projects/crab_MuonAnalysis_Run2022D0 is not a valid CRAB project directory.
INFO 2024-09-29 14:00:00.578 UTC: 	 Log file is /eos/home-w/wkwon/CMSSW_14_0_12/src/work/Analysis/crab.log
DEBUG 2024-09-29 14:01:26.524 UTC: 	 CRAB Client version: v3.240621
DEBUG 2024-09-29 14:01:26.524 UTC: 	 Running on: Linux lxplus988.cern.ch 5.14.0-427.35.1.el9_4.x86_64 #1 SMP PREEMPT_DYNAMIC Fri Aug 30 15:47:10 EDT 2024 x86_64 x86_64 x86_64 GNU/Linux - Red Hat Enterprise Linux 9.4 (Plow)
DEBUG 2024-09-29 14:01:26.524 UTC: 	 Executing command: 'resubmit'
DEBUG 2024-09-29 14:01:26.524 UTC: 	 Found CRAB cache file /afs/cern.ch/user/w/wkwon/.crab3
DEBUG 2024-09-29 14:01:36.450 UTC: 	 CRAB Client version: v3.240621
DEBUG 2024-09-29 14:01:36.450 UTC: 	 Running on: Linux lxplus988.cern.ch 5.14.0-427.35.1.el9_4.x86_64 #1 SMP PREEMPT_DYNAMIC Fri Aug 30 15:47:10 EDT 2024 x86_64 x86_64 x86_64 GNU/Linux - Red Hat Enterprise Linux 9.4 (Plow)
DEBUG 2024-09-29 14:01:36.450 UTC: 	 Executing command: 'resubmit'
DEBUG 2024-09-29 14:01:36.451 UTC: 	 Found CRAB cache file /afs/cern.ch/user/w/wkwon/.crab3
DEBUG 2024-09-30 18:15:52.229 UTC: 	 CRAB Client version: v3.240621
DEBUG 2024-09-30 18:15:52.229 UTC: 	 Running on: Linux lxplus906.cern.ch 5.14.0-427.35.1.el9_4.x86_64 #1 SMP PREEMPT_DYNAMIC Fri Aug 30 15:47:10 EDT 2024 x86_64 x86_64 x86_64 GNU/Linux - Red Hat Enterprise Linux 9.4 (Plow)
DEBUG 2024-09-30 18:15:52.229 UTC: 	 Executing command: 'resubmit'
DEBUG 2024-09-30 18:15:52.229 UTC: 	 Found CRAB cache file /afs/cern.ch/user/w/wkwon/.crab3
ERROR 2024-09-30 18:15:52.230 UTC: 	 Error: crab_projects/crab_MuonAnalysis_Run2022C1/ is not a valid CRAB project directory.
ERROR 2024-09-30 18:15:52.230 UTC: 	 Caught ClientException exception
Traceback (most recent call last):
  File "/cvmfs/cms.cern.ch/share/cms/crab-prod/v3.240621.01/bin/crab.py", line 152, in <module>
    client()
  File "/cvmfs/cms.cern.ch/share/cms/crab-prod/v3.240621.01/bin/crab.py", line 135, in __call__
    self.cmd = sub_cmd(self.logger, args[1:])
  File "/cvmfs/cms.cern.ch/share/cms/crab-prod/v3.240621.01/lib/CRABClient/Commands/resubmit.py", line 30, in __init__
    SubCommand.__init__(self, logger, cmdargs)
  File "/cvmfs/cms.cern.ch/share/cms/crab-prod/v3.240621.01/lib/CRABClient/Commands/SubCommand.py", line 280, in __init__
    SubCommand.validateOptions(self)
  File "/cvmfs/cms.cern.ch/share/cms/crab-prod/v3.240621.01/lib/CRABClient/Commands/SubCommand.py", line 680, in validateOptions
    raise ConfigurationException(msg)
CRABClient.ClientExceptions.ConfigurationException: [91mError[0m: crab_projects/crab_MuonAnalysis_Run2022C1/ is not a valid CRAB project directory.
INFO 2024-09-30 18:15:52.233 UTC: 	 Log file is /eos/home-w/wkwon/CMSSW_14_0_12/src/work/Analysis/crab.log
DEBUG 2024-10-05 06:18:09.983 UTC: 	 CRAB Client version: v3.240621
DEBUG 2024-10-05 06:18:09.983 UTC: 	 Running on: Linux lxplus937.cern.ch 5.14.0-427.33.1.el9_4.x86_64 #1 SMP PREEMPT_DYNAMIC Fri Aug 16 10:56:24 EDT 2024 x86_64 x86_64 x86_64 GNU/Linux - Red Hat Enterprise Linux 9.4 (Plow)
DEBUG 2024-10-05 06:18:09.983 UTC: 	 Executing command: 'resubmit'
DEBUG 2024-10-05 06:18:09.983 UTC: 	 Found CRAB cache file /afs/cern.ch/user/w/wkwon/.crab3
ERROR 2024-10-05 06:18:09.985 UTC: 	 Error: crab_projects/crab_MuonAnalysis_Run2023F0/ is not a valid CRAB project directory.
ERROR 2024-10-05 06:18:09.985 UTC: 	 Caught ClientException exception
Traceback (most recent call last):
  File "/cvmfs/cms.cern.ch/share/cms/crab-prod/v3.240621.01/bin/crab.py", line 152, in <module>
    client()
  File "/cvmfs/cms.cern.ch/share/cms/crab-prod/v3.240621.01/bin/crab.py", line 135, in __call__
    self.cmd = sub_cmd(self.logger, args[1:])
  File "/cvmfs/cms.cern.ch/share/cms/crab-prod/v3.240621.01/lib/CRABClient/Commands/resubmit.py", line 30, in __init__
    SubCommand.__init__(self, logger, cmdargs)
  File "/cvmfs/cms.cern.ch/share/cms/crab-prod/v3.240621.01/lib/CRABClient/Commands/SubCommand.py", line 280, in __init__
    SubCommand.validateOptions(self)
  File "/cvmfs/cms.cern.ch/share/cms/crab-prod/v3.240621.01/lib/CRABClient/Commands/SubCommand.py", line 680, in validateOptions
    raise ConfigurationException(msg)
CRABClient.ClientExceptions.ConfigurationException: [91mError[0m: crab_projects/crab_MuonAnalysis_Run2023F0/ is not a valid CRAB project directory.
INFO 2024-10-05 06:18:09.992 UTC: 	 Log file is /eos/home-w/wkwon/CMSSW_14_0_12/src/work/Analysis/crab.log
DEBUG 2024-10-05 11:25:26.731 UTC: 	 CRAB Client version: v3.240621
DEBUG 2024-10-05 11:25:26.731 UTC: 	 Running on: Linux lxplus937.cern.ch 5.14.0-427.33.1.el9_4.x86_64 #1 SMP PREEMPT_DYNAMIC Fri Aug 16 10:56:24 EDT 2024 x86_64 x86_64 x86_64 GNU/Linux - Red Hat Enterprise Linux 9.4 (Plow)
DEBUG 2024-10-05 11:25:26.731 UTC: 	 Executing command: 'resubmit'
DEBUG 2024-10-05 11:25:26.731 UTC: 	 Found CRAB cache file /afs/cern.ch/user/w/wkwon/.crab3
ERROR 2024-10-05 11:25:26.734 UTC: 	 Error: crab_projects/crab_MuonAnalysis_Run2023F0/ is not a valid CRAB project directory.
ERROR 2024-10-05 11:25:26.734 UTC: 	 Caught ClientException exception
Traceback (most recent call last):
  File "/cvmfs/cms.cern.ch/share/cms/crab-prod/v3.240621.01/bin/crab.py", line 152, in <module>
    client()
  File "/cvmfs/cms.cern.ch/share/cms/crab-prod/v3.240621.01/bin/crab.py", line 135, in __call__
    self.cmd = sub_cmd(self.logger, args[1:])
  File "/cvmfs/cms.cern.ch/share/cms/crab-prod/v3.240621.01/lib/CRABClient/Commands/resubmit.py", line 30, in __init__
    SubCommand.__init__(self, logger, cmdargs)
  File "/cvmfs/cms.cern.ch/share/cms/crab-prod/v3.240621.01/lib/CRABClient/Commands/SubCommand.py", line 280, in __init__
    SubCommand.validateOptions(self)
  File "/cvmfs/cms.cern.ch/share/cms/crab-prod/v3.240621.01/lib/CRABClient/Commands/SubCommand.py", line 680, in validateOptions
    raise ConfigurationException(msg)
CRABClient.ClientExceptions.ConfigurationException: [91mError[0m: crab_projects/crab_MuonAnalysis_Run2023F0/ is not a valid CRAB project directory.
INFO 2024-10-05 11:25:26.738 UTC: 	 Log file is /eos/home-w/wkwon/CMSSW_14_0_12/src/work/Analysis/crab.log
