21-Nov-2024 06:12:44 KST  Initiating request to open file file:///pnfs/knu.ac.kr/data/cms/store/user/wkwon/AnalysisResults/CRAB_UserFiles/crab_MuonSkimming_Run2022E_sup/241117_135331/0000/skimmed_data_59.root
21-Nov-2024 06:13:05 KST  Successfully opened file file:///pnfs/knu.ac.kr/data/cms/store/user/wkwon/AnalysisResults/CRAB_UserFiles/crab_MuonSkimming_Run2022E_sup/241117_135331/0000/skimmed_data_59.root
Begin processing the 1st record. Run 359763, Event 333238724, LumiSection 155 on stream 0 at 21-Nov-2024 06:13:07.485 KST
Begin processing the 10001st record. Run 359763, Event 336436107, LumiSection 156 on stream 0 at 21-Nov-2024 06:13:24.129 KST
Begin processing the 20001st record. Run 359763, Event 339300740, LumiSection 157 on stream 0 at 21-Nov-2024 06:13:37.038 KST
21-Nov-2024 06:13:41 KST  Closed file file:///pnfs/knu.ac.kr/data/cms/store/user/wkwon/AnalysisResults/CRAB_UserFiles/crab_MuonSkimming_Run2022E_sup/241117_135331/0000/skimmed_data_59.root
21-Nov-2024 06:13:41 KST  Initiating request to open file file:///pnfs/knu.ac.kr/data/cms/store/user/wkwon/AnalysisResults/CRAB_UserFiles/crab_MuonSkimming_Run2022E_sup/241117_135331/0000/skimmed_data_44.root
21-Nov-2024 06:13:46 KST  Successfully opened file file:///pnfs/knu.ac.kr/data/cms/store/user/wkwon/AnalysisResults/CRAB_UserFiles/crab_MuonSkimming_Run2022E_sup/241117_135331/0000/skimmed_data_44.root
Begin processing the 30001st record. Run 359763, Event 75101302, LumiSection 37 on stream 0 at 21-Nov-2024 06:13:56.489 KST
21-Nov-2024 06:14:08 KST  Closed file file:///pnfs/knu.ac.kr/data/cms/store/user/wkwon/AnalysisResults/CRAB_UserFiles/crab_MuonSkimming_Run2022E_sup/241117_135331/0000/skimmed_data_44.root
21-Nov-2024 06:14:08 KST  Initiating request to open file file:///pnfs/knu.ac.kr/data/cms/store/user/wkwon/AnalysisResults/CRAB_UserFiles/crab_MuonSkimming_Run2022E_sup/241117_135331/0000/skimmed_data_57.root
21-Nov-2024 06:14:10 KST  Successfully opened file file:///pnfs/knu.ac.kr/data/cms/store/user/wkwon/AnalysisResults/CRAB_UserFiles/crab_MuonSkimming_Run2022E_sup/241117_135331/0000/skimmed_data_57.root
Begin processing the 40001st record. Run 359763, Event 151376526, LumiSection 71 on stream 0 at 21-Nov-2024 06:14:13.016 KST
Begin processing the 50001st record. Run 359763, Event 152725614, LumiSection 72 on stream 0 at 21-Nov-2024 06:14:24.530 KST
Begin processing the 60001st record. Run 359763, Event 155033273, LumiSection 73 on stream 0 at 21-Nov-2024 06:14:36.216 KST
21-Nov-2024 06:14:39 KST  Closed file file:///pnfs/knu.ac.kr/data/cms/store/user/wkwon/AnalysisResults/CRAB_UserFiles/crab_MuonSkimming_Run2022E_sup/241117_135331/0000/skimmed_data_57.root
endJob

TrigReport ---------- Event  Summary ------------
TrigReport Events total = 63101 passed = 63101 failed = 0

TrigReport ---------- Path   Summary ------------
TrigReport  Trig Bit#   Executed     Passed     Failed      Error Name
TrigReport     1    0      63101      63101          0          0 p


TrigReport -------End-Path   Summary ------------
TrigReport  Trig Bit#   Executed     Passed     Failed      Error Name


TrigReport ---------- Modules in Path: p ------------
TrigReport  Trig Bit#    Visited     Passed     Failed      Error Name
TrigReport     1    0      63101      63101          0          0 Analysis


TrigReport ---------- Module Summary ------------
TrigReport    Visited   Executed     Passed     Failed      Error Name
TrigReport      63101      63101      63101          0          0 Analysis
TrigReport      63101      63101      63101          0          0 TriggerResults
TrigReport      63101      63101      63101          0          0 p


TimeReport ---------- Event  Summary ---[sec]----
TimeReport       event loop CPU/event = 0.001291
TimeReport      event loop Real/event = 0.001461
TimeReport     sum Streams Real/event = 0.001194
TimeReport efficiency CPU/Real/thread = 0.883362

TimeReport ---------- Path   Summary ---[Real sec]----
TimeReport  per event     per exec  Name
TimeReport   0.001111     0.001111  p

TimeReport  per event     per exec  Name

TimeReport -------End-Path   Summary ---[Real sec]----
TimeReport  per event     per exec  Name

TimeReport  per event     per exec  Name

TimeReport ---------- Modules in Path: p ---[Real sec]----
TimeReport  per event    per visit  Name
TimeReport   0.000031     0.000031  Analysis

TimeReport  per event    per visit  Name

TimeReport ---------- Module Summary ---[Real sec]----
TimeReport  per event     per exec    per visit  Name
TimeReport   0.000031     0.000031     0.000031  Analysis
TimeReport   0.000002     0.000002     0.000002  TriggerResults
TimeReport   0.000004     0.000004     0.000004  p

TimeReport  per event     per exec    per visit  Name

T---Report end!


