21-Nov-2024 06:12:44 KST  Initiating request to open file file:///pnfs/knu.ac.kr/data/cms/store/user/wkwon/AnalysisResults/CRAB_UserFiles/crab_MuonSkimming_Run2022E_sup/241117_135331/0000/skimmed_data_64.root
21-Nov-2024 06:12:54 KST  Successfully opened file file:///pnfs/knu.ac.kr/data/cms/store/user/wkwon/AnalysisResults/CRAB_UserFiles/crab_MuonSkimming_Run2022E_sup/241117_135331/0000/skimmed_data_64.root
Begin processing the 1st record. Run 359763, Event 39670139, LumiSection 20 on stream 0 at 21-Nov-2024 06:12:56.183 KST
Begin processing the 10001st record. Run 359763, Event 41746574, LumiSection 21 on stream 0 at 21-Nov-2024 06:13:19.433 KST
Begin processing the 20001st record. Run 359763, Event 45359287, LumiSection 22 on stream 0 at 21-Nov-2024 06:13:33.087 KST
21-Nov-2024 06:13:40 KST  Closed file file:///pnfs/knu.ac.kr/data/cms/store/user/wkwon/AnalysisResults/CRAB_UserFiles/crab_MuonSkimming_Run2022E_sup/241117_135331/0000/skimmed_data_64.root
21-Nov-2024 06:13:40 KST  Initiating request to open file file:///pnfs/knu.ac.kr/data/cms/store/user/wkwon/AnalysisResults/CRAB_UserFiles/crab_MuonSkimming_Run2022E_sup/241117_135331/0000/skimmed_data_19.root
21-Nov-2024 06:13:41 KST  Successfully opened file file:///pnfs/knu.ac.kr/data/cms/store/user/wkwon/AnalysisResults/CRAB_UserFiles/crab_MuonSkimming_Run2022E_sup/241117_135331/0000/skimmed_data_19.root
Begin processing the 30001st record. Run 359693, Event 477906615, LumiSection 259 on stream 0 at 21-Nov-2024 06:13:46.561 KST
Begin processing the 40001st record. Run 359693, Event 534571027, LumiSection 289 on stream 0 at 21-Nov-2024 06:13:56.324 KST
21-Nov-2024 06:14:06 KST  Closed file file:///pnfs/knu.ac.kr/data/cms/store/user/wkwon/AnalysisResults/CRAB_UserFiles/crab_MuonSkimming_Run2022E_sup/241117_135331/0000/skimmed_data_19.root
21-Nov-2024 06:14:06 KST  Initiating request to open file file:///pnfs/knu.ac.kr/data/cms/store/user/wkwon/AnalysisResults/CRAB_UserFiles/crab_MuonSkimming_Run2022E_sup/241117_135331/0000/skimmed_data_65.root
21-Nov-2024 06:14:06 KST  Successfully opened file file:///pnfs/knu.ac.kr/data/cms/store/user/wkwon/AnalysisResults/CRAB_UserFiles/crab_MuonSkimming_Run2022E_sup/241117_135331/0000/skimmed_data_65.root
Begin processing the 50001st record. Run 359763, Event 393704637, LumiSection 183 on stream 0 at 21-Nov-2024 06:14:09.037 KST
Begin processing the 60001st record. Run 359763, Event 394121200, LumiSection 184 on stream 0 at 21-Nov-2024 06:14:20.391 KST
Begin processing the 70001st record. Run 359763, Event 397917575, LumiSection 185 on stream 0 at 21-Nov-2024 06:14:31.756 KST
21-Nov-2024 06:14:34 KST  Closed file file:///pnfs/knu.ac.kr/data/cms/store/user/wkwon/AnalysisResults/CRAB_UserFiles/crab_MuonSkimming_Run2022E_sup/241117_135331/0000/skimmed_data_65.root
endJob

TrigReport ---------- Event  Summary ------------
TrigReport Events total = 72297 passed = 72297 failed = 0

TrigReport ---------- Path   Summary ------------
TrigReport  Trig Bit#   Executed     Passed     Failed      Error Name
TrigReport     1    0      72297      72297          0          0 p


TrigReport -------End-Path   Summary ------------
TrigReport  Trig Bit#   Executed     Passed     Failed      Error Name


TrigReport ---------- Modules in Path: p ------------
TrigReport  Trig Bit#    Visited     Passed     Failed      Error Name
TrigReport     1    0      72297      72297          0          0 Analysis


TrigReport ---------- Module Summary ------------
TrigReport    Visited   Executed     Passed     Failed      Error Name
TrigReport      72297      72297      72297          0          0 Analysis
TrigReport      72297      72297      72297          0          0 TriggerResults
TrigReport      72297      72297      72297          0          0 p


TimeReport ---------- Event  Summary ---[sec]----
TimeReport       event loop CPU/event = 0.001276
TimeReport      event loop Real/event = 0.001361
TimeReport     sum Streams Real/event = 0.001212
TimeReport efficiency CPU/Real/thread = 0.937307

TimeReport ---------- Path   Summary ---[Real sec]----
TimeReport  per event     per exec  Name
TimeReport   0.001137     0.001137  p

TimeReport  per event     per exec  Name

TimeReport -------End-Path   Summary ---[Real sec]----
TimeReport  per event     per exec  Name

TimeReport  per event     per exec  Name

TimeReport ---------- Modules in Path: p ---[Real sec]----
TimeReport  per event    per visit  Name
TimeReport   0.000032     0.000032  Analysis

TimeReport  per event    per visit  Name

TimeReport ---------- Module Summary ---[Real sec]----
TimeReport  per event     per exec    per visit  Name
TimeReport   0.000032     0.000032     0.000032  Analysis
TimeReport   0.000002     0.000002     0.000002  TriggerResults
TimeReport   0.000004     0.000004     0.000004  p

TimeReport  per event     per exec    per visit  Name

T---Report end!


