19-Nov-2024 20:18:56 KST  Initiating request to open file file:///pnfs/knu.ac.kr/data/cms/store/user/wkwon/AnalysisResults/DYto2L-2Jets_MLL-50_TuneCP5_13p6TeV_amcatnloFXFX-pythia8/crab_Run3Summer22DRPremix-124X_mcRun3_2022_realistic_v12-v4/241117_152227/0000/mc_skimmed_data_161.root
19-Nov-2024 20:18:57 KST  Successfully opened file file:///pnfs/knu.ac.kr/data/cms/store/user/wkwon/AnalysisResults/DYto2L-2Jets_MLL-50_TuneCP5_13p6TeV_amcatnloFXFX-pythia8/crab_Run3Summer22DRPremix-124X_mcRun3_2022_realistic_v12-v4/241117_152227/0000/mc_skimmed_data_161.root
Begin processing the 1st record. Run 1, Event 120470539, LumiSection 64047 on stream 0 at 19-Nov-2024 20:19:08.738 KST
Begin processing the 10001st record. Run 1, Event 122024195, LumiSection 64872 on stream 0 at 19-Nov-2024 20:19:23.573 KST
Begin processing the 20001st record. Run 1, Event 121856312, LumiSection 64783 on stream 0 at 19-Nov-2024 20:19:33.619 KST
Begin processing the 30001st record. Run 1, Event 119995590, LumiSection 63794 on stream 0 at 19-Nov-2024 20:19:43.555 KST
Begin processing the 40001st record. Run 1, Event 121554973, LumiSection 64623 on stream 0 at 19-Nov-2024 20:19:54.385 KST
Begin processing the 50001st record. Run 1, Event 120119179, LumiSection 63860 on stream 0 at 19-Nov-2024 20:20:05.584 KST
Begin processing the 60001st record. Run 1, Event 120069759, LumiSection 63833 on stream 0 at 19-Nov-2024 20:20:16.147 KST
Begin processing the 70001st record. Run 1, Event 119779656, LumiSection 63679 on stream 0 at 19-Nov-2024 20:20:26.412 KST
Begin processing the 80001st record. Run 1, Event 119038500, LumiSection 63285 on stream 0 at 19-Nov-2024 20:20:36.808 KST
Begin processing the 90001st record. Run 1, Event 118900965, LumiSection 63212 on stream 0 at 19-Nov-2024 20:20:47.145 KST
Begin processing the 100001st record. Run 1, Event 120050347, LumiSection 63823 on stream 0 at 19-Nov-2024 20:20:57.444 KST
Begin processing the 110001st record. Run 1, Event 120932061, LumiSection 64292 on stream 0 at 19-Nov-2024 20:21:07.395 KST
Begin processing the 120001st record. Run 1, Event 119206502, LumiSection 63375 on stream 0 at 19-Nov-2024 20:21:17.609 KST
Begin processing the 130001st record. Run 1, Event 120980430, LumiSection 64318 on stream 0 at 19-Nov-2024 20:21:27.914 KST
Begin processing the 140001st record. Run 1, Event 120226218, LumiSection 63917 on stream 0 at 19-Nov-2024 20:21:38.186 KST
Begin processing the 150001st record. Run 1, Event 124149916, LumiSection 66003 on stream 0 at 19-Nov-2024 20:21:48.287 KST
Begin processing the 160001st record. Run 1, Event 182932968, LumiSection 97254 on stream 0 at 19-Nov-2024 20:21:58.638 KST
Begin processing the 170001st record. Run 1, Event 119144496, LumiSection 63342 on stream 0 at 19-Nov-2024 20:22:09.262 KST
Begin processing the 180001st record. Run 1, Event 121390243, LumiSection 64535 on stream 0 at 19-Nov-2024 20:22:19.371 KST
Begin processing the 190001st record. Run 1, Event 122387412, LumiSection 65066 on stream 0 at 19-Nov-2024 20:22:29.490 KST
Begin processing the 200001st record. Run 1, Event 246988285, LumiSection 131307 on stream 0 at 19-Nov-2024 20:22:39.950 KST
Begin processing the 210001st record. Run 1, Event 121845372, LumiSection 64777 on stream 0 at 19-Nov-2024 20:22:50.329 KST
Begin processing the 220001st record. Run 1, Event 120778875, LumiSection 64210 on stream 0 at 19-Nov-2024 20:23:00.843 KST
Begin processing the 230001st record. Run 1, Event 119894886, LumiSection 63740 on stream 0 at 19-Nov-2024 20:23:11.178 KST
Begin processing the 240001st record. Run 1, Event 119367904, LumiSection 63460 on stream 0 at 19-Nov-2024 20:23:21.912 KST
Begin processing the 250001st record. Run 1, Event 119443043, LumiSection 63500 on stream 0 at 19-Nov-2024 20:23:32.535 KST
Begin processing the 260001st record. Run 1, Event 245714393, LumiSection 130630 on stream 0 at 19-Nov-2024 20:23:43.311 KST
19-Nov-2024 20:23:49 KST  Closed file file:///pnfs/knu.ac.kr/data/cms/store/user/wkwon/AnalysisResults/DYto2L-2Jets_MLL-50_TuneCP5_13p6TeV_amcatnloFXFX-pythia8/crab_Run3Summer22DRPremix-124X_mcRun3_2022_realistic_v12-v4/241117_152227/0000/mc_skimmed_data_161.root
19-Nov-2024 20:23:49 KST  Initiating request to open file file:///pnfs/knu.ac.kr/data/cms/store/user/wkwon/AnalysisResults/DYto2L-2Jets_MLL-50_TuneCP5_13p6TeV_amcatnloFXFX-pythia8/crab_Run3Summer22DRPremix-124X_mcRun3_2022_realistic_v12-v4/241117_152227/0000/mc_skimmed_data_204.root
19-Nov-2024 20:23:49 KST  Successfully opened file file:///pnfs/knu.ac.kr/data/cms/store/user/wkwon/AnalysisResults/DYto2L-2Jets_MLL-50_TuneCP5_13p6TeV_amcatnloFXFX-pythia8/crab_Run3Summer22DRPremix-124X_mcRun3_2022_realistic_v12-v4/241117_152227/0000/mc_skimmed_data_204.root
Begin processing the 270001st record. Run 1, Event 168523661, LumiSection 89593 on stream 0 at 19-Nov-2024 20:24:01.234 KST
Begin processing the 280001st record. Run 1, Event 181201768, LumiSection 96333 on stream 0 at 19-Nov-2024 20:24:11.189 KST
Begin processing the 290001st record. Run 1, Event 168864394, LumiSection 89774 on stream 0 at 19-Nov-2024 20:24:21.352 KST
Begin processing the 300001st record. Run 1, Event 168435516, LumiSection 89546 on stream 0 at 19-Nov-2024 20:24:30.765 KST
Begin processing the 310001st record. Run 1, Event 170440100, LumiSection 90612 on stream 0 at 19-Nov-2024 20:24:40.399 KST
Begin processing the 320001st record. Run 1, Event 168592899, LumiSection 89630 on stream 0 at 19-Nov-2024 20:24:50.503 KST
Begin processing the 330001st record. Run 1, Event 169059527, LumiSection 89878 on stream 0 at 19-Nov-2024 20:25:00.121 KST
Begin processing the 340001st record. Run 1, Event 171523572, LumiSection 91188 on stream 0 at 19-Nov-2024 20:25:09.942 KST
Begin processing the 350001st record. Run 1, Event 180663103, LumiSection 96047 on stream 0 at 19-Nov-2024 20:25:19.858 KST
Begin processing the 360001st record. Run 1, Event 184347891, LumiSection 98006 on stream 0 at 19-Nov-2024 20:25:29.912 KST
Begin processing the 370001st record. Run 1, Event 169550106, LumiSection 90139 on stream 0 at 19-Nov-2024 20:25:39.666 KST
Begin processing the 380001st record. Run 1, Event 169845058, LumiSection 90296 on stream 0 at 19-Nov-2024 20:25:49.416 KST
Begin processing the 390001st record. Run 1, Event 169607883, LumiSection 90169 on stream 0 at 19-Nov-2024 20:25:59.052 KST
Begin processing the 400001st record. Run 1, Event 169351822, LumiSection 90033 on stream 0 at 19-Nov-2024 20:26:08.928 KST
Begin processing the 410001st record. Run 1, Event 169583097, LumiSection 90156 on stream 0 at 19-Nov-2024 20:26:18.957 KST
Begin processing the 420001st record. Run 1, Event 169502582, LumiSection 90114 on stream 0 at 19-Nov-2024 20:26:28.609 KST
Begin processing the 430001st record. Run 1, Event 181121102, LumiSection 96290 on stream 0 at 19-Nov-2024 20:26:38.112 KST
Begin processing the 440001st record. Run 1, Event 180691879, LumiSection 96062 on stream 0 at 19-Nov-2024 20:26:47.979 KST
Begin processing the 450001st record. Run 1, Event 170820216, LumiSection 90814 on stream 0 at 19-Nov-2024 20:26:57.902 KST
Begin processing the 460001st record. Run 1, Event 170974154, LumiSection 90896 on stream 0 at 19-Nov-2024 20:27:07.556 KST
Begin processing the 470001st record. Run 1, Event 211962993, LumiSection 112687 on stream 0 at 19-Nov-2024 20:27:17.272 KST
Begin processing the 480001st record. Run 1, Event 182007809, LumiSection 96762 on stream 0 at 19-Nov-2024 20:27:26.908 KST
Begin processing the 490001st record. Run 1, Event 173037135, LumiSection 91993 on stream 0 at 19-Nov-2024 20:27:36.406 KST
Begin processing the 500001st record. Run 1, Event 170063369, LumiSection 90412 on stream 0 at 19-Nov-2024 20:27:45.934 KST
Begin processing the 510001st record. Run 1, Event 172664811, LumiSection 91795 on stream 0 at 19-Nov-2024 20:27:55.717 KST
Begin processing the 520001st record. Run 1, Event 170098812, LumiSection 90430 on stream 0 at 19-Nov-2024 20:28:06.079 KST
Begin processing the 530001st record. Run 1, Event 172258241, LumiSection 91579 on stream 0 at 19-Nov-2024 20:28:16.024 KST
19-Nov-2024 20:28:19 KST  Closed file file:///pnfs/knu.ac.kr/data/cms/store/user/wkwon/AnalysisResults/DYto2L-2Jets_MLL-50_TuneCP5_13p6TeV_amcatnloFXFX-pythia8/crab_Run3Summer22DRPremix-124X_mcRun3_2022_realistic_v12-v4/241117_152227/0000/mc_skimmed_data_204.root
19-Nov-2024 20:28:19 KST  Initiating request to open file file:///pnfs/knu.ac.kr/data/cms/store/user/wkwon/AnalysisResults/DYto2L-2Jets_MLL-50_TuneCP5_13p6TeV_amcatnloFXFX-pythia8/crab_Run3Summer22DRPremix-124X_mcRun3_2022_realistic_v12-v4/241117_152227/0000/mc_skimmed_data_7.root
19-Nov-2024 20:28:19 KST  Successfully opened file file:///pnfs/knu.ac.kr/data/cms/store/user/wkwon/AnalysisResults/DYto2L-2Jets_MLL-50_TuneCP5_13p6TeV_amcatnloFXFX-pythia8/crab_Run3Summer22DRPremix-124X_mcRun3_2022_realistic_v12-v4/241117_152227/0000/mc_skimmed_data_7.root
Begin processing the 540001st record. Run 1, Event 72472596, LumiSection 38529 on stream 0 at 19-Nov-2024 20:28:34.849 KST
Begin processing the 550001st record. Run 1, Event 984409, LumiSection 524 on stream 0 at 19-Nov-2024 20:28:44.994 KST
Begin processing the 560001st record. Run 1, Event 3427651, LumiSection 1823 on stream 0 at 19-Nov-2024 20:28:55.178 KST
Begin processing the 570001st record. Run 1, Event 1832539, LumiSection 975 on stream 0 at 19-Nov-2024 20:29:04.805 KST
Begin processing the 580001st record. Run 1, Event 8263422, LumiSection 4394 on stream 0 at 19-Nov-2024 20:29:14.357 KST
Begin processing the 590001st record. Run 1, Event 851912, LumiSection 453 on stream 0 at 19-Nov-2024 20:29:23.812 KST
Begin processing the 600001st record. Run 1, Event 3133627, LumiSection 1666 on stream 0 at 19-Nov-2024 20:29:33.367 KST
Begin processing the 610001st record. Run 1, Event 2080313, LumiSection 1106 on stream 0 at 19-Nov-2024 20:29:42.880 KST
Begin processing the 620001st record. Run 1, Event 1008506, LumiSection 537 on stream 0 at 19-Nov-2024 20:29:53.081 KST
Begin processing the 630001st record. Run 1, Event 857552, LumiSection 456 on stream 0 at 19-Nov-2024 20:30:02.984 KST
Begin processing the 640001st record. Run 1, Event 2726855, LumiSection 1450 on stream 0 at 19-Nov-2024 20:30:12.720 KST
Begin processing the 650001st record. Run 1, Event 4084548, LumiSection 2172 on stream 0 at 19-Nov-2024 20:30:22.524 KST
Begin processing the 660001st record. Run 1, Event 3473110, LumiSection 1847 on stream 0 at 19-Nov-2024 20:30:32.310 KST
Begin processing the 670001st record. Run 1, Event 997437, LumiSection 531 on stream 0 at 19-Nov-2024 20:30:42.070 KST
Begin processing the 680001st record. Run 1, Event 1085825, LumiSection 578 on stream 0 at 19-Nov-2024 20:30:51.964 KST
Begin processing the 690001st record. Run 1, Event 910519, LumiSection 485 on stream 0 at 19-Nov-2024 20:31:01.856 KST
Begin processing the 700001st record. Run 1, Event 3430897, LumiSection 1824 on stream 0 at 19-Nov-2024 20:31:11.396 KST
Begin processing the 710001st record. Run 1, Event 64666547, LumiSection 34379 on stream 0 at 19-Nov-2024 20:31:21.368 KST
Begin processing the 720001st record. Run 1, Event 12252475, LumiSection 6514 on stream 0 at 19-Nov-2024 20:31:31.475 KST
Begin processing the 730001st record. Run 1, Event 3588395, LumiSection 1908 on stream 0 at 19-Nov-2024 20:31:40.951 KST
Begin processing the 740001st record. Run 1, Event 3343772, LumiSection 1778 on stream 0 at 19-Nov-2024 20:31:50.623 KST
Begin processing the 750001st record. Run 1, Event 4137102, LumiSection 2200 on stream 0 at 19-Nov-2024 20:32:00.314 KST
Begin processing the 760001st record. Run 1, Event 63176016, LumiSection 33587 on stream 0 at 19-Nov-2024 20:32:10.026 KST
Begin processing the 770001st record. Run 1, Event 5201557, LumiSection 2766 on stream 0 at 19-Nov-2024 20:32:19.533 KST
Begin processing the 780001st record. Run 1, Event 922112, LumiSection 491 on stream 0 at 19-Nov-2024 20:32:28.858 KST
Begin processing the 790001st record. Run 1, Event 3260131, LumiSection 1734 on stream 0 at 19-Nov-2024 20:32:38.418 KST
Begin processing the 800001st record. Run 1, Event 1319034, LumiSection 702 on stream 0 at 19-Nov-2024 20:32:48.337 KST
19-Nov-2024 20:32:48 KST  Closed file file:///pnfs/knu.ac.kr/data/cms/store/user/wkwon/AnalysisResults/DYto2L-2Jets_MLL-50_TuneCP5_13p6TeV_amcatnloFXFX-pythia8/crab_Run3Summer22DRPremix-124X_mcRun3_2022_realistic_v12-v4/241117_152227/0000/mc_skimmed_data_7.root
19-Nov-2024 20:32:48 KST  Initiating request to open file file:///pnfs/knu.ac.kr/data/cms/store/user/wkwon/AnalysisResults/DYto2L-2Jets_MLL-50_TuneCP5_13p6TeV_amcatnloFXFX-pythia8/crab_Run3Summer22DRPremix-124X_mcRun3_2022_realistic_v12-v4/241117_152227/0000/mc_skimmed_data_87.root
19-Nov-2024 20:32:49 KST  Successfully opened file file:///pnfs/knu.ac.kr/data/cms/store/user/wkwon/AnalysisResults/DYto2L-2Jets_MLL-50_TuneCP5_13p6TeV_amcatnloFXFX-pythia8/crab_Run3Summer22DRPremix-124X_mcRun3_2022_realistic_v12-v4/241117_152227/0000/mc_skimmed_data_87.root
Begin processing the 810001st record. Run 1, Event 113196772, LumiSection 60180 on stream 0 at 19-Nov-2024 20:33:07.640 KST
Begin processing the 820001st record. Run 1, Event 56794575, LumiSection 30194 on stream 0 at 19-Nov-2024 20:33:18.068 KST
Begin processing the 830001st record. Run 1, Event 132823884, LumiSection 70614 on stream 0 at 19-Nov-2024 20:33:28.008 KST
Begin processing the 840001st record. Run 1, Event 113473970, LumiSection 60327 on stream 0 at 19-Nov-2024 20:33:37.387 KST
Begin processing the 850001st record. Run 1, Event 237512460, LumiSection 126270 on stream 0 at 19-Nov-2024 20:33:47.495 KST
Begin processing the 860001st record. Run 1, Event 56971943, LumiSection 30289 on stream 0 at 19-Nov-2024 20:33:57.383 KST
Begin processing the 870001st record. Run 1, Event 57122100, LumiSection 30368 on stream 0 at 19-Nov-2024 20:34:07.341 KST
Begin processing the 880001st record. Run 1, Event 56845434, LumiSection 30221 on stream 0 at 19-Nov-2024 20:34:16.778 KST
Begin processing the 890001st record. Run 1, Event 56927734, LumiSection 30265 on stream 0 at 19-Nov-2024 20:34:26.710 KST
Begin processing the 900001st record. Run 1, Event 56825942, LumiSection 30211 on stream 0 at 19-Nov-2024 20:34:36.498 KST
Begin processing the 910001st record. Run 1, Event 57130654, LumiSection 30373 on stream 0 at 19-Nov-2024 20:34:46.173 KST
Begin processing the 920001st record. Run 1, Event 56929146, LumiSection 30266 on stream 0 at 19-Nov-2024 20:34:55.838 KST
Begin processing the 930001st record. Run 1, Event 57751273, LumiSection 30703 on stream 0 at 19-Nov-2024 20:35:05.767 KST
Begin processing the 940001st record. Run 1, Event 133051719, LumiSection 70735 on stream 0 at 19-Nov-2024 20:35:15.195 KST
Begin processing the 950001st record. Run 1, Event 241587147, LumiSection 128436 on stream 0 at 19-Nov-2024 20:35:24.991 KST
Begin processing the 960001st record. Run 1, Event 57004456, LumiSection 30306 on stream 0 at 19-Nov-2024 20:35:34.352 KST
Begin processing the 970001st record. Run 1, Event 95286209, LumiSection 50658 on stream 0 at 19-Nov-2024 20:35:43.952 KST
Begin processing the 980001st record. Run 1, Event 57146858, LumiSection 30382 on stream 0 at 19-Nov-2024 20:35:53.284 KST
Begin processing the 990001st record. Run 1, Event 57934587, LumiSection 30800 on stream 0 at 19-Nov-2024 20:36:02.620 KST
Begin processing the 1000001st record. Run 1, Event 57168627, LumiSection 30393 on stream 0 at 19-Nov-2024 20:36:12.763 KST
Begin processing the 1010001st record. Run 1, Event 57779457, LumiSection 30718 on stream 0 at 19-Nov-2024 20:36:22.271 KST
Begin processing the 1020001st record. Run 1, Event 235672783, LumiSection 125292 on stream 0 at 19-Nov-2024 20:36:31.669 KST
Begin processing the 1030001st record. Run 1, Event 100775113, LumiSection 53576 on stream 0 at 19-Nov-2024 20:36:41.105 KST
Begin processing the 1040001st record. Run 1, Event 141583609, LumiSection 75271 on stream 0 at 19-Nov-2024 20:36:50.692 KST
Begin processing the 1050001st record. Run 1, Event 97348138, LumiSection 51754 on stream 0 at 19-Nov-2024 20:37:00.636 KST
Begin processing the 1060001st record. Run 1, Event 190641679, LumiSection 101352 on stream 0 at 19-Nov-2024 20:37:10.185 KST
19-Nov-2024 20:37:17 KST  Closed file file:///pnfs/knu.ac.kr/data/cms/store/user/wkwon/AnalysisResults/DYto2L-2Jets_MLL-50_TuneCP5_13p6TeV_amcatnloFXFX-pythia8/crab_Run3Summer22DRPremix-124X_mcRun3_2022_realistic_v12-v4/241117_152227/0000/mc_skimmed_data_87.root
19-Nov-2024 20:37:17 KST  Initiating request to open file file:///pnfs/knu.ac.kr/data/cms/store/user/wkwon/AnalysisResults/DYto2L-2Jets_MLL-50_TuneCP5_13p6TeV_amcatnloFXFX-pythia8/crab_Run3Summer22DRPremix-124X_mcRun3_2022_realistic_v12-v4/241117_152227/0000/mc_skimmed_data_176.root
19-Nov-2024 20:37:18 KST  Successfully opened file file:///pnfs/knu.ac.kr/data/cms/store/user/wkwon/AnalysisResults/DYto2L-2Jets_MLL-50_TuneCP5_13p6TeV_amcatnloFXFX-pythia8/crab_Run3Summer22DRPremix-124X_mcRun3_2022_realistic_v12-v4/241117_152227/0000/mc_skimmed_data_176.root
Begin processing the 1070001st record. Run 1, Event 160387390, LumiSection 85268 on stream 0 at 19-Nov-2024 20:37:30.667 KST
Begin processing the 1080001st record. Run 1, Event 134547901, LumiSection 71530 on stream 0 at 19-Nov-2024 20:37:40.887 KST
Begin processing the 1090001st record. Run 1, Event 155451479, LumiSection 82643 on stream 0 at 19-Nov-2024 20:37:51.370 KST
Begin processing the 1100001st record. Run 1, Event 234820228, LumiSection 124838 on stream 0 at 19-Nov-2024 20:38:01.710 KST
Begin processing the 1110001st record. Run 1, Event 156205578, LumiSection 83044 on stream 0 at 19-Nov-2024 20:38:11.482 KST
Begin processing the 1120001st record. Run 1, Event 135356279, LumiSection 71960 on stream 0 at 19-Nov-2024 20:38:23.444 KST
Begin processing the 1130001st record. Run 1, Event 134650736, LumiSection 71585 on stream 0 at 19-Nov-2024 20:38:33.741 KST
Begin processing the 1140001st record. Run 1, Event 135412830, LumiSection 71990 on stream 0 at 19-Nov-2024 20:38:44.004 KST
Begin processing the 1150001st record. Run 1, Event 135056738, LumiSection 71801 on stream 0 at 19-Nov-2024 20:38:54.471 KST
Begin processing the 1160001st record. Run 1, Event 134779976, LumiSection 71654 on stream 0 at 19-Nov-2024 20:39:04.645 KST
Begin processing the 1170001st record. Run 1, Event 134811439, LumiSection 71671 on stream 0 at 19-Nov-2024 20:39:14.771 KST
Begin processing the 1180001st record. Run 1, Event 157776537, LumiSection 83880 on stream 0 at 19-Nov-2024 20:39:25.000 KST
Begin processing the 1190001st record. Run 1, Event 134989894, LumiSection 71765 on stream 0 at 19-Nov-2024 20:39:34.650 KST
Begin processing the 1200001st record. Run 1, Event 135108413, LumiSection 71828 on stream 0 at 19-Nov-2024 20:39:44.494 KST
Begin processing the 1210001st record. Run 1, Event 157298380, LumiSection 83625 on stream 0 at 19-Nov-2024 20:39:54.574 KST
Begin processing the 1220001st record. Run 1, Event 159798097, LumiSection 84954 on stream 0 at 19-Nov-2024 20:40:04.281 KST
Begin processing the 1230001st record. Run 1, Event 156178930, LumiSection 83030 on stream 0 at 19-Nov-2024 20:40:14.051 KST
Begin processing the 1240001st record. Run 1, Event 154312899, LumiSection 82038 on stream 0 at 19-Nov-2024 20:40:23.747 KST
Begin processing the 1250001st record. Run 1, Event 156562305, LumiSection 83234 on stream 0 at 19-Nov-2024 20:40:33.392 KST
Begin processing the 1260001st record. Run 1, Event 204845349, LumiSection 108903 on stream 0 at 19-Nov-2024 20:40:43.076 KST
Begin processing the 1270001st record. Run 1, Event 160707608, LumiSection 85438 on stream 0 at 19-Nov-2024 20:40:52.687 KST
Begin processing the 1280001st record. Run 1, Event 154720489, LumiSection 82255 on stream 0 at 19-Nov-2024 20:41:02.157 KST
Begin processing the 1290001st record. Run 1, Event 135782500, LumiSection 72187 on stream 0 at 19-Nov-2024 20:41:11.638 KST
Begin processing the 1300001st record. Run 1, Event 135797325, LumiSection 72195 on stream 0 at 19-Nov-2024 20:41:22.595 KST
Begin processing the 1310001st record. Run 1, Event 135616341, LumiSection 72099 on stream 0 at 19-Nov-2024 20:41:33.020 KST
Begin processing the 1320001st record. Run 1, Event 135473223, LumiSection 72022 on stream 0 at 19-Nov-2024 20:41:42.674 KST
Begin processing the 1330001st record. Run 1, Event 135477034, LumiSection 72024 on stream 0 at 19-Nov-2024 20:41:52.010 KST
19-Nov-2024 20:41:56 KST  Closed file file:///pnfs/knu.ac.kr/data/cms/store/user/wkwon/AnalysisResults/DYto2L-2Jets_MLL-50_TuneCP5_13p6TeV_amcatnloFXFX-pythia8/crab_Run3Summer22DRPremix-124X_mcRun3_2022_realistic_v12-v4/241117_152227/0000/mc_skimmed_data_176.root
19-Nov-2024 20:41:56 KST  Initiating request to open file file:///pnfs/knu.ac.kr/data/cms/store/user/wkwon/AnalysisResults/DYto2L-2Jets_MLL-50_TuneCP5_13p6TeV_amcatnloFXFX-pythia8/crab_Run3Summer22DRPremix-124X_mcRun3_2022_realistic_v12-v4/241117_152227/0000/mc_skimmed_data_31.root
19-Nov-2024 20:41:56 KST  Successfully opened file file:///pnfs/knu.ac.kr/data/cms/store/user/wkwon/AnalysisResults/DYto2L-2Jets_MLL-50_TuneCP5_13p6TeV_amcatnloFXFX-pythia8/crab_Run3Summer22DRPremix-124X_mcRun3_2022_realistic_v12-v4/241117_152227/0000/mc_skimmed_data_31.root
Begin processing the 1340001st record. Run 1, Event 14562539, LumiSection 7742 on stream 0 at 19-Nov-2024 20:42:11.337 KST
Begin processing the 1350001st record. Run 1, Event 22415587, LumiSection 11917 on stream 0 at 19-Nov-2024 20:42:20.908 KST
Begin processing the 1360001st record. Run 1, Event 22553317, LumiSection 11991 on stream 0 at 19-Nov-2024 20:42:30.600 KST
Begin processing the 1370001st record. Run 1, Event 45679594, LumiSection 24285 on stream 0 at 19-Nov-2024 20:42:40.669 KST
Begin processing the 1380001st record. Run 1, Event 148037878, LumiSection 78702 on stream 0 at 19-Nov-2024 20:42:50.910 KST
Begin processing the 1390001st record. Run 1, Event 19191088, LumiSection 10203 on stream 0 at 19-Nov-2024 20:43:00.942 KST
Begin processing the 1400001st record. Run 1, Event 19836447, LumiSection 10546 on stream 0 at 19-Nov-2024 20:43:10.524 KST
Begin processing the 1410001st record. Run 1, Event 31923838, LumiSection 16972 on stream 0 at 19-Nov-2024 20:43:20.312 KST
Begin processing the 1420001st record. Run 1, Event 14671201, LumiSection 7800 on stream 0 at 19-Nov-2024 20:43:29.898 KST
Begin processing the 1430001st record. Run 1, Event 14595608, LumiSection 7760 on stream 0 at 19-Nov-2024 20:43:39.323 KST
Begin processing the 1440001st record. Run 1, Event 14589982, LumiSection 7757 on stream 0 at 19-Nov-2024 20:43:49.062 KST
Begin processing the 1450001st record. Run 1, Event 14574625, LumiSection 7749 on stream 0 at 19-Nov-2024 20:43:58.525 KST
Begin processing the 1460001st record. Run 1, Event 38004530, LumiSection 20205 on stream 0 at 19-Nov-2024 20:44:08.212 KST
Begin processing the 1470001st record. Run 1, Event 19455715, LumiSection 10344 on stream 0 at 19-Nov-2024 20:44:17.849 KST
Begin processing the 1480001st record. Run 1, Event 59753971, LumiSection 31768 on stream 0 at 19-Nov-2024 20:44:27.636 KST
Begin processing the 1490001st record. Run 1, Event 21503651, LumiSection 11433 on stream 0 at 19-Nov-2024 20:44:37.418 KST
Begin processing the 1500001st record. Run 1, Event 39766311, LumiSection 21142 on stream 0 at 19-Nov-2024 20:44:46.823 KST
Begin processing the 1510001st record. Run 1, Event 14959468, LumiSection 7953 on stream 0 at 19-Nov-2024 20:44:56.438 KST
Begin processing the 1520001st record. Run 1, Event 40450878, LumiSection 21505 on stream 0 at 19-Nov-2024 20:45:05.905 KST
Begin processing the 1530001st record. Run 1, Event 18482571, LumiSection 9826 on stream 0 at 19-Nov-2024 20:45:15.283 KST
Begin processing the 1540001st record. Run 1, Event 22466433, LumiSection 11944 on stream 0 at 19-Nov-2024 20:45:25.067 KST
Begin processing the 1550001st record. Run 1, Event 22728111, LumiSection 12083 on stream 0 at 19-Nov-2024 20:45:34.718 KST
Begin processing the 1560001st record. Run 1, Event 18896338, LumiSection 10046 on stream 0 at 19-Nov-2024 20:45:44.706 KST
Begin processing the 1570001st record. Run 1, Event 14842442, LumiSection 7891 on stream 0 at 19-Nov-2024 20:45:54.647 KST
Begin processing the 1580001st record. Run 1, Event 21978561, LumiSection 11685 on stream 0 at 19-Nov-2024 20:46:04.136 KST
Begin processing the 1590001st record. Run 1, Event 56910212, LumiSection 30256 on stream 0 at 19-Nov-2024 20:46:13.785 KST
Begin processing the 1600001st record. Run 1, Event 22720898, LumiSection 12080 on stream 0 at 19-Nov-2024 20:46:23.273 KST
19-Nov-2024 20:46:24 KST  Closed file file:///pnfs/knu.ac.kr/data/cms/store/user/wkwon/AnalysisResults/DYto2L-2Jets_MLL-50_TuneCP5_13p6TeV_amcatnloFXFX-pythia8/crab_Run3Summer22DRPremix-124X_mcRun3_2022_realistic_v12-v4/241117_152227/0000/mc_skimmed_data_31.root
19-Nov-2024 20:46:24 KST  Initiating request to open file file:///pnfs/knu.ac.kr/data/cms/store/user/wkwon/AnalysisResults/DYto2L-2Jets_MLL-50_TuneCP5_13p6TeV_amcatnloFXFX-pythia8/crab_Run3Summer22DRPremix-124X_mcRun3_2022_realistic_v12-v4/241117_152227/0000/mc_skimmed_data_258.root
19-Nov-2024 20:46:24 KST  Successfully opened file file:///pnfs/knu.ac.kr/data/cms/store/user/wkwon/AnalysisResults/DYto2L-2Jets_MLL-50_TuneCP5_13p6TeV_amcatnloFXFX-pythia8/crab_Run3Summer22DRPremix-124X_mcRun3_2022_realistic_v12-v4/241117_152227/0000/mc_skimmed_data_258.root
Begin processing the 1610001st record. Run 1, Event 236186042, LumiSection 125565 on stream 0 at 19-Nov-2024 20:46:42.114 KST
Begin processing the 1620001st record. Run 1, Event 236193351, LumiSection 125568 on stream 0 at 19-Nov-2024 20:46:51.621 KST
Begin processing the 1630001st record. Run 1, Event 235965673, LumiSection 125447 on stream 0 at 19-Nov-2024 20:47:01.575 KST
Begin processing the 1640001st record. Run 1, Event 235980588, LumiSection 125455 on stream 0 at 19-Nov-2024 20:47:11.564 KST
Begin processing the 1650001st record. Run 1, Event 235894154, LumiSection 125409 on stream 0 at 19-Nov-2024 20:47:21.096 KST
Begin processing the 1660001st record. Run 1, Event 240980249, LumiSection 128113 on stream 0 at 19-Nov-2024 20:47:30.465 KST
Begin processing the 1670001st record. Run 1, Event 241571224, LumiSection 128428 on stream 0 at 19-Nov-2024 20:47:40.224 KST
Begin processing the 1680001st record. Run 1, Event 236955162, LumiSection 125973 on stream 0 at 19-Nov-2024 20:47:50.047 KST
Begin processing the 1690001st record. Run 1, Event 241388604, LumiSection 128330 on stream 0 at 19-Nov-2024 20:47:59.738 KST
Begin processing the 1700001st record. Run 1, Event 237383554, LumiSection 126201 on stream 0 at 19-Nov-2024 20:48:09.712 KST
Begin processing the 1710001st record. Run 1, Event 241764070, LumiSection 128530 on stream 0 at 19-Nov-2024 20:48:19.343 KST
Begin processing the 1720001st record. Run 1, Event 236580416, LumiSection 125774 on stream 0 at 19-Nov-2024 20:48:28.865 KST
Begin processing the 1730001st record. Run 1, Event 236375125, LumiSection 125665 on stream 0 at 19-Nov-2024 20:48:38.459 KST
Begin processing the 1740001st record. Run 1, Event 238321982, LumiSection 126700 on stream 0 at 19-Nov-2024 20:48:48.412 KST
Begin processing the 1750001st record. Run 1, Event 239606318, LumiSection 127383 on stream 0 at 19-Nov-2024 20:48:58.123 KST
Begin processing the 1760001st record. Run 1, Event 236414291, LumiSection 125686 on stream 0 at 19-Nov-2024 20:49:08.283 KST
Begin processing the 1770001st record. Run 1, Event 236517746, LumiSection 125741 on stream 0 at 19-Nov-2024 20:49:18.374 KST
Begin processing the 1780001st record. Run 1, Event 236959863, LumiSection 125976 on stream 0 at 19-Nov-2024 20:49:28.020 KST
Begin processing the 1790001st record. Run 1, Event 239720783, LumiSection 127444 on stream 0 at 19-Nov-2024 20:49:38.218 KST
Begin processing the 1800001st record. Run 1, Event 236946229, LumiSection 125969 on stream 0 at 19-Nov-2024 20:49:48.187 KST
Begin processing the 1810001st record. Run 1, Event 236911831, LumiSection 125950 on stream 0 at 19-Nov-2024 20:49:57.946 KST
Begin processing the 1820001st record. Run 1, Event 238483943, LumiSection 126786 on stream 0 at 19-Nov-2024 20:50:07.744 KST
Begin processing the 1830001st record. Run 1, Event 238493208, LumiSection 126791 on stream 0 at 19-Nov-2024 20:50:18.259 KST
Begin processing the 1840001st record. Run 1, Event 238539975, LumiSection 126816 on stream 0 at 19-Nov-2024 20:50:27.746 KST
Begin processing the 1850001st record. Run 1, Event 236792457, LumiSection 125887 on stream 0 at 19-Nov-2024 20:50:37.327 KST
Begin processing the 1860001st record. Run 1, Event 236820739, LumiSection 125902 on stream 0 at 19-Nov-2024 20:50:47.076 KST
19-Nov-2024 20:50:55 KST  Closed file file:///pnfs/knu.ac.kr/data/cms/store/user/wkwon/AnalysisResults/DYto2L-2Jets_MLL-50_TuneCP5_13p6TeV_amcatnloFXFX-pythia8/crab_Run3Summer22DRPremix-124X_mcRun3_2022_realistic_v12-v4/241117_152227/0000/mc_skimmed_data_258.root
19-Nov-2024 20:50:55 KST  Initiating request to open file file:///pnfs/knu.ac.kr/data/cms/store/user/wkwon/AnalysisResults/DYto2L-2Jets_MLL-50_TuneCP5_13p6TeV_amcatnloFXFX-pythia8/crab_Run3Summer22DRPremix-124X_mcRun3_2022_realistic_v12-v4/241117_152227/0000/mc_skimmed_data_41.root
19-Nov-2024 20:50:55 KST  Successfully opened file file:///pnfs/knu.ac.kr/data/cms/store/user/wkwon/AnalysisResults/DYto2L-2Jets_MLL-50_TuneCP5_13p6TeV_amcatnloFXFX-pythia8/crab_Run3Summer22DRPremix-124X_mcRun3_2022_realistic_v12-v4/241117_152227/0000/mc_skimmed_data_41.root
Begin processing the 1870001st record. Run 1, Event 114171647, LumiSection 60698 on stream 0 at 19-Nov-2024 20:51:08.398 KST
Begin processing the 1880001st record. Run 1, Event 132638958, LumiSection 70516 on stream 0 at 19-Nov-2024 20:51:18.924 KST
Begin processing the 1890001st record. Run 1, Event 19654817, LumiSection 10450 on stream 0 at 19-Nov-2024 20:51:28.960 KST
Begin processing the 1900001st record. Run 1, Event 61357990, LumiSection 32620 on stream 0 at 19-Nov-2024 20:51:38.915 KST
Begin processing the 1910001st record. Run 1, Event 54686140, LumiSection 29073 on stream 0 at 19-Nov-2024 20:51:48.451 KST
Begin processing the 1920001st record. Run 1, Event 19272415, LumiSection 10246 on stream 0 at 19-Nov-2024 20:51:58.284 KST
Begin processing the 1930001st record. Run 1, Event 19279244, LumiSection 10250 on stream 0 at 19-Nov-2024 20:52:07.966 KST
Begin processing the 1940001st record. Run 1, Event 22593444, LumiSection 12012 on stream 0 at 19-Nov-2024 20:52:17.571 KST
Begin processing the 1950001st record. Run 1, Event 19574249, LumiSection 10407 on stream 0 at 19-Nov-2024 20:52:27.348 KST
Begin processing the 1960001st record. Run 1, Event 23358893, LumiSection 12419 on stream 0 at 19-Nov-2024 20:52:36.867 KST
Begin processing the 1970001st record. Run 1, Event 32596405, LumiSection 17330 on stream 0 at 19-Nov-2024 20:52:46.148 KST
Begin processing the 1980001st record. Run 1, Event 27332931, LumiSection 14532 on stream 0 at 19-Nov-2024 20:52:55.807 KST
Begin processing the 1990001st record. Run 1, Event 21285027, LumiSection 11316 on stream 0 at 19-Nov-2024 20:53:05.149 KST
Begin processing the 2000001st record. Run 1, Event 20362827, LumiSection 10826 on stream 0 at 19-Nov-2024 20:53:14.702 KST
Begin processing the 2010001st record. Run 1, Event 19523999, LumiSection 10380 on stream 0 at 19-Nov-2024 20:53:24.308 KST
Begin processing the 2020001st record. Run 1, Event 19988499, LumiSection 10627 on stream 0 at 19-Nov-2024 20:53:34.084 KST
Begin processing the 2030001st record. Run 1, Event 20183853, LumiSection 10731 on stream 0 at 19-Nov-2024 20:53:43.945 KST
Begin processing the 2040001st record. Run 1, Event 94364815, LumiSection 50168 on stream 0 at 19-Nov-2024 20:53:54.540 KST
Begin processing the 2050001st record. Run 1, Event 19756746, LumiSection 10504 on stream 0 at 19-Nov-2024 20:54:04.221 KST
Begin processing the 2060001st record. Run 1, Event 22190697, LumiSection 11798 on stream 0 at 19-Nov-2024 20:54:14.273 KST
Begin processing the 2070001st record. Run 1, Event 111301075, LumiSection 59172 on stream 0 at 19-Nov-2024 20:54:24.567 KST
Begin processing the 2080001st record. Run 1, Event 48210554, LumiSection 25631 on stream 0 at 19-Nov-2024 20:54:34.631 KST
Begin processing the 2090001st record. Run 1, Event 20275547, LumiSection 10780 on stream 0 at 19-Nov-2024 20:54:44.483 KST
Begin processing the 2100001st record. Run 1, Event 19724363, LumiSection 10487 on stream 0 at 19-Nov-2024 20:54:54.008 KST
Begin processing the 2110001st record. Run 1, Event 21387128, LumiSection 11371 on stream 0 at 19-Nov-2024 20:55:03.883 KST
Begin processing the 2120001st record. Run 1, Event 19884167, LumiSection 10572 on stream 0 at 19-Nov-2024 20:55:13.158 KST
Begin processing the 2130001st record. Run 1, Event 56416830, LumiSection 29993 on stream 0 at 19-Nov-2024 20:55:22.404 KST
19-Nov-2024 20:55:27 KST  Closed file file:///pnfs/knu.ac.kr/data/cms/store/user/wkwon/AnalysisResults/DYto2L-2Jets_MLL-50_TuneCP5_13p6TeV_amcatnloFXFX-pythia8/crab_Run3Summer22DRPremix-124X_mcRun3_2022_realistic_v12-v4/241117_152227/0000/mc_skimmed_data_41.root
19-Nov-2024 20:55:27 KST  Initiating request to open file file:///pnfs/knu.ac.kr/data/cms/store/user/wkwon/AnalysisResults/DYto2L-2Jets_MLL-50_TuneCP5_13p6TeV_amcatnloFXFX-pythia8/crab_Run3Summer22DRPremix-124X_mcRun3_2022_realistic_v12-v4/241117_152227/0000/mc_skimmed_data_166.root
19-Nov-2024 20:55:27 KST  Successfully opened file file:///pnfs/knu.ac.kr/data/cms/store/user/wkwon/AnalysisResults/DYto2L-2Jets_MLL-50_TuneCP5_13p6TeV_amcatnloFXFX-pythia8/crab_Run3Summer22DRPremix-124X_mcRun3_2022_realistic_v12-v4/241117_152227/0000/mc_skimmed_data_166.root
Begin processing the 2140001st record. Run 1, Event 123476401, LumiSection 65645 on stream 0 at 19-Nov-2024 20:55:42.095 KST
Begin processing the 2150001st record. Run 1, Event 139220306, LumiSection 74014 on stream 0 at 19-Nov-2024 20:55:51.667 KST
Begin processing the 2160001st record. Run 1, Event 125695982, LumiSection 66825 on stream 0 at 19-Nov-2024 20:56:01.139 KST
Begin processing the 2170001st record. Run 1, Event 125295306, LumiSection 66612 on stream 0 at 19-Nov-2024 20:56:10.446 KST
Begin processing the 2180001st record. Run 1, Event 123834056, LumiSection 65835 on stream 0 at 19-Nov-2024 20:56:19.628 KST
Begin processing the 2190001st record. Run 1, Event 123666304, LumiSection 65745 on stream 0 at 19-Nov-2024 20:56:29.028 KST
Begin processing the 2200001st record. Run 1, Event 125682376, LumiSection 66817 on stream 0 at 19-Nov-2024 20:56:39.759 KST
Begin processing the 2210001st record. Run 1, Event 124839421, LumiSection 66369 on stream 0 at 19-Nov-2024 20:56:49.597 KST
Begin processing the 2220001st record. Run 1, Event 124282534, LumiSection 66073 on stream 0 at 19-Nov-2024 20:56:59.407 KST
Begin processing the 2230001st record. Run 1, Event 137820070, LumiSection 73270 on stream 0 at 19-Nov-2024 20:57:09.303 KST
Begin processing the 2240001st record. Run 1, Event 140878286, LumiSection 74896 on stream 0 at 19-Nov-2024 20:57:19.747 KST
Begin processing the 2250001st record. Run 1, Event 124425144, LumiSection 66149 on stream 0 at 19-Nov-2024 20:57:29.939 KST
Begin processing the 2260001st record. Run 1, Event 124771430, LumiSection 66333 on stream 0 at 19-Nov-2024 20:57:40.139 KST
Begin processing the 2270001st record. Run 1, Event 137229067, LumiSection 72956 on stream 0 at 19-Nov-2024 20:57:51.033 KST
Begin processing the 2280001st record. Run 1, Event 125199786, LumiSection 66561 on stream 0 at 19-Nov-2024 20:58:01.515 KST
Begin processing the 2290001st record. Run 1, Event 125396946, LumiSection 66666 on stream 0 at 19-Nov-2024 20:58:12.265 KST
Begin processing the 2300001st record. Run 1, Event 124657623, LumiSection 66272 on stream 0 at 19-Nov-2024 20:58:22.655 KST
Begin processing the 2310001st record. Run 1, Event 124727220, LumiSection 66309 on stream 0 at 19-Nov-2024 20:58:32.710 KST
Begin processing the 2320001st record. Run 1, Event 125701516, LumiSection 66827 on stream 0 at 19-Nov-2024 20:58:42.079 KST
Begin processing the 2330001st record. Run 1, Event 124482612, LumiSection 66179 on stream 0 at 19-Nov-2024 20:58:53.020 KST
Begin processing the 2340001st record. Run 1, Event 137619183, LumiSection 73163 on stream 0 at 19-Nov-2024 20:59:02.762 KST
Begin processing the 2350001st record. Run 1, Event 151158443, LumiSection 80361 on stream 0 at 19-Nov-2024 20:59:12.479 KST
Begin processing the 2360001st record. Run 1, Event 124827899, LumiSection 66363 on stream 0 at 19-Nov-2024 20:59:22.052 KST
Begin processing the 2370001st record. Run 1, Event 140462294, LumiSection 74675 on stream 0 at 19-Nov-2024 20:59:31.528 KST
Begin processing the 2380001st record. Run 1, Event 124735220, LumiSection 66314 on stream 0 at 19-Nov-2024 20:59:41.878 KST
Begin processing the 2390001st record. Run 1, Event 124851692, LumiSection 66376 on stream 0 at 19-Nov-2024 20:59:52.072 KST
Begin processing the 2400001st record. Run 1, Event 124875997, LumiSection 66389 on stream 0 at 19-Nov-2024 21:00:01.597 KST
19-Nov-2024 21:00:03 KST  Closed file file:///pnfs/knu.ac.kr/data/cms/store/user/wkwon/AnalysisResults/DYto2L-2Jets_MLL-50_TuneCP5_13p6TeV_amcatnloFXFX-pythia8/crab_Run3Summer22DRPremix-124X_mcRun3_2022_realistic_v12-v4/241117_152227/0000/mc_skimmed_data_166.root
19-Nov-2024 21:00:03 KST  Initiating request to open file file:///pnfs/knu.ac.kr/data/cms/store/user/wkwon/AnalysisResults/DYto2L-2Jets_MLL-50_TuneCP5_13p6TeV_amcatnloFXFX-pythia8/crab_Run3Summer22DRPremix-124X_mcRun3_2022_realistic_v12-v4/241117_152227/0000/mc_skimmed_data_238.root
19-Nov-2024 21:00:03 KST  Successfully opened file file:///pnfs/knu.ac.kr/data/cms/store/user/wkwon/AnalysisResults/DYto2L-2Jets_MLL-50_TuneCP5_13p6TeV_amcatnloFXFX-pythia8/crab_Run3Summer22DRPremix-124X_mcRun3_2022_realistic_v12-v4/241117_152227/0000/mc_skimmed_data_238.root
Begin processing the 2410001st record. Run 1, Event 214819634, LumiSection 114206 on stream 0 at 19-Nov-2024 21:00:20.456 KST
Begin processing the 2420001st record. Run 1, Event 215496688, LumiSection 114565 on stream 0 at 19-Nov-2024 21:00:30.171 KST
Begin processing the 2430001st record. Run 1, Event 235346931, LumiSection 125118 on stream 0 at 19-Nov-2024 21:00:39.449 KST
Begin processing the 2440001st record. Run 1, Event 209801396, LumiSection 111538 on stream 0 at 19-Nov-2024 21:00:49.072 KST
Begin processing the 2450001st record. Run 1, Event 238210442, LumiSection 126641 on stream 0 at 19-Nov-2024 21:00:59.378 KST
Begin processing the 2460001st record. Run 1, Event 216262824, LumiSection 114973 on stream 0 at 19-Nov-2024 21:01:09.084 KST
Begin processing the 2470001st record. Run 1, Event 214624167, LumiSection 114102 on stream 0 at 19-Nov-2024 21:01:18.502 KST
Begin processing the 2480001st record. Run 1, Event 237217299, LumiSection 126113 on stream 0 at 19-Nov-2024 21:01:27.740 KST
Begin processing the 2490001st record. Run 1, Event 215002780, LumiSection 114303 on stream 0 at 19-Nov-2024 21:01:37.099 KST
Begin processing the 2500001st record. Run 1, Event 210435501, LumiSection 111875 on stream 0 at 19-Nov-2024 21:01:46.597 KST
Begin processing the 2510001st record. Run 1, Event 214620673, LumiSection 114100 on stream 0 at 19-Nov-2024 21:01:56.248 KST
Begin processing the 2520001st record. Run 1, Event 214454644, LumiSection 114011 on stream 0 at 19-Nov-2024 21:02:06.495 KST
Begin processing the 2530001st record. Run 1, Event 210256091, LumiSection 111779 on stream 0 at 19-Nov-2024 21:02:16.703 KST
Begin processing the 2540001st record. Run 1, Event 210396817, LumiSection 111854 on stream 0 at 19-Nov-2024 21:02:26.336 KST
Begin processing the 2550001st record. Run 1, Event 210274561, LumiSection 111789 on stream 0 at 19-Nov-2024 21:02:36.068 KST
Begin processing the 2560001st record. Run 1, Event 216387752, LumiSection 115039 on stream 0 at 19-Nov-2024 21:02:45.497 KST
Begin processing the 2570001st record. Run 1, Event 237851842, LumiSection 126450 on stream 0 at 19-Nov-2024 21:02:54.931 KST
Begin processing the 2580001st record. Run 1, Event 210652427, LumiSection 111990 on stream 0 at 19-Nov-2024 21:03:06.754 KST
Begin processing the 2590001st record. Run 1, Event 214536441, LumiSection 114055 on stream 0 at 19-Nov-2024 21:03:16.781 KST
Begin processing the 2600001st record. Run 1, Event 214905420, LumiSection 114251 on stream 0 at 19-Nov-2024 21:03:26.444 KST
Begin processing the 2610001st record. Run 1, Event 215629572, LumiSection 114636 on stream 0 at 19-Nov-2024 21:03:36.953 KST
Begin processing the 2620001st record. Run 1, Event 213966739, LumiSection 113752 on stream 0 at 19-Nov-2024 21:03:47.723 KST
Begin processing the 2630001st record. Run 1, Event 210970367, LumiSection 112159 on stream 0 at 19-Nov-2024 21:03:57.472 KST
Begin processing the 2640001st record. Run 1, Event 211077570, LumiSection 112216 on stream 0 at 19-Nov-2024 21:04:10.328 KST
Begin processing the 2650001st record. Run 1, Event 210962805, LumiSection 112155 on stream 0 at 19-Nov-2024 21:04:20.952 KST
Begin processing the 2660001st record. Run 1, Event 212264590, LumiSection 112847 on stream 0 at 19-Nov-2024 21:04:32.497 KST
19-Nov-2024 21:04:41 KST  Closed file file:///pnfs/knu.ac.kr/data/cms/store/user/wkwon/AnalysisResults/DYto2L-2Jets_MLL-50_TuneCP5_13p6TeV_amcatnloFXFX-pythia8/crab_Run3Summer22DRPremix-124X_mcRun3_2022_realistic_v12-v4/241117_152227/0000/mc_skimmed_data_238.root
19-Nov-2024 21:04:41 KST  Initiating request to open file file:///pnfs/knu.ac.kr/data/cms/store/user/wkwon/AnalysisResults/DYto2L-2Jets_MLL-50_TuneCP5_13p6TeV_amcatnloFXFX-pythia8/crab_Run3Summer22DRPremix-124X_mcRun3_2022_realistic_v12-v4/241117_152227/0000/mc_skimmed_data_73.root
19-Nov-2024 21:04:41 KST  Successfully opened file file:///pnfs/knu.ac.kr/data/cms/store/user/wkwon/AnalysisResults/DYto2L-2Jets_MLL-50_TuneCP5_13p6TeV_amcatnloFXFX-pythia8/crab_Run3Summer22DRPremix-124X_mcRun3_2022_realistic_v12-v4/241117_152227/0000/mc_skimmed_data_73.root
Begin processing the 2670001st record. Run 1, Event 46793195, LumiSection 24877 on stream 0 at 19-Nov-2024 21:04:58.469 KST
Begin processing the 2680001st record. Run 1, Event 217721127, LumiSection 115748 on stream 0 at 19-Nov-2024 21:05:10.249 KST
Begin processing the 2690001st record. Run 1, Event 52209880, LumiSection 27757 on stream 0 at 19-Nov-2024 21:05:20.242 KST
Begin processing the 2700001st record. Run 1, Event 49817340, LumiSection 26485 on stream 0 at 19-Nov-2024 21:05:30.254 KST
Begin processing the 2710001st record. Run 1, Event 49495721, LumiSection 26314 on stream 0 at 19-Nov-2024 21:05:40.472 KST
Begin processing the 2720001st record. Run 1, Event 50529789, LumiSection 26864 on stream 0 at 19-Nov-2024 21:05:50.794 KST
Begin processing the 2730001st record. Run 1, Event 46938934, LumiSection 24955 on stream 0 at 19-Nov-2024 21:06:02.800 KST
Begin processing the 2740001st record. Run 1, Event 47002953, LumiSection 24989 on stream 0 at 19-Nov-2024 21:06:12.780 KST
Begin processing the 2750001st record. Run 1, Event 47025649, LumiSection 25001 on stream 0 at 19-Nov-2024 21:06:23.879 KST
Begin processing the 2760001st record. Run 1, Event 47061397, LumiSection 25020 on stream 0 at 19-Nov-2024 21:06:34.366 KST
Begin processing the 2770001st record. Run 1, Event 47672043, LumiSection 25344 on stream 0 at 19-Nov-2024 21:06:47.389 KST
Begin processing the 2780001st record. Run 1, Event 47098196, LumiSection 25039 on stream 0 at 19-Nov-2024 21:06:59.587 KST
Begin processing the 2790001st record. Run 1, Event 47167422, LumiSection 25076 on stream 0 at 19-Nov-2024 21:07:13.819 KST
Begin processing the 2800001st record. Run 1, Event 47227594, LumiSection 25108 on stream 0 at 19-Nov-2024 21:07:26.452 KST
Begin processing the 2810001st record. Run 1, Event 47216065, LumiSection 25102 on stream 0 at 19-Nov-2024 21:07:38.406 KST
Begin processing the 2820001st record. Run 1, Event 47106733, LumiSection 25044 on stream 0 at 19-Nov-2024 21:07:50.527 KST
Begin processing the 2830001st record. Run 1, Event 47723864, LumiSection 25372 on stream 0 at 19-Nov-2024 21:08:02.147 KST
Begin processing the 2840001st record. Run 1, Event 47402163, LumiSection 25201 on stream 0 at 19-Nov-2024 21:08:13.267 KST
Begin processing the 2850001st record. Run 1, Event 47750055, LumiSection 25386 on stream 0 at 19-Nov-2024 21:08:25.077 KST
Begin processing the 2860001st record. Run 1, Event 48352351, LumiSection 25706 on stream 0 at 19-Nov-2024 21:08:34.859 KST
Begin processing the 2870001st record. Run 1, Event 58524479, LumiSection 31114 on stream 0 at 19-Nov-2024 21:08:44.406 KST
Begin processing the 2880001st record. Run 1, Event 216609413, LumiSection 115157 on stream 0 at 19-Nov-2024 21:08:54.951 KST
Begin processing the 2890001st record. Run 1, Event 47217792, LumiSection 25103 on stream 0 at 19-Nov-2024 21:09:06.332 KST
Begin processing the 2900001st record. Run 1, Event 47137033, LumiSection 25060 on stream 0 at 19-Nov-2024 21:09:17.042 KST
Begin processing the 2910001st record. Run 1, Event 48608001, LumiSection 25842 on stream 0 at 19-Nov-2024 21:09:29.613 KST
Begin processing the 2920001st record. Run 1, Event 47146544, LumiSection 25065 on stream 0 at 19-Nov-2024 21:09:44.795 KST
Begin processing the 2930001st record. Run 1, Event 60176007, LumiSection 31992 on stream 0 at 19-Nov-2024 21:09:57.324 KST
19-Nov-2024 21:10:03 KST  Closed file file:///pnfs/knu.ac.kr/data/cms/store/user/wkwon/AnalysisResults/DYto2L-2Jets_MLL-50_TuneCP5_13p6TeV_amcatnloFXFX-pythia8/crab_Run3Summer22DRPremix-124X_mcRun3_2022_realistic_v12-v4/241117_152227/0000/mc_skimmed_data_73.root
19-Nov-2024 21:10:03 KST  Initiating request to open file file:///pnfs/knu.ac.kr/data/cms/store/user/wkwon/AnalysisResults/DYto2L-2Jets_MLL-50_TuneCP5_13p6TeV_amcatnloFXFX-pythia8/crab_Run3Summer22DRPremix-124X_mcRun3_2022_realistic_v12-v4/241117_152227/0000/mc_skimmed_data_236.root
19-Nov-2024 21:10:03 KST  Successfully opened file file:///pnfs/knu.ac.kr/data/cms/store/user/wkwon/AnalysisResults/DYto2L-2Jets_MLL-50_TuneCP5_13p6TeV_amcatnloFXFX-pythia8/crab_Run3Summer22DRPremix-124X_mcRun3_2022_realistic_v12-v4/241117_152227/0000/mc_skimmed_data_236.root
Begin processing the 2940001st record. Run 1, Event 218232486, LumiSection 116020 on stream 0 at 19-Nov-2024 21:10:18.733 KST
Begin processing the 2950001st record. Run 1, Event 206781222, LumiSection 109932 on stream 0 at 19-Nov-2024 21:10:29.335 KST
Begin processing the 2960001st record. Run 1, Event 226606750, LumiSection 120472 on stream 0 at 19-Nov-2024 21:10:41.070 KST
Begin processing the 2970001st record. Run 1, Event 219157694, LumiSection 116512 on stream 0 at 19-Nov-2024 21:10:51.787 KST
Begin processing the 2980001st record. Run 1, Event 207360214, LumiSection 110240 on stream 0 at 19-Nov-2024 21:11:02.487 KST
Begin processing the 2990001st record. Run 1, Event 215625046, LumiSection 114634 on stream 0 at 19-Nov-2024 21:11:12.858 KST
Begin processing the 3000001st record. Run 1, Event 208284997, LumiSection 110731 on stream 0 at 19-Nov-2024 21:11:23.076 KST
Begin processing the 3010001st record. Run 1, Event 207385721, LumiSection 110253 on stream 0 at 19-Nov-2024 21:11:33.117 KST
Begin processing the 3020001st record. Run 1, Event 208907659, LumiSection 111063 on stream 0 at 19-Nov-2024 21:11:43.783 KST
Begin processing the 3030001st record. Run 1, Event 207694555, LumiSection 110418 on stream 0 at 19-Nov-2024 21:11:54.612 KST
Begin processing the 3040001st record. Run 1, Event 207662287, LumiSection 110400 on stream 0 at 19-Nov-2024 21:12:04.718 KST
Begin processing the 3050001st record. Run 1, Event 207713178, LumiSection 110427 on stream 0 at 19-Nov-2024 21:12:15.352 KST
Begin processing the 3060001st record. Run 1, Event 207526882, LumiSection 110328 on stream 0 at 19-Nov-2024 21:12:26.575 KST
Begin processing the 3070001st record. Run 1, Event 208640495, LumiSection 110920 on stream 0 at 19-Nov-2024 21:12:37.288 KST
Begin processing the 3080001st record. Run 1, Event 207961380, LumiSection 110559 on stream 0 at 19-Nov-2024 21:12:49.024 KST
Begin processing the 3090001st record. Run 1, Event 209962842, LumiSection 111623 on stream 0 at 19-Nov-2024 21:12:59.259 KST
Begin processing the 3100001st record. Run 1, Event 208318729, LumiSection 110749 on stream 0 at 19-Nov-2024 21:13:10.157 KST
Begin processing the 3110001st record. Run 1, Event 215477613, LumiSection 114555 on stream 0 at 19-Nov-2024 21:13:21.922 KST
Begin processing the 3120001st record. Run 1, Event 215707012, LumiSection 114677 on stream 0 at 19-Nov-2024 21:13:33.686 KST
Begin processing the 3130001st record. Run 1, Event 214717371, LumiSection 114151 on stream 0 at 19-Nov-2024 21:13:43.855 KST
Begin processing the 3140001st record. Run 1, Event 208222120, LumiSection 110698 on stream 0 at 19-Nov-2024 21:13:55.895 KST
Begin processing the 3150001st record. Run 1, Event 208280493, LumiSection 110729 on stream 0 at 19-Nov-2024 21:14:05.588 KST
Begin processing the 3160001st record. Run 1, Event 208877042, LumiSection 111046 on stream 0 at 19-Nov-2024 21:14:15.178 KST
Begin processing the 3170001st record. Run 1, Event 208128166, LumiSection 110648 on stream 0 at 19-Nov-2024 21:14:26.254 KST
Begin processing the 3180001st record. Run 1, Event 208067871, LumiSection 110616 on stream 0 at 19-Nov-2024 21:14:37.000 KST
Begin processing the 3190001st record. Run 1, Event 209928234, LumiSection 111605 on stream 0 at 19-Nov-2024 21:14:47.908 KST
Begin processing the 3200001st record. Run 1, Event 210108565, LumiSection 111701 on stream 0 at 19-Nov-2024 21:14:58.469 KST
19-Nov-2024 21:15:01 KST  Closed file file:///pnfs/knu.ac.kr/data/cms/store/user/wkwon/AnalysisResults/DYto2L-2Jets_MLL-50_TuneCP5_13p6TeV_amcatnloFXFX-pythia8/crab_Run3Summer22DRPremix-124X_mcRun3_2022_realistic_v12-v4/241117_152227/0000/mc_skimmed_data_236.root
19-Nov-2024 21:15:01 KST  Initiating request to open file file:///pnfs/knu.ac.kr/data/cms/store/user/wkwon/AnalysisResults/DYto2L-2Jets_MLL-50_TuneCP5_13p6TeV_amcatnloFXFX-pythia8/crab_Run3Summer22DRPremix-124X_mcRun3_2022_realistic_v12-v4/241117_152227/0000/mc_skimmed_data_25.root
19-Nov-2024 21:15:02 KST  Successfully opened file file:///pnfs/knu.ac.kr/data/cms/store/user/wkwon/AnalysisResults/DYto2L-2Jets_MLL-50_TuneCP5_13p6TeV_amcatnloFXFX-pythia8/crab_Run3Summer22DRPremix-124X_mcRun3_2022_realistic_v12-v4/241117_152227/0000/mc_skimmed_data_25.root
Begin processing the 3210001st record. Run 1, Event 12465747, LumiSection 6628 on stream 0 at 19-Nov-2024 21:15:19.472 KST
Begin processing the 3220001st record. Run 1, Event 62562553, LumiSection 33261 on stream 0 at 19-Nov-2024 21:15:30.838 KST
Begin processing the 3230001st record. Run 1, Event 62782206, LumiSection 33378 on stream 0 at 19-Nov-2024 21:15:41.966 KST
Begin processing the 3240001st record. Run 1, Event 12535115, LumiSection 6665 on stream 0 at 19-Nov-2024 21:15:53.025 KST
Begin processing the 3250001st record. Run 1, Event 12587682, LumiSection 6693 on stream 0 at 19-Nov-2024 21:16:03.669 KST
Begin processing the 3260001st record. Run 1, Event 65290943, LumiSection 34711 on stream 0 at 19-Nov-2024 21:16:15.069 KST
Begin processing the 3270001st record. Run 1, Event 179595289, LumiSection 95479 on stream 0 at 19-Nov-2024 21:16:26.109 KST
Begin processing the 3280001st record. Run 1, Event 63458296, LumiSection 33737 on stream 0 at 19-Nov-2024 21:16:36.307 KST
Begin processing the 3290001st record. Run 1, Event 66249604, LumiSection 35221 on stream 0 at 19-Nov-2024 21:16:47.186 KST
Begin processing the 3300001st record. Run 1, Event 73741645, LumiSection 39204 on stream 0 at 19-Nov-2024 21:16:58.011 KST
Begin processing the 3310001st record. Run 1, Event 64394996, LumiSection 34235 on stream 0 at 19-Nov-2024 21:17:09.438 KST
Begin processing the 3320001st record. Run 1, Event 66458526, LumiSection 35332 on stream 0 at 19-Nov-2024 21:17:21.002 KST
Begin processing the 3330001st record. Run 1, Event 12912009, LumiSection 6865 on stream 0 at 19-Nov-2024 21:17:31.724 KST
Begin processing the 3340001st record. Run 1, Event 62084939, LumiSection 33007 on stream 0 at 19-Nov-2024 21:17:42.508 KST
Begin processing the 3350001st record. Run 1, Event 62214717, LumiSection 33076 on stream 0 at 19-Nov-2024 21:17:53.475 KST
Begin processing the 3360001st record. Run 1, Event 12938213, LumiSection 6879 on stream 0 at 19-Nov-2024 21:18:04.242 KST
Begin processing the 3370001st record. Run 1, Event 65846670, LumiSection 35007 on stream 0 at 19-Nov-2024 21:18:15.577 KST
Begin processing the 3380001st record. Run 1, Event 13011044, LumiSection 6918 on stream 0 at 19-Nov-2024 21:18:26.673 KST
Begin processing the 3390001st record. Run 1, Event 13132872, LumiSection 6982 on stream 0 at 19-Nov-2024 21:18:37.314 KST
Begin processing the 3400001st record. Run 1, Event 63741241, LumiSection 33887 on stream 0 at 19-Nov-2024 21:18:48.154 KST
Begin processing the 3410001st record. Run 1, Event 67449051, LumiSection 35859 on stream 0 at 19-Nov-2024 21:18:58.867 KST
Begin processing the 3420001st record. Run 1, Event 173164898, LumiSection 92061 on stream 0 at 19-Nov-2024 21:19:09.212 KST
Begin processing the 3430001st record. Run 1, Event 104828121, LumiSection 55730 on stream 0 at 19-Nov-2024 21:19:21.434 KST
Begin processing the 3440001st record. Run 1, Event 13114105, LumiSection 6972 on stream 0 at 19-Nov-2024 21:19:32.420 KST
Begin processing the 3450001st record. Run 1, Event 66137648, LumiSection 35161 on stream 0 at 19-Nov-2024 21:19:42.130 KST
Begin processing the 3460001st record. Run 1, Event 71940511, LumiSection 38246 on stream 0 at 19-Nov-2024 21:19:52.209 KST
19-Nov-2024 21:20:02 KST  Closed file file:///pnfs/knu.ac.kr/data/cms/store/user/wkwon/AnalysisResults/DYto2L-2Jets_MLL-50_TuneCP5_13p6TeV_amcatnloFXFX-pythia8/crab_Run3Summer22DRPremix-124X_mcRun3_2022_realistic_v12-v4/241117_152227/0000/mc_skimmed_data_25.root
19-Nov-2024 21:20:02 KST  Initiating request to open file file:///pnfs/knu.ac.kr/data/cms/store/user/wkwon/AnalysisResults/DYto2L-2Jets_MLL-50_TuneCP5_13p6TeV_amcatnloFXFX-pythia8/crab_Run3Summer22DRPremix-124X_mcRun3_2022_realistic_v12-v4/241117_152227/0000/mc_skimmed_data_246.root
19-Nov-2024 21:20:02 KST  Successfully opened file file:///pnfs/knu.ac.kr/data/cms/store/user/wkwon/AnalysisResults/DYto2L-2Jets_MLL-50_TuneCP5_13p6TeV_amcatnloFXFX-pythia8/crab_Run3Summer22DRPremix-124X_mcRun3_2022_realistic_v12-v4/241117_152227/0000/mc_skimmed_data_246.root
Begin processing the 3470001st record. Run 1, Event 226754277, LumiSection 120550 on stream 0 at 19-Nov-2024 21:20:12.732 KST
Begin processing the 3480001st record. Run 1, Event 220531469, LumiSection 117242 on stream 0 at 19-Nov-2024 21:20:24.017 KST
Begin processing the 3490001st record. Run 1, Event 223308078, LumiSection 118718 on stream 0 at 19-Nov-2024 21:20:34.545 KST
Begin processing the 3500001st record. Run 1, Event 223242103, LumiSection 118683 on stream 0 at 19-Nov-2024 21:20:45.831 KST
Begin processing the 3510001st record. Run 1, Event 220711982, LumiSection 117338 on stream 0 at 19-Nov-2024 21:20:56.336 KST
Begin processing the 3520001st record. Run 1, Event 221657893, LumiSection 117841 on stream 0 at 19-Nov-2024 21:21:07.291 KST
Begin processing the 3530001st record. Run 1, Event 222207047, LumiSection 118133 on stream 0 at 19-Nov-2024 21:21:17.643 KST
Begin processing the 3540001st record. Run 1, Event 225500577, LumiSection 119884 on stream 0 at 19-Nov-2024 21:21:28.608 KST
Begin processing the 3550001st record. Run 1, Event 220747110, LumiSection 117357 on stream 0 at 19-Nov-2024 21:21:39.300 KST
Begin processing the 3560001st record. Run 1, Event 220566344, LumiSection 117261 on stream 0 at 19-Nov-2024 21:21:50.077 KST
Begin processing the 3570001st record. Run 1, Event 221405191, LumiSection 117707 on stream 0 at 19-Nov-2024 21:22:00.643 KST
