13-Nov-2024 11:14:39 KST  Initiating request to open file file:///pnfs/knu.ac.kr/data/cms/store/user/wkwon/AnalysisResults/Muon/crab_MuonSkimming_Run2022D/241108_143535/0000/skimmed_data_116.root
13-Nov-2024 11:14:41 KST  Successfully opened file file:///pnfs/knu.ac.kr/data/cms/store/user/wkwon/AnalysisResults/Muon/crab_MuonSkimming_Run2022D/241108_143535/0000/skimmed_data_116.root
Begin processing the 1st record. Run 357756, Event 216067283, LumiSection 132 on stream 0 at 13-Nov-2024 11:14:59.419 KST
Begin processing the 10001st record. Run 357756, Event 219504660, LumiSection 134 on stream 0 at 13-Nov-2024 11:15:16.634 KST
Begin processing the 20001st record. Run 357756, Event 221119351, LumiSection 135 on stream 0 at 13-Nov-2024 11:15:29.223 KST
Begin processing the 30001st record. Run 357756, Event 224947903, LumiSection 137 on stream 0 at 13-Nov-2024 11:15:42.080 KST
Begin processing the 40001st record. Run 357756, Event 227036380, LumiSection 138 on stream 0 at 13-Nov-2024 11:15:54.273 KST
Begin processing the 50001st record. Run 357756, Event 229357636, LumiSection 139 on stream 0 at 13-Nov-2024 11:16:05.191 KST
Begin processing the 60001st record. Run 357756, Event 232205310, LumiSection 141 on stream 0 at 13-Nov-2024 11:16:16.844 KST
Begin processing the 70001st record. Run 357756, Event 233084905, LumiSection 142 on stream 0 at 13-Nov-2024 11:16:28.145 KST
Begin processing the 80001st record. Run 357756, Event 235734947, LumiSection 143 on stream 0 at 13-Nov-2024 11:16:41.078 KST
Begin processing the 90001st record. Run 357756, Event 236813926, LumiSection 144 on stream 0 at 13-Nov-2024 11:16:52.963 KST
Begin processing the 100001st record. Run 357756, Event 239605761, LumiSection 145 on stream 0 at 13-Nov-2024 11:17:04.824 KST
Begin processing the 110001st record. Run 357756, Event 242240296, LumiSection 147 on stream 0 at 13-Nov-2024 11:17:17.061 KST
Begin processing the 120001st record. Run 357756, Event 243559986, LumiSection 148 on stream 0 at 13-Nov-2024 11:17:28.946 KST
Begin processing the 130001st record. Run 357756, Event 246248694, LumiSection 150 on stream 0 at 13-Nov-2024 11:17:40.917 KST
Begin processing the 140001st record. Run 357756, Event 248178927, LumiSection 151 on stream 0 at 13-Nov-2024 11:17:52.827 KST
Begin processing the 150001st record. Run 357756, Event 249699754, LumiSection 152 on stream 0 at 13-Nov-2024 11:18:04.766 KST
Begin processing the 160001st record. Run 357756, Event 252555522, LumiSection 154 on stream 0 at 13-Nov-2024 11:18:15.935 KST
Begin processing the 170001st record. Run 357756, Event 254750706, LumiSection 155 on stream 0 at 13-Nov-2024 11:18:28.370 KST
Begin processing the 180001st record. Run 357756, Event 259246966, LumiSection 158 on stream 0 at 13-Nov-2024 11:18:39.316 KST
Begin processing the 190001st record. Run 357756, Event 258622316, LumiSection 157 on stream 0 at 13-Nov-2024 11:18:51.011 KST
Begin processing the 200001st record. Run 357756, Event 272005744, LumiSection 165 on stream 0 at 13-Nov-2024 11:19:04.211 KST
Begin processing the 210001st record. Run 357756, Event 274606655, LumiSection 167 on stream 0 at 13-Nov-2024 11:19:17.435 KST
Begin processing the 220001st record. Run 357756, Event 264821365, LumiSection 161 on stream 0 at 13-Nov-2024 11:19:30.265 KST
Begin processing the 230001st record. Run 357756, Event 281142183, LumiSection 171 on stream 0 at 13-Nov-2024 11:19:42.173 KST
Begin processing the 240001st record. Run 357756, Event 266292272, LumiSection 162 on stream 0 at 13-Nov-2024 11:19:54.337 KST
Begin processing the 250001st record. Run 357756, Event 268828406, LumiSection 163 on stream 0 at 13-Nov-2024 11:20:06.442 KST
Begin processing the 260001st record. Run 357756, Event 270414095, LumiSection 164 on stream 0 at 13-Nov-2024 11:20:18.281 KST
Begin processing the 270001st record. Run 357756, Event 276983478, LumiSection 168 on stream 0 at 13-Nov-2024 11:20:30.064 KST
Begin processing the 280001st record. Run 357756, Event 315485797, LumiSection 192 on stream 0 at 13-Nov-2024 11:20:41.752 KST
Begin processing the 290001st record. Run 357756, Event 277471382, LumiSection 169 on stream 0 at 13-Nov-2024 11:20:52.256 KST
Begin processing the 300001st record. Run 357756, Event 282120630, LumiSection 172 on stream 0 at 13-Nov-2024 11:21:07.586 KST
Begin processing the 310001st record. Run 357756, Event 308074396, LumiSection 187 on stream 0 at 13-Nov-2024 11:21:23.221 KST
13-Nov-2024 11:21:35 KST  Closed file file:///pnfs/knu.ac.kr/data/cms/store/user/wkwon/AnalysisResults/Muon/crab_MuonSkimming_Run2022D/241108_143535/0000/skimmed_data_116.root
13-Nov-2024 11:21:35 KST  Initiating request to open file file:///pnfs/knu.ac.kr/data/cms/store/user/wkwon/AnalysisResults/Muon/crab_MuonSkimming_Run2022D/241108_143535/0000/skimmed_data_117.root
13-Nov-2024 11:21:35 KST  Successfully opened file file:///pnfs/knu.ac.kr/data/cms/store/user/wkwon/AnalysisResults/Muon/crab_MuonSkimming_Run2022D/241108_143535/0000/skimmed_data_117.root
Begin processing the 320001st record. Run 357756, Event 284129400, LumiSection 173 on stream 0 at 13-Nov-2024 11:21:39.302 KST
Begin processing the 330001st record. Run 357756, Event 311610389, LumiSection 189 on stream 0 at 13-Nov-2024 11:21:50.411 KST
Begin processing the 340001st record. Run 357756, Event 286496891, LumiSection 174 on stream 0 at 13-Nov-2024 11:22:01.214 KST
Begin processing the 350001st record. Run 357756, Event 288053619, LumiSection 175 on stream 0 at 13-Nov-2024 11:22:12.253 KST
Begin processing the 360001st record. Run 357756, Event 289694247, LumiSection 176 on stream 0 at 13-Nov-2024 11:22:24.125 KST
Begin processing the 370001st record. Run 357756, Event 294649711, LumiSection 179 on stream 0 at 13-Nov-2024 11:22:35.150 KST
Begin processing the 380001st record. Run 357756, Event 296803367, LumiSection 180 on stream 0 at 13-Nov-2024 11:22:45.852 KST
Begin processing the 390001st record. Run 357756, Event 298602509, LumiSection 181 on stream 0 at 13-Nov-2024 11:22:56.810 KST
Begin processing the 400001st record. Run 357756, Event 300192751, LumiSection 182 on stream 0 at 13-Nov-2024 11:23:07.751 KST
Begin processing the 410001st record. Run 357756, Event 301592719, LumiSection 183 on stream 0 at 13-Nov-2024 11:23:18.712 KST
Begin processing the 420001st record. Run 357756, Event 304993324, LumiSection 185 on stream 0 at 13-Nov-2024 11:23:31.387 KST
Begin processing the 430001st record. Run 357756, Event 305572551, LumiSection 186 on stream 0 at 13-Nov-2024 11:23:42.166 KST
Begin processing the 440001st record. Run 357756, Event 310053739, LumiSection 188 on stream 0 at 13-Nov-2024 11:23:53.150 KST
Begin processing the 450001st record. Run 357756, Event 433959883, LumiSection 265 on stream 0 at 13-Nov-2024 11:24:04.217 KST
Begin processing the 460001st record. Run 357756, Event 532136856, LumiSection 327 on stream 0 at 13-Nov-2024 11:24:15.149 KST
Begin processing the 470001st record. Run 357756, Event 313140786, LumiSection 190 on stream 0 at 13-Nov-2024 11:24:26.349 KST
Begin processing the 480001st record. Run 357756, Event 317405223, LumiSection 193 on stream 0 at 13-Nov-2024 11:24:38.581 KST
Begin processing the 490001st record. Run 357756, Event 318665407, LumiSection 194 on stream 0 at 13-Nov-2024 11:24:49.810 KST
Begin processing the 500001st record. Run 357756, Event 321505736, LumiSection 195 on stream 0 at 13-Nov-2024 11:25:00.678 KST
Begin processing the 510001st record. Run 357756, Event 323649002, LumiSection 197 on stream 0 at 13-Nov-2024 11:25:12.130 KST
Begin processing the 520001st record. Run 357756, Event 339456916, LumiSection 206 on stream 0 at 13-Nov-2024 11:25:23.180 KST
Begin processing the 530001st record. Run 357756, Event 349248642, LumiSection 212 on stream 0 at 13-Nov-2024 11:25:34.123 KST
Begin processing the 540001st record. Run 357756, Event 324960998, LumiSection 198 on stream 0 at 13-Nov-2024 11:25:49.409 KST
Begin processing the 550001st record. Run 357756, Event 327051544, LumiSection 199 on stream 0 at 13-Nov-2024 11:26:00.157 KST
Begin processing the 560001st record. Run 357756, Event 328380345, LumiSection 200 on stream 0 at 13-Nov-2024 11:26:11.758 KST
Begin processing the 570001st record. Run 357756, Event 332414029, LumiSection 202 on stream 0 at 13-Nov-2024 11:26:22.971 KST
Begin processing the 580001st record. Run 357756, Event 334486997, LumiSection 203 on stream 0 at 13-Nov-2024 11:26:33.582 KST
Begin processing the 590001st record. Run 357756, Event 335843995, LumiSection 204 on stream 0 at 13-Nov-2024 11:26:50.263 KST
Begin processing the 600001st record. Run 357756, Event 337531624, LumiSection 205 on stream 0 at 13-Nov-2024 11:27:00.949 KST
Begin processing the 610001st record. Run 357756, Event 341153122, LumiSection 208 on stream 0 at 13-Nov-2024 11:27:11.395 KST
Begin processing the 620001st record. Run 357756, Event 343258084, LumiSection 209 on stream 0 at 13-Nov-2024 11:27:22.543 KST
Begin processing the 630001st record. Run 357756, Event 345400430, LumiSection 210 on stream 0 at 13-Nov-2024 11:27:33.238 KST
Begin processing the 640001st record. Run 357756, Event 355109325, LumiSection 216 on stream 0 at 13-Nov-2024 11:27:44.189 KST
13-Nov-2024 11:27:45 KST  Closed file file:///pnfs/knu.ac.kr/data/cms/store/user/wkwon/AnalysisResults/Muon/crab_MuonSkimming_Run2022D/241108_143535/0000/skimmed_data_117.root
13-Nov-2024 11:27:45 KST  Initiating request to open file file:///pnfs/knu.ac.kr/data/cms/store/user/wkwon/AnalysisResults/Muon/crab_MuonSkimming_Run2022D/241108_143535/0000/skimmed_data_111.root
13-Nov-2024 11:27:45 KST  Successfully opened file file:///pnfs/knu.ac.kr/data/cms/store/user/wkwon/AnalysisResults/Muon/crab_MuonSkimming_Run2022D/241108_143535/0000/skimmed_data_111.root
Begin processing the 650001st record. Run 357754, Event 86739724, LumiSection 79 on stream 0 at 13-Nov-2024 11:28:01.031 KST
Begin processing the 660001st record. Run 357754, Event 89647444, LumiSection 81 on stream 0 at 13-Nov-2024 11:28:11.724 KST
Begin processing the 670001st record. Run 357754, Event 93896904, LumiSection 83 on stream 0 at 13-Nov-2024 11:28:22.265 KST
Begin processing the 680001st record. Run 357754, Event 96125172, LumiSection 84 on stream 0 at 13-Nov-2024 11:28:32.883 KST
Begin processing the 690001st record. Run 357754, Event 97849403, LumiSection 85 on stream 0 at 13-Nov-2024 11:28:43.085 KST
Begin processing the 700001st record. Run 357754, Event 101364740, LumiSection 87 on stream 0 at 13-Nov-2024 11:29:00.563 KST
Begin processing the 710001st record. Run 357754, Event 102850172, LumiSection 88 on stream 0 at 13-Nov-2024 11:29:12.192 KST
Begin processing the 720001st record. Run 357754, Event 103423747, LumiSection 89 on stream 0 at 13-Nov-2024 11:29:23.856 KST
Begin processing the 730001st record. Run 357754, Event 107262529, LumiSection 91 on stream 0 at 13-Nov-2024 11:29:35.364 KST
Begin processing the 740001st record. Run 357754, Event 108973034, LumiSection 92 on stream 0 at 13-Nov-2024 11:29:47.241 KST
Begin processing the 750001st record. Run 357754, Event 113215846, LumiSection 94 on stream 0 at 13-Nov-2024 11:29:58.390 KST
Begin processing the 760001st record. Run 357754, Event 114897731, LumiSection 95 on stream 0 at 13-Nov-2024 11:30:09.186 KST
Begin processing the 770001st record. Run 357754, Event 116363556, LumiSection 96 on stream 0 at 13-Nov-2024 11:30:20.495 KST
Begin processing the 780001st record. Run 357754, Event 119535746, LumiSection 98 on stream 0 at 13-Nov-2024 11:30:31.571 KST
Begin processing the 790001st record. Run 357754, Event 121902801, LumiSection 99 on stream 0 at 13-Nov-2024 11:30:44.266 KST
Begin processing the 800001st record. Run 357754, Event 124869128, LumiSection 101 on stream 0 at 13-Nov-2024 11:30:55.784 KST
Begin processing the 810001st record. Run 357754, Event 126322978, LumiSection 102 on stream 0 at 13-Nov-2024 11:31:07.498 KST
Begin processing the 820001st record. Run 357754, Event 127662519, LumiSection 103 on stream 0 at 13-Nov-2024 11:31:19.430 KST
Begin processing the 830001st record. Run 357754, Event 131446355, LumiSection 105 on stream 0 at 13-Nov-2024 11:31:30.637 KST
Begin processing the 840001st record. Run 357754, Event 133900087, LumiSection 106 on stream 0 at 13-Nov-2024 11:31:42.077 KST
Begin processing the 850001st record. Run 357754, Event 135533807, LumiSection 107 on stream 0 at 13-Nov-2024 11:31:54.315 KST
Begin processing the 860001st record. Run 357754, Event 138101736, LumiSection 109 on stream 0 at 13-Nov-2024 11:32:06.339 KST
Begin processing the 870001st record. Run 357754, Event 140765249, LumiSection 110 on stream 0 at 13-Nov-2024 11:32:19.946 KST
Begin processing the 880001st record. Run 357754, Event 143055347, LumiSection 111 on stream 0 at 13-Nov-2024 11:32:32.350 KST
Begin processing the 890001st record. Run 357754, Event 146778645, LumiSection 113 on stream 0 at 13-Nov-2024 11:32:45.025 KST
Begin processing the 900001st record. Run 357754, Event 153032463, LumiSection 117 on stream 0 at 13-Nov-2024 11:32:59.844 KST
Begin processing the 910001st record. Run 357754, Event 154758644, LumiSection 118 on stream 0 at 13-Nov-2024 11:33:12.629 KST
Begin processing the 920001st record. Run 357754, Event 147574623, LumiSection 114 on stream 0 at 13-Nov-2024 11:33:28.047 KST
Begin processing the 930001st record. Run 357754, Event 149179386, LumiSection 115 on stream 0 at 13-Nov-2024 11:33:40.976 KST
Begin processing the 940001st record. Run 357754, Event 158145582, LumiSection 120 on stream 0 at 13-Nov-2024 11:33:54.021 KST
Begin processing the 950001st record. Run 357754, Event 151775546, LumiSection 116 on stream 0 at 13-Nov-2024 11:34:07.610 KST
Begin processing the 960001st record. Run 357754, Event 155458991, LumiSection 119 on stream 0 at 13-Nov-2024 11:34:21.456 KST
13-Nov-2024 11:34:26 KST  Closed file file:///pnfs/knu.ac.kr/data/cms/store/user/wkwon/AnalysisResults/Muon/crab_MuonSkimming_Run2022D/241108_143535/0000/skimmed_data_111.root
13-Nov-2024 11:34:26 KST  Initiating request to open file file:///pnfs/knu.ac.kr/data/cms/store/user/wkwon/AnalysisResults/Muon/crab_MuonSkimming_Run2022D/241108_143535/0000/skimmed_data_165.root
13-Nov-2024 11:34:26 KST  Successfully opened file file:///pnfs/knu.ac.kr/data/cms/store/user/wkwon/AnalysisResults/Muon/crab_MuonSkimming_Run2022D/241108_143535/0000/skimmed_data_165.root
Begin processing the 970001st record. Run 357814, Event 330501630, LumiSection 195 on stream 0 at 13-Nov-2024 11:34:35.787 KST
Begin processing the 980001st record. Run 357814, Event 335493286, LumiSection 198 on stream 0 at 13-Nov-2024 11:34:44.748 KST
Begin processing the 990001st record. Run 357814, Event 339185410, LumiSection 200 on stream 0 at 13-Nov-2024 11:34:53.692 KST
Begin processing the 1000001st record. Run 357814, Event 341908492, LumiSection 202 on stream 0 at 13-Nov-2024 11:35:02.269 KST
Begin processing the 1010001st record. Run 357814, Event 343632075, LumiSection 203 on stream 0 at 13-Nov-2024 11:35:10.372 KST
Begin processing the 1020001st record. Run 357814, Event 346308425, LumiSection 205 on stream 0 at 13-Nov-2024 11:35:18.395 KST
Begin processing the 1030001st record. Run 357814, Event 350482941, LumiSection 207 on stream 0 at 13-Nov-2024 11:35:28.930 KST
Begin processing the 1040001st record. Run 357814, Event 353226032, LumiSection 209 on stream 0 at 13-Nov-2024 11:35:37.311 KST
Begin processing the 1050001st record. Run 357814, Event 357049076, LumiSection 211 on stream 0 at 13-Nov-2024 11:35:45.595 KST
Begin processing the 1060001st record. Run 357815, Event 2390425, LumiSection 2 on stream 0 at 13-Nov-2024 11:35:53.635 KST
Begin processing the 1070001st record. Run 357815, Event 8508268, LumiSection 6 on stream 0 at 13-Nov-2024 11:36:02.469 KST
Begin processing the 1080001st record. Run 357815, Event 3971793, LumiSection 3 on stream 0 at 13-Nov-2024 11:36:10.627 KST
Begin processing the 1090001st record. Run 357815, Event 12925453, LumiSection 8 on stream 0 at 13-Nov-2024 11:36:18.984 KST
Begin processing the 1100001st record. Run 357815, Event 18963026, LumiSection 13 on stream 0 at 13-Nov-2024 11:36:27.808 KST
Begin processing the 1110001st record. Run 357815, Event 17155389, LumiSection 11 on stream 0 at 13-Nov-2024 11:36:36.436 KST
Begin processing the 1120001st record. Run 357815, Event 20703015, LumiSection 14 on stream 0 at 13-Nov-2024 11:36:45.090 KST
Begin processing the 1130001st record. Run 357815, Event 22912473, LumiSection 15 on stream 0 at 13-Nov-2024 11:36:53.795 KST
Begin processing the 1140001st record. Run 357815, Event 31373192, LumiSection 20 on stream 0 at 13-Nov-2024 11:37:02.249 KST
Begin processing the 1150001st record. Run 357815, Event 40718833, LumiSection 26 on stream 0 at 13-Nov-2024 11:37:10.960 KST
Begin processing the 1160001st record. Run 357815, Event 29224133, LumiSection 19 on stream 0 at 13-Nov-2024 11:37:19.001 KST
Begin processing the 1170001st record. Run 357815, Event 36880289, LumiSection 23 on stream 0 at 13-Nov-2024 11:37:26.876 KST
Begin processing the 1180001st record. Run 357815, Event 38991768, LumiSection 25 on stream 0 at 13-Nov-2024 11:37:34.771 KST
Begin processing the 1190001st record. Run 357815, Event 45859331, LumiSection 29 on stream 0 at 13-Nov-2024 11:37:42.850 KST
Begin processing the 1200001st record. Run 357815, Event 51460186, LumiSection 32 on stream 0 at 13-Nov-2024 11:37:50.851 KST
Begin processing the 1210001st record. Run 357815, Event 47999805, LumiSection 30 on stream 0 at 13-Nov-2024 11:37:59.026 KST
Begin processing the 1220001st record. Run 357815, Event 55253211, LumiSection 35 on stream 0 at 13-Nov-2024 11:38:07.232 KST
Begin processing the 1230001st record. Run 357815, Event 54112762, LumiSection 34 on stream 0 at 13-Nov-2024 11:38:15.462 KST
Begin processing the 1240001st record. Run 357815, Event 58605891, LumiSection 37 on stream 0 at 13-Nov-2024 11:38:23.740 KST
Begin processing the 1250001st record. Run 357815, Event 68640034, LumiSection 43 on stream 0 at 13-Nov-2024 11:38:31.649 KST
Begin processing the 1260001st record. Run 357815, Event 64783677, LumiSection 41 on stream 0 at 13-Nov-2024 11:38:39.624 KST
Begin processing the 1270001st record. Run 357815, Event 78518557, LumiSection 49 on stream 0 at 13-Nov-2024 11:38:48.741 KST
Begin processing the 1280001st record. Run 357815, Event 71938353, LumiSection 45 on stream 0 at 13-Nov-2024 11:38:56.980 KST
13-Nov-2024 11:39:01 KST  Closed file file:///pnfs/knu.ac.kr/data/cms/store/user/wkwon/AnalysisResults/Muon/crab_MuonSkimming_Run2022D/241108_143535/0000/skimmed_data_165.root
13-Nov-2024 11:39:01 KST  Initiating request to open file file:///pnfs/knu.ac.kr/data/cms/store/user/wkwon/AnalysisResults/Muon/crab_MuonSkimming_Run2022D/241108_143535/0000/skimmed_data_5.root
13-Nov-2024 11:39:04 KST  Successfully opened file file:///pnfs/knu.ac.kr/data/cms/store/user/wkwon/AnalysisResults/Muon/crab_MuonSkimming_Run2022D/241108_143535/0000/skimmed_data_5.root
Begin processing the 1290001st record. Run 357542, Event 121268879, LumiSection 72 on stream 0 at 13-Nov-2024 11:39:16.034 KST
Begin processing the 1300001st record. Run 357542, Event 123731165, LumiSection 73 on stream 0 at 13-Nov-2024 11:39:27.629 KST
Begin processing the 1310001st record. Run 357542, Event 125519054, LumiSection 74 on stream 0 at 13-Nov-2024 11:39:40.145 KST
Begin processing the 1320001st record. Run 357542, Event 128718916, LumiSection 76 on stream 0 at 13-Nov-2024 11:39:52.176 KST
Begin processing the 1330001st record. Run 357542, Event 129854729, LumiSection 77 on stream 0 at 13-Nov-2024 11:40:03.653 KST
Begin processing the 1340001st record. Run 357542, Event 132727221, LumiSection 78 on stream 0 at 13-Nov-2024 11:40:15.702 KST
Begin processing the 1350001st record. Run 357542, Event 133561225, LumiSection 79 on stream 0 at 13-Nov-2024 11:40:27.856 KST
Begin processing the 1360001st record. Run 357542, Event 142226438, LumiSection 83 on stream 0 at 13-Nov-2024 11:40:39.741 KST
Begin processing the 1370001st record. Run 357542, Event 142502451, LumiSection 84 on stream 0 at 13-Nov-2024 11:40:51.455 KST
Begin processing the 1380001st record. Run 357542, Event 144172904, LumiSection 85 on stream 0 at 13-Nov-2024 11:41:03.650 KST
Begin processing the 1390001st record. Run 357542, Event 145933202, LumiSection 86 on stream 0 at 13-Nov-2024 11:41:15.930 KST
Begin processing the 1400001st record. Run 357542, Event 150735646, LumiSection 88 on stream 0 at 13-Nov-2024 11:41:27.634 KST
Begin processing the 1410001st record. Run 357542, Event 152343665, LumiSection 89 on stream 0 at 13-Nov-2024 11:41:39.839 KST
Begin processing the 1420001st record. Run 357542, Event 153277347, LumiSection 90 on stream 0 at 13-Nov-2024 11:41:51.558 KST
Begin processing the 1430001st record. Run 357542, Event 154546854, LumiSection 91 on stream 0 at 13-Nov-2024 11:42:04.126 KST
Begin processing the 1440001st record. Run 357542, Event 158632336, LumiSection 93 on stream 0 at 13-Nov-2024 11:42:16.264 KST
Begin processing the 1450001st record. Run 357542, Event 159714655, LumiSection 94 on stream 0 at 13-Nov-2024 11:42:27.702 KST
Begin processing the 1460001st record. Run 357542, Event 161561831, LumiSection 95 on stream 0 at 13-Nov-2024 11:42:39.450 KST
Begin processing the 1470001st record. Run 357542, Event 164064505, LumiSection 96 on stream 0 at 13-Nov-2024 11:42:51.946 KST
Begin processing the 1480001st record. Run 357542, Event 164723052, LumiSection 97 on stream 0 at 13-Nov-2024 11:43:06.938 KST
Begin processing the 1490001st record. Run 357542, Event 169434841, LumiSection 99 on stream 0 at 13-Nov-2024 11:43:19.052 KST
Begin processing the 1500001st record. Run 357542, Event 170607238, LumiSection 100 on stream 0 at 13-Nov-2024 11:43:31.093 KST
Begin processing the 1510001st record. Run 357542, Event 172270794, LumiSection 101 on stream 0 at 13-Nov-2024 11:43:42.638 KST
Begin processing the 1520001st record. Run 357542, Event 173501468, LumiSection 102 on stream 0 at 13-Nov-2024 11:43:54.723 KST
Begin processing the 1530001st record. Run 357542, Event 176418512, LumiSection 103 on stream 0 at 13-Nov-2024 11:44:09.219 KST
Begin processing the 1540001st record. Run 357542, Event 182886997, LumiSection 107 on stream 0 at 13-Nov-2024 11:44:21.059 KST
Begin processing the 1550001st record. Run 357542, Event 184821241, LumiSection 108 on stream 0 at 13-Nov-2024 11:44:32.781 KST
Begin processing the 1560001st record. Run 357542, Event 193987931, LumiSection 113 on stream 0 at 13-Nov-2024 11:44:45.224 KST
Begin processing the 1570001st record. Run 357542, Event 196034626, LumiSection 114 on stream 0 at 13-Nov-2024 11:44:57.254 KST
Begin processing the 1580001st record. Run 357542, Event 196268908, LumiSection 115 on stream 0 at 13-Nov-2024 11:45:09.052 KST
Begin processing the 1590001st record. Run 357542, Event 203254446, LumiSection 118 on stream 0 at 13-Nov-2024 11:45:21.808 KST
Begin processing the 1600001st record. Run 357542, Event 203421527, LumiSection 119 on stream 0 at 13-Nov-2024 11:45:33.224 KST
13-Nov-2024 11:45:40 KST  Closed file file:///pnfs/knu.ac.kr/data/cms/store/user/wkwon/AnalysisResults/Muon/crab_MuonSkimming_Run2022D/241108_143535/0000/skimmed_data_5.root
13-Nov-2024 11:45:40 KST  Initiating request to open file file:///pnfs/knu.ac.kr/data/cms/store/user/wkwon/AnalysisResults/Muon/crab_MuonSkimming_Run2022D/241108_143535/0000/skimmed_data_152.root
13-Nov-2024 11:45:42 KST  Successfully opened file file:///pnfs/knu.ac.kr/data/cms/store/user/wkwon/AnalysisResults/Muon/crab_MuonSkimming_Run2022D/241108_143535/0000/skimmed_data_152.root
Begin processing the 1610001st record. Run 357807, Event 207808192, LumiSection 136 on stream 0 at 13-Nov-2024 11:45:50.570 KST
Begin processing the 1620001st record. Run 357807, Event 208644279, LumiSection 137 on stream 0 at 13-Nov-2024 11:46:01.865 KST
Begin processing the 1630001st record. Run 357807, Event 212437488, LumiSection 139 on stream 0 at 13-Nov-2024 11:46:11.505 KST
Begin processing the 1640001st record. Run 357807, Event 213178232, LumiSection 140 on stream 0 at 13-Nov-2024 11:46:22.151 KST
Begin processing the 1650001st record. Run 357807, Event 216067320, LumiSection 142 on stream 0 at 13-Nov-2024 11:46:32.359 KST
Begin processing the 1660001st record. Run 357807, Event 218298147, LumiSection 143 on stream 0 at 13-Nov-2024 11:46:43.325 KST
Begin processing the 1670001st record. Run 357807, Event 234069533, LumiSection 153 on stream 0 at 13-Nov-2024 11:46:53.027 KST
Begin processing the 1680001st record. Run 357807, Event 257299091, LumiSection 168 on stream 0 at 13-Nov-2024 11:47:02.496 KST
Begin processing the 1690001st record. Run 357807, Event 218767904, LumiSection 144 on stream 0 at 13-Nov-2024 11:47:11.977 KST
Begin processing the 1700001st record. Run 357807, Event 230960706, LumiSection 152 on stream 0 at 13-Nov-2024 11:47:21.347 KST
Begin processing the 1710001st record. Run 357807, Event 235336430, LumiSection 154 on stream 0 at 13-Nov-2024 11:47:31.793 KST
Begin processing the 1720001st record. Run 357807, Event 222252185, LumiSection 146 on stream 0 at 13-Nov-2024 11:47:41.561 KST
Begin processing the 1730001st record. Run 357807, Event 226185637, LumiSection 149 on stream 0 at 13-Nov-2024 11:47:51.169 KST
Begin processing the 1740001st record. Run 357807, Event 230642539, LumiSection 151 on stream 0 at 13-Nov-2024 11:48:00.751 KST
Begin processing the 1750001st record. Run 357807, Event 229041227, LumiSection 150 on stream 0 at 13-Nov-2024 11:48:10.455 KST
Begin processing the 1760001st record. Run 357807, Event 256359359, LumiSection 167 on stream 0 at 13-Nov-2024 11:48:20.118 KST
Begin processing the 1770001st record. Run 357807, Event 236497426, LumiSection 155 on stream 0 at 13-Nov-2024 11:48:31.066 KST
Begin processing the 1780001st record. Run 357807, Event 253829105, LumiSection 165 on stream 0 at 13-Nov-2024 11:48:40.567 KST
Begin processing the 1790001st record. Run 357807, Event 337659306, LumiSection 217 on stream 0 at 13-Nov-2024 11:48:52.015 KST
Begin processing the 1800001st record. Run 357807, Event 239906636, LumiSection 157 on stream 0 at 13-Nov-2024 11:49:01.511 KST
Begin processing the 1810001st record. Run 357807, Event 242149167, LumiSection 158 on stream 0 at 13-Nov-2024 11:49:12.068 KST
Begin processing the 1820001st record. Run 357807, Event 245467712, LumiSection 160 on stream 0 at 13-Nov-2024 11:49:22.431 KST
Begin processing the 1830001st record. Run 357807, Event 246663402, LumiSection 161 on stream 0 at 13-Nov-2024 11:49:35.637 KST
Begin processing the 1840001st record. Run 357807, Event 249406257, LumiSection 163 on stream 0 at 13-Nov-2024 11:49:45.844 KST
Begin processing the 1850001st record. Run 357807, Event 259176821, LumiSection 169 on stream 0 at 13-Nov-2024 11:49:56.802 KST
Begin processing the 1860001st record. Run 357807, Event 261578435, LumiSection 170 on stream 0 at 13-Nov-2024 11:50:07.419 KST
Begin processing the 1870001st record. Run 357807, Event 265270363, LumiSection 172 on stream 0 at 13-Nov-2024 11:50:17.612 KST
Begin processing the 1880001st record. Run 357807, Event 265875715, LumiSection 173 on stream 0 at 13-Nov-2024 11:50:27.812 KST
Begin processing the 1890001st record. Run 357807, Event 269034332, LumiSection 175 on stream 0 at 13-Nov-2024 11:50:37.870 KST
Begin processing the 1900001st record. Run 357807, Event 271603436, LumiSection 176 on stream 0 at 13-Nov-2024 11:50:48.239 KST
Begin processing the 1910001st record. Run 357807, Event 276489815, LumiSection 179 on stream 0 at 13-Nov-2024 11:50:58.263 KST
Begin processing the 1920001st record. Run 357807, Event 277569985, LumiSection 180 on stream 0 at 13-Nov-2024 11:51:08.522 KST
13-Nov-2024 11:51:11 KST  Closed file file:///pnfs/knu.ac.kr/data/cms/store/user/wkwon/AnalysisResults/Muon/crab_MuonSkimming_Run2022D/241108_143535/0000/skimmed_data_152.root
13-Nov-2024 11:51:11 KST  Initiating request to open file file:///pnfs/knu.ac.kr/data/cms/store/user/wkwon/AnalysisResults/Muon/crab_MuonSkimming_Run2022D/241108_143535/0000/skimmed_data_42.root
13-Nov-2024 11:51:12 KST  Successfully opened file file:///pnfs/knu.ac.kr/data/cms/store/user/wkwon/AnalysisResults/Muon/crab_MuonSkimming_Run2022D/241108_143535/0000/skimmed_data_42.root
Begin processing the 1930001st record. Run 357688, Event 614058146, LumiSection 354 on stream 0 at 13-Nov-2024 11:51:27.963 KST
Begin processing the 1940001st record. Run 357688, Event 622618055, LumiSection 359 on stream 0 at 13-Nov-2024 11:51:39.099 KST
Begin processing the 1950001st record. Run 357688, Event 624225769, LumiSection 360 on stream 0 at 13-Nov-2024 11:51:49.574 KST
Begin processing the 1960001st record. Run 357688, Event 627585408, LumiSection 361 on stream 0 at 13-Nov-2024 11:52:00.484 KST
Begin processing the 1970001st record. Run 357688, Event 631054974, LumiSection 363 on stream 0 at 13-Nov-2024 11:52:11.527 KST
Begin processing the 1980001st record. Run 357688, Event 631935398, LumiSection 364 on stream 0 at 13-Nov-2024 11:52:21.699 KST
Begin processing the 1990001st record. Run 357688, Event 635487908, LumiSection 366 on stream 0 at 13-Nov-2024 11:52:31.807 KST
Begin processing the 2000001st record. Run 357688, Event 637307356, LumiSection 367 on stream 0 at 13-Nov-2024 11:52:42.030 KST
Begin processing the 2010001st record. Run 357688, Event 639844351, LumiSection 368 on stream 0 at 13-Nov-2024 11:52:52.196 KST
Begin processing the 2020001st record. Run 357688, Event 643237857, LumiSection 370 on stream 0 at 13-Nov-2024 11:53:02.955 KST
Begin processing the 2030001st record. Run 357688, Event 645064457, LumiSection 371 on stream 0 at 13-Nov-2024 11:53:13.411 KST
Begin processing the 2040001st record. Run 357688, Event 647203821, LumiSection 372 on stream 0 at 13-Nov-2024 11:53:23.422 KST
Begin processing the 2050001st record. Run 357688, Event 651296645, LumiSection 374 on stream 0 at 13-Nov-2024 11:53:33.855 KST
Begin processing the 2060001st record. Run 357688, Event 652414016, LumiSection 375 on stream 0 at 13-Nov-2024 11:53:44.874 KST
Begin processing the 2070001st record. Run 357688, Event 653861096, LumiSection 376 on stream 0 at 13-Nov-2024 11:53:57.354 KST
Begin processing the 2080001st record. Run 357688, Event 658717927, LumiSection 378 on stream 0 at 13-Nov-2024 11:54:07.967 KST
Begin processing the 2090001st record. Run 357688, Event 659714165, LumiSection 379 on stream 0 at 13-Nov-2024 11:54:18.311 KST
Begin processing the 2100001st record. Run 357696, Event 5410827, LumiSection 36 on stream 0 at 13-Nov-2024 11:54:28.433 KST
Begin processing the 2110001st record. Run 357696, Event 8022537, LumiSection 38 on stream 0 at 13-Nov-2024 11:54:37.414 KST
Begin processing the 2120001st record. Run 357696, Event 9395558, LumiSection 39 on stream 0 at 13-Nov-2024 11:54:46.445 KST
Begin processing the 2130001st record. Run 357696, Event 140946512, LumiSection 125 on stream 0 at 13-Nov-2024 11:54:54.232 KST
Begin processing the 2140001st record. Run 357696, Event 375225593, LumiSection 267 on stream 0 at 13-Nov-2024 11:55:02.363 KST
Begin processing the 2150001st record. Run 357696, Event 11384136, LumiSection 40 on stream 0 at 13-Nov-2024 11:55:12.791 KST
Begin processing the 2160001st record. Run 357696, Event 14755519, LumiSection 42 on stream 0 at 13-Nov-2024 11:55:21.231 KST
Begin processing the 2170001st record. Run 357696, Event 17141313, LumiSection 44 on stream 0 at 13-Nov-2024 11:55:29.951 KST
Begin processing the 2180001st record. Run 357696, Event 17835862, LumiSection 45 on stream 0 at 13-Nov-2024 11:55:38.993 KST
Begin processing the 2190001st record. Run 357696, Event 21635373, LumiSection 47 on stream 0 at 13-Nov-2024 11:55:48.139 KST
Begin processing the 2200001st record. Run 357696, Event 24842941, LumiSection 49 on stream 0 at 13-Nov-2024 11:55:58.444 KST
Begin processing the 2210001st record. Run 357696, Event 27728807, LumiSection 53 on stream 0 at 13-Nov-2024 11:56:08.612 KST
Begin processing the 2220001st record. Run 357696, Event 30231401, LumiSection 55 on stream 0 at 13-Nov-2024 11:56:17.783 KST
Begin processing the 2230001st record. Run 357696, Event 31359786, LumiSection 56 on stream 0 at 13-Nov-2024 11:56:26.765 KST
Begin processing the 2240001st record. Run 357696, Event 33855625, LumiSection 58 on stream 0 at 13-Nov-2024 11:56:36.634 KST
Begin processing the 2250001st record. Run 357696, Event 43831748, LumiSection 64 on stream 0 at 13-Nov-2024 11:56:45.687 KST
Begin processing the 2260001st record. Run 357696, Event 48123316, LumiSection 66 on stream 0 at 13-Nov-2024 11:56:55.722 KST
Begin processing the 2270001st record. Run 357696, Event 42180805, LumiSection 63 on stream 0 at 13-Nov-2024 11:57:06.202 KST
13-Nov-2024 11:57:11 KST  Closed file file:///pnfs/knu.ac.kr/data/cms/store/user/wkwon/AnalysisResults/Muon/crab_MuonSkimming_Run2022D/241108_143535/0000/skimmed_data_42.root
13-Nov-2024 11:57:11 KST  Initiating request to open file file:///pnfs/knu.ac.kr/data/cms/store/user/wkwon/AnalysisResults/Muon/crab_MuonSkimming_Run2022D/241108_143535/0000/skimmed_data_40.root
13-Nov-2024 11:57:12 KST  Successfully opened file file:///pnfs/knu.ac.kr/data/cms/store/user/wkwon/AnalysisResults/Muon/crab_MuonSkimming_Run2022D/241108_143535/0000/skimmed_data_40.root
Begin processing the 2280001st record. Run 357688, Event 457427907, LumiSection 260 on stream 0 at 13-Nov-2024 11:57:20.380 KST
Begin processing the 2290001st record. Run 357688, Event 617447969, LumiSection 356 on stream 0 at 13-Nov-2024 11:57:30.899 KST
Begin processing the 2300001st record. Run 357688, Event 463591258, LumiSection 265 on stream 0 at 13-Nov-2024 11:57:40.565 KST
Begin processing the 2310001st record. Run 357688, Event 466175751, LumiSection 267 on stream 0 at 13-Nov-2024 11:57:49.966 KST
Begin processing the 2320001st record. Run 357688, Event 472660586, LumiSection 272 on stream 0 at 13-Nov-2024 11:57:59.200 KST
Begin processing the 2330001st record. Run 357688, Event 467910166, LumiSection 268 on stream 0 at 13-Nov-2024 11:58:09.185 KST
Begin processing the 2340001st record. Run 357688, Event 471296128, LumiSection 270 on stream 0 at 13-Nov-2024 11:58:18.278 KST
Begin processing the 2350001st record. Run 357688, Event 474820009, LumiSection 276 on stream 0 at 13-Nov-2024 11:58:25.663 KST
Begin processing the 2360001st record. Run 357688, Event 478964366, LumiSection 278 on stream 0 at 13-Nov-2024 11:58:35.860 KST
Begin processing the 2370001st record. Run 357688, Event 480192371, LumiSection 279 on stream 0 at 13-Nov-2024 11:58:45.906 KST
Begin processing the 2380001st record. Run 357688, Event 483452452, LumiSection 283 on stream 0 at 13-Nov-2024 11:58:53.641 KST
Begin processing the 2390001st record. Run 357688, Event 484981811, LumiSection 284 on stream 0 at 13-Nov-2024 11:59:04.336 KST
Begin processing the 2400001st record. Run 357688, Event 486301279, LumiSection 285 on stream 0 at 13-Nov-2024 11:59:15.057 KST
Begin processing the 2410001st record. Run 357688, Event 491129166, LumiSection 287 on stream 0 at 13-Nov-2024 11:59:25.767 KST
Begin processing the 2420001st record. Run 357688, Event 492521542, LumiSection 288 on stream 0 at 13-Nov-2024 11:59:36.589 KST
Begin processing the 2430001st record. Run 357688, Event 494775033, LumiSection 289 on stream 0 at 13-Nov-2024 11:59:46.751 KST
Begin processing the 2440001st record. Run 357688, Event 496612067, LumiSection 290 on stream 0 at 13-Nov-2024 11:59:57.281 KST
Begin processing the 2450001st record. Run 357688, Event 500309739, LumiSection 292 on stream 0 at 13-Nov-2024 12:00:07.535 KST
Begin processing the 2460001st record. Run 357688, Event 501055257, LumiSection 293 on stream 0 at 13-Nov-2024 12:00:18.464 KST
Begin processing the 2470001st record. Run 357688, Event 502924794, LumiSection 294 on stream 0 at 13-Nov-2024 12:00:30.051 KST
Begin processing the 2480001st record. Run 357688, Event 507780659, LumiSection 296 on stream 0 at 13-Nov-2024 12:00:40.406 KST
Begin processing the 2490001st record. Run 357688, Event 508981485, LumiSection 297 on stream 0 at 13-Nov-2024 12:00:50.593 KST
Begin processing the 2500001st record. Run 357688, Event 511424997, LumiSection 298 on stream 0 at 13-Nov-2024 12:01:01.672 KST
Begin processing the 2510001st record. Run 357688, Event 514072730, LumiSection 300 on stream 0 at 13-Nov-2024 12:01:12.585 KST
Begin processing the 2520001st record. Run 357688, Event 516458979, LumiSection 301 on stream 0 at 13-Nov-2024 12:01:23.491 KST
Begin processing the 2530001st record. Run 357688, Event 518607873, LumiSection 302 on stream 0 at 13-Nov-2024 12:01:34.534 KST
Begin processing the 2540001st record. Run 357688, Event 522044549, LumiSection 304 on stream 0 at 13-Nov-2024 12:01:45.287 KST
Begin processing the 2550001st record. Run 357688, Event 524974973, LumiSection 305 on stream 0 at 13-Nov-2024 12:01:58.839 KST
Begin processing the 2560001st record. Run 357688, Event 526506524, LumiSection 306 on stream 0 at 13-Nov-2024 12:02:08.858 KST
Begin processing the 2570001st record. Run 357688, Event 530425065, LumiSection 308 on stream 0 at 13-Nov-2024 12:02:29.480 KST
Begin processing the 2580001st record. Run 357688, Event 531468787, LumiSection 309 on stream 0 at 13-Nov-2024 12:02:39.961 KST
Begin processing the 2590001st record. Run 357688, Event 533156289, LumiSection 310 on stream 0 at 13-Nov-2024 12:02:51.007 KST
13-Nov-2024 12:02:56 KST  Closed file file:///pnfs/knu.ac.kr/data/cms/store/user/wkwon/AnalysisResults/Muon/crab_MuonSkimming_Run2022D/241108_143535/0000/skimmed_data_40.root
13-Nov-2024 12:02:56 KST  Initiating request to open file file:///pnfs/knu.ac.kr/data/cms/store/user/wkwon/AnalysisResults/Muon/crab_MuonSkimming_Run2022D/241108_143535/0000/skimmed_data_56.root
13-Nov-2024 12:02:57 KST  Successfully opened file file:///pnfs/knu.ac.kr/data/cms/store/user/wkwon/AnalysisResults/Muon/crab_MuonSkimming_Run2022D/241108_143535/0000/skimmed_data_56.root
Begin processing the 2600001st record. Run 357700, Event 140980871, LumiSection 83 on stream 0 at 13-Nov-2024 12:03:04.249 KST
Begin processing the 2610001st record. Run 357700, Event 149076282, LumiSection 88 on stream 0 at 13-Nov-2024 12:03:14.517 KST
Begin processing the 2620001st record. Run 357700, Event 150775886, LumiSection 89 on stream 0 at 13-Nov-2024 12:03:26.025 KST
Begin processing the 2630001st record. Run 357700, Event 156232718, LumiSection 93 on stream 0 at 13-Nov-2024 12:03:36.534 KST
Begin processing the 2640001st record. Run 357700, Event 153774300, LumiSection 91 on stream 0 at 13-Nov-2024 12:03:48.552 KST
Begin processing the 2650001st record. Run 357700, Event 155414026, LumiSection 92 on stream 0 at 13-Nov-2024 12:04:01.175 KST
Begin processing the 2660001st record. Run 357700, Event 162606809, LumiSection 96 on stream 0 at 13-Nov-2024 12:04:11.240 KST
Begin processing the 2670001st record. Run 357700, Event 164287345, LumiSection 97 on stream 0 at 13-Nov-2024 12:04:21.845 KST
Begin processing the 2680001st record. Run 357700, Event 168023853, LumiSection 100 on stream 0 at 13-Nov-2024 12:04:32.108 KST
Begin processing the 2690001st record. Run 357700, Event 171065593, LumiSection 101 on stream 0 at 13-Nov-2024 12:04:42.368 KST
Begin processing the 2700001st record. Run 357700, Event 176616080, LumiSection 105 on stream 0 at 13-Nov-2024 12:04:55.521 KST
Begin processing the 2710001st record. Run 357700, Event 183293105, LumiSection 109 on stream 0 at 13-Nov-2024 12:05:07.014 KST
Begin processing the 2720001st record. Run 357700, Event 172406744, LumiSection 102 on stream 0 at 13-Nov-2024 12:05:16.828 KST
Begin processing the 2730001st record. Run 357700, Event 175679607, LumiSection 104 on stream 0 at 13-Nov-2024 12:05:26.665 KST
Begin processing the 2740001st record. Run 357700, Event 245484931, LumiSection 147 on stream 0 at 13-Nov-2024 12:05:36.257 KST
Begin processing the 2750001st record. Run 357700, Event 173617860, LumiSection 103 on stream 0 at 13-Nov-2024 12:05:45.798 KST
Begin processing the 2760001st record. Run 357700, Event 250346598, LumiSection 150 on stream 0 at 13-Nov-2024 12:05:55.932 KST
Begin processing the 2770001st record. Run 357700, Event 283654329, LumiSection 170 on stream 0 at 13-Nov-2024 12:06:06.191 KST
Begin processing the 2780001st record. Run 357700, Event 181466540, LumiSection 108 on stream 0 at 13-Nov-2024 12:06:16.155 KST
Begin processing the 2790001st record. Run 357700, Event 184790401, LumiSection 110 on stream 0 at 13-Nov-2024 12:06:26.073 KST
Begin processing the 2800001st record. Run 357700, Event 188879513, LumiSection 112 on stream 0 at 13-Nov-2024 12:06:36.251 KST
Begin processing the 2810001st record. Run 357700, Event 190790724, LumiSection 113 on stream 0 at 13-Nov-2024 12:06:46.019 KST
Begin processing the 2820001st record. Run 357700, Event 193803544, LumiSection 115 on stream 0 at 13-Nov-2024 12:06:55.657 KST
Begin processing the 2830001st record. Run 357700, Event 195253965, LumiSection 116 on stream 0 at 13-Nov-2024 12:07:06.137 KST
Begin processing the 2840001st record. Run 357700, Event 204043681, LumiSection 121 on stream 0 at 13-Nov-2024 12:07:15.988 KST
Begin processing the 2850001st record. Run 357700, Event 207545625, LumiSection 123 on stream 0 at 13-Nov-2024 12:07:25.922 KST
Begin processing the 2860001st record. Run 357700, Event 200350830, LumiSection 119 on stream 0 at 13-Nov-2024 12:07:35.817 KST
Begin processing the 2870001st record. Run 357700, Event 280004840, LumiSection 168 on stream 0 at 13-Nov-2024 12:07:45.673 KST
Begin processing the 2880001st record. Run 357700, Event 289669944, LumiSection 174 on stream 0 at 13-Nov-2024 12:07:55.629 KST
Begin processing the 2890001st record. Run 357700, Event 208456488, LumiSection 124 on stream 0 at 13-Nov-2024 12:08:15.340 KST
Begin processing the 2900001st record. Run 357700, Event 286527039, LumiSection 172 on stream 0 at 13-Nov-2024 12:08:25.291 KST
Begin processing the 2910001st record. Run 357700, Event 211049634, LumiSection 126 on stream 0 at 13-Nov-2024 12:08:34.004 KST
13-Nov-2024 12:08:42 KST  Closed file file:///pnfs/knu.ac.kr/data/cms/store/user/wkwon/AnalysisResults/Muon/crab_MuonSkimming_Run2022D/241108_143535/0000/skimmed_data_56.root
13-Nov-2024 12:08:42 KST  Initiating request to open file file:///pnfs/knu.ac.kr/data/cms/store/user/wkwon/AnalysisResults/Muon/crab_MuonSkimming_Run2022D/241108_143535/0000/skimmed_data_44.root
13-Nov-2024 12:08:47 KST  Successfully opened file file:///pnfs/knu.ac.kr/data/cms/store/user/wkwon/AnalysisResults/Muon/crab_MuonSkimming_Run2022D/241108_143535/0000/skimmed_data_44.root
Begin processing the 2920001st record. Run 357696, Event 110850151, LumiSection 102 on stream 0 at 13-Nov-2024 12:08:52.111 KST
Begin processing the 2930001st record. Run 357696, Event 112736856, LumiSection 103 on stream 0 at 13-Nov-2024 12:09:03.635 KST
Begin processing the 2940001st record. Run 357696, Event 113654434, LumiSection 104 on stream 0 at 13-Nov-2024 12:09:15.878 KST
Begin processing the 2950001st record. Run 357696, Event 115917558, LumiSection 105 on stream 0 at 13-Nov-2024 12:09:27.820 KST
Begin processing the 2960001st record. Run 357696, Event 117722413, LumiSection 106 on stream 0 at 13-Nov-2024 12:09:39.273 KST
Begin processing the 2970001st record. Run 357696, Event 121221672, LumiSection 108 on stream 0 at 13-Nov-2024 12:09:52.892 KST
Begin processing the 2980001st record. Run 357696, Event 124372798, LumiSection 110 on stream 0 at 13-Nov-2024 12:10:04.595 KST
Begin processing the 2990001st record. Run 357696, Event 215186266, LumiSection 170 on stream 0 at 13-Nov-2024 12:10:17.749 KST
Begin processing the 3000001st record. Run 357696, Event 129146679, LumiSection 113 on stream 0 at 13-Nov-2024 12:10:29.160 KST
Begin processing the 3010001st record. Run 357696, Event 134081621, LumiSection 118 on stream 0 at 13-Nov-2024 12:10:42.078 KST
Begin processing the 3020001st record. Run 357696, Event 134676542, LumiSection 119 on stream 0 at 13-Nov-2024 12:10:53.312 KST
Begin processing the 3030001st record. Run 357696, Event 132130038, LumiSection 117 on stream 0 at 13-Nov-2024 12:11:03.249 KST
Begin processing the 3040001st record. Run 357696, Event 139280255, LumiSection 122 on stream 0 at 13-Nov-2024 12:11:18.769 KST
Begin processing the 3050001st record. Run 357696, Event 136694608, LumiSection 120 on stream 0 at 13-Nov-2024 12:11:27.421 KST
Begin processing the 3060001st record. Run 357696, Event 146279769, LumiSection 130 on stream 0 at 13-Nov-2024 12:11:38.691 KST
Begin processing the 3070001st record. Run 357696, Event 139804140, LumiSection 124 on stream 0 at 13-Nov-2024 12:11:49.541 KST
Begin processing the 3080001st record. Run 357696, Event 144330968, LumiSection 128 on stream 0 at 13-Nov-2024 12:11:59.445 KST
Begin processing the 3090001st record. Run 357696, Event 150611326, LumiSection 134 on stream 0 at 13-Nov-2024 12:12:08.999 KST
Begin processing the 3100001st record. Run 357696, Event 151705584, LumiSection 135 on stream 0 at 13-Nov-2024 12:12:20.949 KST
Begin processing the 3110001st record. Run 357696, Event 153910629, LumiSection 136 on stream 0 at 13-Nov-2024 12:12:33.306 KST
Begin processing the 3120001st record. Run 357696, Event 156500913, LumiSection 137 on stream 0 at 13-Nov-2024 12:12:45.101 KST
Begin processing the 3130001st record. Run 357696, Event 168828200, LumiSection 144 on stream 0 at 13-Nov-2024 12:12:56.762 KST
Begin processing the 3140001st record. Run 357696, Event 170734489, LumiSection 145 on stream 0 at 13-Nov-2024 12:13:08.395 KST
Begin processing the 3150001st record. Run 357696, Event 157562110, LumiSection 138 on stream 0 at 13-Nov-2024 12:13:20.229 KST
Begin processing the 3160001st record. Run 357696, Event 158636300, LumiSection 139 on stream 0 at 13-Nov-2024 12:13:32.585 KST
Begin processing the 3170001st record. Run 357696, Event 163711579, LumiSection 141 on stream 0 at 13-Nov-2024 12:13:44.183 KST
Begin processing the 3180001st record. Run 357696, Event 164549750, LumiSection 142 on stream 0 at 13-Nov-2024 12:13:55.503 KST
Begin processing the 3190001st record. Run 357696, Event 167131747, LumiSection 143 on stream 0 at 13-Nov-2024 12:14:07.295 KST
Begin processing the 3200001st record. Run 357696, Event 171974608, LumiSection 146 on stream 0 at 13-Nov-2024 12:14:18.997 KST
Begin processing the 3210001st record. Run 357696, Event 173316994, LumiSection 147 on stream 0 at 13-Nov-2024 12:14:31.037 KST
Begin processing the 3220001st record. Run 357696, Event 176033590, LumiSection 148 on stream 0 at 13-Nov-2024 12:14:42.537 KST
Begin processing the 3230001st record. Run 357696, Event 176876684, LumiSection 149 on stream 0 at 13-Nov-2024 12:14:54.340 KST
Begin processing the 3240001st record. Run 357696, Event 180586287, LumiSection 151 on stream 0 at 13-Nov-2024 12:15:06.782 KST
13-Nov-2024 12:15:09 KST  Closed file file:///pnfs/knu.ac.kr/data/cms/store/user/wkwon/AnalysisResults/Muon/crab_MuonSkimming_Run2022D/241108_143535/0000/skimmed_data_44.root
13-Nov-2024 12:15:09 KST  Initiating request to open file file:///pnfs/knu.ac.kr/data/cms/store/user/wkwon/AnalysisResults/Muon/crab_MuonSkimming_Run2022D/241108_143535/0000/skimmed_data_120.root
13-Nov-2024 12:15:10 KST  Successfully opened file file:///pnfs/knu.ac.kr/data/cms/store/user/wkwon/AnalysisResults/Muon/crab_MuonSkimming_Run2022D/241108_143535/0000/skimmed_data_120.root
Begin processing the 3250001st record. Run 357756, Event 481251720, LumiSection 294 on stream 0 at 13-Nov-2024 12:15:21.621 KST
Begin processing the 3260001st record. Run 357756, Event 483610144, LumiSection 296 on stream 0 at 13-Nov-2024 12:15:32.472 KST
Begin processing the 3270001st record. Run 357756, Event 489389485, LumiSection 299 on stream 0 at 13-Nov-2024 12:15:45.280 KST
Begin processing the 3280001st record. Run 357756, Event 497205708, LumiSection 304 on stream 0 at 13-Nov-2024 12:15:56.865 KST
Begin processing the 3290001st record. Run 357756, Event 489557966, LumiSection 300 on stream 0 at 13-Nov-2024 12:16:06.936 KST
Begin processing the 3300001st record. Run 357756, Event 492290278, LumiSection 301 on stream 0 at 13-Nov-2024 12:16:17.315 KST
Begin processing the 3310001st record. Run 357756, Event 494063820, LumiSection 302 on stream 0 at 13-Nov-2024 12:16:28.679 KST
Begin processing the 3320001st record. Run 357756, Event 495547220, LumiSection 303 on stream 0 at 13-Nov-2024 12:16:39.217 KST
Begin processing the 3330001st record. Run 357756, Event 500318341, LumiSection 306 on stream 0 at 13-Nov-2024 12:16:49.029 KST
Begin processing the 3340001st record. Run 357756, Event 500651318, LumiSection 307 on stream 0 at 13-Nov-2024 12:16:59.271 KST
Begin processing the 3350001st record. Run 357756, Event 503165509, LumiSection 308 on stream 0 at 13-Nov-2024 12:17:09.307 KST
Begin processing the 3360001st record. Run 357756, Event 507583225, LumiSection 311 on stream 0 at 13-Nov-2024 12:17:19.882 KST
Begin processing the 3370001st record. Run 357756, Event 509264974, LumiSection 312 on stream 0 at 13-Nov-2024 12:17:30.251 KST
Begin processing the 3380001st record. Run 357756, Event 510599786, LumiSection 313 on stream 0 at 13-Nov-2024 12:17:40.501 KST
Begin processing the 3390001st record. Run 357756, Event 514110965, LumiSection 315 on stream 0 at 13-Nov-2024 12:17:52.567 KST
Begin processing the 3400001st record. Run 357756, Event 514568481, LumiSection 316 on stream 0 at 13-Nov-2024 12:18:03.498 KST
Begin processing the 3410001st record. Run 357756, Event 516648491, LumiSection 317 on stream 0 at 13-Nov-2024 12:18:15.953 KST
Begin processing the 3420001st record. Run 357756, Event 517923921, LumiSection 318 on stream 0 at 13-Nov-2024 12:18:26.234 KST
Begin processing the 3430001st record. Run 357756, Event 519399497, LumiSection 319 on stream 0 at 13-Nov-2024 12:18:36.399 KST
Begin processing the 3440001st record. Run 357756, Event 521075276, LumiSection 320 on stream 0 at 13-Nov-2024 12:18:46.964 KST
Begin processing the 3450001st record. Run 357756, Event 527158316, LumiSection 324 on stream 0 at 13-Nov-2024 12:19:00.206 KST
Begin processing the 3460001st record. Run 357756, Event 530051431, LumiSection 326 on stream 0 at 13-Nov-2024 12:19:10.718 KST
Begin processing the 3470001st record. Run 357756, Event 532882326, LumiSection 328 on stream 0 at 13-Nov-2024 12:19:21.016 KST
Begin processing the 3480001st record. Run 357756, Event 534112122, LumiSection 329 on stream 0 at 13-Nov-2024 12:19:31.062 KST
Begin processing the 3490001st record. Run 357756, Event 535931778, LumiSection 330 on stream 0 at 13-Nov-2024 12:19:41.178 KST
Begin processing the 3500001st record. Run 357756, Event 538372295, LumiSection 331 on stream 0 at 13-Nov-2024 12:19:52.020 KST
Begin processing the 3510001st record. Run 357756, Event 538849945, LumiSection 332 on stream 0 at 13-Nov-2024 12:20:02.770 KST
Begin processing the 3520001st record. Run 357756, Event 543123916, LumiSection 334 on stream 0 at 13-Nov-2024 12:20:14.527 KST
Begin processing the 3530001st record. Run 357756, Event 547307900, LumiSection 337 on stream 0 at 13-Nov-2024 12:20:24.205 KST
Begin processing the 3540001st record. Run 357756, Event 544144772, LumiSection 335 on stream 0 at 13-Nov-2024 12:20:34.424 KST
Begin processing the 3550001st record. Run 357756, Event 545102395, LumiSection 336 on stream 0 at 13-Nov-2024 12:20:44.625 KST
13-Nov-2024 12:20:54 KST  Closed file file:///pnfs/knu.ac.kr/data/cms/store/user/wkwon/AnalysisResults/Muon/crab_MuonSkimming_Run2022D/241108_143535/0000/skimmed_data_120.root
13-Nov-2024 12:20:54 KST  Initiating request to open file file:///pnfs/knu.ac.kr/data/cms/store/user/wkwon/AnalysisResults/Muon/crab_MuonSkimming_Run2022D/241108_143535/0000/skimmed_data_99.root
13-Nov-2024 12:20:54 KST  Successfully opened file file:///pnfs/knu.ac.kr/data/cms/store/user/wkwon/AnalysisResults/Muon/crab_MuonSkimming_Run2022D/241108_143535/0000/skimmed_data_99.root
Begin processing the 3560001st record. Run 357735, Event 770571516, LumiSection 465 on stream 0 at 13-Nov-2024 12:20:59.000 KST
Begin processing the 3570001st record. Run 357735, Event 771777026, LumiSection 466 on stream 0 at 13-Nov-2024 12:21:07.960 KST
Begin processing the 3580001st record. Run 357735, Event 777691068, LumiSection 469 on stream 0 at 13-Nov-2024 12:21:17.080 KST
Begin processing the 3590001st record. Run 357735, Event 778688444, LumiSection 470 on stream 0 at 13-Nov-2024 12:21:26.500 KST
Begin processing the 3600001st record. Run 357735, Event 781398065, LumiSection 472 on stream 0 at 13-Nov-2024 12:21:35.983 KST
Begin processing the 3610001st record. Run 357735, Event 783808049, LumiSection 473 on stream 0 at 13-Nov-2024 12:21:45.982 KST
Begin processing the 3620001st record. Run 357735, Event 786461784, LumiSection 475 on stream 0 at 13-Nov-2024 12:21:55.315 KST
Begin processing the 3630001st record. Run 357735, Event 788018526, LumiSection 476 on stream 0 at 13-Nov-2024 12:22:04.027 KST
Begin processing the 3640001st record. Run 357735, Event 790965167, LumiSection 478 on stream 0 at 13-Nov-2024 12:22:13.732 KST
Begin processing the 3650001st record. Run 357735, Event 792828804, LumiSection 479 on stream 0 at 13-Nov-2024 12:22:22.964 KST
Begin processing the 3660001st record. Run 357735, Event 796527439, LumiSection 481 on stream 0 at 13-Nov-2024 12:22:31.851 KST
Begin processing the 3670001st record. Run 357735, Event 798177432, LumiSection 482 on stream 0 at 13-Nov-2024 12:22:41.041 KST
Begin processing the 3680001st record. Run 357735, Event 802047730, LumiSection 485 on stream 0 at 13-Nov-2024 12:22:50.374 KST
Begin processing the 3690001st record. Run 357735, Event 798985699, LumiSection 483 on stream 0 at 13-Nov-2024 12:22:59.727 KST
Begin processing the 3700001st record. Run 357735, Event 852602723, LumiSection 517 on stream 0 at 13-Nov-2024 12:23:08.885 KST
Begin processing the 3710001st record. Run 357735, Event 804250759, LumiSection 486 on stream 0 at 13-Nov-2024 12:23:19.838 KST
Begin processing the 3720001st record. Run 357735, Event 806250188, LumiSection 487 on stream 0 at 13-Nov-2024 12:23:28.755 KST
Begin processing the 3730001st record. Run 357735, Event 809385395, LumiSection 489 on stream 0 at 13-Nov-2024 12:23:37.392 KST
Begin processing the 3740001st record. Run 357735, Event 810444415, LumiSection 490 on stream 0 at 13-Nov-2024 12:23:46.417 KST
Begin processing the 3750001st record. Run 357735, Event 813790071, LumiSection 492 on stream 0 at 13-Nov-2024 12:23:55.319 KST
Begin processing the 3760001st record. Run 357735, Event 814109328, LumiSection 493 on stream 0 at 13-Nov-2024 12:24:04.314 KST
Begin processing the 3770001st record. Run 357735, Event 817858682, LumiSection 495 on stream 0 at 13-Nov-2024 12:24:13.163 KST
Begin processing the 3780001st record. Run 357735, Event 819266862, LumiSection 496 on stream 0 at 13-Nov-2024 12:24:22.502 KST
Begin processing the 3790001st record. Run 357735, Event 822385962, LumiSection 498 on stream 0 at 13-Nov-2024 12:24:31.533 KST
Begin processing the 3800001st record. Run 357735, Event 824468376, LumiSection 499 on stream 0 at 13-Nov-2024 12:24:40.865 KST
Begin processing the 3810001st record. Run 357735, Event 827526856, LumiSection 501 on stream 0 at 13-Nov-2024 12:24:50.474 KST
Begin processing the 3820001st record. Run 357735, Event 829868053, LumiSection 503 on stream 0 at 13-Nov-2024 12:24:59.516 KST
Begin processing the 3830001st record. Run 357735, Event 832610871, LumiSection 504 on stream 0 at 13-Nov-2024 12:25:08.983 KST
Begin processing the 3840001st record. Run 357735, Event 835656788, LumiSection 506 on stream 0 at 13-Nov-2024 12:25:18.490 KST
Begin processing the 3850001st record. Run 357735, Event 836316156, LumiSection 507 on stream 0 at 13-Nov-2024 12:25:28.925 KST
Begin processing the 3860001st record. Run 357735, Event 840896955, LumiSection 510 on stream 0 at 13-Nov-2024 12:25:37.958 KST
Begin processing the 3870001st record. Run 357735, Event 844111707, LumiSection 512 on stream 0 at 13-Nov-2024 12:25:46.759 KST
13-Nov-2024 12:25:53 KST  Closed file file:///pnfs/knu.ac.kr/data/cms/store/user/wkwon/AnalysisResults/Muon/crab_MuonSkimming_Run2022D/241108_143535/0000/skimmed_data_99.root
13-Nov-2024 12:25:53 KST  Initiating request to open file file:///pnfs/knu.ac.kr/data/cms/store/user/wkwon/AnalysisResults/Muon/crab_MuonSkimming_Run2022D/241108_143535/0000/skimmed_data_48.root
13-Nov-2024 12:25:54 KST  Successfully opened file file:///pnfs/knu.ac.kr/data/cms/store/user/wkwon/AnalysisResults/Muon/crab_MuonSkimming_Run2022D/241108_143535/0000/skimmed_data_48.root
Begin processing the 3880001st record. Run 357696, Event 356127571, LumiSection 255 on stream 0 at 13-Nov-2024 12:25:59.854 KST
Begin processing the 3890001st record. Run 357696, Event 359258635, LumiSection 257 on stream 0 at 13-Nov-2024 12:26:10.772 KST
Begin processing the 3900001st record. Run 357696, Event 360432010, LumiSection 258 on stream 0 at 13-Nov-2024 12:26:21.455 KST
Begin processing the 3910001st record. Run 357696, Event 362748347, LumiSection 259 on stream 0 at 13-Nov-2024 12:26:32.381 KST
Begin processing the 3920001st record. Run 357696, Event 363367301, LumiSection 260 on stream 0 at 13-Nov-2024 12:26:42.905 KST
Begin processing the 3930001st record. Run 357696, Event 383656005, LumiSection 273 on stream 0 at 13-Nov-2024 12:26:53.761 KST
Begin processing the 3940001st record. Run 357696, Event 368613194, LumiSection 263 on stream 0 at 13-Nov-2024 12:27:04.648 KST
Begin processing the 3950001st record. Run 357696, Event 369545439, LumiSection 264 on stream 0 at 13-Nov-2024 12:27:15.655 KST
Begin processing the 3960001st record. Run 357696, Event 370963960, LumiSection 265 on stream 0 at 13-Nov-2024 12:27:26.890 KST
Begin processing the 3970001st record. Run 357696, Event 372560677, LumiSection 266 on stream 0 at 13-Nov-2024 12:27:38.293 KST
Begin processing the 3980001st record. Run 357696, Event 376495970, LumiSection 268 on stream 0 at 13-Nov-2024 12:27:49.125 KST
Begin processing the 3990001st record. Run 357696, Event 379367622, LumiSection 270 on stream 0 at 13-Nov-2024 12:28:00.030 KST
Begin processing the 4000001st record. Run 357696, Event 380548697, LumiSection 271 on stream 0 at 13-Nov-2024 12:28:10.808 KST
Begin processing the 4010001st record. Run 357696, Event 382409935, LumiSection 272 on stream 0 at 13-Nov-2024 12:28:21.219 KST
Begin processing the 4020001st record. Run 357696, Event 387631920, LumiSection 275 on stream 0 at 13-Nov-2024 12:28:31.746 KST
Begin processing the 4030001st record. Run 357696, Event 389304501, LumiSection 276 on stream 0 at 13-Nov-2024 12:28:42.208 KST
Begin processing the 4040001st record. Run 357696, Event 385780995, LumiSection 274 on stream 0 at 13-Nov-2024 12:28:52.329 KST
Begin processing the 4050001st record. Run 357696, Event 553575823, LumiSection 378 on stream 0 at 13-Nov-2024 12:29:12.871 KST
Begin processing the 4060001st record. Run 357696, Event 390506598, LumiSection 277 on stream 0 at 13-Nov-2024 12:29:23.352 KST
Begin processing the 4070001st record. Run 357696, Event 403229323, LumiSection 285 on stream 0 at 13-Nov-2024 12:29:34.615 KST
Begin processing the 4080001st record. Run 357696, Event 405058747, LumiSection 286 on stream 0 at 13-Nov-2024 12:29:45.132 KST
Begin processing the 4090001st record. Run 357696, Event 391657556, LumiSection 278 on stream 0 at 13-Nov-2024 12:29:55.833 KST
Begin processing the 4100001st record. Run 357696, Event 393037443, LumiSection 279 on stream 0 at 13-Nov-2024 12:30:06.973 KST
Begin processing the 4110001st record. Run 357696, Event 396077056, LumiSection 280 on stream 0 at 13-Nov-2024 12:30:18.119 KST
Begin processing the 4120001st record. Run 357696, Event 398511615, LumiSection 282 on stream 0 at 13-Nov-2024 12:30:29.132 KST
Begin processing the 4130001st record. Run 357696, Event 400778444, LumiSection 283 on stream 0 at 13-Nov-2024 12:30:40.006 KST
Begin processing the 4140001st record. Run 357696, Event 406534862, LumiSection 287 on stream 0 at 13-Nov-2024 12:30:51.828 KST
Begin processing the 4150001st record. Run 357696, Event 409274148, LumiSection 289 on stream 0 at 13-Nov-2024 12:31:02.953 KST
Begin processing the 4160001st record. Run 357696, Event 429817343, LumiSection 302 on stream 0 at 13-Nov-2024 12:31:13.881 KST
Begin processing the 4170001st record. Run 357696, Event 408846904, LumiSection 288 on stream 0 at 13-Nov-2024 12:31:24.238 KST
Begin processing the 4180001st record. Run 357696, Event 451914274, LumiSection 315 on stream 0 at 13-Nov-2024 12:31:34.141 KST
Begin processing the 4190001st record. Run 357696, Event 414703979, LumiSection 292 on stream 0 at 13-Nov-2024 12:31:44.080 KST
13-Nov-2024 12:31:54 KST  Closed file file:///pnfs/knu.ac.kr/data/cms/store/user/wkwon/AnalysisResults/Muon/crab_MuonSkimming_Run2022D/241108_143535/0000/skimmed_data_48.root
endJob

TrigReport ---------- Event  Summary ------------
TrigReport Events total = 4196197 passed = 4196197 failed = 0

TrigReport ---------- Path   Summary ------------
TrigReport  Trig Bit#   Executed     Passed     Failed      Error Name
TrigReport     1    0    4196197    4196197          0          0 p


TrigReport -------End-Path   Summary ------------
TrigReport  Trig Bit#   Executed     Passed     Failed      Error Name


TrigReport ---------- Modules in Path: p ------------
TrigReport  Trig Bit#    Visited     Passed     Failed      Error Name
TrigReport     1    0    4196197    4196197          0          0 Analysis


TrigReport ---------- Module Summary ------------
TrigReport    Visited   Executed     Passed     Failed      Error Name
TrigReport    4196197    4196197    4196197          0          0 Analysis
TrigReport    4196197    4196197    4196197          0          0 TriggerResults
TrigReport    4196197    4196197    4196197          0          0 p


TimeReport ---------- Event  Summary ---[sec]----
TimeReport       event loop CPU/event = 0.001035
TimeReport      event loop Real/event = 0.001100
TimeReport     sum Streams Real/event = 0.000981
TimeReport efficiency CPU/Real/thread = 0.940342

TimeReport ---------- Path   Summary ---[Real sec]----
TimeReport  per event     per exec  Name
TimeReport   0.000896     0.000896  p

TimeReport  per event     per exec  Name

TimeReport -------End-Path   Summary ---[Real sec]----
TimeReport  per event     per exec  Name

TimeReport  per event     per exec  Name

TimeReport ---------- Modules in Path: p ---[Real sec]----
TimeReport  per event    per visit  Name
TimeReport   0.000045     0.000045  Analysis

TimeReport  per event    per visit  Name

TimeReport ---------- Module Summary ---[Real sec]----
TimeReport  per event     per exec    per visit  Name
TimeReport   0.000045     0.000045     0.000045  Analysis
TimeReport   0.000002     0.000002     0.000002  TriggerResults
TimeReport   0.000004     0.000004     0.000004  p

TimeReport  per event     per exec    per visit  Name

T---Report end!


