19-Nov-2024 20:18:56 KST  Initiating request to open file file:///pnfs/knu.ac.kr/data/cms/store/user/wkwon/AnalysisResults/DYto2L-2Jets_MLL-50_TuneCP5_13p6TeV_amcatnloFXFX-pythia8/crab_Run3Summer22DRPremix-124X_mcRun3_2022_realistic_v12-v4/241117_152227/0000/mc_skimmed_data_138.root
19-Nov-2024 20:18:58 KST  Successfully opened file file:///pnfs/knu.ac.kr/data/cms/store/user/wkwon/AnalysisResults/DYto2L-2Jets_MLL-50_TuneCP5_13p6TeV_amcatnloFXFX-pythia8/crab_Run3Summer22DRPremix-124X_mcRun3_2022_realistic_v12-v4/241117_152227/0000/mc_skimmed_data_138.root
Begin processing the 1st record. Run 1, Event 96216927, LumiSection 51153 on stream 0 at 19-Nov-2024 20:19:15.961 KST
Begin processing the 10001st record. Run 1, Event 101315958, LumiSection 53863 on stream 0 at 19-Nov-2024 20:19:30.849 KST
Begin processing the 20001st record. Run 1, Event 96436863, LumiSection 51269 on stream 0 at 19-Nov-2024 20:19:41.156 KST
Begin processing the 30001st record. Run 1, Event 96634237, LumiSection 51374 on stream 0 at 19-Nov-2024 20:19:51.246 KST
Begin processing the 40001st record. Run 1, Event 96673884, LumiSection 51395 on stream 0 at 19-Nov-2024 20:20:01.789 KST
Begin processing the 50001st record. Run 1, Event 96504581, LumiSection 51305 on stream 0 at 19-Nov-2024 20:20:11.866 KST
Begin processing the 60001st record. Run 1, Event 96406315, LumiSection 51253 on stream 0 at 19-Nov-2024 20:20:21.898 KST
Begin processing the 70001st record. Run 1, Event 218178430, LumiSection 115991 on stream 0 at 19-Nov-2024 20:20:32.034 KST
Begin processing the 80001st record. Run 1, Event 111788716, LumiSection 59431 on stream 0 at 19-Nov-2024 20:20:42.350 KST
Begin processing the 90001st record. Run 1, Event 96943925, LumiSection 51539 on stream 0 at 19-Nov-2024 20:20:52.091 KST
Begin processing the 100001st record. Run 1, Event 96599438, LumiSection 51356 on stream 0 at 19-Nov-2024 20:21:01.737 KST
Begin processing the 110001st record. Run 1, Event 96644724, LumiSection 51380 on stream 0 at 19-Nov-2024 20:21:13.023 KST
Begin processing the 120001st record. Run 1, Event 96768719, LumiSection 51446 on stream 0 at 19-Nov-2024 20:21:22.792 KST
Begin processing the 130001st record. Run 1, Event 97588999, LumiSection 51882 on stream 0 at 19-Nov-2024 20:21:32.690 KST
Begin processing the 140001st record. Run 1, Event 97280517, LumiSection 51718 on stream 0 at 19-Nov-2024 20:21:42.860 KST
Begin processing the 150001st record. Run 1, Event 242126897, LumiSection 128723 on stream 0 at 19-Nov-2024 20:21:52.712 KST
Begin processing the 160001st record. Run 1, Event 99131173, LumiSection 52702 on stream 0 at 19-Nov-2024 20:22:02.721 KST
Begin processing the 170001st record. Run 1, Event 100844811, LumiSection 53613 on stream 0 at 19-Nov-2024 20:22:13.774 KST
Begin processing the 180001st record. Run 1, Event 235511054, LumiSection 125206 on stream 0 at 19-Nov-2024 20:22:23.687 KST
Begin processing the 190001st record. Run 1, Event 97605578, LumiSection 51891 on stream 0 at 19-Nov-2024 20:22:33.876 KST
Begin processing the 200001st record. Run 1, Event 97377693, LumiSection 51770 on stream 0 at 19-Nov-2024 20:22:44.141 KST
Begin processing the 210001st record. Run 1, Event 97050186, LumiSection 51595 on stream 0 at 19-Nov-2024 20:22:54.640 KST
Begin processing the 220001st record. Run 1, Event 239197433, LumiSection 127166 on stream 0 at 19-Nov-2024 20:23:04.565 KST
Begin processing the 230001st record. Run 1, Event 97795333, LumiSection 51992 on stream 0 at 19-Nov-2024 20:23:14.850 KST
Begin processing the 240001st record. Run 1, Event 235127465, LumiSection 125002 on stream 0 at 19-Nov-2024 20:23:25.484 KST
Begin processing the 250001st record. Run 1, Event 97558422, LumiSection 51866 on stream 0 at 19-Nov-2024 20:23:36.763 KST
Begin processing the 260001st record. Run 1, Event 99151408, LumiSection 52713 on stream 0 at 19-Nov-2024 20:23:47.505 KST
19-Nov-2024 20:23:55 KST  Closed file file:///pnfs/knu.ac.kr/data/cms/store/user/wkwon/AnalysisResults/DYto2L-2Jets_MLL-50_TuneCP5_13p6TeV_amcatnloFXFX-pythia8/crab_Run3Summer22DRPremix-124X_mcRun3_2022_realistic_v12-v4/241117_152227/0000/mc_skimmed_data_138.root
19-Nov-2024 20:23:55 KST  Initiating request to open file file:///pnfs/knu.ac.kr/data/cms/store/user/wkwon/AnalysisResults/DYto2L-2Jets_MLL-50_TuneCP5_13p6TeV_amcatnloFXFX-pythia8/crab_Run3Summer22DRPremix-124X_mcRun3_2022_realistic_v12-v4/241117_152227/0000/mc_skimmed_data_51.root
19-Nov-2024 20:23:56 KST  Successfully opened file file:///pnfs/knu.ac.kr/data/cms/store/user/wkwon/AnalysisResults/DYto2L-2Jets_MLL-50_TuneCP5_13p6TeV_amcatnloFXFX-pythia8/crab_Run3Summer22DRPremix-124X_mcRun3_2022_realistic_v12-v4/241117_152227/0000/mc_skimmed_data_51.root
Begin processing the 270001st record. Run 1, Event 37433451, LumiSection 19901 on stream 0 at 19-Nov-2024 20:24:07.748 KST
Begin processing the 280001st record. Run 1, Event 30407968, LumiSection 16166 on stream 0 at 19-Nov-2024 20:24:16.813 KST
Begin processing the 290001st record. Run 1, Event 26446601, LumiSection 14060 on stream 0 at 19-Nov-2024 20:24:27.522 KST
Begin processing the 300001st record. Run 1, Event 26984524, LumiSection 14346 on stream 0 at 19-Nov-2024 20:24:36.892 KST
Begin processing the 310001st record. Run 1, Event 54659610, LumiSection 29059 on stream 0 at 19-Nov-2024 20:24:46.469 KST
Begin processing the 320001st record. Run 1, Event 26615607, LumiSection 14150 on stream 0 at 19-Nov-2024 20:24:56.265 KST
Begin processing the 330001st record. Run 1, Event 26449623, LumiSection 14062 on stream 0 at 19-Nov-2024 20:25:05.938 KST
Begin processing the 340001st record. Run 1, Event 141256388, LumiSection 75097 on stream 0 at 19-Nov-2024 20:25:15.373 KST
Begin processing the 350001st record. Run 1, Event 31842330, LumiSection 16929 on stream 0 at 19-Nov-2024 20:25:24.854 KST
Begin processing the 360001st record. Run 1, Event 27636295, LumiSection 14693 on stream 0 at 19-Nov-2024 20:25:34.365 KST
Begin processing the 370001st record. Run 1, Event 27327991, LumiSection 14529 on stream 0 at 19-Nov-2024 20:25:43.786 KST
Begin processing the 380001st record. Run 1, Event 26998509, LumiSection 14354 on stream 0 at 19-Nov-2024 20:25:53.007 KST
Begin processing the 390001st record. Run 1, Event 97511066, LumiSection 51841 on stream 0 at 19-Nov-2024 20:26:02.969 KST
Begin processing the 400001st record. Run 1, Event 26734311, LumiSection 14213 on stream 0 at 19-Nov-2024 20:26:12.893 KST
Begin processing the 410001st record. Run 1, Event 27136270, LumiSection 14427 on stream 0 at 19-Nov-2024 20:26:22.724 KST
Begin processing the 420001st record. Run 1, Event 26844846, LumiSection 14272 on stream 0 at 19-Nov-2024 20:26:32.519 KST
Begin processing the 430001st record. Run 1, Event 27187180, LumiSection 14454 on stream 0 at 19-Nov-2024 20:26:41.642 KST
Begin processing the 440001st record. Run 1, Event 29079669, LumiSection 15460 on stream 0 at 19-Nov-2024 20:26:51.347 KST
Begin processing the 450001st record. Run 1, Event 114537294, LumiSection 60892 on stream 0 at 19-Nov-2024 20:27:00.990 KST
Begin processing the 460001st record. Run 1, Event 27004583, LumiSection 14357 on stream 0 at 19-Nov-2024 20:27:10.502 KST
Begin processing the 470001st record. Run 1, Event 29278560, LumiSection 15566 on stream 0 at 19-Nov-2024 20:27:19.914 KST
Begin processing the 480001st record. Run 1, Event 30645817, LumiSection 16293 on stream 0 at 19-Nov-2024 20:27:29.419 KST
Begin processing the 490001st record. Run 1, Event 114160256, LumiSection 60692 on stream 0 at 19-Nov-2024 20:27:38.819 KST
Begin processing the 500001st record. Run 1, Event 27695983, LumiSection 14725 on stream 0 at 19-Nov-2024 20:27:48.587 KST
Begin processing the 510001st record. Run 1, Event 27248376, LumiSection 14487 on stream 0 at 19-Nov-2024 20:27:58.022 KST
Begin processing the 520001st record. Run 1, Event 27872714, LumiSection 14819 on stream 0 at 19-Nov-2024 20:28:07.423 KST
Begin processing the 530001st record. Run 1, Event 27319337, LumiSection 14524 on stream 0 at 19-Nov-2024 20:28:16.509 KST
19-Nov-2024 20:28:20 KST  Closed file file:///pnfs/knu.ac.kr/data/cms/store/user/wkwon/AnalysisResults/DYto2L-2Jets_MLL-50_TuneCP5_13p6TeV_amcatnloFXFX-pythia8/crab_Run3Summer22DRPremix-124X_mcRun3_2022_realistic_v12-v4/241117_152227/0000/mc_skimmed_data_51.root
19-Nov-2024 20:28:20 KST  Initiating request to open file file:///pnfs/knu.ac.kr/data/cms/store/user/wkwon/AnalysisResults/DYto2L-2Jets_MLL-50_TuneCP5_13p6TeV_amcatnloFXFX-pythia8/crab_Run3Summer22DRPremix-124X_mcRun3_2022_realistic_v12-v4/241117_152227/0000/mc_skimmed_data_265.root
19-Nov-2024 20:28:20 KST  Successfully opened file file:///pnfs/knu.ac.kr/data/cms/store/user/wkwon/AnalysisResults/DYto2L-2Jets_MLL-50_TuneCP5_13p6TeV_amcatnloFXFX-pythia8/crab_Run3Summer22DRPremix-124X_mcRun3_2022_realistic_v12-v4/241117_152227/0000/mc_skimmed_data_265.root
Begin processing the 540001st record. Run 1, Event 246798172, LumiSection 131206 on stream 0 at 19-Nov-2024 20:28:32.104 KST
Begin processing the 550001st record. Run 1, Event 246363521, LumiSection 130975 on stream 0 at 19-Nov-2024 20:28:41.728 KST
Begin processing the 560001st record. Run 1, Event 248500298, LumiSection 132111 on stream 0 at 19-Nov-2024 20:28:50.852 KST
Begin processing the 570001st record. Run 1, Event 249846816, LumiSection 132827 on stream 0 at 19-Nov-2024 20:29:00.222 KST
Begin processing the 580001st record. Run 1, Event 256477608, LumiSection 136352 on stream 0 at 19-Nov-2024 20:29:09.476 KST
Begin processing the 590001st record. Run 1, Event 248004938, LumiSection 131848 on stream 0 at 19-Nov-2024 20:29:19.204 KST
Begin processing the 600001st record. Run 1, Event 248272099, LumiSection 131990 on stream 0 at 19-Nov-2024 20:29:28.583 KST
Begin processing the 610001st record. Run 1, Event 246968557, LumiSection 131297 on stream 0 at 19-Nov-2024 20:29:37.802 KST
Begin processing the 620001st record. Run 1, Event 247062649, LumiSection 131347 on stream 0 at 19-Nov-2024 20:29:47.322 KST
Begin processing the 630001st record. Run 1, Event 246550870, LumiSection 131075 on stream 0 at 19-Nov-2024 20:29:56.867 KST
Begin processing the 640001st record. Run 1, Event 246504126, LumiSection 131050 on stream 0 at 19-Nov-2024 20:30:06.863 KST
Begin processing the 650001st record. Run 1, Event 246903337, LumiSection 131262 on stream 0 at 19-Nov-2024 20:30:16.133 KST
Begin processing the 660001st record. Run 1, Event 247568835, LumiSection 131616 on stream 0 at 19-Nov-2024 20:30:25.295 KST
Begin processing the 670001st record. Run 1, Event 250111516, LumiSection 132968 on stream 0 at 19-Nov-2024 20:30:34.813 KST
Begin processing the 680001st record. Run 1, Event 260588712, LumiSection 138538 on stream 0 at 19-Nov-2024 20:30:44.586 KST
Begin processing the 690001st record. Run 1, Event 257234629, LumiSection 136755 on stream 0 at 19-Nov-2024 20:30:54.115 KST
Begin processing the 700001st record. Run 1, Event 256226390, LumiSection 136219 on stream 0 at 19-Nov-2024 20:31:03.596 KST
Begin processing the 710001st record. Run 1, Event 248150998, LumiSection 131926 on stream 0 at 19-Nov-2024 20:31:12.825 KST
Begin processing the 720001st record. Run 1, Event 246999907, LumiSection 131314 on stream 0 at 19-Nov-2024 20:31:22.658 KST
Begin processing the 730001st record. Run 1, Event 247474139, LumiSection 131566 on stream 0 at 19-Nov-2024 20:31:32.148 KST
Begin processing the 740001st record. Run 1, Event 247346099, LumiSection 131498 on stream 0 at 19-Nov-2024 20:31:41.765 KST
Begin processing the 750001st record. Run 1, Event 247191701, LumiSection 131416 on stream 0 at 19-Nov-2024 20:31:51.615 KST
Begin processing the 760001st record. Run 1, Event 248292159, LumiSection 132001 on stream 0 at 19-Nov-2024 20:32:01.637 KST
Begin processing the 770001st record. Run 1, Event 249794518, LumiSection 132799 on stream 0 at 19-Nov-2024 20:32:11.849 KST
Begin processing the 780001st record. Run 1, Event 248842863, LumiSection 132293 on stream 0 at 19-Nov-2024 20:32:21.494 KST
Begin processing the 790001st record. Run 1, Event 260355956, LumiSection 138414 on stream 0 at 19-Nov-2024 20:32:30.847 KST
Begin processing the 800001st record. Run 1, Event 247999654, LumiSection 131845 on stream 0 at 19-Nov-2024 20:32:40.572 KST
19-Nov-2024 20:32:41 KST  Closed file file:///pnfs/knu.ac.kr/data/cms/store/user/wkwon/AnalysisResults/DYto2L-2Jets_MLL-50_TuneCP5_13p6TeV_amcatnloFXFX-pythia8/crab_Run3Summer22DRPremix-124X_mcRun3_2022_realistic_v12-v4/241117_152227/0000/mc_skimmed_data_265.root
19-Nov-2024 20:32:41 KST  Initiating request to open file file:///pnfs/knu.ac.kr/data/cms/store/user/wkwon/AnalysisResults/DYto2L-2Jets_MLL-50_TuneCP5_13p6TeV_amcatnloFXFX-pythia8/crab_Run3Summer22DRPremix-124X_mcRun3_2022_realistic_v12-v4/241117_152227/0000/mc_skimmed_data_184.root
19-Nov-2024 20:32:42 KST  Successfully opened file file:///pnfs/knu.ac.kr/data/cms/store/user/wkwon/AnalysisResults/DYto2L-2Jets_MLL-50_TuneCP5_13p6TeV_amcatnloFXFX-pythia8/crab_Run3Summer22DRPremix-124X_mcRun3_2022_realistic_v12-v4/241117_152227/0000/mc_skimmed_data_184.root
Begin processing the 810001st record. Run 1, Event 143856242, LumiSection 76479 on stream 0 at 19-Nov-2024 20:32:59.179 KST
Begin processing the 820001st record. Run 1, Event 143752567, LumiSection 76424 on stream 0 at 19-Nov-2024 20:33:09.521 KST
Begin processing the 830001st record. Run 1, Event 144700452, LumiSection 76928 on stream 0 at 19-Nov-2024 20:33:18.979 KST
Begin processing the 840001st record. Run 1, Event 216251520, LumiSection 114967 on stream 0 at 19-Nov-2024 20:33:28.534 KST
Begin processing the 850001st record. Run 1, Event 189146611, LumiSection 100557 on stream 0 at 19-Nov-2024 20:33:38.431 KST
Begin processing the 860001st record. Run 1, Event 148524820, LumiSection 78961 on stream 0 at 19-Nov-2024 20:33:47.783 KST
Begin processing the 870001st record. Run 1, Event 143914438, LumiSection 76510 on stream 0 at 19-Nov-2024 20:33:57.233 KST
Begin processing the 880001st record. Run 1, Event 144002696, LumiSection 76557 on stream 0 at 19-Nov-2024 20:34:06.756 KST
Begin processing the 890001st record. Run 1, Event 167300218, LumiSection 88943 on stream 0 at 19-Nov-2024 20:34:15.884 KST
Begin processing the 900001st record. Run 1, Event 143939891, LumiSection 76524 on stream 0 at 19-Nov-2024 20:34:25.232 KST
Begin processing the 910001st record. Run 1, Event 143867986, LumiSection 76485 on stream 0 at 19-Nov-2024 20:34:34.921 KST
Begin processing the 920001st record. Run 1, Event 143694895, LumiSection 76393 on stream 0 at 19-Nov-2024 20:34:44.046 KST
Begin processing the 930001st record. Run 1, Event 191255765, LumiSection 101678 on stream 0 at 19-Nov-2024 20:34:53.539 KST
Begin processing the 940001st record. Run 1, Event 144738586, LumiSection 76948 on stream 0 at 19-Nov-2024 20:35:02.977 KST
Begin processing the 950001st record. Run 1, Event 144356881, LumiSection 76745 on stream 0 at 19-Nov-2024 20:35:12.169 KST
Begin processing the 960001st record. Run 1, Event 144217365, LumiSection 76671 on stream 0 at 19-Nov-2024 20:35:21.309 KST
Begin processing the 970001st record. Run 1, Event 209237587, LumiSection 111238 on stream 0 at 19-Nov-2024 20:35:30.582 KST
Begin processing the 980001st record. Run 1, Event 144568754, LumiSection 76858 on stream 0 at 19-Nov-2024 20:35:39.644 KST
Begin processing the 990001st record. Run 1, Event 144304986, LumiSection 76718 on stream 0 at 19-Nov-2024 20:35:48.880 KST
Begin processing the 1000001st record. Run 1, Event 166792246, LumiSection 88673 on stream 0 at 19-Nov-2024 20:35:58.111 KST
Begin processing the 1010001st record. Run 1, Event 144716842, LumiSection 76937 on stream 0 at 19-Nov-2024 20:36:07.280 KST
Begin processing the 1020001st record. Run 1, Event 145688623, LumiSection 77453 on stream 0 at 19-Nov-2024 20:36:18.019 KST
Begin processing the 1030001st record. Run 1, Event 237603726, LumiSection 126318 on stream 0 at 19-Nov-2024 20:36:27.140 KST
Begin processing the 1040001st record. Run 1, Event 145126141, LumiSection 77154 on stream 0 at 19-Nov-2024 20:36:36.329 KST
Begin processing the 1050001st record. Run 1, Event 144310137, LumiSection 76720 on stream 0 at 19-Nov-2024 20:36:46.080 KST
Begin processing the 1060001st record. Run 1, Event 144672539, LumiSection 76913 on stream 0 at 19-Nov-2024 20:36:55.143 KST
19-Nov-2024 20:37:02 KST  Closed file file:///pnfs/knu.ac.kr/data/cms/store/user/wkwon/AnalysisResults/DYto2L-2Jets_MLL-50_TuneCP5_13p6TeV_amcatnloFXFX-pythia8/crab_Run3Summer22DRPremix-124X_mcRun3_2022_realistic_v12-v4/241117_152227/0000/mc_skimmed_data_184.root
19-Nov-2024 20:37:02 KST  Initiating request to open file file:///pnfs/knu.ac.kr/data/cms/store/user/wkwon/AnalysisResults/DYto2L-2Jets_MLL-50_TuneCP5_13p6TeV_amcatnloFXFX-pythia8/crab_Run3Summer22DRPremix-124X_mcRun3_2022_realistic_v12-v4/241117_152227/0000/mc_skimmed_data_139.root
19-Nov-2024 20:37:03 KST  Successfully opened file file:///pnfs/knu.ac.kr/data/cms/store/user/wkwon/AnalysisResults/DYto2L-2Jets_MLL-50_TuneCP5_13p6TeV_amcatnloFXFX-pythia8/crab_Run3Summer22DRPremix-124X_mcRun3_2022_realistic_v12-v4/241117_152227/0000/mc_skimmed_data_139.root
Begin processing the 1070001st record. Run 1, Event 97552996, LumiSection 51863 on stream 0 at 19-Nov-2024 20:37:14.185 KST
Begin processing the 1080001st record. Run 1, Event 97447772, LumiSection 51807 on stream 0 at 19-Nov-2024 20:37:23.645 KST
Begin processing the 1090001st record. Run 1, Event 132735309, LumiSection 70567 on stream 0 at 19-Nov-2024 20:37:33.043 KST
Begin processing the 1100001st record. Run 1, Event 98036377, LumiSection 52120 on stream 0 at 19-Nov-2024 20:37:43.266 KST
Begin processing the 1110001st record. Run 1, Event 111259614, LumiSection 59150 on stream 0 at 19-Nov-2024 20:37:52.581 KST
Begin processing the 1120001st record. Run 1, Event 99348647, LumiSection 52817 on stream 0 at 19-Nov-2024 20:38:02.400 KST
Begin processing the 1130001st record. Run 1, Event 112352200, LumiSection 59731 on stream 0 at 19-Nov-2024 20:38:12.129 KST
Begin processing the 1140001st record. Run 1, Event 113539099, LumiSection 60362 on stream 0 at 19-Nov-2024 20:38:23.617 KST
Begin processing the 1150001st record. Run 1, Event 98884481, LumiSection 52571 on stream 0 at 19-Nov-2024 20:38:33.702 KST
Begin processing the 1160001st record. Run 1, Event 97804349, LumiSection 51996 on stream 0 at 19-Nov-2024 20:38:43.507 KST
Begin processing the 1170001st record. Run 1, Event 98464688, LumiSection 52347 on stream 0 at 19-Nov-2024 20:38:53.177 KST
Begin processing the 1180001st record. Run 1, Event 97868405, LumiSection 52030 on stream 0 at 19-Nov-2024 20:39:03.021 KST
Begin processing the 1190001st record. Run 1, Event 99094977, LumiSection 52683 on stream 0 at 19-Nov-2024 20:39:12.801 KST
Begin processing the 1200001st record. Run 1, Event 143473246, LumiSection 76275 on stream 0 at 19-Nov-2024 20:39:22.226 KST
Begin processing the 1210001st record. Run 1, Event 141699542, LumiSection 75333 on stream 0 at 19-Nov-2024 20:39:31.630 KST
Begin processing the 1220001st record. Run 1, Event 141842839, LumiSection 75409 on stream 0 at 19-Nov-2024 20:39:41.253 KST
Begin processing the 1230001st record. Run 1, Event 98267355, LumiSection 52243 on stream 0 at 19-Nov-2024 20:39:50.669 KST
Begin processing the 1240001st record. Run 1, Event 98115110, LumiSection 52162 on stream 0 at 19-Nov-2024 20:40:00.644 KST
Begin processing the 1250001st record. Run 1, Event 98643711, LumiSection 52443 on stream 0 at 19-Nov-2024 20:40:10.880 KST
Begin processing the 1260001st record. Run 1, Event 98109539, LumiSection 52159 on stream 0 at 19-Nov-2024 20:40:20.329 KST
Begin processing the 1270001st record. Run 1, Event 131386053, LumiSection 69850 on stream 0 at 19-Nov-2024 20:40:30.065 KST
Begin processing the 1280001st record. Run 1, Event 143149761, LumiSection 76104 on stream 0 at 19-Nov-2024 20:40:39.537 KST
Begin processing the 1290001st record. Run 1, Event 98669649, LumiSection 52456 on stream 0 at 19-Nov-2024 20:40:49.214 KST
Begin processing the 1300001st record. Run 1, Event 133172567, LumiSection 70799 on stream 0 at 19-Nov-2024 20:40:58.707 KST
Begin processing the 1310001st record. Run 1, Event 111443089, LumiSection 59247 on stream 0 at 19-Nov-2024 20:41:08.395 KST
Begin processing the 1320001st record. Run 1, Event 98417264, LumiSection 52322 on stream 0 at 19-Nov-2024 20:41:17.732 KST
Begin processing the 1330001st record. Run 1, Event 98808020, LumiSection 52530 on stream 0 at 19-Nov-2024 20:41:27.341 KST
19-Nov-2024 20:41:32 KST  Closed file file:///pnfs/knu.ac.kr/data/cms/store/user/wkwon/AnalysisResults/DYto2L-2Jets_MLL-50_TuneCP5_13p6TeV_amcatnloFXFX-pythia8/crab_Run3Summer22DRPremix-124X_mcRun3_2022_realistic_v12-v4/241117_152227/0000/mc_skimmed_data_139.root
19-Nov-2024 20:41:32 KST  Initiating request to open file file:///pnfs/knu.ac.kr/data/cms/store/user/wkwon/AnalysisResults/DYto2L-2Jets_MLL-50_TuneCP5_13p6TeV_amcatnloFXFX-pythia8/crab_Run3Summer22DRPremix-124X_mcRun3_2022_realistic_v12-v4/241117_152227/0000/mc_skimmed_data_52.root
19-Nov-2024 20:41:32 KST  Successfully opened file file:///pnfs/knu.ac.kr/data/cms/store/user/wkwon/AnalysisResults/DYto2L-2Jets_MLL-50_TuneCP5_13p6TeV_amcatnloFXFX-pythia8/crab_Run3Summer22DRPremix-124X_mcRun3_2022_realistic_v12-v4/241117_152227/0000/mc_skimmed_data_52.root
Begin processing the 1340001st record. Run 1, Event 27888624, LumiSection 14827 on stream 0 at 19-Nov-2024 20:41:46.668 KST
Begin processing the 1350001st record. Run 1, Event 39616629, LumiSection 21062 on stream 0 at 19-Nov-2024 20:41:55.999 KST
Begin processing the 1360001st record. Run 1, Event 27730525, LumiSection 14743 on stream 0 at 19-Nov-2024 20:42:05.137 KST
Begin processing the 1370001st record. Run 1, Event 30232220, LumiSection 16073 on stream 0 at 19-Nov-2024 20:42:14.475 KST
Begin processing the 1380001st record. Run 1, Event 28490274, LumiSection 15147 on stream 0 at 19-Nov-2024 20:42:24.422 KST
Begin processing the 1390001st record. Run 1, Event 27643776, LumiSection 14697 on stream 0 at 19-Nov-2024 20:42:33.921 KST
Begin processing the 1400001st record. Run 1, Event 28409217, LumiSection 15104 on stream 0 at 19-Nov-2024 20:42:43.451 KST
Begin processing the 1410001st record. Run 1, Event 28113844, LumiSection 14947 on stream 0 at 19-Nov-2024 20:42:53.314 KST
Begin processing the 1420001st record. Run 1, Event 27450108, LumiSection 14594 on stream 0 at 19-Nov-2024 20:43:02.963 KST
Begin processing the 1430001st record. Run 1, Event 28620547, LumiSection 15216 on stream 0 at 19-Nov-2024 20:43:12.709 KST
Begin processing the 1440001st record. Run 1, Event 40015925, LumiSection 21274 on stream 0 at 19-Nov-2024 20:43:22.166 KST
Begin processing the 1450001st record. Run 1, Event 55111024, LumiSection 29299 on stream 0 at 19-Nov-2024 20:43:31.390 KST
Begin processing the 1460001st record. Run 1, Event 96312446, LumiSection 51203 on stream 0 at 19-Nov-2024 20:43:40.653 KST
Begin processing the 1470001st record. Run 1, Event 27648187, LumiSection 14699 on stream 0 at 19-Nov-2024 20:43:49.867 KST
Begin processing the 1480001st record. Run 1, Event 27946890, LumiSection 14858 on stream 0 at 19-Nov-2024 20:43:59.160 KST
Begin processing the 1490001st record. Run 1, Event 28202521, LumiSection 14994 on stream 0 at 19-Nov-2024 20:44:08.473 KST
Begin processing the 1500001st record. Run 1, Event 30346809, LumiSection 16134 on stream 0 at 19-Nov-2024 20:44:18.025 KST
Begin processing the 1510001st record. Run 1, Event 39760836, LumiSection 21139 on stream 0 at 19-Nov-2024 20:44:27.518 KST
Begin processing the 1520001st record. Run 1, Event 27900984, LumiSection 14834 on stream 0 at 19-Nov-2024 20:44:36.783 KST
Begin processing the 1530001st record. Run 1, Event 29334188, LumiSection 15595 on stream 0 at 19-Nov-2024 20:44:46.323 KST
Begin processing the 1540001st record. Run 1, Event 114479733, LumiSection 60862 on stream 0 at 19-Nov-2024 20:44:55.583 KST
Begin processing the 1550001st record. Run 1, Event 39781247, LumiSection 21149 on stream 0 at 19-Nov-2024 20:45:04.754 KST
Begin processing the 1560001st record. Run 1, Event 27763125, LumiSection 14760 on stream 0 at 19-Nov-2024 20:45:14.064 KST
Begin processing the 1570001st record. Run 1, Event 55291669, LumiSection 29395 on stream 0 at 19-Nov-2024 20:45:23.479 KST
Begin processing the 1580001st record. Run 1, Event 27909994, LumiSection 14838 on stream 0 at 19-Nov-2024 20:45:32.858 KST
Begin processing the 1590001st record. Run 1, Event 27851782, LumiSection 14807 on stream 0 at 19-Nov-2024 20:45:42.292 KST
Begin processing the 1600001st record. Run 1, Event 28176830, LumiSection 14980 on stream 0 at 19-Nov-2024 20:45:51.861 KST
19-Nov-2024 20:45:54 KST  Closed file file:///pnfs/knu.ac.kr/data/cms/store/user/wkwon/AnalysisResults/DYto2L-2Jets_MLL-50_TuneCP5_13p6TeV_amcatnloFXFX-pythia8/crab_Run3Summer22DRPremix-124X_mcRun3_2022_realistic_v12-v4/241117_152227/0000/mc_skimmed_data_52.root
19-Nov-2024 20:45:54 KST  Initiating request to open file file:///pnfs/knu.ac.kr/data/cms/store/user/wkwon/AnalysisResults/DYto2L-2Jets_MLL-50_TuneCP5_13p6TeV_amcatnloFXFX-pythia8/crab_Run3Summer22DRPremix-124X_mcRun3_2022_realistic_v12-v4/241117_152227/0000/mc_skimmed_data_266.root
19-Nov-2024 20:45:54 KST  Successfully opened file file:///pnfs/knu.ac.kr/data/cms/store/user/wkwon/AnalysisResults/DYto2L-2Jets_MLL-50_TuneCP5_13p6TeV_amcatnloFXFX-pythia8/crab_Run3Summer22DRPremix-124X_mcRun3_2022_realistic_v12-v4/241117_152227/0000/mc_skimmed_data_266.root
Begin processing the 1610001st record. Run 1, Event 247952661, LumiSection 131820 on stream 0 at 19-Nov-2024 20:46:10.837 KST
Begin processing the 1620001st record. Run 1, Event 247745585, LumiSection 131710 on stream 0 at 19-Nov-2024 20:46:20.210 KST
Begin processing the 1630001st record. Run 1, Event 248529733, LumiSection 132127 on stream 0 at 19-Nov-2024 20:46:29.285 KST
Begin processing the 1640001st record. Run 1, Event 250130433, LumiSection 132978 on stream 0 at 19-Nov-2024 20:46:38.526 KST
Begin processing the 1650001st record. Run 1, Event 248678175, LumiSection 132206 on stream 0 at 19-Nov-2024 20:46:47.704 KST
Begin processing the 1660001st record. Run 1, Event 248042671, LumiSection 131868 on stream 0 at 19-Nov-2024 20:46:57.182 KST
Begin processing the 1670001st record. Run 1, Event 247875201, LumiSection 131779 on stream 0 at 19-Nov-2024 20:47:06.797 KST
Begin processing the 1680001st record. Run 1, Event 247938736, LumiSection 131813 on stream 0 at 19-Nov-2024 20:47:16.426 KST
Begin processing the 1690001st record. Run 1, Event 248992071, LumiSection 132373 on stream 0 at 19-Nov-2024 20:47:25.371 KST
Begin processing the 1700001st record. Run 1, Event 249734683, LumiSection 132767 on stream 0 at 19-Nov-2024 20:47:34.557 KST
Begin processing the 1710001st record. Run 1, Event 248515751, LumiSection 132119 on stream 0 at 19-Nov-2024 20:47:43.763 KST
Begin processing the 1720001st record. Run 1, Event 250150466, LumiSection 132989 on stream 0 at 19-Nov-2024 20:47:52.844 KST
Begin processing the 1730001st record. Run 1, Event 249143825, LumiSection 132453 on stream 0 at 19-Nov-2024 20:48:02.056 KST
Begin processing the 1740001st record. Run 1, Event 255873779, LumiSection 136031 on stream 0 at 19-Nov-2024 20:48:11.585 KST
Begin processing the 1750001st record. Run 1, Event 248280169, LumiSection 131994 on stream 0 at 19-Nov-2024 20:48:20.704 KST
Begin processing the 1760001st record. Run 1, Event 248304610, LumiSection 132007 on stream 0 at 19-Nov-2024 20:48:30.127 KST
Begin processing the 1770001st record. Run 1, Event 248832970, LumiSection 132288 on stream 0 at 19-Nov-2024 20:48:39.270 KST
Begin processing the 1780001st record. Run 1, Event 255894034, LumiSection 136042 on stream 0 at 19-Nov-2024 20:48:48.501 KST
Begin processing the 1790001st record. Run 1, Event 249649303, LumiSection 132722 on stream 0 at 19-Nov-2024 20:48:57.681 KST
Begin processing the 1800001st record. Run 1, Event 248990985, LumiSection 132372 on stream 0 at 19-Nov-2024 20:49:06.729 KST
Begin processing the 1810001st record. Run 1, Event 260285840, LumiSection 138377 on stream 0 at 19-Nov-2024 20:49:16.069 KST
Begin processing the 1820001st record. Run 1, Event 249035491, LumiSection 132396 on stream 0 at 19-Nov-2024 20:49:25.278 KST
Begin processing the 1830001st record. Run 1, Event 249022150, LumiSection 132389 on stream 0 at 19-Nov-2024 20:49:34.255 KST
Begin processing the 1840001st record. Run 1, Event 249100921, LumiSection 132431 on stream 0 at 19-Nov-2024 20:49:43.465 KST
Begin processing the 1850001st record. Run 1, Event 249161277, LumiSection 132463 on stream 0 at 19-Nov-2024 20:49:53.008 KST
Begin processing the 1860001st record. Run 1, Event 248928024, LumiSection 132339 on stream 0 at 19-Nov-2024 20:50:02.519 KST
19-Nov-2024 20:50:12 KST  Closed file file:///pnfs/knu.ac.kr/data/cms/store/user/wkwon/AnalysisResults/DYto2L-2Jets_MLL-50_TuneCP5_13p6TeV_amcatnloFXFX-pythia8/crab_Run3Summer22DRPremix-124X_mcRun3_2022_realistic_v12-v4/241117_152227/0000/mc_skimmed_data_266.root
19-Nov-2024 20:50:12 KST  Initiating request to open file file:///pnfs/knu.ac.kr/data/cms/store/user/wkwon/AnalysisResults/DYto2L-2Jets_MLL-50_TuneCP5_13p6TeV_amcatnloFXFX-pythia8/crab_Run3Summer22DRPremix-124X_mcRun3_2022_realistic_v12-v4/241117_152227/0000/mc_skimmed_data_185.root
19-Nov-2024 20:50:12 KST  Successfully opened file file:///pnfs/knu.ac.kr/data/cms/store/user/wkwon/AnalysisResults/DYto2L-2Jets_MLL-50_TuneCP5_13p6TeV_amcatnloFXFX-pythia8/crab_Run3Summer22DRPremix-124X_mcRun3_2022_realistic_v12-v4/241117_152227/0000/mc_skimmed_data_185.root
Begin processing the 1870001st record. Run 1, Event 147558976, LumiSection 78448 on stream 0 at 19-Nov-2024 20:50:24.330 KST
Begin processing the 1880001st record. Run 1, Event 144733147, LumiSection 76945 on stream 0 at 19-Nov-2024 20:50:33.861 KST
Begin processing the 1890001st record. Run 1, Event 145645577, LumiSection 77430 on stream 0 at 19-Nov-2024 20:50:43.070 KST
Begin processing the 1900001st record. Run 1, Event 216087110, LumiSection 114879 on stream 0 at 19-Nov-2024 20:50:52.613 KST
Begin processing the 1910001st record. Run 1, Event 166058337, LumiSection 88282 on stream 0 at 19-Nov-2024 20:51:02.233 KST
Begin processing the 1920001st record. Run 1, Event 165966061, LumiSection 88233 on stream 0 at 19-Nov-2024 20:51:12.156 KST
Begin processing the 1930001st record. Run 1, Event 146672722, LumiSection 77976 on stream 0 at 19-Nov-2024 20:51:22.571 KST
Begin processing the 1940001st record. Run 1, Event 145171685, LumiSection 77178 on stream 0 at 19-Nov-2024 20:51:32.115 KST
Begin processing the 1950001st record. Run 1, Event 147039250, LumiSection 78171 on stream 0 at 19-Nov-2024 20:51:41.787 KST
Begin processing the 1960001st record. Run 1, Event 165623162, LumiSection 88051 on stream 0 at 19-Nov-2024 20:51:51.346 KST
Begin processing the 1970001st record. Run 1, Event 144817408, LumiSection 76990 on stream 0 at 19-Nov-2024 20:52:00.856 KST
Begin processing the 1980001st record. Run 1, Event 145874448, LumiSection 77552 on stream 0 at 19-Nov-2024 20:52:10.497 KST
Begin processing the 1990001st record. Run 1, Event 146001907, LumiSection 77620 on stream 0 at 19-Nov-2024 20:52:20.392 KST
Begin processing the 2000001st record. Run 1, Event 145285287, LumiSection 77239 on stream 0 at 19-Nov-2024 20:52:29.273 KST
Begin processing the 2010001st record. Run 1, Event 189182102, LumiSection 100576 on stream 0 at 19-Nov-2024 20:52:38.828 KST
Begin processing the 2020001st record. Run 1, Event 145458214, LumiSection 77331 on stream 0 at 19-Nov-2024 20:52:48.010 KST
Begin processing the 2030001st record. Run 1, Event 147075745, LumiSection 78191 on stream 0 at 19-Nov-2024 20:52:57.311 KST
Begin processing the 2040001st record. Run 1, Event 145508696, LumiSection 77358 on stream 0 at 19-Nov-2024 20:53:06.468 KST
Begin processing the 2050001st record. Run 1, Event 145192808, LumiSection 77190 on stream 0 at 19-Nov-2024 20:53:15.900 KST
Begin processing the 2060001st record. Run 1, Event 145166517, LumiSection 77176 on stream 0 at 19-Nov-2024 20:53:25.079 KST
Begin processing the 2070001st record. Run 1, Event 145254532, LumiSection 77222 on stream 0 at 19-Nov-2024 20:53:34.493 KST
Begin processing the 2080001st record. Run 1, Event 145362359, LumiSection 77280 on stream 0 at 19-Nov-2024 20:53:43.866 KST
Begin processing the 2090001st record. Run 1, Event 145450666, LumiSection 77327 on stream 0 at 19-Nov-2024 20:53:54.292 KST
Begin processing the 2100001st record. Run 1, Event 145749843, LumiSection 77486 on stream 0 at 19-Nov-2024 20:54:04.055 KST
Begin processing the 2110001st record. Run 1, Event 145454156, LumiSection 77329 on stream 0 at 19-Nov-2024 20:54:14.677 KST
Begin processing the 2120001st record. Run 1, Event 166037918, LumiSection 88272 on stream 0 at 19-Nov-2024 20:54:24.652 KST
Begin processing the 2130001st record. Run 1, Event 147965296, LumiSection 78664 on stream 0 at 19-Nov-2024 20:54:34.233 KST
19-Nov-2024 20:54:40 KST  Closed file file:///pnfs/knu.ac.kr/data/cms/store/user/wkwon/AnalysisResults/DYto2L-2Jets_MLL-50_TuneCP5_13p6TeV_amcatnloFXFX-pythia8/crab_Run3Summer22DRPremix-124X_mcRun3_2022_realistic_v12-v4/241117_152227/0000/mc_skimmed_data_185.root
19-Nov-2024 20:54:40 KST  Initiating request to open file file:///pnfs/knu.ac.kr/data/cms/store/user/wkwon/AnalysisResults/DYto2L-2Jets_MLL-50_TuneCP5_13p6TeV_amcatnloFXFX-pythia8/crab_Run3Summer22DRPremix-124X_mcRun3_2022_realistic_v12-v4/241117_152227/0000/mc_skimmed_data_53.root
19-Nov-2024 20:54:40 KST  Successfully opened file file:///pnfs/knu.ac.kr/data/cms/store/user/wkwon/AnalysisResults/DYto2L-2Jets_MLL-50_TuneCP5_13p6TeV_amcatnloFXFX-pythia8/crab_Run3Summer22DRPremix-124X_mcRun3_2022_realistic_v12-v4/241117_152227/0000/mc_skimmed_data_53.root
Begin processing the 2140001st record. Run 1, Event 30562664, LumiSection 16249 on stream 0 at 19-Nov-2024 20:54:53.304 KST
Begin processing the 2150001st record. Run 1, Event 28677547, LumiSection 15246 on stream 0 at 19-Nov-2024 20:55:03.057 KST
Begin processing the 2160001st record. Run 1, Event 29745633, LumiSection 15814 on stream 0 at 19-Nov-2024 20:55:12.460 KST
Begin processing the 2170001st record. Run 1, Event 28441931, LumiSection 15121 on stream 0 at 19-Nov-2024 20:55:21.623 KST
Begin processing the 2180001st record. Run 1, Event 28206718, LumiSection 14996 on stream 0 at 19-Nov-2024 20:55:30.528 KST
Begin processing the 2190001st record. Run 1, Event 28044422, LumiSection 14910 on stream 0 at 19-Nov-2024 20:55:40.263 KST
Begin processing the 2200001st record. Run 1, Event 27972706, LumiSection 14872 on stream 0 at 19-Nov-2024 20:55:49.631 KST
Begin processing the 2210001st record. Run 1, Event 30183005, LumiSection 16047 on stream 0 at 19-Nov-2024 20:55:58.788 KST
Begin processing the 2220001st record. Run 1, Event 30993751, LumiSection 16478 on stream 0 at 19-Nov-2024 20:56:08.121 KST
Begin processing the 2230001st record. Run 1, Event 28234266, LumiSection 15011 on stream 0 at 19-Nov-2024 20:56:17.881 KST
Begin processing the 2240001st record. Run 1, Event 28796597, LumiSection 15310 on stream 0 at 19-Nov-2024 20:56:27.288 KST
Begin processing the 2250001st record. Run 1, Event 29264886, LumiSection 15559 on stream 0 at 19-Nov-2024 20:56:37.109 KST
Begin processing the 2260001st record. Run 1, Event 29522759, LumiSection 15696 on stream 0 at 19-Nov-2024 20:56:46.768 KST
Begin processing the 2270001st record. Run 1, Event 28329931, LumiSection 15062 on stream 0 at 19-Nov-2024 20:56:56.327 KST
Begin processing the 2280001st record. Run 1, Event 96877456, LumiSection 51504 on stream 0 at 19-Nov-2024 20:57:06.413 KST
Begin processing the 2290001st record. Run 1, Event 29894839, LumiSection 15894 on stream 0 at 19-Nov-2024 20:57:16.656 KST
Begin processing the 2300001st record. Run 1, Event 29990820, LumiSection 15945 on stream 0 at 19-Nov-2024 20:57:26.731 KST
Begin processing the 2310001st record. Run 1, Event 28598951, LumiSection 15205 on stream 0 at 19-Nov-2024 20:57:39.641 KST
Begin processing the 2320001st record. Run 1, Event 28875238, LumiSection 15352 on stream 0 at 19-Nov-2024 20:57:51.097 KST
Begin processing the 2330001st record. Run 1, Event 28839178, LumiSection 15332 on stream 0 at 19-Nov-2024 20:58:02.496 KST
Begin processing the 2340001st record. Run 1, Event 55596207, LumiSection 29557 on stream 0 at 19-Nov-2024 20:58:13.716 KST
Begin processing the 2350001st record. Run 1, Event 94358033, LumiSection 50164 on stream 0 at 19-Nov-2024 20:58:23.465 KST
Begin processing the 2360001st record. Run 1, Event 31722889, LumiSection 16865 on stream 0 at 19-Nov-2024 20:58:33.087 KST
Begin processing the 2370001st record. Run 1, Event 31709336, LumiSection 16858 on stream 0 at 19-Nov-2024 20:58:42.600 KST
Begin processing the 2380001st record. Run 1, Event 29847043, LumiSection 15868 on stream 0 at 19-Nov-2024 20:58:53.669 KST
Begin processing the 2390001st record. Run 1, Event 31790444, LumiSection 16901 on stream 0 at 19-Nov-2024 20:59:03.086 KST
Begin processing the 2400001st record. Run 1, Event 39150751, LumiSection 20814 on stream 0 at 19-Nov-2024 20:59:12.731 KST
19-Nov-2024 20:59:15 KST  Closed file file:///pnfs/knu.ac.kr/data/cms/store/user/wkwon/AnalysisResults/DYto2L-2Jets_MLL-50_TuneCP5_13p6TeV_amcatnloFXFX-pythia8/crab_Run3Summer22DRPremix-124X_mcRun3_2022_realistic_v12-v4/241117_152227/0000/mc_skimmed_data_53.root
19-Nov-2024 20:59:15 KST  Initiating request to open file file:///pnfs/knu.ac.kr/data/cms/store/user/wkwon/AnalysisResults/DYto2L-2Jets_MLL-50_TuneCP5_13p6TeV_amcatnloFXFX-pythia8/crab_Run3Summer22DRPremix-124X_mcRun3_2022_realistic_v12-v4/241117_152227/0000/mc_skimmed_data_267.root
19-Nov-2024 20:59:15 KST  Successfully opened file file:///pnfs/knu.ac.kr/data/cms/store/user/wkwon/AnalysisResults/DYto2L-2Jets_MLL-50_TuneCP5_13p6TeV_amcatnloFXFX-pythia8/crab_Run3Summer22DRPremix-124X_mcRun3_2022_realistic_v12-v4/241117_152227/0000/mc_skimmed_data_267.root
Begin processing the 2410001st record. Run 1, Event 249670200, LumiSection 132733 on stream 0 at 19-Nov-2024 20:59:33.537 KST
Begin processing the 2420001st record. Run 1, Event 256153758, LumiSection 136180 on stream 0 at 19-Nov-2024 20:59:42.733 KST
Begin processing the 2430001st record. Run 1, Event 256994934, LumiSection 136627 on stream 0 at 19-Nov-2024 20:59:52.005 KST
Begin processing the 2440001st record. Run 1, Event 249361738, LumiSection 132569 on stream 0 at 19-Nov-2024 21:00:01.574 KST
Begin processing the 2450001st record. Run 1, Event 250031436, LumiSection 132925 on stream 0 at 19-Nov-2024 21:00:10.742 KST
Begin processing the 2460001st record. Run 1, Event 249988368, LumiSection 132902 on stream 0 at 19-Nov-2024 21:00:20.124 KST
Begin processing the 2470001st record. Run 1, Event 249442913, LumiSection 132612 on stream 0 at 19-Nov-2024 21:00:29.312 KST
Begin processing the 2480001st record. Run 1, Event 249969658, LumiSection 132892 on stream 0 at 19-Nov-2024 21:00:38.539 KST
Begin processing the 2490001st record. Run 1, Event 256440198, LumiSection 136332 on stream 0 at 19-Nov-2024 21:00:48.480 KST
Begin processing the 2500001st record. Run 1, Event 249984087, LumiSection 132900 on stream 0 at 19-Nov-2024 21:00:58.674 KST
Begin processing the 2510001st record. Run 1, Event 256763077, LumiSection 136504 on stream 0 at 19-Nov-2024 21:01:08.241 KST
Begin processing the 2520001st record. Run 1, Event 249803188, LumiSection 132804 on stream 0 at 19-Nov-2024 21:01:18.176 KST
Begin processing the 2530001st record. Run 1, Event 249980028, LumiSection 132898 on stream 0 at 19-Nov-2024 21:01:27.916 KST
Begin processing the 2540001st record. Run 1, Event 249932739, LumiSection 132873 on stream 0 at 19-Nov-2024 21:01:37.416 KST
Begin processing the 2550001st record. Run 1, Event 261300673, LumiSection 138916 on stream 0 at 19-Nov-2024 21:01:47.275 KST
Begin processing the 2560001st record. Run 1, Event 256246292, LumiSection 136229 on stream 0 at 19-Nov-2024 21:01:57.371 KST
Begin processing the 2570001st record. Run 1, Event 255967874, LumiSection 136081 on stream 0 at 19-Nov-2024 21:02:07.300 KST
Begin processing the 2580001st record. Run 1, Event 256962957, LumiSection 136610 on stream 0 at 19-Nov-2024 21:02:17.140 KST
Begin processing the 2590001st record. Run 1, Event 256594502, LumiSection 136414 on stream 0 at 19-Nov-2024 21:02:26.825 KST
Begin processing the 2600001st record. Run 1, Event 250272396, LumiSection 133053 on stream 0 at 19-Nov-2024 21:02:36.105 KST
Begin processing the 2610001st record. Run 1, Event 253494687, LumiSection 134766 on stream 0 at 19-Nov-2024 21:02:45.113 KST
Begin processing the 2620001st record. Run 1, Event 251285589, LumiSection 133592 on stream 0 at 19-Nov-2024 21:02:54.522 KST
Begin processing the 2630001st record. Run 1, Event 250881378, LumiSection 133377 on stream 0 at 19-Nov-2024 21:03:06.245 KST
Begin processing the 2640001st record. Run 1, Event 253363900, LumiSection 134697 on stream 0 at 19-Nov-2024 21:03:16.315 KST
Begin processing the 2650001st record. Run 1, Event 254535808, LumiSection 135320 on stream 0 at 19-Nov-2024 21:03:26.181 KST
Begin processing the 2660001st record. Run 1, Event 250570737, LumiSection 133212 on stream 0 at 19-Nov-2024 21:03:35.549 KST
19-Nov-2024 21:03:44 KST  Closed file file:///pnfs/knu.ac.kr/data/cms/store/user/wkwon/AnalysisResults/DYto2L-2Jets_MLL-50_TuneCP5_13p6TeV_amcatnloFXFX-pythia8/crab_Run3Summer22DRPremix-124X_mcRun3_2022_realistic_v12-v4/241117_152227/0000/mc_skimmed_data_267.root
19-Nov-2024 21:03:44 KST  Initiating request to open file file:///pnfs/knu.ac.kr/data/cms/store/user/wkwon/AnalysisResults/DYto2L-2Jets_MLL-50_TuneCP5_13p6TeV_amcatnloFXFX-pythia8/crab_Run3Summer22DRPremix-124X_mcRun3_2022_realistic_v12-v4/241117_152227/0000/mc_skimmed_data_186.root
19-Nov-2024 21:03:45 KST  Successfully opened file file:///pnfs/knu.ac.kr/data/cms/store/user/wkwon/AnalysisResults/DYto2L-2Jets_MLL-50_TuneCP5_13p6TeV_amcatnloFXFX-pythia8/crab_Run3Summer22DRPremix-124X_mcRun3_2022_realistic_v12-v4/241117_152227/0000/mc_skimmed_data_186.root
Begin processing the 2670001st record. Run 1, Event 145524466, LumiSection 77366 on stream 0 at 19-Nov-2024 21:03:50.203 KST
Begin processing the 2680001st record. Run 1, Event 145770797, LumiSection 77497 on stream 0 at 19-Nov-2024 21:03:59.763 KST
Begin processing the 2690001st record. Run 1, Event 145849652, LumiSection 77539 on stream 0 at 19-Nov-2024 21:04:10.592 KST
Begin processing the 2700001st record. Run 1, Event 145629381, LumiSection 77422 on stream 0 at 19-Nov-2024 21:04:20.963 KST
Begin processing the 2710001st record. Run 1, Event 146196903, LumiSection 77723 on stream 0 at 19-Nov-2024 21:04:31.120 KST
Begin processing the 2720001st record. Run 1, Event 148104044, LumiSection 78737 on stream 0 at 19-Nov-2024 21:04:41.117 KST
Begin processing the 2730001st record. Run 1, Event 167171437, LumiSection 88874 on stream 0 at 19-Nov-2024 21:04:51.248 KST
Begin processing the 2740001st record. Run 1, Event 146232224, LumiSection 77742 on stream 0 at 19-Nov-2024 21:05:01.279 KST
Begin processing the 2750001st record. Run 1, Event 147435777, LumiSection 78382 on stream 0 at 19-Nov-2024 21:05:10.470 KST
Begin processing the 2760001st record. Run 1, Event 208882216, LumiSection 111049 on stream 0 at 19-Nov-2024 21:05:19.808 KST
Begin processing the 2770001st record. Run 1, Event 146214834, LumiSection 77733 on stream 0 at 19-Nov-2024 21:05:29.339 KST
Begin processing the 2780001st record. Run 1, Event 209064600, LumiSection 111146 on stream 0 at 19-Nov-2024 21:05:39.069 KST
Begin processing the 2790001st record. Run 1, Event 147361964, LumiSection 78343 on stream 0 at 19-Nov-2024 21:05:48.698 KST
Begin processing the 2800001st record. Run 1, Event 146129361, LumiSection 77688 on stream 0 at 19-Nov-2024 21:05:58.322 KST
Begin processing the 2810001st record. Run 1, Event 146971960, LumiSection 78136 on stream 0 at 19-Nov-2024 21:06:07.961 KST
Begin processing the 2820001st record. Run 1, Event 147099576, LumiSection 78203 on stream 0 at 19-Nov-2024 21:06:17.301 KST
Begin processing the 2830001st record. Run 1, Event 146401615, LumiSection 77832 on stream 0 at 19-Nov-2024 21:06:27.422 KST
Begin processing the 2840001st record. Run 1, Event 146252965, LumiSection 77753 on stream 0 at 19-Nov-2024 21:06:36.984 KST
Begin processing the 2850001st record. Run 1, Event 146826256, LumiSection 78058 on stream 0 at 19-Nov-2024 21:06:46.545 KST
Begin processing the 2860001st record. Run 1, Event 146858005, LumiSection 78075 on stream 0 at 19-Nov-2024 21:06:56.147 KST
Begin processing the 2870001st record. Run 1, Event 146316050, LumiSection 77787 on stream 0 at 19-Nov-2024 21:07:05.249 KST
Begin processing the 2880001st record. Run 1, Event 146238862, LumiSection 77746 on stream 0 at 19-Nov-2024 21:07:14.579 KST
Begin processing the 2890001st record. Run 1, Event 146707153, LumiSection 77995 on stream 0 at 19-Nov-2024 21:07:24.196 KST
Begin processing the 2900001st record. Run 1, Event 146475373, LumiSection 77872 on stream 0 at 19-Nov-2024 21:07:33.849 KST
Begin processing the 2910001st record. Run 1, Event 146668534, LumiSection 77974 on stream 0 at 19-Nov-2024 21:07:43.199 KST
Begin processing the 2920001st record. Run 1, Event 189551424, LumiSection 100772 on stream 0 at 19-Nov-2024 21:07:52.712 KST
Begin processing the 2930001st record. Run 1, Event 146822468, LumiSection 78056 on stream 0 at 19-Nov-2024 21:08:02.392 KST
19-Nov-2024 21:08:08 KST  Closed file file:///pnfs/knu.ac.kr/data/cms/store/user/wkwon/AnalysisResults/DYto2L-2Jets_MLL-50_TuneCP5_13p6TeV_amcatnloFXFX-pythia8/crab_Run3Summer22DRPremix-124X_mcRun3_2022_realistic_v12-v4/241117_152227/0000/mc_skimmed_data_186.root
19-Nov-2024 21:08:08 KST  Initiating request to open file file:///pnfs/knu.ac.kr/data/cms/store/user/wkwon/AnalysisResults/DYto2L-2Jets_MLL-50_TuneCP5_13p6TeV_amcatnloFXFX-pythia8/crab_Run3Summer22DRPremix-124X_mcRun3_2022_realistic_v12-v4/241117_152227/0000/mc_skimmed_data_54.root
19-Nov-2024 21:08:09 KST  Successfully opened file file:///pnfs/knu.ac.kr/data/cms/store/user/wkwon/AnalysisResults/DYto2L-2Jets_MLL-50_TuneCP5_13p6TeV_amcatnloFXFX-pythia8/crab_Run3Summer22DRPremix-124X_mcRun3_2022_realistic_v12-v4/241117_152227/0000/mc_skimmed_data_54.root
Begin processing the 2940001st record. Run 1, Event 28716302, LumiSection 15267 on stream 0 at 19-Nov-2024 21:08:29.348 KST
Begin processing the 2950001st record. Run 1, Event 38501423, LumiSection 20469 on stream 0 at 19-Nov-2024 21:08:38.898 KST
Begin processing the 2960001st record. Run 1, Event 31261341, LumiSection 16620 on stream 0 at 19-Nov-2024 21:08:48.934 KST
Begin processing the 2970001st record. Run 1, Event 44650274, LumiSection 23738 on stream 0 at 19-Nov-2024 21:08:59.169 KST
Begin processing the 2980001st record. Run 1, Event 30839665, LumiSection 16396 on stream 0 at 19-Nov-2024 21:09:09.499 KST
Begin processing the 2990001st record. Run 1, Event 31388783, LumiSection 16688 on stream 0 at 19-Nov-2024 21:09:20.543 KST
Begin processing the 3000001st record. Run 1, Event 31059352, LumiSection 16513 on stream 0 at 19-Nov-2024 21:09:34.263 KST
Begin processing the 3010001st record. Run 1, Event 35001798, LumiSection 18609 on stream 0 at 19-Nov-2024 21:09:48.911 KST
Begin processing the 3020001st record. Run 1, Event 28832734, LumiSection 15329 on stream 0 at 19-Nov-2024 21:10:01.654 KST
Begin processing the 3030001st record. Run 1, Event 29457693, LumiSection 15661 on stream 0 at 19-Nov-2024 21:10:13.126 KST
Begin processing the 3040001st record. Run 1, Event 29290754, LumiSection 15572 on stream 0 at 19-Nov-2024 21:10:23.728 KST
Begin processing the 3050001st record. Run 1, Event 29971899, LumiSection 15935 on stream 0 at 19-Nov-2024 21:10:34.047 KST
Begin processing the 3060001st record. Run 1, Event 39704273, LumiSection 21109 on stream 0 at 19-Nov-2024 21:10:45.538 KST
Begin processing the 3070001st record. Run 1, Event 29040524, LumiSection 15439 on stream 0 at 19-Nov-2024 21:10:56.204 KST
Begin processing the 3080001st record. Run 1, Event 29533317, LumiSection 15701 on stream 0 at 19-Nov-2024 21:11:07.845 KST
Begin processing the 3090001st record. Run 1, Event 29978931, LumiSection 15938 on stream 0 at 19-Nov-2024 21:11:19.222 KST
Begin processing the 3100001st record. Run 1, Event 29365615, LumiSection 15612 on stream 0 at 19-Nov-2024 21:11:29.703 KST
Begin processing the 3110001st record. Run 1, Event 31425100, LumiSection 16707 on stream 0 at 19-Nov-2024 21:11:39.500 KST
Begin processing the 3120001st record. Run 1, Event 29190540, LumiSection 15519 on stream 0 at 19-Nov-2024 21:11:49.596 KST
Begin processing the 3130001st record. Run 1, Event 29207368, LumiSection 15528 on stream 0 at 19-Nov-2024 21:12:00.371 KST
Begin processing the 3140001st record. Run 1, Event 29419679, LumiSection 15641 on stream 0 at 19-Nov-2024 21:12:12.644 KST
Begin processing the 3150001st record. Run 1, Event 29582646, LumiSection 15728 on stream 0 at 19-Nov-2024 21:12:24.657 KST
Begin processing the 3160001st record. Run 1, Event 29911322, LumiSection 15902 on stream 0 at 19-Nov-2024 21:12:40.511 KST
Begin processing the 3170001st record. Run 1, Event 29784921, LumiSection 15835 on stream 0 at 19-Nov-2024 21:12:58.598 KST
Begin processing the 3180001st record. Run 1, Event 29634441, LumiSection 15755 on stream 0 at 19-Nov-2024 21:13:11.597 KST
Begin processing the 3190001st record. Run 1, Event 29790379, LumiSection 15838 on stream 0 at 19-Nov-2024 21:13:22.035 KST
Begin processing the 3200001st record. Run 1, Event 29476115, LumiSection 15671 on stream 0 at 19-Nov-2024 21:13:32.801 KST
19-Nov-2024 21:13:36 KST  Closed file file:///pnfs/knu.ac.kr/data/cms/store/user/wkwon/AnalysisResults/DYto2L-2Jets_MLL-50_TuneCP5_13p6TeV_amcatnloFXFX-pythia8/crab_Run3Summer22DRPremix-124X_mcRun3_2022_realistic_v12-v4/241117_152227/0000/mc_skimmed_data_54.root
19-Nov-2024 21:13:36 KST  Initiating request to open file file:///pnfs/knu.ac.kr/data/cms/store/user/wkwon/AnalysisResults/DYto2L-2Jets_MLL-50_TuneCP5_13p6TeV_amcatnloFXFX-pythia8/crab_Run3Summer22DRPremix-124X_mcRun3_2022_realistic_v12-v4/241117_152227/0000/mc_skimmed_data_268.root
19-Nov-2024 21:13:36 KST  Successfully opened file file:///pnfs/knu.ac.kr/data/cms/store/user/wkwon/AnalysisResults/DYto2L-2Jets_MLL-50_TuneCP5_13p6TeV_amcatnloFXFX-pythia8/crab_Run3Summer22DRPremix-124X_mcRun3_2022_realistic_v12-v4/241117_152227/0000/mc_skimmed_data_268.root
Begin processing the 3210001st record. Run 1, Event 251336373, LumiSection 133619 on stream 0 at 19-Nov-2024 21:13:50.169 KST
Begin processing the 3220001st record. Run 1, Event 250779834, LumiSection 133323 on stream 0 at 19-Nov-2024 21:13:59.852 KST
Begin processing the 3230001st record. Run 1, Event 250798634, LumiSection 133333 on stream 0 at 19-Nov-2024 21:14:09.362 KST
Begin processing the 3240001st record. Run 1, Event 250785277, LumiSection 133326 on stream 0 at 19-Nov-2024 21:14:19.107 KST
Begin processing the 3250001st record. Run 1, Event 253937752, LumiSection 135002 on stream 0 at 19-Nov-2024 21:14:28.161 KST
Begin processing the 3260001st record. Run 1, Event 251078344, LumiSection 133482 on stream 0 at 19-Nov-2024 21:14:37.474 KST
Begin processing the 3270001st record. Run 1, Event 257932390, LumiSection 137126 on stream 0 at 19-Nov-2024 21:14:46.712 KST
Begin processing the 3280001st record. Run 1, Event 251837907, LumiSection 133886 on stream 0 at 19-Nov-2024 21:14:56.095 KST
Begin processing the 3290001st record. Run 1, Event 251301367, LumiSection 133600 on stream 0 at 19-Nov-2024 21:15:05.574 KST
Begin processing the 3300001st record. Run 1, Event 251386010, LumiSection 133645 on stream 0 at 19-Nov-2024 21:15:14.917 KST
Begin processing the 3310001st record. Run 1, Event 251291840, LumiSection 133595 on stream 0 at 19-Nov-2024 21:15:24.543 KST
Begin processing the 3320001st record. Run 1, Event 251163658, LumiSection 133527 on stream 0 at 19-Nov-2024 21:15:33.776 KST
Begin processing the 3330001st record. Run 1, Event 251153971, LumiSection 133522 on stream 0 at 19-Nov-2024 21:15:42.905 KST
Begin processing the 3340001st record. Run 1, Event 251723918, LumiSection 133825 on stream 0 at 19-Nov-2024 21:15:52.496 KST
Begin processing the 3350001st record. Run 1, Event 251689952, LumiSection 133807 on stream 0 at 19-Nov-2024 21:16:01.830 KST
Begin processing the 3360001st record. Run 1, Event 254637244, LumiSection 135374 on stream 0 at 19-Nov-2024 21:16:10.888 KST
Begin processing the 3370001st record. Run 1, Event 251712132, LumiSection 133819 on stream 0 at 19-Nov-2024 21:16:20.848 KST
Begin processing the 3380001st record. Run 1, Event 254133164, LumiSection 135106 on stream 0 at 19-Nov-2024 21:16:30.819 KST
Begin processing the 3390001st record. Run 1, Event 251531486, LumiSection 133723 on stream 0 at 19-Nov-2024 21:16:40.598 KST
Begin processing the 3400001st record. Run 1, Event 252020567, LumiSection 133983 on stream 0 at 19-Nov-2024 21:16:50.283 KST
Begin processing the 3410001st record. Run 1, Event 257883435, LumiSection 137100 on stream 0 at 19-Nov-2024 21:16:59.353 KST
Begin processing the 3420001st record. Run 1, Event 252120233, LumiSection 134036 on stream 0 at 19-Nov-2024 21:17:09.290 KST
Begin processing the 3430001st record. Run 1, Event 252048866, LumiSection 133998 on stream 0 at 19-Nov-2024 21:17:18.579 KST
Begin processing the 3440001st record. Run 1, Event 252524719, LumiSection 134251 on stream 0 at 19-Nov-2024 21:17:27.712 KST
Begin processing the 3450001st record. Run 1, Event 251919067, LumiSection 133929 on stream 0 at 19-Nov-2024 21:17:37.231 KST
Begin processing the 3460001st record. Run 1, Event 251834605, LumiSection 133884 on stream 0 at 19-Nov-2024 21:17:46.211 KST
Begin processing the 3470001st record. Run 1, Event 251913841, LumiSection 133926 on stream 0 at 19-Nov-2024 21:17:55.632 KST
19-Nov-2024 21:17:56 KST  Closed file file:///pnfs/knu.ac.kr/data/cms/store/user/wkwon/AnalysisResults/DYto2L-2Jets_MLL-50_TuneCP5_13p6TeV_amcatnloFXFX-pythia8/crab_Run3Summer22DRPremix-124X_mcRun3_2022_realistic_v12-v4/241117_152227/0000/mc_skimmed_data_268.root
19-Nov-2024 21:17:56 KST  Initiating request to open file file:///pnfs/knu.ac.kr/data/cms/store/user/wkwon/AnalysisResults/DYto2L-2Jets_MLL-50_TuneCP5_13p6TeV_amcatnloFXFX-pythia8/crab_Run3Summer22DRPremix-124X_mcRun3_2022_realistic_v12-v4/241117_152227/0000/mc_skimmed_data_187.root
19-Nov-2024 21:17:56 KST  Successfully opened file file:///pnfs/knu.ac.kr/data/cms/store/user/wkwon/AnalysisResults/DYto2L-2Jets_MLL-50_TuneCP5_13p6TeV_amcatnloFXFX-pythia8/crab_Run3Summer22DRPremix-124X_mcRun3_2022_realistic_v12-v4/241117_152227/0000/mc_skimmed_data_187.root
Begin processing the 3480001st record. Run 1, Event 146615362, LumiSection 77946 on stream 0 at 19-Nov-2024 21:18:18.431 KST
Begin processing the 3490001st record. Run 1, Event 146974730, LumiSection 78137 on stream 0 at 19-Nov-2024 21:18:29.581 KST
Begin processing the 3500001st record. Run 1, Event 147696269, LumiSection 78521 on stream 0 at 19-Nov-2024 21:18:39.909 KST
Begin processing the 3510001st record. Run 1, Event 147468365, LumiSection 78399 on stream 0 at 19-Nov-2024 21:18:50.537 KST
Begin processing the 3520001st record. Run 1, Event 166332740, LumiSection 88428 on stream 0 at 19-Nov-2024 21:19:01.953 KST
Begin processing the 3530001st record. Run 1, Event 147092114, LumiSection 78199 on stream 0 at 19-Nov-2024 21:19:14.525 KST
Begin processing the 3540001st record. Run 1, Event 147084341, LumiSection 78195 on stream 0 at 19-Nov-2024 21:19:25.115 KST
Begin processing the 3550001st record. Run 1, Event 207088373, LumiSection 110095 on stream 0 at 19-Nov-2024 21:19:35.544 KST
Begin processing the 3560001st record. Run 1, Event 147029804, LumiSection 78166 on stream 0 at 19-Nov-2024 21:19:45.356 KST
Begin processing the 3570001st record. Run 1, Event 147475301, LumiSection 78403 on stream 0 at 19-Nov-2024 21:19:55.080 KST
Begin processing the 3580001st record. Run 1, Event 147158852, LumiSection 78235 on stream 0 at 19-Nov-2024 21:20:05.696 KST
Begin processing the 3590001st record. Run 1, Event 147211856, LumiSection 78263 on stream 0 at 19-Nov-2024 21:20:16.300 KST
Begin processing the 3600001st record. Run 1, Event 147569408, LumiSection 78453 on stream 0 at 19-Nov-2024 21:20:26.246 KST
Begin processing the 3610001st record. Run 1, Event 147574793, LumiSection 78456 on stream 0 at 19-Nov-2024 21:20:36.407 KST
Begin processing the 3620001st record. Run 1, Event 165600192, LumiSection 88039 on stream 0 at 19-Nov-2024 21:20:46.696 KST
Begin processing the 3630001st record. Run 1, Event 147907613, LumiSection 78633 on stream 0 at 19-Nov-2024 21:20:56.497 KST
Begin processing the 3640001st record. Run 1, Event 148078367, LumiSection 78724 on stream 0 at 19-Nov-2024 21:21:06.864 KST
Begin processing the 3650001st record. Run 1, Event 191850772, LumiSection 101995 on stream 0 at 19-Nov-2024 21:21:17.541 KST
Begin processing the 3660001st record. Run 1, Event 165593573, LumiSection 88035 on stream 0 at 19-Nov-2024 21:21:27.538 KST
Begin processing the 3670001st record. Run 1, Event 147761762, LumiSection 78555 on stream 0 at 19-Nov-2024 21:21:37.919 KST
Begin processing the 3680001st record. Run 1, Event 188487194, LumiSection 100206 on stream 0 at 19-Nov-2024 21:21:48.234 KST
Begin processing the 3690001st record. Run 1, Event 167116708, LumiSection 88845 on stream 0 at 19-Nov-2024 21:21:58.315 KST
Begin processing the 3700001st record. Run 1, Event 166364109, LumiSection 88445 on stream 0 at 19-Nov-2024 21:22:08.749 KST
