19-Nov-2024 20:18:56 KST  Initiating request to open file file:///pnfs/knu.ac.kr/data/cms/store/user/wkwon/AnalysisResults/DYto2L-2Jets_MLL-50_TuneCP5_13p6TeV_amcatnloFXFX-pythia8/crab_Run3Summer22DRPremix-124X_mcRun3_2022_realistic_v12-v4/241117_152227/0000/mc_skimmed_data_1.root
19-Nov-2024 20:18:58 KST  Successfully opened file file:///pnfs/knu.ac.kr/data/cms/store/user/wkwon/AnalysisResults/DYto2L-2Jets_MLL-50_TuneCP5_13p6TeV_amcatnloFXFX-pythia8/crab_Run3Summer22DRPremix-124X_mcRun3_2022_realistic_v12-v4/241117_152227/0000/mc_skimmed_data_1.root
Begin processing the 1st record. Run 1, Event 79035865, LumiSection 42019 on stream 0 at 19-Nov-2024 20:19:04.250 KST
Begin processing the 10001st record. Run 1, Event 87441602, LumiSection 46487 on stream 0 at 19-Nov-2024 20:19:19.037 KST
Begin processing the 20001st record. Run 1, Event 92504976, LumiSection 49179 on stream 0 at 19-Nov-2024 20:19:29.670 KST
Begin processing the 30001st record. Run 1, Event 82402435, LumiSection 43808 on stream 0 at 19-Nov-2024 20:19:40.317 KST
Begin processing the 40001st record. Run 1, Event 87936137, LumiSection 46750 on stream 0 at 19-Nov-2024 20:19:50.665 KST
Begin processing the 50001st record. Run 1, Event 84881062, LumiSection 45126 on stream 0 at 19-Nov-2024 20:20:02.146 KST
Begin processing the 60001st record. Run 1, Event 120357071, LumiSection 63986 on stream 0 at 19-Nov-2024 20:20:13.453 KST
Begin processing the 70001st record. Run 1, Event 119608046, LumiSection 63588 on stream 0 at 19-Nov-2024 20:20:23.500 KST
Begin processing the 80001st record. Run 1, Event 122211194, LumiSection 64972 on stream 0 at 19-Nov-2024 20:20:33.964 KST
Begin processing the 90001st record. Run 1, Event 137026022, LumiSection 72848 on stream 0 at 19-Nov-2024 20:20:44.458 KST
Begin processing the 100001st record. Run 1, Event 87401160, LumiSection 46466 on stream 0 at 19-Nov-2024 20:20:54.230 KST
Begin processing the 110001st record. Run 1, Event 121281475, LumiSection 64478 on stream 0 at 19-Nov-2024 20:21:04.511 KST
Begin processing the 120001st record. Run 1, Event 256649573, LumiSection 136444 on stream 0 at 19-Nov-2024 20:21:15.050 KST
Begin processing the 130001st record. Run 1, Event 120491402, LumiSection 64058 on stream 0 at 19-Nov-2024 20:21:25.054 KST
Begin processing the 140001st record. Run 1, Event 119152165, LumiSection 63346 on stream 0 at 19-Nov-2024 20:21:35.185 KST
Begin processing the 150001st record. Run 1, Event 125436703, LumiSection 66687 on stream 0 at 19-Nov-2024 20:21:45.521 KST
Begin processing the 160001st record. Run 1, Event 120278988, LumiSection 63945 on stream 0 at 19-Nov-2024 20:21:55.897 KST
Begin processing the 170001st record. Run 1, Event 124954894, LumiSection 66431 on stream 0 at 19-Nov-2024 20:22:06.235 KST
Begin processing the 180001st record. Run 1, Event 119720227, LumiSection 63648 on stream 0 at 19-Nov-2024 20:22:17.779 KST
Begin processing the 190001st record. Run 1, Event 120077172, LumiSection 63837 on stream 0 at 19-Nov-2024 20:22:27.749 KST
Begin processing the 200001st record. Run 1, Event 122268392, LumiSection 65002 on stream 0 at 19-Nov-2024 20:22:38.243 KST
Begin processing the 210001st record. Run 1, Event 150203084, LumiSection 79853 on stream 0 at 19-Nov-2024 20:22:49.660 KST
Begin processing the 220001st record. Run 1, Event 122047959, LumiSection 64885 on stream 0 at 19-Nov-2024 20:23:00.238 KST
Begin processing the 230001st record. Run 1, Event 171667196, LumiSection 91264 on stream 0 at 19-Nov-2024 20:23:10.827 KST
Begin processing the 240001st record. Run 1, Event 150827528, LumiSection 80185 on stream 0 at 19-Nov-2024 20:23:21.180 KST
Begin processing the 250001st record. Run 1, Event 170619473, LumiSection 90707 on stream 0 at 19-Nov-2024 20:23:32.217 KST
Begin processing the 260001st record. Run 1, Event 140530742, LumiSection 74711 on stream 0 at 19-Nov-2024 20:23:42.362 KST
19-Nov-2024 20:23:48 KST  Closed file file:///pnfs/knu.ac.kr/data/cms/store/user/wkwon/AnalysisResults/DYto2L-2Jets_MLL-50_TuneCP5_13p6TeV_amcatnloFXFX-pythia8/crab_Run3Summer22DRPremix-124X_mcRun3_2022_realistic_v12-v4/241117_152227/0000/mc_skimmed_data_1.root
19-Nov-2024 20:23:48 KST  Initiating request to open file file:///pnfs/knu.ac.kr/data/cms/store/user/wkwon/AnalysisResults/DYto2L-2Jets_MLL-50_TuneCP5_13p6TeV_amcatnloFXFX-pythia8/crab_Run3Summer22DRPremix-124X_mcRun3_2022_realistic_v12-v4/241117_152227/0000/mc_skimmed_data_163.root
19-Nov-2024 20:23:48 KST  Successfully opened file file:///pnfs/knu.ac.kr/data/cms/store/user/wkwon/AnalysisResults/DYto2L-2Jets_MLL-50_TuneCP5_13p6TeV_amcatnloFXFX-pythia8/crab_Run3Summer22DRPremix-124X_mcRun3_2022_realistic_v12-v4/241117_152227/0000/mc_skimmed_data_163.root
Begin processing the 270001st record. Run 1, Event 120836906, LumiSection 64241 on stream 0 at 19-Nov-2024 20:23:59.110 KST
Begin processing the 280001st record. Run 1, Event 124597007, LumiSection 66240 on stream 0 at 19-Nov-2024 20:24:08.822 KST
Begin processing the 290001st record. Run 1, Event 121019365, LumiSection 64338 on stream 0 at 19-Nov-2024 20:24:19.662 KST
Begin processing the 300001st record. Run 1, Event 122331968, LumiSection 65036 on stream 0 at 19-Nov-2024 20:24:30.386 KST
Begin processing the 310001st record. Run 1, Event 121991432, LumiSection 64855 on stream 0 at 19-Nov-2024 20:24:40.323 KST
Begin processing the 320001st record. Run 1, Event 121105316, LumiSection 64384 on stream 0 at 19-Nov-2024 20:24:50.780 KST
Begin processing the 330001st record. Run 1, Event 121666011, LumiSection 64682 on stream 0 at 19-Nov-2024 20:25:00.686 KST
Begin processing the 340001st record. Run 1, Event 121125962, LumiSection 64395 on stream 0 at 19-Nov-2024 20:25:10.661 KST
Begin processing the 350001st record. Run 1, Event 151488862, LumiSection 80537 on stream 0 at 19-Nov-2024 20:25:20.609 KST
Begin processing the 360001st record. Run 1, Event 121181914, LumiSection 64425 on stream 0 at 19-Nov-2024 20:25:30.531 KST
Begin processing the 370001st record. Run 1, Event 121911317, LumiSection 64812 on stream 0 at 19-Nov-2024 20:25:40.410 KST
Begin processing the 380001st record. Run 1, Event 139769044, LumiSection 74306 on stream 0 at 19-Nov-2024 20:25:50.514 KST
Begin processing the 390001st record. Run 1, Event 249594810, LumiSection 132693 on stream 0 at 19-Nov-2024 20:26:00.524 KST
Begin processing the 400001st record. Run 1, Event 121948504, LumiSection 64832 on stream 0 at 19-Nov-2024 20:26:10.759 KST
Begin processing the 410001st record. Run 1, Event 121361681, LumiSection 64520 on stream 0 at 19-Nov-2024 20:26:21.646 KST
Begin processing the 420001st record. Run 1, Event 135658865, LumiSection 72121 on stream 0 at 19-Nov-2024 20:26:31.541 KST
Begin processing the 430001st record. Run 1, Event 122273857, LumiSection 65005 on stream 0 at 19-Nov-2024 20:26:41.792 KST
Begin processing the 440001st record. Run 1, Event 122529712, LumiSection 65141 on stream 0 at 19-Nov-2024 20:26:51.704 KST
Begin processing the 450001st record. Run 1, Event 121737674, LumiSection 64720 on stream 0 at 19-Nov-2024 20:27:01.824 KST
Begin processing the 460001st record. Run 1, Event 121997110, LumiSection 64858 on stream 0 at 19-Nov-2024 20:27:11.669 KST
Begin processing the 470001st record. Run 1, Event 121993209, LumiSection 64856 on stream 0 at 19-Nov-2024 20:27:21.503 KST
Begin processing the 480001st record. Run 1, Event 186054419, LumiSection 98913 on stream 0 at 19-Nov-2024 20:27:31.626 KST
Begin processing the 490001st record. Run 1, Event 122248864, LumiSection 64992 on stream 0 at 19-Nov-2024 20:27:42.572 KST
Begin processing the 500001st record. Run 1, Event 122173835, LumiSection 64952 on stream 0 at 19-Nov-2024 20:27:52.638 KST
Begin processing the 510001st record. Run 1, Event 122747437, LumiSection 65257 on stream 0 at 19-Nov-2024 20:28:02.611 KST
Begin processing the 520001st record. Run 1, Event 124621097, LumiSection 66253 on stream 0 at 19-Nov-2024 20:28:12.906 KST
Begin processing the 530001st record. Run 1, Event 193702770, LumiSection 102979 on stream 0 at 19-Nov-2024 20:28:22.911 KST
19-Nov-2024 20:28:26 KST  Closed file file:///pnfs/knu.ac.kr/data/cms/store/user/wkwon/AnalysisResults/DYto2L-2Jets_MLL-50_TuneCP5_13p6TeV_amcatnloFXFX-pythia8/crab_Run3Summer22DRPremix-124X_mcRun3_2022_realistic_v12-v4/241117_152227/0000/mc_skimmed_data_163.root
19-Nov-2024 20:28:26 KST  Initiating request to open file file:///pnfs/knu.ac.kr/data/cms/store/user/wkwon/AnalysisResults/DYto2L-2Jets_MLL-50_TuneCP5_13p6TeV_amcatnloFXFX-pythia8/crab_Run3Summer22DRPremix-124X_mcRun3_2022_realistic_v12-v4/241117_152227/0000/mc_skimmed_data_2.root
19-Nov-2024 20:28:26 KST  Successfully opened file file:///pnfs/knu.ac.kr/data/cms/store/user/wkwon/AnalysisResults/DYto2L-2Jets_MLL-50_TuneCP5_13p6TeV_amcatnloFXFX-pythia8/crab_Run3Summer22DRPremix-124X_mcRun3_2022_realistic_v12-v4/241117_152227/0000/mc_skimmed_data_2.root
Begin processing the 540001st record. Run 1, Event 151672981, LumiSection 80635 on stream 0 at 19-Nov-2024 20:28:36.894 KST
Begin processing the 550001st record. Run 1, Event 184566037, LumiSection 98122 on stream 0 at 19-Nov-2024 20:28:46.527 KST
Begin processing the 560001st record. Run 1, Event 182675648, LumiSection 97117 on stream 0 at 19-Nov-2024 20:28:56.165 KST
Begin processing the 570001st record. Run 1, Event 170533812, LumiSection 90662 on stream 0 at 19-Nov-2024 20:29:05.795 KST
Begin processing the 580001st record. Run 1, Event 181298302, LumiSection 96384 on stream 0 at 19-Nov-2024 20:29:15.346 KST
Begin processing the 590001st record. Run 1, Event 181899897, LumiSection 96704 on stream 0 at 19-Nov-2024 20:29:25.084 KST
Begin processing the 600001st record. Run 1, Event 198413039, LumiSection 105483 on stream 0 at 19-Nov-2024 20:29:35.124 KST
Begin processing the 610001st record. Run 1, Event 248518768, LumiSection 132121 on stream 0 at 19-Nov-2024 20:29:45.257 KST
Begin processing the 620001st record. Run 1, Event 198700566, LumiSection 105636 on stream 0 at 19-Nov-2024 20:29:55.005 KST
Begin processing the 630001st record. Run 1, Event 247203803, LumiSection 131422 on stream 0 at 19-Nov-2024 20:30:05.366 KST
Begin processing the 640001st record. Run 1, Event 248876293, LumiSection 132311 on stream 0 at 19-Nov-2024 20:30:15.426 KST
Begin processing the 650001st record. Run 1, Event 224697713, LumiSection 119457 on stream 0 at 19-Nov-2024 20:30:25.217 KST
Begin processing the 660001st record. Run 1, Event 248659732, LumiSection 132196 on stream 0 at 19-Nov-2024 20:30:35.061 KST
Begin processing the 670001st record. Run 1, Event 199381178, LumiSection 105998 on stream 0 at 19-Nov-2024 20:30:44.715 KST
Begin processing the 680001st record. Run 1, Event 195222340, LumiSection 103787 on stream 0 at 19-Nov-2024 20:30:54.716 KST
Begin processing the 690001st record. Run 1, Event 212534644, LumiSection 112991 on stream 0 at 19-Nov-2024 20:31:04.778 KST
Begin processing the 700001st record. Run 1, Event 230987272, LumiSection 122801 on stream 0 at 19-Nov-2024 20:31:14.486 KST
Begin processing the 710001st record. Run 1, Event 245558965, LumiSection 130548 on stream 0 at 19-Nov-2024 20:31:24.521 KST
Begin processing the 720001st record. Run 1, Event 244546593, LumiSection 130009 on stream 0 at 19-Nov-2024 20:31:34.563 KST
Begin processing the 730001st record. Run 1, Event 246100143, LumiSection 130835 on stream 0 at 19-Nov-2024 20:31:44.215 KST
Begin processing the 740001st record. Run 1, Event 246842751, LumiSection 131230 on stream 0 at 19-Nov-2024 20:31:53.874 KST
19-Nov-2024 20:32:03 KST  Closed file file:///pnfs/knu.ac.kr/data/cms/store/user/wkwon/AnalysisResults/DYto2L-2Jets_MLL-50_TuneCP5_13p6TeV_amcatnloFXFX-pythia8/crab_Run3Summer22DRPremix-124X_mcRun3_2022_realistic_v12-v4/241117_152227/0000/mc_skimmed_data_2.root
19-Nov-2024 20:32:03 KST  Initiating request to open file file:///pnfs/knu.ac.kr/data/cms/store/user/wkwon/AnalysisResults/DYto2L-2Jets_MLL-50_TuneCP5_13p6TeV_amcatnloFXFX-pythia8/crab_Run3Summer22DRPremix-124X_mcRun3_2022_realistic_v12-v4/241117_152227/0000/mc_skimmed_data_21.root
19-Nov-2024 20:32:03 KST  Successfully opened file file:///pnfs/knu.ac.kr/data/cms/store/user/wkwon/AnalysisResults/DYto2L-2Jets_MLL-50_TuneCP5_13p6TeV_amcatnloFXFX-pythia8/crab_Run3Summer22DRPremix-124X_mcRun3_2022_realistic_v12-v4/241117_152227/0000/mc_skimmed_data_21.root
Begin processing the 750001st record. Run 1, Event 9718200, LumiSection 5167 on stream 0 at 19-Nov-2024 20:32:14.223 KST
Begin processing the 760001st record. Run 1, Event 9731287, LumiSection 5174 on stream 0 at 19-Nov-2024 20:32:24.225 KST
Begin processing the 770001st record. Run 1, Event 10128353, LumiSection 5385 on stream 0 at 19-Nov-2024 20:32:34.259 KST
Begin processing the 780001st record. Run 1, Event 9853703, LumiSection 5239 on stream 0 at 19-Nov-2024 20:32:43.985 KST
Begin processing the 790001st record. Run 1, Event 9742816, LumiSection 5180 on stream 0 at 19-Nov-2024 20:32:53.762 KST
Begin processing the 800001st record. Run 1, Event 64784445, LumiSection 34442 on stream 0 at 19-Nov-2024 20:33:06.543 KST
Begin processing the 810001st record. Run 1, Event 107274197, LumiSection 57031 on stream 0 at 19-Nov-2024 20:33:16.639 KST
Begin processing the 820001st record. Run 1, Event 10103517, LumiSection 5372 on stream 0 at 19-Nov-2024 20:33:26.843 KST
Begin processing the 830001st record. Run 1, Event 129739074, LumiSection 68974 on stream 0 at 19-Nov-2024 20:33:36.748 KST
Begin processing the 840001st record. Run 1, Event 9960913, LumiSection 5296 on stream 0 at 19-Nov-2024 20:33:46.726 KST
Begin processing the 850001st record. Run 1, Event 180456771, LumiSection 95937 on stream 0 at 19-Nov-2024 20:33:56.685 KST
Begin processing the 860001st record. Run 1, Event 10069881, LumiSection 5354 on stream 0 at 19-Nov-2024 20:34:06.789 KST
Begin processing the 870001st record. Run 1, Event 10386032, LumiSection 5522 on stream 0 at 19-Nov-2024 20:34:16.566 KST
Begin processing the 880001st record. Run 1, Event 179444438, LumiSection 95399 on stream 0 at 19-Nov-2024 20:34:27.101 KST
Begin processing the 890001st record. Run 1, Event 10056602, LumiSection 5347 on stream 0 at 19-Nov-2024 20:34:37.326 KST
Begin processing the 900001st record. Run 1, Event 179326032, LumiSection 95336 on stream 0 at 19-Nov-2024 20:34:47.005 KST
Begin processing the 910001st record. Run 1, Event 10016910, LumiSection 5326 on stream 0 at 19-Nov-2024 20:34:56.747 KST
Begin processing the 920001st record. Run 1, Event 10500541, LumiSection 5583 on stream 0 at 19-Nov-2024 20:35:06.880 KST
Begin processing the 930001st record. Run 1, Event 10030566, LumiSection 5333 on stream 0 at 19-Nov-2024 20:35:16.893 KST
Begin processing the 940001st record. Run 1, Event 10576506, LumiSection 5623 on stream 0 at 19-Nov-2024 20:35:26.640 KST
Begin processing the 950001st record. Run 1, Event 11345514, LumiSection 6032 on stream 0 at 19-Nov-2024 20:35:36.229 KST
Begin processing the 960001st record. Run 1, Event 10295730, LumiSection 5474 on stream 0 at 19-Nov-2024 20:35:45.693 KST
Begin processing the 970001st record. Run 1, Event 10196093, LumiSection 5421 on stream 0 at 19-Nov-2024 20:35:55.422 KST
Begin processing the 980001st record. Run 1, Event 10895675, LumiSection 5793 on stream 0 at 19-Nov-2024 20:36:04.925 KST
Begin processing the 990001st record. Run 1, Event 159091614, LumiSection 84579 on stream 0 at 19-Nov-2024 20:36:16.164 KST
Begin processing the 1000001st record. Run 1, Event 10494705, LumiSection 5580 on stream 0 at 19-Nov-2024 20:36:25.960 KST
Begin processing the 1010001st record. Run 1, Event 11884297, LumiSection 6319 on stream 0 at 19-Nov-2024 20:36:35.750 KST
19-Nov-2024 20:36:42 KST  Closed file file:///pnfs/knu.ac.kr/data/cms/store/user/wkwon/AnalysisResults/DYto2L-2Jets_MLL-50_TuneCP5_13p6TeV_amcatnloFXFX-pythia8/crab_Run3Summer22DRPremix-124X_mcRun3_2022_realistic_v12-v4/241117_152227/0000/mc_skimmed_data_21.root
19-Nov-2024 20:36:42 KST  Initiating request to open file file:///pnfs/knu.ac.kr/data/cms/store/user/wkwon/AnalysisResults/DYto2L-2Jets_MLL-50_TuneCP5_13p6TeV_amcatnloFXFX-pythia8/crab_Run3Summer22DRPremix-124X_mcRun3_2022_realistic_v12-v4/241117_152227/0000/mc_skimmed_data_46.root
19-Nov-2024 20:36:42 KST  Successfully opened file file:///pnfs/knu.ac.kr/data/cms/store/user/wkwon/AnalysisResults/DYto2L-2Jets_MLL-50_TuneCP5_13p6TeV_amcatnloFXFX-pythia8/crab_Run3Summer22DRPremix-124X_mcRun3_2022_realistic_v12-v4/241117_152227/0000/mc_skimmed_data_46.root
Begin processing the 1020001st record. Run 1, Event 22231400, LumiSection 11819 on stream 0 at 19-Nov-2024 20:36:51.065 KST
Begin processing the 1030001st record. Run 1, Event 40287188, LumiSection 21418 on stream 0 at 19-Nov-2024 20:37:00.920 KST
Begin processing the 1040001st record. Run 1, Event 61922109, LumiSection 32920 on stream 0 at 19-Nov-2024 20:37:10.453 KST
Begin processing the 1050001st record. Run 1, Event 26782815, LumiSection 14239 on stream 0 at 19-Nov-2024 20:37:20.126 KST
Begin processing the 1060001st record. Run 1, Event 28913987, LumiSection 15372 on stream 0 at 19-Nov-2024 20:37:29.571 KST
Begin processing the 1070001st record. Run 1, Event 39430275, LumiSection 20963 on stream 0 at 19-Nov-2024 20:37:38.908 KST
Begin processing the 1080001st record. Run 1, Event 22830462, LumiSection 12138 on stream 0 at 19-Nov-2024 20:37:48.453 KST
Begin processing the 1090001st record. Run 1, Event 40948094, LumiSection 21770 on stream 0 at 19-Nov-2024 20:37:57.947 KST
Begin processing the 1100001st record. Run 1, Event 31610515, LumiSection 16806 on stream 0 at 19-Nov-2024 20:38:07.636 KST
Begin processing the 1110001st record. Run 1, Event 32118278, LumiSection 17076 on stream 0 at 19-Nov-2024 20:38:17.327 KST
Begin processing the 1120001st record. Run 1, Event 34330132, LumiSection 18252 on stream 0 at 19-Nov-2024 20:38:28.973 KST
Begin processing the 1130001st record. Run 1, Event 22658760, LumiSection 12047 on stream 0 at 19-Nov-2024 20:38:38.772 KST
Begin processing the 1140001st record. Run 1, Event 22574192, LumiSection 12002 on stream 0 at 19-Nov-2024 20:38:48.924 KST
Begin processing the 1150001st record. Run 1, Event 113829016, LumiSection 60516 on stream 0 at 19-Nov-2024 20:38:58.854 KST
Begin processing the 1160001st record. Run 1, Event 22647347, LumiSection 12041 on stream 0 at 19-Nov-2024 20:39:08.735 KST
Begin processing the 1170001st record. Run 1, Event 22893584, LumiSection 12171 on stream 0 at 19-Nov-2024 20:39:18.565 KST
Begin processing the 1180001st record. Run 1, Event 22805013, LumiSection 12124 on stream 0 at 19-Nov-2024 20:39:28.770 KST
Begin processing the 1190001st record. Run 1, Event 39980491, LumiSection 21255 on stream 0 at 19-Nov-2024 20:39:38.844 KST
Begin processing the 1200001st record. Run 1, Event 60535806, LumiSection 32183 on stream 0 at 19-Nov-2024 20:39:48.772 KST
Begin processing the 1210001st record. Run 1, Event 22891327, LumiSection 12170 on stream 0 at 19-Nov-2024 20:39:58.867 KST
Begin processing the 1220001st record. Run 1, Event 41248098, LumiSection 21929 on stream 0 at 19-Nov-2024 20:40:08.940 KST
Begin processing the 1230001st record. Run 1, Event 41236808, LumiSection 21923 on stream 0 at 19-Nov-2024 20:40:18.956 KST
Begin processing the 1240001st record. Run 1, Event 23416432, LumiSection 12449 on stream 0 at 19-Nov-2024 20:40:28.856 KST
Begin processing the 1250001st record. Run 1, Event 23216621, LumiSection 12343 on stream 0 at 19-Nov-2024 20:40:38.688 KST
Begin processing the 1260001st record. Run 1, Event 27042701, LumiSection 14377 on stream 0 at 19-Nov-2024 20:40:48.246 KST
Begin processing the 1270001st record. Run 1, Event 23491088, LumiSection 12489 on stream 0 at 19-Nov-2024 20:40:58.018 KST
Begin processing the 1280001st record. Run 1, Event 23155989, LumiSection 12311 on stream 0 at 19-Nov-2024 20:41:07.511 KST
19-Nov-2024 20:41:10 KST  Closed file file:///pnfs/knu.ac.kr/data/cms/store/user/wkwon/AnalysisResults/DYto2L-2Jets_MLL-50_TuneCP5_13p6TeV_amcatnloFXFX-pythia8/crab_Run3Summer22DRPremix-124X_mcRun3_2022_realistic_v12-v4/241117_152227/0000/mc_skimmed_data_46.root
19-Nov-2024 20:41:10 KST  Initiating request to open file file:///pnfs/knu.ac.kr/data/cms/store/user/wkwon/AnalysisResults/DYto2L-2Jets_MLL-50_TuneCP5_13p6TeV_amcatnloFXFX-pythia8/crab_Run3Summer22DRPremix-124X_mcRun3_2022_realistic_v12-v4/241117_152227/0000/mc_skimmed_data_76.root
19-Nov-2024 20:41:10 KST  Successfully opened file file:///pnfs/knu.ac.kr/data/cms/store/user/wkwon/AnalysisResults/DYto2L-2Jets_MLL-50_TuneCP5_13p6TeV_amcatnloFXFX-pythia8/crab_Run3Summer22DRPremix-124X_mcRun3_2022_realistic_v12-v4/241117_152227/0000/mc_skimmed_data_76.root
Begin processing the 1290001st record. Run 1, Event 58717812, LumiSection 31217 on stream 0 at 19-Nov-2024 20:41:28.058 KST
Begin processing the 1300001st record. Run 1, Event 56285517, LumiSection 29924 on stream 0 at 19-Nov-2024 20:41:38.346 KST
Begin processing the 1310001st record. Run 1, Event 98480077, LumiSection 52356 on stream 0 at 19-Nov-2024 20:41:47.889 KST
Begin processing the 1320001st record. Run 1, Event 96544369, LumiSection 51327 on stream 0 at 19-Nov-2024 20:41:57.779 KST
Begin processing the 1330001st record. Run 1, Event 48629283, LumiSection 25853 on stream 0 at 19-Nov-2024 20:42:07.584 KST
Begin processing the 1340001st record. Run 1, Event 56777790, LumiSection 30185 on stream 0 at 19-Nov-2024 20:42:17.443 KST
Begin processing the 1350001st record. Run 1, Event 48161179, LumiSection 25605 on stream 0 at 19-Nov-2024 20:42:26.937 KST
Begin processing the 1360001st record. Run 1, Event 190133113, LumiSection 101081 on stream 0 at 19-Nov-2024 20:42:36.575 KST
Begin processing the 1370001st record. Run 1, Event 210592684, LumiSection 111958 on stream 0 at 19-Nov-2024 20:42:46.478 KST
Begin processing the 1380001st record. Run 1, Event 47622906, LumiSection 25318 on stream 0 at 19-Nov-2024 20:42:57.106 KST
Begin processing the 1390001st record. Run 1, Event 59371403, LumiSection 31564 on stream 0 at 19-Nov-2024 20:43:07.084 KST
Begin processing the 1400001st record. Run 1, Event 48132332, LumiSection 25589 on stream 0 at 19-Nov-2024 20:43:16.842 KST
Begin processing the 1410001st record. Run 1, Event 47658383, LumiSection 25337 on stream 0 at 19-Nov-2024 20:43:26.748 KST
Begin processing the 1420001st record. Run 1, Event 94124662, LumiSection 50040 on stream 0 at 19-Nov-2024 20:43:36.573 KST
Begin processing the 1430001st record. Run 1, Event 100089269, LumiSection 53211 on stream 0 at 19-Nov-2024 20:43:46.282 KST
Begin processing the 1440001st record. Run 1, Event 53686475, LumiSection 28542 on stream 0 at 19-Nov-2024 20:43:56.029 KST
Begin processing the 1450001st record. Run 1, Event 235242484, LumiSection 125063 on stream 0 at 19-Nov-2024 20:44:05.743 KST
Begin processing the 1460001st record. Run 1, Event 58998067, LumiSection 31366 on stream 0 at 19-Nov-2024 20:44:15.689 KST
Begin processing the 1470001st record. Run 1, Event 94940344, LumiSection 50474 on stream 0 at 19-Nov-2024 20:44:25.397 KST
Begin processing the 1480001st record. Run 1, Event 191731345, LumiSection 101931 on stream 0 at 19-Nov-2024 20:44:35.511 KST
Begin processing the 1490001st record. Run 1, Event 48413873, LumiSection 25739 on stream 0 at 19-Nov-2024 20:44:45.266 KST
Begin processing the 1500001st record. Run 1, Event 48315743, LumiSection 25687 on stream 0 at 19-Nov-2024 20:44:55.029 KST
Begin processing the 1510001st record. Run 1, Event 48148418, LumiSection 25598 on stream 0 at 19-Nov-2024 20:45:04.435 KST
Begin processing the 1520001st record. Run 1, Event 48441838, LumiSection 25754 on stream 0 at 19-Nov-2024 20:45:14.545 KST
Begin processing the 1530001st record. Run 1, Event 60128665, LumiSection 31967 on stream 0 at 19-Nov-2024 20:45:24.593 KST
Begin processing the 1540001st record. Run 1, Event 235526288, LumiSection 125214 on stream 0 at 19-Nov-2024 20:45:34.367 KST
Begin processing the 1550001st record. Run 1, Event 145541061, LumiSection 77375 on stream 0 at 19-Nov-2024 20:45:43.762 KST
19-Nov-2024 20:45:44 KST  Closed file file:///pnfs/knu.ac.kr/data/cms/store/user/wkwon/AnalysisResults/DYto2L-2Jets_MLL-50_TuneCP5_13p6TeV_amcatnloFXFX-pythia8/crab_Run3Summer22DRPremix-124X_mcRun3_2022_realistic_v12-v4/241117_152227/0000/mc_skimmed_data_76.root
19-Nov-2024 20:45:44 KST  Initiating request to open file file:///pnfs/knu.ac.kr/data/cms/store/user/wkwon/AnalysisResults/DYto2L-2Jets_MLL-50_TuneCP5_13p6TeV_amcatnloFXFX-pythia8/crab_Run3Summer22DRPremix-124X_mcRun3_2022_realistic_v12-v4/241117_152227/0000/mc_skimmed_data_27.root
19-Nov-2024 20:45:44 KST  Successfully opened file file:///pnfs/knu.ac.kr/data/cms/store/user/wkwon/AnalysisResults/DYto2L-2Jets_MLL-50_TuneCP5_13p6TeV_amcatnloFXFX-pythia8/crab_Run3Summer22DRPremix-124X_mcRun3_2022_realistic_v12-v4/241117_152227/0000/mc_skimmed_data_27.root
Begin processing the 1560001st record. Run 1, Event 13702164, LumiSection 7285 on stream 0 at 19-Nov-2024 20:46:02.614 KST
Begin processing the 1570001st record. Run 1, Event 14755673, LumiSection 7845 on stream 0 at 19-Nov-2024 20:46:12.614 KST
Begin processing the 1580001st record. Run 1, Event 13312642, LumiSection 7078 on stream 0 at 19-Nov-2024 20:46:22.350 KST
Begin processing the 1590001st record. Run 1, Event 22328213, LumiSection 11871 on stream 0 at 19-Nov-2024 20:46:31.906 KST
Begin processing the 1600001st record. Run 1, Event 13573883, LumiSection 7217 on stream 0 at 19-Nov-2024 20:46:41.279 KST
Begin processing the 1610001st record. Run 1, Event 40570027, LumiSection 21569 on stream 0 at 19-Nov-2024 20:46:50.763 KST
Begin processing the 1620001st record. Run 1, Event 13488981, LumiSection 7172 on stream 0 at 19-Nov-2024 20:47:01.587 KST
Begin processing the 1630001st record. Run 1, Event 13635724, LumiSection 7250 on stream 0 at 19-Nov-2024 20:47:11.205 KST
Begin processing the 1640001st record. Run 1, Event 47845323, LumiSection 25437 on stream 0 at 19-Nov-2024 20:47:20.492 KST
Begin processing the 1650001st record. Run 1, Event 13492404, LumiSection 7173 on stream 0 at 19-Nov-2024 20:47:30.039 KST
Begin processing the 1660001st record. Run 1, Event 13373634, LumiSection 7110 on stream 0 at 19-Nov-2024 20:47:39.552 KST
Begin processing the 1670001st record. Run 1, Event 13463468, LumiSection 7158 on stream 0 at 19-Nov-2024 20:47:48.862 KST
Begin processing the 1680001st record. Run 1, Event 13432861, LumiSection 7142 on stream 0 at 19-Nov-2024 20:47:58.215 KST
Begin processing the 1690001st record. Run 1, Event 13400789, LumiSection 7125 on stream 0 at 19-Nov-2024 20:48:07.915 KST
Begin processing the 1700001st record. Run 1, Event 14205759, LumiSection 7553 on stream 0 at 19-Nov-2024 20:48:18.453 KST
Begin processing the 1710001st record. Run 1, Event 39875746, LumiSection 21200 on stream 0 at 19-Nov-2024 20:48:28.123 KST
Begin processing the 1720001st record. Run 1, Event 34501312, LumiSection 18343 on stream 0 at 19-Nov-2024 20:48:38.017 KST
Begin processing the 1730001st record. Run 1, Event 19829831, LumiSection 10543 on stream 0 at 19-Nov-2024 20:48:47.691 KST
Begin processing the 1740001st record. Run 1, Event 34864400, LumiSection 18536 on stream 0 at 19-Nov-2024 20:48:57.297 KST
Begin processing the 1750001st record. Run 1, Event 34213314, LumiSection 18189 on stream 0 at 19-Nov-2024 20:49:06.865 KST
Begin processing the 1760001st record. Run 1, Event 19259653, LumiSection 10240 on stream 0 at 19-Nov-2024 20:49:16.951 KST
Begin processing the 1770001st record. Run 1, Event 15023743, LumiSection 7988 on stream 0 at 19-Nov-2024 20:49:26.868 KST
Begin processing the 1780001st record. Run 1, Event 22130255, LumiSection 11766 on stream 0 at 19-Nov-2024 20:49:36.590 KST
Begin processing the 1790001st record. Run 1, Event 35178805, LumiSection 18703 on stream 0 at 19-Nov-2024 20:49:46.081 KST
Begin processing the 1800001st record. Run 1, Event 20123130, LumiSection 10699 on stream 0 at 19-Nov-2024 20:49:55.721 KST
Begin processing the 1810001st record. Run 1, Event 40413195, LumiSection 21485 on stream 0 at 19-Nov-2024 20:50:05.389 KST
19-Nov-2024 20:50:13 KST  Closed file file:///pnfs/knu.ac.kr/data/cms/store/user/wkwon/AnalysisResults/DYto2L-2Jets_MLL-50_TuneCP5_13p6TeV_amcatnloFXFX-pythia8/crab_Run3Summer22DRPremix-124X_mcRun3_2022_realistic_v12-v4/241117_152227/0000/mc_skimmed_data_27.root
19-Nov-2024 20:50:13 KST  Initiating request to open file file:///pnfs/knu.ac.kr/data/cms/store/user/wkwon/AnalysisResults/DYto2L-2Jets_MLL-50_TuneCP5_13p6TeV_amcatnloFXFX-pythia8/crab_Run3Summer22DRPremix-124X_mcRun3_2022_realistic_v12-v4/241117_152227/0000/mc_skimmed_data_151.root
19-Nov-2024 20:50:13 KST  Successfully opened file file:///pnfs/knu.ac.kr/data/cms/store/user/wkwon/AnalysisResults/DYto2L-2Jets_MLL-50_TuneCP5_13p6TeV_amcatnloFXFX-pythia8/crab_Run3Summer22DRPremix-124X_mcRun3_2022_realistic_v12-v4/241117_152227/0000/mc_skimmed_data_151.root
Begin processing the 1820001st record. Run 1, Event 175523456, LumiSection 93314 on stream 0 at 19-Nov-2024 20:50:25.481 KST
Begin processing the 1830001st record. Run 1, Event 109351267, LumiSection 58135 on stream 0 at 19-Nov-2024 20:50:35.418 KST
Begin processing the 1840001st record. Run 1, Event 126097922, LumiSection 67038 on stream 0 at 19-Nov-2024 20:50:45.722 KST
Begin processing the 1850001st record. Run 1, Event 109257145, LumiSection 58085 on stream 0 at 19-Nov-2024 20:50:55.848 KST
Begin processing the 1860001st record. Run 1, Event 163663323, LumiSection 87009 on stream 0 at 19-Nov-2024 20:51:05.664 KST
Begin processing the 1870001st record. Run 1, Event 128111896, LumiSection 68109 on stream 0 at 19-Nov-2024 20:51:15.152 KST
Begin processing the 1880001st record. Run 1, Event 126839748, LumiSection 67433 on stream 0 at 19-Nov-2024 20:51:25.416 KST
Begin processing the 1890001st record. Run 1, Event 133946186, LumiSection 71211 on stream 0 at 19-Nov-2024 20:51:35.482 KST
Begin processing the 1900001st record. Run 1, Event 127242343, LumiSection 67647 on stream 0 at 19-Nov-2024 20:51:45.389 KST
Begin processing the 1910001st record. Run 1, Event 164307390, LumiSection 87352 on stream 0 at 19-Nov-2024 20:51:55.079 KST
Begin processing the 1920001st record. Run 1, Event 161681493, LumiSection 85956 on stream 0 at 19-Nov-2024 20:52:05.126 KST
Begin processing the 1930001st record. Run 1, Event 126878961, LumiSection 67453 on stream 0 at 19-Nov-2024 20:52:14.943 KST
Begin processing the 1940001st record. Run 1, Event 110570443, LumiSection 58783 on stream 0 at 19-Nov-2024 20:52:24.718 KST
Begin processing the 1950001st record. Run 1, Event 129367015, LumiSection 68776 on stream 0 at 19-Nov-2024 20:52:34.459 KST
Begin processing the 1960001st record. Run 1, Event 109761101, LumiSection 58353 on stream 0 at 19-Nov-2024 20:52:44.587 KST
Begin processing the 1970001st record. Run 1, Event 110334532, LumiSection 58658 on stream 0 at 19-Nov-2024 20:52:54.329 KST
Begin processing the 1980001st record. Run 1, Event 110801175, LumiSection 58906 on stream 0 at 19-Nov-2024 20:53:04.017 KST
Begin processing the 1990001st record. Run 1, Event 109747792, LumiSection 58346 on stream 0 at 19-Nov-2024 20:53:13.610 KST
Begin processing the 2000001st record. Run 1, Event 127837307, LumiSection 67963 on stream 0 at 19-Nov-2024 20:53:23.110 KST
Begin processing the 2010001st record. Run 1, Event 110375538, LumiSection 58680 on stream 0 at 19-Nov-2024 20:53:33.053 KST
Begin processing the 2020001st record. Run 1, Event 135363933, LumiSection 71964 on stream 0 at 19-Nov-2024 20:53:42.872 KST
Begin processing the 2030001st record. Run 1, Event 110160563, LumiSection 58565 on stream 0 at 19-Nov-2024 20:53:53.390 KST
Begin processing the 2040001st record. Run 1, Event 110439274, LumiSection 58714 on stream 0 at 19-Nov-2024 20:54:03.233 KST
Begin processing the 2050001st record. Run 1, Event 110247312, LumiSection 58612 on stream 0 at 19-Nov-2024 20:54:13.153 KST
Begin processing the 2060001st record. Run 1, Event 110296110, LumiSection 58637 on stream 0 at 19-Nov-2024 20:54:22.941 KST
Begin processing the 2070001st record. Run 1, Event 110792527, LumiSection 58901 on stream 0 at 19-Nov-2024 20:54:34.040 KST
Begin processing the 2080001st record. Run 1, Event 109996998, LumiSection 58478 on stream 0 at 19-Nov-2024 20:54:44.000 KST
19-Nov-2024 20:54:48 KST  Closed file file:///pnfs/knu.ac.kr/data/cms/store/user/wkwon/AnalysisResults/DYto2L-2Jets_MLL-50_TuneCP5_13p6TeV_amcatnloFXFX-pythia8/crab_Run3Summer22DRPremix-124X_mcRun3_2022_realistic_v12-v4/241117_152227/0000/mc_skimmed_data_151.root
19-Nov-2024 20:54:48 KST  Initiating request to open file file:///pnfs/knu.ac.kr/data/cms/store/user/wkwon/AnalysisResults/DYto2L-2Jets_MLL-50_TuneCP5_13p6TeV_amcatnloFXFX-pythia8/crab_Run3Summer22DRPremix-124X_mcRun3_2022_realistic_v12-v4/241117_152227/0000/mc_skimmed_data_165.root
19-Nov-2024 20:54:48 KST  Successfully opened file file:///pnfs/knu.ac.kr/data/cms/store/user/wkwon/AnalysisResults/DYto2L-2Jets_MLL-50_TuneCP5_13p6TeV_amcatnloFXFX-pythia8/crab_Run3Summer22DRPremix-124X_mcRun3_2022_realistic_v12-v4/241117_152227/0000/mc_skimmed_data_165.root
Begin processing the 2090001st record. Run 1, Event 122650450, LumiSection 65205 on stream 0 at 19-Nov-2024 20:54:58.512 KST
Begin processing the 2100001st record. Run 1, Event 167828312, LumiSection 89223 on stream 0 at 19-Nov-2024 20:55:07.976 KST
Begin processing the 2110001st record. Run 1, Event 123145066, LumiSection 65468 on stream 0 at 19-Nov-2024 20:55:17.289 KST
Begin processing the 2120001st record. Run 1, Event 123383841, LumiSection 65595 on stream 0 at 19-Nov-2024 20:55:26.998 KST
Begin processing the 2130001st record. Run 1, Event 123929398, LumiSection 65885 on stream 0 at 19-Nov-2024 20:55:37.601 KST
Begin processing the 2140001st record. Run 1, Event 125379463, LumiSection 66656 on stream 0 at 19-Nov-2024 20:55:47.825 KST
Begin processing the 2150001st record. Run 1, Event 123076816, LumiSection 65432 on stream 0 at 19-Nov-2024 20:55:57.373 KST
Begin processing the 2160001st record. Run 1, Event 123178130, LumiSection 65486 on stream 0 at 19-Nov-2024 20:56:06.903 KST
Begin processing the 2170001st record. Run 1, Event 124303027, LumiSection 66084 on stream 0 at 19-Nov-2024 20:56:16.434 KST
Begin processing the 2180001st record. Run 1, Event 230355572, LumiSection 122465 on stream 0 at 19-Nov-2024 20:56:26.348 KST
Begin processing the 2190001st record. Run 1, Event 123609060, LumiSection 65715 on stream 0 at 19-Nov-2024 20:56:35.761 KST
Begin processing the 2200001st record. Run 1, Event 123279967, LumiSection 65540 on stream 0 at 19-Nov-2024 20:56:46.308 KST
Begin processing the 2210001st record. Run 1, Event 123556189, LumiSection 65687 on stream 0 at 19-Nov-2024 20:56:56.567 KST
Begin processing the 2220001st record. Run 1, Event 257381498, LumiSection 136833 on stream 0 at 19-Nov-2024 20:57:06.362 KST
Begin processing the 2230001st record. Run 1, Event 123422291, LumiSection 65616 on stream 0 at 19-Nov-2024 20:57:16.552 KST
Begin processing the 2240001st record. Run 1, Event 137113914, LumiSection 72895 on stream 0 at 19-Nov-2024 20:57:26.769 KST
Begin processing the 2250001st record. Run 1, Event 247743080, LumiSection 131709 on stream 0 at 19-Nov-2024 20:57:36.438 KST
Begin processing the 2260001st record. Run 1, Event 125282525, LumiSection 66605 on stream 0 at 19-Nov-2024 20:57:46.399 KST
Begin processing the 2270001st record. Run 1, Event 123848932, LumiSection 65843 on stream 0 at 19-Nov-2024 20:57:55.939 KST
Begin processing the 2280001st record. Run 1, Event 249266451, LumiSection 132519 on stream 0 at 19-Nov-2024 20:58:05.673 KST
Begin processing the 2290001st record. Run 1, Event 138003243, LumiSection 73367 on stream 0 at 19-Nov-2024 20:58:15.362 KST
Begin processing the 2300001st record. Run 1, Event 125415401, LumiSection 66675 on stream 0 at 19-Nov-2024 20:58:25.326 KST
Begin processing the 2310001st record. Run 1, Event 123886068, LumiSection 65862 on stream 0 at 19-Nov-2024 20:58:34.913 KST
Begin processing the 2320001st record. Run 1, Event 125731229, LumiSection 66843 on stream 0 at 19-Nov-2024 20:58:44.600 KST
Begin processing the 2330001st record. Run 1, Event 248987377, LumiSection 132370 on stream 0 at 19-Nov-2024 20:58:55.550 KST
Begin processing the 2340001st record. Run 1, Event 137427180, LumiSection 73061 on stream 0 at 19-Nov-2024 20:59:05.506 KST
Begin processing the 2350001st record. Run 1, Event 136740122, LumiSection 72696 on stream 0 at 19-Nov-2024 20:59:15.201 KST
19-Nov-2024 20:59:16 KST  Closed file file:///pnfs/knu.ac.kr/data/cms/store/user/wkwon/AnalysisResults/DYto2L-2Jets_MLL-50_TuneCP5_13p6TeV_amcatnloFXFX-pythia8/crab_Run3Summer22DRPremix-124X_mcRun3_2022_realistic_v12-v4/241117_152227/0000/mc_skimmed_data_165.root
19-Nov-2024 20:59:16 KST  Initiating request to open file file:///pnfs/knu.ac.kr/data/cms/store/user/wkwon/AnalysisResults/DYto2L-2Jets_MLL-50_TuneCP5_13p6TeV_amcatnloFXFX-pythia8/crab_Run3Summer22DRPremix-124X_mcRun3_2022_realistic_v12-v4/241117_152227/0000/mc_skimmed_data_154.root
19-Nov-2024 20:59:16 KST  Successfully opened file file:///pnfs/knu.ac.kr/data/cms/store/user/wkwon/AnalysisResults/DYto2L-2Jets_MLL-50_TuneCP5_13p6TeV_amcatnloFXFX-pythia8/crab_Run3Summer22DRPremix-124X_mcRun3_2022_realistic_v12-v4/241117_152227/0000/mc_skimmed_data_154.root
Begin processing the 2360001st record. Run 1, Event 112275852, LumiSection 59690 on stream 0 at 19-Nov-2024 20:59:34.462 KST
Begin processing the 2370001st record. Run 1, Event 112657439, LumiSection 59893 on stream 0 at 19-Nov-2024 20:59:44.431 KST
Begin processing the 2380001st record. Run 1, Event 112870121, LumiSection 60006 on stream 0 at 19-Nov-2024 20:59:55.193 KST
Begin processing the 2390001st record. Run 1, Event 131785265, LumiSection 70062 on stream 0 at 19-Nov-2024 21:00:04.936 KST
Begin processing the 2400001st record. Run 1, Event 113620234, LumiSection 60405 on stream 0 at 19-Nov-2024 21:00:14.421 KST
Begin processing the 2410001st record. Run 1, Event 130462646, LumiSection 69359 on stream 0 at 19-Nov-2024 21:00:24.315 KST
Begin processing the 2420001st record. Run 1, Event 111684027, LumiSection 59375 on stream 0 at 19-Nov-2024 21:00:34.039 KST
Begin processing the 2430001st record. Run 1, Event 112078715, LumiSection 59585 on stream 0 at 19-Nov-2024 21:00:43.669 KST
Begin processing the 2440001st record. Run 1, Event 132814984, LumiSection 70609 on stream 0 at 19-Nov-2024 21:00:53.350 KST
Begin processing the 2450001st record. Run 1, Event 112432454, LumiSection 59773 on stream 0 at 19-Nov-2024 21:01:03.005 KST
Begin processing the 2460001st record. Run 1, Event 188415144, LumiSection 100168 on stream 0 at 19-Nov-2024 21:01:12.804 KST
Begin processing the 2470001st record. Run 1, Event 240125263, LumiSection 127659 on stream 0 at 19-Nov-2024 21:01:22.532 KST
Begin processing the 2480001st record. Run 1, Event 113170826, LumiSection 60166 on stream 0 at 19-Nov-2024 21:01:32.224 KST
Begin processing the 2490001st record. Run 1, Event 112920689, LumiSection 60033 on stream 0 at 19-Nov-2024 21:01:42.129 KST
Begin processing the 2500001st record. Run 1, Event 112309320, LumiSection 59708 on stream 0 at 19-Nov-2024 21:01:51.824 KST
Begin processing the 2510001st record. Run 1, Event 112382428, LumiSection 59747 on stream 0 at 19-Nov-2024 21:02:02.133 KST
Begin processing the 2520001st record. Run 1, Event 129915078, LumiSection 69068 on stream 0 at 19-Nov-2024 21:02:12.435 KST
Begin processing the 2530001st record. Run 1, Event 113561488, LumiSection 60373 on stream 0 at 19-Nov-2024 21:02:22.142 KST
Begin processing the 2540001st record. Run 1, Event 141968207, LumiSection 75475 on stream 0 at 19-Nov-2024 21:02:32.160 KST
Begin processing the 2550001st record. Run 1, Event 145224368, LumiSection 77206 on stream 0 at 19-Nov-2024 21:02:41.713 KST
Begin processing the 2560001st record. Run 1, Event 112863179, LumiSection 60002 on stream 0 at 19-Nov-2024 21:02:52.320 KST
Begin processing the 2570001st record. Run 1, Event 165982633, LumiSection 88242 on stream 0 at 19-Nov-2024 21:03:02.141 KST
Begin processing the 2580001st record. Run 1, Event 142964428, LumiSection 76005 on stream 0 at 19-Nov-2024 21:03:13.545 KST
Begin processing the 2590001st record. Run 1, Event 141717287, LumiSection 75342 on stream 0 at 19-Nov-2024 21:03:23.210 KST
Begin processing the 2600001st record. Run 1, Event 113434401, LumiSection 60306 on stream 0 at 19-Nov-2024 21:03:33.129 KST
Begin processing the 2610001st record. Run 1, Event 130158130, LumiSection 69197 on stream 0 at 19-Nov-2024 21:03:43.004 KST
19-Nov-2024 21:03:51 KST  Closed file file:///pnfs/knu.ac.kr/data/cms/store/user/wkwon/AnalysisResults/DYto2L-2Jets_MLL-50_TuneCP5_13p6TeV_amcatnloFXFX-pythia8/crab_Run3Summer22DRPremix-124X_mcRun3_2022_realistic_v12-v4/241117_152227/0000/mc_skimmed_data_154.root
19-Nov-2024 21:03:51 KST  Initiating request to open file file:///pnfs/knu.ac.kr/data/cms/store/user/wkwon/AnalysisResults/DYto2L-2Jets_MLL-50_TuneCP5_13p6TeV_amcatnloFXFX-pythia8/crab_Run3Summer22DRPremix-124X_mcRun3_2022_realistic_v12-v4/241117_152227/0000/mc_skimmed_data_127.root
19-Nov-2024 21:03:51 KST  Successfully opened file file:///pnfs/knu.ac.kr/data/cms/store/user/wkwon/AnalysisResults/DYto2L-2Jets_MLL-50_TuneCP5_13p6TeV_amcatnloFXFX-pythia8/crab_Run3Summer22DRPremix-124X_mcRun3_2022_realistic_v12-v4/241117_152227/0000/mc_skimmed_data_127.root
Begin processing the 2620001st record. Run 1, Event 92359515, LumiSection 49102 on stream 0 at 19-Nov-2024 21:03:59.877 KST
Begin processing the 2630001st record. Run 1, Event 87745441, LumiSection 46649 on stream 0 at 19-Nov-2024 21:04:12.742 KST
Begin processing the 2640001st record. Run 1, Event 87375005, LumiSection 46452 on stream 0 at 19-Nov-2024 21:04:22.575 KST
Begin processing the 2650001st record. Run 1, Event 87608063, LumiSection 46576 on stream 0 at 19-Nov-2024 21:04:32.590 KST
Begin processing the 2660001st record. Run 1, Event 214013506, LumiSection 113777 on stream 0 at 19-Nov-2024 21:04:42.735 KST
Begin processing the 2670001st record. Run 1, Event 87603055, LumiSection 46573 on stream 0 at 19-Nov-2024 21:04:52.825 KST
Begin processing the 2680001st record. Run 1, Event 87231980, LumiSection 46376 on stream 0 at 19-Nov-2024 21:05:02.415 KST
Begin processing the 2690001st record. Run 1, Event 87395353, LumiSection 46463 on stream 0 at 19-Nov-2024 21:05:12.783 KST
Begin processing the 2700001st record. Run 1, Event 87811291, LumiSection 46684 on stream 0 at 19-Nov-2024 21:05:22.398 KST
Begin processing the 2710001st record. Run 1, Event 88258604, LumiSection 46922 on stream 0 at 19-Nov-2024 21:05:32.278 KST
Begin processing the 2720001st record. Run 1, Event 87765722, LumiSection 46660 on stream 0 at 19-Nov-2024 21:05:42.259 KST
Begin processing the 2730001st record. Run 1, Event 87820279, LumiSection 46689 on stream 0 at 19-Nov-2024 21:05:52.386 KST
Begin processing the 2740001st record. Run 1, Event 87698211, LumiSection 46624 on stream 0 at 19-Nov-2024 21:06:02.843 KST
Begin processing the 2750001st record. Run 1, Event 87690478, LumiSection 46620 on stream 0 at 19-Nov-2024 21:06:12.802 KST
Begin processing the 2760001st record. Run 1, Event 88062984, LumiSection 46818 on stream 0 at 19-Nov-2024 21:06:22.870 KST
Begin processing the 2770001st record. Run 1, Event 93787035, LumiSection 49861 on stream 0 at 19-Nov-2024 21:06:32.904 KST
Begin processing the 2780001st record. Run 1, Event 115000930, LumiSection 61139 on stream 0 at 19-Nov-2024 21:06:42.581 KST
Begin processing the 2790001st record. Run 1, Event 88397968, LumiSection 46996 on stream 0 at 19-Nov-2024 21:06:52.129 KST
Begin processing the 2800001st record. Run 1, Event 116020228, LumiSection 61681 on stream 0 at 19-Nov-2024 21:07:02.162 KST
Begin processing the 2810001st record. Run 1, Event 92278171, LumiSection 49059 on stream 0 at 19-Nov-2024 21:07:12.145 KST
Begin processing the 2820001st record. Run 1, Event 88053412, LumiSection 46813 on stream 0 at 19-Nov-2024 21:07:21.756 KST
Begin processing the 2830001st record. Run 1, Event 118544444, LumiSection 63023 on stream 0 at 19-Nov-2024 21:07:31.598 KST
Begin processing the 2840001st record. Run 1, Event 88285082, LumiSection 46936 on stream 0 at 19-Nov-2024 21:07:41.018 KST
Begin processing the 2850001st record. Run 1, Event 88297854, LumiSection 46942 on stream 0 at 19-Nov-2024 21:07:50.695 KST
Begin processing the 2860001st record. Run 1, Event 92292585, LumiSection 49066 on stream 0 at 19-Nov-2024 21:08:00.719 KST
Begin processing the 2870001st record. Run 1, Event 92311395, LumiSection 49076 on stream 0 at 19-Nov-2024 21:08:10.507 KST
Begin processing the 2880001st record. Run 1, Event 118270733, LumiSection 62877 on stream 0 at 19-Nov-2024 21:08:20.040 KST
19-Nov-2024 21:08:25 KST  Closed file file:///pnfs/knu.ac.kr/data/cms/store/user/wkwon/AnalysisResults/DYto2L-2Jets_MLL-50_TuneCP5_13p6TeV_amcatnloFXFX-pythia8/crab_Run3Summer22DRPremix-124X_mcRun3_2022_realistic_v12-v4/241117_152227/0000/mc_skimmed_data_127.root
19-Nov-2024 21:08:25 KST  Initiating request to open file file:///pnfs/knu.ac.kr/data/cms/store/user/wkwon/AnalysisResults/DYto2L-2Jets_MLL-50_TuneCP5_13p6TeV_amcatnloFXFX-pythia8/crab_Run3Summer22DRPremix-124X_mcRun3_2022_realistic_v12-v4/241117_152227/0000/mc_skimmed_data_179.root
19-Nov-2024 21:08:25 KST  Successfully opened file file:///pnfs/knu.ac.kr/data/cms/store/user/wkwon/AnalysisResults/DYto2L-2Jets_MLL-50_TuneCP5_13p6TeV_amcatnloFXFX-pythia8/crab_Run3Summer22DRPremix-124X_mcRun3_2022_realistic_v12-v4/241117_152227/0000/mc_skimmed_data_179.root
Begin processing the 2890001st record. Run 1, Event 140596321, LumiSection 74746 on stream 0 at 19-Nov-2024 21:08:40.127 KST
Begin processing the 2900001st record. Run 1, Event 138634308, LumiSection 73703 on stream 0 at 19-Nov-2024 21:08:50.797 KST
Begin processing the 2910001st record. Run 1, Event 185544209, LumiSection 98642 on stream 0 at 19-Nov-2024 21:09:01.025 KST
Begin processing the 2920001st record. Run 1, Event 172903816, LumiSection 91922 on stream 0 at 19-Nov-2024 21:09:11.617 KST
Begin processing the 2930001st record. Run 1, Event 139713174, LumiSection 74277 on stream 0 at 19-Nov-2024 21:09:22.347 KST
Begin processing the 2940001st record. Run 1, Event 138397835, LumiSection 73577 on stream 0 at 19-Nov-2024 21:09:34.819 KST
Begin processing the 2950001st record. Run 1, Event 149907285, LumiSection 79696 on stream 0 at 19-Nov-2024 21:09:45.936 KST
Begin processing the 2960001st record. Run 1, Event 150605316, LumiSection 80067 on stream 0 at 19-Nov-2024 21:09:58.952 KST
Begin processing the 2970001st record. Run 1, Event 138433217, LumiSection 73596 on stream 0 at 19-Nov-2024 21:10:10.820 KST
Begin processing the 2980001st record. Run 1, Event 149440742, LumiSection 79448 on stream 0 at 19-Nov-2024 21:10:21.566 KST
Begin processing the 2990001st record. Run 1, Event 139534929, LumiSection 74182 on stream 0 at 19-Nov-2024 21:10:32.345 KST
Begin processing the 3000001st record. Run 1, Event 138520755, LumiSection 73643 on stream 0 at 19-Nov-2024 21:10:44.517 KST
Begin processing the 3010001st record. Run 1, Event 138293149, LumiSection 73522 on stream 0 at 19-Nov-2024 21:10:55.321 KST
Begin processing the 3020001st record. Run 1, Event 138208025, LumiSection 73476 on stream 0 at 19-Nov-2024 21:11:05.565 KST
Begin processing the 3030001st record. Run 1, Event 139822048, LumiSection 74334 on stream 0 at 19-Nov-2024 21:11:16.240 KST
Begin processing the 3040001st record. Run 1, Event 148621448, LumiSection 79012 on stream 0 at 19-Nov-2024 21:11:26.712 KST
Begin processing the 3050001st record. Run 1, Event 140418230, LumiSection 74651 on stream 0 at 19-Nov-2024 21:11:36.676 KST
Begin processing the 3060001st record. Run 1, Event 138834486, LumiSection 73809 on stream 0 at 19-Nov-2024 21:11:46.825 KST
Begin processing the 3070001st record. Run 1, Event 153876475, LumiSection 81806 on stream 0 at 19-Nov-2024 21:11:57.405 KST
Begin processing the 3080001st record. Run 1, Event 248170826, LumiSection 131936 on stream 0 at 19-Nov-2024 21:12:09.213 KST
Begin processing the 3090001st record. Run 1, Event 139069060, LumiSection 73934 on stream 0 at 19-Nov-2024 21:12:20.867 KST
Begin processing the 3100001st record. Run 1, Event 138636536, LumiSection 73704 on stream 0 at 19-Nov-2024 21:12:32.032 KST
Begin processing the 3110001st record. Run 1, Event 180827322, LumiSection 96134 on stream 0 at 19-Nov-2024 21:12:43.446 KST
Begin processing the 3120001st record. Run 1, Event 138794324, LumiSection 73788 on stream 0 at 19-Nov-2024 21:12:54.957 KST
Begin processing the 3130001st record. Run 1, Event 140078971, LumiSection 74471 on stream 0 at 19-Nov-2024 21:13:05.662 KST
Begin processing the 3140001st record. Run 1, Event 151283707, LumiSection 80428 on stream 0 at 19-Nov-2024 21:13:16.758 KST
Begin processing the 3150001st record. Run 1, Event 149016790, LumiSection 79223 on stream 0 at 19-Nov-2024 21:13:27.783 KST
19-Nov-2024 21:13:29 KST  Closed file file:///pnfs/knu.ac.kr/data/cms/store/user/wkwon/AnalysisResults/DYto2L-2Jets_MLL-50_TuneCP5_13p6TeV_amcatnloFXFX-pythia8/crab_Run3Summer22DRPremix-124X_mcRun3_2022_realistic_v12-v4/241117_152227/0000/mc_skimmed_data_179.root
19-Nov-2024 21:13:29 KST  Initiating request to open file file:///pnfs/knu.ac.kr/data/cms/store/user/wkwon/AnalysisResults/DYto2L-2Jets_MLL-50_TuneCP5_13p6TeV_amcatnloFXFX-pythia8/crab_Run3Summer22DRPremix-124X_mcRun3_2022_realistic_v12-v4/241117_152227/0000/mc_skimmed_data_126.root
19-Nov-2024 21:13:30 KST  Successfully opened file file:///pnfs/knu.ac.kr/data/cms/store/user/wkwon/AnalysisResults/DYto2L-2Jets_MLL-50_TuneCP5_13p6TeV_amcatnloFXFX-pythia8/crab_Run3Summer22DRPremix-124X_mcRun3_2022_realistic_v12-v4/241117_152227/0000/mc_skimmed_data_126.root
Begin processing the 3160001st record. Run 1, Event 86255054, LumiSection 45856 on stream 0 at 19-Nov-2024 21:13:54.226 KST
Begin processing the 3170001st record. Run 1, Event 86127209, LumiSection 45788 on stream 0 at 19-Nov-2024 21:14:04.312 KST
Begin processing the 3180001st record. Run 1, Event 123004090, LumiSection 65393 on stream 0 at 19-Nov-2024 21:14:14.073 KST
Begin processing the 3190001st record. Run 1, Event 86140211, LumiSection 45795 on stream 0 at 19-Nov-2024 21:14:24.453 KST
Begin processing the 3200001st record. Run 1, Event 86028745, LumiSection 45736 on stream 0 at 19-Nov-2024 21:14:34.296 KST
Begin processing the 3210001st record. Run 1, Event 86337459, LumiSection 45900 on stream 0 at 19-Nov-2024 21:14:44.521 KST
Begin processing the 3220001st record. Run 1, Event 124721489, LumiSection 66306 on stream 0 at 19-Nov-2024 21:14:55.001 KST
Begin processing the 3230001st record. Run 1, Event 88043898, LumiSection 46807 on stream 0 at 19-Nov-2024 21:15:04.953 KST
Begin processing the 3240001st record. Run 1, Event 86787477, LumiSection 46140 on stream 0 at 19-Nov-2024 21:15:15.228 KST
Begin processing the 3250001st record. Run 1, Event 86379291, LumiSection 45923 on stream 0 at 19-Nov-2024 21:15:26.217 KST
Begin processing the 3260001st record. Run 1, Event 118181511, LumiSection 62830 on stream 0 at 19-Nov-2024 21:15:36.671 KST
Begin processing the 3270001st record. Run 1, Event 87033813, LumiSection 46270 on stream 0 at 19-Nov-2024 21:15:47.572 KST
Begin processing the 3280001st record. Run 1, Event 86403793, LumiSection 45936 on stream 0 at 19-Nov-2024 21:15:58.194 KST
Begin processing the 3290001st record. Run 1, Event 225261454, LumiSection 119757 on stream 0 at 19-Nov-2024 21:16:08.987 KST
Begin processing the 3300001st record. Run 1, Event 223861769, LumiSection 119013 on stream 0 at 19-Nov-2024 21:16:19.955 KST
Begin processing the 3310001st record. Run 1, Event 87295311, LumiSection 46409 on stream 0 at 19-Nov-2024 21:16:31.121 KST
Begin processing the 3320001st record. Run 1, Event 125003461, LumiSection 66456 on stream 0 at 19-Nov-2024 21:16:42.317 KST
Begin processing the 3330001st record. Run 1, Event 87056423, LumiSection 46282 on stream 0 at 19-Nov-2024 21:16:52.796 KST
Begin processing the 3340001st record. Run 1, Event 87086137, LumiSection 46298 on stream 0 at 19-Nov-2024 21:17:04.321 KST
Begin processing the 3350001st record. Run 1, Event 87010566, LumiSection 46258 on stream 0 at 19-Nov-2024 21:17:15.122 KST
Begin processing the 3360001st record. Run 1, Event 88370329, LumiSection 46981 on stream 0 at 19-Nov-2024 21:17:26.218 KST
Begin processing the 3370001st record. Run 1, Event 86897664, LumiSection 46198 on stream 0 at 19-Nov-2024 21:17:37.435 KST
Begin processing the 3380001st record. Run 1, Event 87027275, LumiSection 46267 on stream 0 at 19-Nov-2024 21:17:48.382 KST
Begin processing the 3390001st record. Run 1, Event 92177417, LumiSection 49005 on stream 0 at 19-Nov-2024 21:17:59.237 KST
Begin processing the 3400001st record. Run 1, Event 87011749, LumiSection 46259 on stream 0 at 19-Nov-2024 21:18:11.927 KST
Begin processing the 3410001st record. Run 1, Event 87517568, LumiSection 46528 on stream 0 at 19-Nov-2024 21:18:22.604 KST
19-Nov-2024 21:18:32 KST  Closed file file:///pnfs/knu.ac.kr/data/cms/store/user/wkwon/AnalysisResults/DYto2L-2Jets_MLL-50_TuneCP5_13p6TeV_amcatnloFXFX-pythia8/crab_Run3Summer22DRPremix-124X_mcRun3_2022_realistic_v12-v4/241117_152227/0000/mc_skimmed_data_126.root
19-Nov-2024 21:18:32 KST  Initiating request to open file file:///pnfs/knu.ac.kr/data/cms/store/user/wkwon/AnalysisResults/DYto2L-2Jets_MLL-50_TuneCP5_13p6TeV_amcatnloFXFX-pythia8/crab_Run3Summer22DRPremix-124X_mcRun3_2022_realistic_v12-v4/241117_152227/0000/mc_skimmed_data_80.root
19-Nov-2024 21:18:33 KST  Successfully opened file file:///pnfs/knu.ac.kr/data/cms/store/user/wkwon/AnalysisResults/DYto2L-2Jets_MLL-50_TuneCP5_13p6TeV_amcatnloFXFX-pythia8/crab_Run3Summer22DRPremix-124X_mcRun3_2022_realistic_v12-v4/241117_152227/0000/mc_skimmed_data_80.root
Begin processing the 3420001st record. Run 1, Event 49978221, LumiSection 26571 on stream 0 at 19-Nov-2024 21:18:55.175 KST
Begin processing the 3430001st record. Run 1, Event 50888371, LumiSection 27054 on stream 0 at 19-Nov-2024 21:19:08.257 KST
Begin processing the 3440001st record. Run 1, Event 50037961, LumiSection 26602 on stream 0 at 19-Nov-2024 21:19:20.787 KST
Begin processing the 3450001st record. Run 1, Event 50425229, LumiSection 26808 on stream 0 at 19-Nov-2024 21:19:31.363 KST
Begin processing the 3460001st record. Run 1, Event 50135697, LumiSection 26654 on stream 0 at 19-Nov-2024 21:19:41.176 KST
Begin processing the 3470001st record. Run 1, Event 50263231, LumiSection 26722 on stream 0 at 19-Nov-2024 21:19:51.257 KST
Begin processing the 3480001st record. Run 1, Event 50539593, LumiSection 26869 on stream 0 at 19-Nov-2024 21:20:02.566 KST
Begin processing the 3490001st record. Run 1, Event 50440127, LumiSection 26816 on stream 0 at 19-Nov-2024 21:20:12.765 KST
Begin processing the 3500001st record. Run 1, Event 50661983, LumiSection 26934 on stream 0 at 19-Nov-2024 21:20:23.655 KST
Begin processing the 3510001st record. Run 1, Event 51139553, LumiSection 27188 on stream 0 at 19-Nov-2024 21:20:34.312 KST
Begin processing the 3520001st record. Run 1, Event 50668993, LumiSection 26938 on stream 0 at 19-Nov-2024 21:20:44.996 KST
Begin processing the 3530001st record. Run 1, Event 52410931, LumiSection 27864 on stream 0 at 19-Nov-2024 21:20:56.822 KST
Begin processing the 3540001st record. Run 1, Event 51735708, LumiSection 27505 on stream 0 at 19-Nov-2024 21:21:08.264 KST
Begin processing the 3550001st record. Run 1, Event 51041364, LumiSection 27136 on stream 0 at 19-Nov-2024 21:21:21.182 KST
Begin processing the 3560001st record. Run 1, Event 51127482, LumiSection 27182 on stream 0 at 19-Nov-2024 21:21:32.483 KST
Begin processing the 3570001st record. Run 1, Event 51025882, LumiSection 27127 on stream 0 at 19-Nov-2024 21:21:43.055 KST
Begin processing the 3580001st record. Run 1, Event 50847098, LumiSection 27032 on stream 0 at 19-Nov-2024 21:21:53.601 KST
Begin processing the 3590001st record. Run 1, Event 51666907, LumiSection 27468 on stream 0 at 19-Nov-2024 21:22:04.806 KST
