21-Nov-2024 06:12:44 KST  Initiating request to open file file:///pnfs/knu.ac.kr/data/cms/store/user/wkwon/AnalysisResults/CRAB_UserFiles/crab_MuonSkimming_Run2022E_sup/241117_135331/0000/skimmed_data_17.root
21-Nov-2024 06:12:55 KST  Successfully opened file file:///pnfs/knu.ac.kr/data/cms/store/user/wkwon/AnalysisResults/CRAB_UserFiles/crab_MuonSkimming_Run2022E_sup/241117_135331/0000/skimmed_data_17.root
Begin processing the 1st record. Run 359693, Event 528665274, LumiSection 286 on stream 0 at 21-Nov-2024 06:12:56.843 KST
Begin processing the 10001st record. Run 359693, Event 570903132, LumiSection 309 on stream 0 at 21-Nov-2024 06:13:16.670 KST
Begin processing the 20001st record. Run 359693, Event 636236532, LumiSection 344 on stream 0 at 21-Nov-2024 06:13:27.325 KST
21-Nov-2024 06:13:30 KST  Closed file file:///pnfs/knu.ac.kr/data/cms/store/user/wkwon/AnalysisResults/CRAB_UserFiles/crab_MuonSkimming_Run2022E_sup/241117_135331/0000/skimmed_data_17.root
21-Nov-2024 06:13:30 KST  Initiating request to open file file:///pnfs/knu.ac.kr/data/cms/store/user/wkwon/AnalysisResults/CRAB_UserFiles/crab_MuonSkimming_Run2022E_sup/241117_135331/0000/skimmed_data_63.root
21-Nov-2024 06:13:34 KST  Successfully opened file file:///pnfs/knu.ac.kr/data/cms/store/user/wkwon/AnalysisResults/CRAB_UserFiles/crab_MuonSkimming_Run2022E_sup/241117_135331/0000/skimmed_data_63.root
Begin processing the 30001st record. Run 359763, Event 33231084, LumiSection 17 on stream 0 at 21-Nov-2024 06:13:44.272 KST
Begin processing the 40001st record. Run 359763, Event 35860426, LumiSection 18 on stream 0 at 21-Nov-2024 06:13:56.267 KST
21-Nov-2024 06:14:07 KST  Closed file file:///pnfs/knu.ac.kr/data/cms/store/user/wkwon/AnalysisResults/CRAB_UserFiles/crab_MuonSkimming_Run2022E_sup/241117_135331/0000/skimmed_data_63.root
21-Nov-2024 06:14:07 KST  Initiating request to open file file:///pnfs/knu.ac.kr/data/cms/store/user/wkwon/AnalysisResults/CRAB_UserFiles/crab_MuonSkimming_Run2022E_sup/241117_135331/0000/skimmed_data_18.root
21-Nov-2024 06:14:07 KST  Successfully opened file file:///pnfs/knu.ac.kr/data/cms/store/user/wkwon/AnalysisResults/CRAB_UserFiles/crab_MuonSkimming_Run2022E_sup/241117_135331/0000/skimmed_data_18.root
Begin processing the 50001st record. Run 359693, Event 313703868, LumiSection 175 on stream 0 at 21-Nov-2024 06:14:11.433 KST
Begin processing the 60001st record. Run 359693, Event 432946292, LumiSection 236 on stream 0 at 21-Nov-2024 06:14:21.374 KST
Begin processing the 70001st record. Run 359693, Event 586573493, LumiSection 317 on stream 0 at 21-Nov-2024 06:14:31.300 KST
21-Nov-2024 06:14:34 KST  Closed file file:///pnfs/knu.ac.kr/data/cms/store/user/wkwon/AnalysisResults/CRAB_UserFiles/crab_MuonSkimming_Run2022E_sup/241117_135331/0000/skimmed_data_18.root
endJob

TrigReport ---------- Event  Summary ------------
TrigReport Events total = 72650 passed = 72650 failed = 0

TrigReport ---------- Path   Summary ------------
TrigReport  Trig Bit#   Executed     Passed     Failed      Error Name
TrigReport     1    0      72650      72650          0          0 p


TrigReport -------End-Path   Summary ------------
TrigReport  Trig Bit#   Executed     Passed     Failed      Error Name


TrigReport ---------- Modules in Path: p ------------
TrigReport  Trig Bit#    Visited     Passed     Failed      Error Name
TrigReport     1    0      72650      72650          0          0 Analysis


TrigReport ---------- Module Summary ------------
TrigReport    Visited   Executed     Passed     Failed      Error Name
TrigReport      72650      72650      72650          0          0 Analysis
TrigReport      72650      72650      72650          0          0 TriggerResults
TrigReport      72650      72650      72650          0          0 p


TimeReport ---------- Event  Summary ---[sec]----
TimeReport       event loop CPU/event = 0.001221
TimeReport      event loop Real/event = 0.001339
TimeReport     sum Streams Real/event = 0.001145
TimeReport efficiency CPU/Real/thread = 0.911720

TimeReport ---------- Path   Summary ---[Real sec]----
TimeReport  per event     per exec  Name
TimeReport   0.001066     0.001066  p

TimeReport  per event     per exec  Name

TimeReport -------End-Path   Summary ---[Real sec]----
TimeReport  per event     per exec  Name

TimeReport  per event     per exec  Name

TimeReport ---------- Modules in Path: p ---[Real sec]----
TimeReport  per event    per visit  Name
TimeReport   0.000032     0.000032  Analysis

TimeReport  per event    per visit  Name

TimeReport ---------- Module Summary ---[Real sec]----
TimeReport  per event     per exec    per visit  Name
TimeReport   0.000032     0.000032     0.000032  Analysis
TimeReport   0.000002     0.000002     0.000002  TriggerResults
TimeReport   0.000004     0.000004     0.000004  p

TimeReport  per event     per exec    per visit  Name

T---Report end!


