21-Nov-2024 06:12:44 KST  Initiating request to open file file:///pnfs/knu.ac.kr/data/cms/store/user/wkwon/AnalysisResults/CRAB_UserFiles/crab_MuonSkimming_Run2022E_sup/241117_135331/0000/skimmed_data_53.root
21-Nov-2024 06:12:54 KST  Successfully opened file file:///pnfs/knu.ac.kr/data/cms/store/user/wkwon/AnalysisResults/CRAB_UserFiles/crab_MuonSkimming_Run2022E_sup/241117_135331/0000/skimmed_data_53.root
Begin processing the 1st record. Run 359693, Event 473107690, LumiSection 257 on stream 0 at 21-Nov-2024 06:12:56.304 KST
Begin processing the 10001st record. Run 359693, Event 492176810, LumiSection 267 on stream 0 at 21-Nov-2024 06:13:16.552 KST
21-Nov-2024 06:13:18 KST  Closed file file:///pnfs/knu.ac.kr/data/cms/store/user/wkwon/AnalysisResults/CRAB_UserFiles/crab_MuonSkimming_Run2022E_sup/241117_135331/0000/skimmed_data_53.root
21-Nov-2024 06:13:18 KST  Initiating request to open file file:///pnfs/knu.ac.kr/data/cms/store/user/wkwon/AnalysisResults/CRAB_UserFiles/crab_MuonSkimming_Run2022E_sup/241117_135331/0000/skimmed_data_45.root
21-Nov-2024 06:13:18 KST  Successfully opened file file:///pnfs/knu.ac.kr/data/cms/store/user/wkwon/AnalysisResults/CRAB_UserFiles/crab_MuonSkimming_Run2022E_sup/241117_135331/0000/skimmed_data_45.root
Begin processing the 20001st record. Run 359806, Event 574868211, LumiSection 302 on stream 0 at 21-Nov-2024 06:13:31.198 KST
Begin processing the 30001st record. Run 359806, Event 578434398, LumiSection 303 on stream 0 at 21-Nov-2024 06:13:44.657 KST
21-Nov-2024 06:13:46 KST  Closed file file:///pnfs/knu.ac.kr/data/cms/store/user/wkwon/AnalysisResults/CRAB_UserFiles/crab_MuonSkimming_Run2022E_sup/241117_135331/0000/skimmed_data_45.root
21-Nov-2024 06:13:46 KST  Initiating request to open file file:///pnfs/knu.ac.kr/data/cms/store/user/wkwon/AnalysisResults/CRAB_UserFiles/crab_MuonSkimming_Run2022E_sup/241117_135331/0000/skimmed_data_1.root
21-Nov-2024 06:13:48 KST  Successfully opened file file:///pnfs/knu.ac.kr/data/cms/store/user/wkwon/AnalysisResults/CRAB_UserFiles/crab_MuonSkimming_Run2022E_sup/241117_135331/0000/skimmed_data_1.root
Begin processing the 40001st record. Run 359806, Event 711716749, LumiSection 368 on stream 0 at 21-Nov-2024 06:14:00.480 KST
21-Nov-2024 06:14:01 KST  Closed file file:///pnfs/knu.ac.kr/data/cms/store/user/wkwon/AnalysisResults/CRAB_UserFiles/crab_MuonSkimming_Run2022E_sup/241117_135331/0000/skimmed_data_1.root
endJob

TrigReport ---------- Event  Summary ------------
TrigReport Events total = 40991 passed = 40991 failed = 0

TrigReport ---------- Path   Summary ------------
TrigReport  Trig Bit#   Executed     Passed     Failed      Error Name
TrigReport     1    0      40991      40991          0          0 p


TrigReport -------End-Path   Summary ------------
TrigReport  Trig Bit#   Executed     Passed     Failed      Error Name


TrigReport ---------- Modules in Path: p ------------
TrigReport  Trig Bit#    Visited     Passed     Failed      Error Name
TrigReport     1    0      40991      40991          0          0 Analysis


TrigReport ---------- Module Summary ------------
TrigReport    Visited   Executed     Passed     Failed      Error Name
TrigReport      40991      40991      40991          0          0 Analysis
TrigReport      40991      40991      40991          0          0 TriggerResults
TrigReport      40991      40991      40991          0          0 p


TimeReport ---------- Event  Summary ---[sec]----
TimeReport       event loop CPU/event = 0.001490
TimeReport      event loop Real/event = 0.001601
TimeReport     sum Streams Real/event = 0.001421
TimeReport efficiency CPU/Real/thread = 0.930500

TimeReport ---------- Path   Summary ---[Real sec]----
TimeReport  per event     per exec  Name
TimeReport   0.001335     0.001335  p

TimeReport  per event     per exec  Name

TimeReport -------End-Path   Summary ---[Real sec]----
TimeReport  per event     per exec  Name

TimeReport  per event     per exec  Name

TimeReport ---------- Modules in Path: p ---[Real sec]----
TimeReport  per event    per visit  Name
TimeReport   0.000033     0.000033  Analysis

TimeReport  per event    per visit  Name

TimeReport ---------- Module Summary ---[Real sec]----
TimeReport  per event     per exec    per visit  Name
TimeReport   0.000033     0.000033     0.000033  Analysis
TimeReport   0.000002     0.000002     0.000002  TriggerResults
TimeReport   0.000004     0.000004     0.000004  p

TimeReport  per event     per exec    per visit  Name

T---Report end!


