13-Nov-2024 11:14:39 KST  Initiating request to open file file:///pnfs/knu.ac.kr/data/cms/store/user/wkwon/AnalysisResults/Muon/crab_MuonSkimming_Run2022D/241108_143535/0000/skimmed_data_188.root
13-Nov-2024 11:14:41 KST  Successfully opened file file:///pnfs/knu.ac.kr/data/cms/store/user/wkwon/AnalysisResults/Muon/crab_MuonSkimming_Run2022D/241108_143535/0000/skimmed_data_188.root
Begin processing the 1st record. Run 357899, Event 154656051, LumiSection 113 on stream 0 at 13-Nov-2024 11:14:48.317 KST
Begin processing the 10001st record. Run 357899, Event 160586704, LumiSection 118 on stream 0 at 13-Nov-2024 11:15:03.166 KST
Begin processing the 20001st record. Run 357899, Event 157132909, LumiSection 115 on stream 0 at 13-Nov-2024 11:15:13.341 KST
Begin processing the 30001st record. Run 357899, Event 162743893, LumiSection 119 on stream 0 at 13-Nov-2024 11:15:23.090 KST
Begin processing the 40001st record. Run 357899, Event 163886337, LumiSection 120 on stream 0 at 13-Nov-2024 11:15:33.365 KST
Begin processing the 50001st record. Run 357899, Event 164998440, LumiSection 121 on stream 0 at 13-Nov-2024 11:15:44.165 KST
Begin processing the 60001st record. Run 357899, Event 166936093, LumiSection 123 on stream 0 at 13-Nov-2024 11:15:54.980 KST
Begin processing the 70001st record. Run 357899, Event 168258598, LumiSection 124 on stream 0 at 13-Nov-2024 11:16:04.708 KST
Begin processing the 80001st record. Run 357899, Event 172125290, LumiSection 126 on stream 0 at 13-Nov-2024 11:16:14.176 KST
Begin processing the 90001st record. Run 357899, Event 173185881, LumiSection 127 on stream 0 at 13-Nov-2024 11:16:24.295 KST
Begin processing the 100001st record. Run 357899, Event 174068786, LumiSection 128 on stream 0 at 13-Nov-2024 11:16:34.044 KST
Begin processing the 110001st record. Run 357899, Event 196417617, LumiSection 145 on stream 0 at 13-Nov-2024 11:16:44.916 KST
Begin processing the 120001st record. Run 357899, Event 200802459, LumiSection 148 on stream 0 at 13-Nov-2024 11:16:55.056 KST
Begin processing the 130001st record. Run 357899, Event 202782570, LumiSection 150 on stream 0 at 13-Nov-2024 11:17:04.808 KST
Begin processing the 140001st record. Run 357899, Event 178697826, LumiSection 131 on stream 0 at 13-Nov-2024 11:17:14.599 KST
Begin processing the 150001st record. Run 357899, Event 180127872, LumiSection 132 on stream 0 at 13-Nov-2024 11:17:25.023 KST
Begin processing the 160001st record. Run 357899, Event 182666813, LumiSection 134 on stream 0 at 13-Nov-2024 11:17:34.940 KST
Begin processing the 170001st record. Run 357899, Event 183021106, LumiSection 135 on stream 0 at 13-Nov-2024 11:17:45.082 KST
Begin processing the 180001st record. Run 357899, Event 184534459, LumiSection 136 on stream 0 at 13-Nov-2024 11:17:55.210 KST
Begin processing the 190001st record. Run 357899, Event 187833559, LumiSection 138 on stream 0 at 13-Nov-2024 11:18:04.748 KST
Begin processing the 200001st record. Run 357899, Event 188202967, LumiSection 139 on stream 0 at 13-Nov-2024 11:18:15.171 KST
Begin processing the 210001st record. Run 357899, Event 191961002, LumiSection 141 on stream 0 at 13-Nov-2024 11:18:24.888 KST
Begin processing the 220001st record. Run 357899, Event 192809887, LumiSection 142 on stream 0 at 13-Nov-2024 11:18:35.072 KST
Begin processing the 230001st record. Run 357899, Event 194312833, LumiSection 143 on stream 0 at 13-Nov-2024 11:18:45.020 KST
Begin processing the 240001st record. Run 357899, Event 197796332, LumiSection 146 on stream 0 at 13-Nov-2024 11:18:59.433 KST
Begin processing the 250001st record. Run 357899, Event 198953837, LumiSection 147 on stream 0 at 13-Nov-2024 11:19:09.511 KST
Begin processing the 260001st record. Run 357899, Event 204585706, LumiSection 151 on stream 0 at 13-Nov-2024 11:19:19.113 KST
Begin processing the 270001st record. Run 357899, Event 206091868, LumiSection 152 on stream 0 at 13-Nov-2024 11:19:29.161 KST
Begin processing the 280001st record. Run 357899, Event 206985883, LumiSection 153 on stream 0 at 13-Nov-2024 11:19:38.381 KST
Begin processing the 290001st record. Run 357899, Event 209380992, LumiSection 155 on stream 0 at 13-Nov-2024 11:19:47.691 KST
Begin processing the 300001st record. Run 357899, Event 212135882, LumiSection 157 on stream 0 at 13-Nov-2024 11:19:57.054 KST
Begin processing the 310001st record. Run 357899, Event 211141276, LumiSection 156 on stream 0 at 13-Nov-2024 11:20:06.296 KST
13-Nov-2024 11:20:13 KST  Closed file file:///pnfs/knu.ac.kr/data/cms/store/user/wkwon/AnalysisResults/Muon/crab_MuonSkimming_Run2022D/241108_143535/0000/skimmed_data_188.root
13-Nov-2024 11:20:13 KST  Initiating request to open file file:///pnfs/knu.ac.kr/data/cms/store/user/wkwon/AnalysisResults/Muon/crab_MuonSkimming_Run2022D/241108_143535/0000/skimmed_data_70.root
13-Nov-2024 11:21:03 KST  Successfully opened file file:///pnfs/knu.ac.kr/data/cms/store/user/wkwon/AnalysisResults/Muon/crab_MuonSkimming_Run2022D/241108_143535/0000/skimmed_data_70.root
Begin processing the 320001st record. Run 357701, Event 190832006, LumiSection 134 on stream 0 at 13-Nov-2024 11:21:13.030 KST
Begin processing the 330001st record. Run 357701, Event 198930020, LumiSection 139 on stream 0 at 13-Nov-2024 11:21:24.101 KST
Begin processing the 340001st record. Run 357701, Event 202029271, LumiSection 141 on stream 0 at 13-Nov-2024 11:21:31.873 KST
Begin processing the 350001st record. Run 357701, Event 203919236, LumiSection 143 on stream 0 at 13-Nov-2024 11:21:39.988 KST
Begin processing the 360001st record. Run 357701, Event 207460917, LumiSection 145 on stream 0 at 13-Nov-2024 11:21:47.964 KST
Begin processing the 370001st record. Run 357701, Event 209894705, LumiSection 147 on stream 0 at 13-Nov-2024 11:21:55.710 KST
Begin processing the 380001st record. Run 357701, Event 213939432, LumiSection 150 on stream 0 at 13-Nov-2024 11:22:05.292 KST
Begin processing the 390001st record. Run 357701, Event 220440254, LumiSection 154 on stream 0 at 13-Nov-2024 11:22:13.343 KST
Begin processing the 400001st record. Run 357701, Event 217115527, LumiSection 152 on stream 0 at 13-Nov-2024 11:22:22.804 KST
Begin processing the 410001st record. Run 357701, Event 224134396, LumiSection 156 on stream 0 at 13-Nov-2024 11:22:31.508 KST
Begin processing the 420001st record. Run 357701, Event 227095967, LumiSection 158 on stream 0 at 13-Nov-2024 11:22:39.057 KST
Begin processing the 430001st record. Run 357701, Event 232748658, LumiSection 162 on stream 0 at 13-Nov-2024 11:22:47.173 KST
Begin processing the 440001st record. Run 357701, Event 244254012, LumiSection 171 on stream 0 at 13-Nov-2024 11:22:55.535 KST
Begin processing the 450001st record. Run 357701, Event 230040457, LumiSection 161 on stream 0 at 13-Nov-2024 11:23:03.773 KST
Begin processing the 460001st record. Run 357701, Event 235452696, LumiSection 164 on stream 0 at 13-Nov-2024 11:23:12.000 KST
Begin processing the 470001st record. Run 357701, Event 241700938, LumiSection 169 on stream 0 at 13-Nov-2024 11:23:20.407 KST
Begin processing the 480001st record. Run 357701, Event 246735906, LumiSection 173 on stream 0 at 13-Nov-2024 11:23:29.137 KST
Begin processing the 490001st record. Run 357701, Event 249754707, LumiSection 175 on stream 0 at 13-Nov-2024 11:23:37.132 KST
Begin processing the 500001st record. Run 357701, Event 255107191, LumiSection 178 on stream 0 at 13-Nov-2024 11:23:44.746 KST
Begin processing the 510001st record. Run 357701, Event 260479043, LumiSection 182 on stream 0 at 13-Nov-2024 11:23:52.494 KST
Begin processing the 520001st record. Run 357701, Event 274246771, LumiSection 192 on stream 0 at 13-Nov-2024 11:24:00.782 KST
Begin processing the 530001st record. Run 357701, Event 253826132, LumiSection 177 on stream 0 at 13-Nov-2024 11:24:08.846 KST
Begin processing the 540001st record. Run 357701, Event 256815613, LumiSection 180 on stream 0 at 13-Nov-2024 11:24:17.142 KST
Begin processing the 550001st record. Run 357701, Event 264025647, LumiSection 185 on stream 0 at 13-Nov-2024 11:24:24.451 KST
Begin processing the 560001st record. Run 357701, Event 267323999, LumiSection 187 on stream 0 at 13-Nov-2024 11:24:32.429 KST
Begin processing the 570001st record. Run 357701, Event 270703449, LumiSection 189 on stream 0 at 13-Nov-2024 11:24:39.930 KST
Begin processing the 580001st record. Run 357701, Event 272661605, LumiSection 191 on stream 0 at 13-Nov-2024 11:24:47.525 KST
Begin processing the 590001st record. Run 357701, Event 277011359, LumiSection 194 on stream 0 at 13-Nov-2024 11:24:55.371 KST
Begin processing the 600001st record. Run 357701, Event 282610419, LumiSection 198 on stream 0 at 13-Nov-2024 11:25:03.132 KST
Begin processing the 610001st record. Run 357701, Event 284415880, LumiSection 199 on stream 0 at 13-Nov-2024 11:25:10.682 KST
Begin processing the 620001st record. Run 357701, Event 290991388, LumiSection 203 on stream 0 at 13-Nov-2024 11:25:19.087 KST
Begin processing the 630001st record. Run 357701, Event 293721214, LumiSection 205 on stream 0 at 13-Nov-2024 11:25:26.787 KST
13-Nov-2024 11:25:33 KST  Closed file file:///pnfs/knu.ac.kr/data/cms/store/user/wkwon/AnalysisResults/Muon/crab_MuonSkimming_Run2022D/241108_143535/0000/skimmed_data_70.root
13-Nov-2024 11:25:33 KST  Initiating request to open file file:///pnfs/knu.ac.kr/data/cms/store/user/wkwon/AnalysisResults/Muon/crab_MuonSkimming_Run2022D/241108_143535/0000/skimmed_data_25.root
13-Nov-2024 11:25:33 KST  Successfully opened file file:///pnfs/knu.ac.kr/data/cms/store/user/wkwon/AnalysisResults/Muon/crab_MuonSkimming_Run2022D/241108_143535/0000/skimmed_data_25.root
Begin processing the 640001st record. Run 357612, Event 554745859, LumiSection 313 on stream 0 at 13-Nov-2024 11:25:42.944 KST
Begin processing the 650001st record. Run 357612, Event 559478094, LumiSection 316 on stream 0 at 13-Nov-2024 11:25:51.433 KST
Begin processing the 660001st record. Run 357612, Event 562632871, LumiSection 318 on stream 0 at 13-Nov-2024 11:26:02.050 KST
Begin processing the 670001st record. Run 357612, Event 568104388, LumiSection 321 on stream 0 at 13-Nov-2024 11:26:11.144 KST
Begin processing the 680001st record. Run 357612, Event 573870623, LumiSection 324 on stream 0 at 13-Nov-2024 11:26:20.040 KST
Begin processing the 690001st record. Run 357612, Event 576541791, LumiSection 326 on stream 0 at 13-Nov-2024 11:26:28.793 KST
Begin processing the 700001st record. Run 357612, Event 579951677, LumiSection 328 on stream 0 at 13-Nov-2024 11:26:38.224 KST
Begin processing the 710001st record. Run 357612, Event 583882243, LumiSection 330 on stream 0 at 13-Nov-2024 11:26:50.327 KST
Begin processing the 720001st record. Run 357612, Event 588882356, LumiSection 333 on stream 0 at 13-Nov-2024 11:26:59.675 KST
Begin processing the 730001st record. Run 357612, Event 591124146, LumiSection 335 on stream 0 at 13-Nov-2024 11:27:08.648 KST
Begin processing the 740001st record. Run 357612, Event 600862887, LumiSection 341 on stream 0 at 13-Nov-2024 11:27:17.279 KST
Begin processing the 750001st record. Run 357612, Event 594317611, LumiSection 337 on stream 0 at 13-Nov-2024 11:27:26.600 KST
Begin processing the 760001st record. Run 357612, Event 607088845, LumiSection 344 on stream 0 at 13-Nov-2024 11:27:35.783 KST
Begin processing the 770001st record. Run 357612, Event 748417092, LumiSection 431 on stream 0 at 13-Nov-2024 11:27:44.427 KST
Begin processing the 780001st record. Run 357612, Event 605620627, LumiSection 343 on stream 0 at 13-Nov-2024 11:27:53.527 KST
Begin processing the 790001st record. Run 357612, Event 611212009, LumiSection 347 on stream 0 at 13-Nov-2024 11:28:02.835 KST
Begin processing the 800001st record. Run 357612, Event 615191591, LumiSection 349 on stream 0 at 13-Nov-2024 11:28:11.665 KST
Begin processing the 810001st record. Run 357612, Event 618381927, LumiSection 351 on stream 0 at 13-Nov-2024 11:28:20.808 KST
Begin processing the 820001st record. Run 357612, Event 620854663, LumiSection 353 on stream 0 at 13-Nov-2024 11:28:29.215 KST
Begin processing the 830001st record. Run 357612, Event 626038060, LumiSection 356 on stream 0 at 13-Nov-2024 11:28:46.694 KST
Begin processing the 840001st record. Run 357612, Event 630084826, LumiSection 358 on stream 0 at 13-Nov-2024 11:28:57.029 KST
Begin processing the 850001st record. Run 357612, Event 634908334, LumiSection 361 on stream 0 at 13-Nov-2024 11:29:05.790 KST
Begin processing the 860001st record. Run 357612, Event 756640580, LumiSection 437 on stream 0 at 13-Nov-2024 11:29:14.374 KST
Begin processing the 870001st record. Run 357612, Event 834362302, LumiSection 486 on stream 0 at 13-Nov-2024 11:29:24.347 KST
Begin processing the 880001st record. Run 357612, Event 635786179, LumiSection 362 on stream 0 at 13-Nov-2024 11:29:32.993 KST
Begin processing the 890001st record. Run 357612, Event 638693184, LumiSection 364 on stream 0 at 13-Nov-2024 11:29:46.898 KST
Begin processing the 900001st record. Run 357612, Event 642820804, LumiSection 366 on stream 0 at 13-Nov-2024 11:29:55.747 KST
Begin processing the 910001st record. Run 357612, Event 646922939, LumiSection 369 on stream 0 at 13-Nov-2024 11:30:04.580 KST
Begin processing the 920001st record. Run 357612, Event 650416079, LumiSection 371 on stream 0 at 13-Nov-2024 11:30:13.041 KST
Begin processing the 930001st record. Run 357612, Event 656142112, LumiSection 374 on stream 0 at 13-Nov-2024 11:30:21.378 KST
Begin processing the 940001st record. Run 357612, Event 659454828, LumiSection 376 on stream 0 at 13-Nov-2024 11:30:29.775 KST
Begin processing the 950001st record. Run 357612, Event 663942332, LumiSection 379 on stream 0 at 13-Nov-2024 11:30:38.393 KST
13-Nov-2024 11:30:47 KST  Closed file file:///pnfs/knu.ac.kr/data/cms/store/user/wkwon/AnalysisResults/Muon/crab_MuonSkimming_Run2022D/241108_143535/0000/skimmed_data_25.root
13-Nov-2024 11:30:47 KST  Initiating request to open file file:///pnfs/knu.ac.kr/data/cms/store/user/wkwon/AnalysisResults/Muon/crab_MuonSkimming_Run2022D/241108_143535/0000/skimmed_data_189.root
13-Nov-2024 11:31:51 KST  Successfully opened file file:///pnfs/knu.ac.kr/data/cms/store/user/wkwon/AnalysisResults/Muon/crab_MuonSkimming_Run2022D/241108_143535/0000/skimmed_data_189.root
Begin processing the 960001st record. Run 357899, Event 217241269, LumiSection 161 on stream 0 at 13-Nov-2024 11:31:54.996 KST
Begin processing the 970001st record. Run 357899, Event 225178445, LumiSection 167 on stream 0 at 13-Nov-2024 11:32:05.624 KST
Begin processing the 980001st record. Run 357899, Event 230490178, LumiSection 171 on stream 0 at 13-Nov-2024 11:32:17.066 KST
Begin processing the 990001st record. Run 357899, Event 216235003, LumiSection 160 on stream 0 at 13-Nov-2024 11:32:27.193 KST
Begin processing the 1000001st record. Run 357899, Event 218910437, LumiSection 162 on stream 0 at 13-Nov-2024 11:32:36.982 KST
Begin processing the 1010001st record. Run 357899, Event 221994492, LumiSection 164 on stream 0 at 13-Nov-2024 11:32:46.518 KST
Begin processing the 1020001st record. Run 357899, Event 223325078, LumiSection 165 on stream 0 at 13-Nov-2024 11:32:55.980 KST
Begin processing the 1030001st record. Run 357899, Event 224906030, LumiSection 166 on stream 0 at 13-Nov-2024 11:33:06.504 KST
Begin processing the 1040001st record. Run 357899, Event 234963493, LumiSection 175 on stream 0 at 13-Nov-2024 11:33:19.681 KST
Begin processing the 1050001st record. Run 357899, Event 236022708, LumiSection 176 on stream 0 at 13-Nov-2024 11:33:30.038 KST
Begin processing the 1060001st record. Run 357899, Event 238968305, LumiSection 178 on stream 0 at 13-Nov-2024 11:33:40.578 KST
Begin processing the 1070001st record. Run 357899, Event 240464579, LumiSection 179 on stream 0 at 13-Nov-2024 11:33:50.692 KST
Begin processing the 1080001st record. Run 357899, Event 242395250, LumiSection 180 on stream 0 at 13-Nov-2024 11:34:00.886 KST
Begin processing the 1090001st record. Run 357899, Event 244227767, LumiSection 182 on stream 0 at 13-Nov-2024 11:34:11.615 KST
Begin processing the 1100001st record. Run 357899, Event 245800194, LumiSection 183 on stream 0 at 13-Nov-2024 11:34:23.909 KST
Begin processing the 1110001st record. Run 357899, Event 247796934, LumiSection 185 on stream 0 at 13-Nov-2024 11:34:34.424 KST
Begin processing the 1120001st record. Run 357899, Event 250061032, LumiSection 186 on stream 0 at 13-Nov-2024 11:34:44.776 KST
Begin processing the 1130001st record. Run 357899, Event 252652641, LumiSection 188 on stream 0 at 13-Nov-2024 11:34:55.294 KST
Begin processing the 1140001st record. Run 357899, Event 254019163, LumiSection 189 on stream 0 at 13-Nov-2024 11:35:05.263 KST
Begin processing the 1150001st record. Run 357899, Event 255468742, LumiSection 190 on stream 0 at 13-Nov-2024 11:35:15.552 KST
Begin processing the 1160001st record. Run 357899, Event 257443439, LumiSection 192 on stream 0 at 13-Nov-2024 11:35:27.039 KST
Begin processing the 1170001st record. Run 357899, Event 258214629, LumiSection 193 on stream 0 at 13-Nov-2024 11:35:37.199 KST
Begin processing the 1180001st record. Run 357899, Event 261657504, LumiSection 195 on stream 0 at 13-Nov-2024 11:35:46.932 KST
Begin processing the 1190001st record. Run 357899, Event 263057409, LumiSection 196 on stream 0 at 13-Nov-2024 11:35:56.715 KST
Begin processing the 1200001st record. Run 357899, Event 265232392, LumiSection 198 on stream 0 at 13-Nov-2024 11:36:06.726 KST
Begin processing the 1210001st record. Run 357899, Event 266268150, LumiSection 199 on stream 0 at 13-Nov-2024 11:36:16.735 KST
Begin processing the 1220001st record. Run 357899, Event 269467787, LumiSection 201 on stream 0 at 13-Nov-2024 11:36:26.649 KST
Begin processing the 1230001st record. Run 357899, Event 303878427, LumiSection 228 on stream 0 at 13-Nov-2024 11:36:36.334 KST
Begin processing the 1240001st record. Run 357899, Event 269875048, LumiSection 202 on stream 0 at 13-Nov-2024 11:36:45.850 KST
Begin processing the 1250001st record. Run 357899, Event 318113557, LumiSection 239 on stream 0 at 13-Nov-2024 11:36:55.558 KST
Begin processing the 1260001st record. Run 357899, Event 272094705, LumiSection 203 on stream 0 at 13-Nov-2024 11:37:05.000 KST
Begin processing the 1270001st record. Run 357899, Event 274270564, LumiSection 205 on stream 0 at 13-Nov-2024 11:37:14.753 KST
Begin processing the 1280001st record. Run 357899, Event 274933920, LumiSection 206 on stream 0 at 13-Nov-2024 11:37:25.263 KST
13-Nov-2024 11:37:26 KST  Closed file file:///pnfs/knu.ac.kr/data/cms/store/user/wkwon/AnalysisResults/Muon/crab_MuonSkimming_Run2022D/241108_143535/0000/skimmed_data_189.root
13-Nov-2024 11:37:26 KST  Initiating request to open file file:///pnfs/knu.ac.kr/data/cms/store/user/wkwon/AnalysisResults/Muon/crab_MuonSkimming_Run2022D/241108_143535/0000/skimmed_data_71.root
13-Nov-2024 11:37:26 KST  Successfully opened file file:///pnfs/knu.ac.kr/data/cms/store/user/wkwon/AnalysisResults/Muon/crab_MuonSkimming_Run2022D/241108_143535/0000/skimmed_data_71.root
Begin processing the 1290001st record. Run 357701, Event 296285805, LumiSection 207 on stream 0 at 13-Nov-2024 11:37:37.168 KST
Begin processing the 1300001st record. Run 357701, Event 299142293, LumiSection 209 on stream 0 at 13-Nov-2024 11:37:44.668 KST
Begin processing the 1310001st record. Run 357701, Event 294550110, LumiSection 206 on stream 0 at 13-Nov-2024 11:37:52.232 KST
Begin processing the 1320001st record. Run 357701, Event 301625454, LumiSection 211 on stream 0 at 13-Nov-2024 11:37:59.775 KST
Begin processing the 1330001st record. Run 357701, Event 304405127, LumiSection 213 on stream 0 at 13-Nov-2024 11:38:07.187 KST
Begin processing the 1340001st record. Run 357701, Event 308038398, LumiSection 216 on stream 0 at 13-Nov-2024 11:38:14.697 KST
Begin processing the 1350001st record. Run 357701, Event 311284497, LumiSection 218 on stream 0 at 13-Nov-2024 11:38:22.006 KST
Begin processing the 1360001st record. Run 357701, Event 314295915, LumiSection 220 on stream 0 at 13-Nov-2024 11:38:29.221 KST
Begin processing the 1370001st record. Run 357701, Event 316902998, LumiSection 222 on stream 0 at 13-Nov-2024 11:38:36.405 KST
Begin processing the 1380001st record. Run 357701, Event 326569151, LumiSection 229 on stream 0 at 13-Nov-2024 11:38:45.911 KST
Begin processing the 1390001st record. Run 357701, Event 332600791, LumiSection 234 on stream 0 at 13-Nov-2024 11:38:53.181 KST
Begin processing the 1400001st record. Run 357701, Event 321701744, LumiSection 226 on stream 0 at 13-Nov-2024 11:39:00.116 KST
Begin processing the 1410001st record. Run 357701, Event 327222074, LumiSection 230 on stream 0 at 13-Nov-2024 11:39:07.177 KST
Begin processing the 1420001st record. Run 357701, Event 330410565, LumiSection 232 on stream 0 at 13-Nov-2024 11:39:14.164 KST
Begin processing the 1430001st record. Run 357701, Event 344700558, LumiSection 242 on stream 0 at 13-Nov-2024 11:39:21.167 KST
Begin processing the 1440001st record. Run 357701, Event 347918395, LumiSection 245 on stream 0 at 13-Nov-2024 11:39:28.728 KST
Begin processing the 1450001st record. Run 357701, Event 335431270, LumiSection 236 on stream 0 at 13-Nov-2024 11:39:35.938 KST
Begin processing the 1460001st record. Run 357701, Event 340228863, LumiSection 239 on stream 0 at 13-Nov-2024 11:39:43.486 KST
Begin processing the 1470001st record. Run 357701, Event 343010418, LumiSection 241 on stream 0 at 13-Nov-2024 11:39:51.301 KST
Begin processing the 1480001st record. Run 357701, Event 351002365, LumiSection 247 on stream 0 at 13-Nov-2024 11:39:59.675 KST
Begin processing the 1490001st record. Run 357701, Event 356718465, LumiSection 251 on stream 0 at 13-Nov-2024 11:40:07.011 KST
Begin processing the 1500001st record. Run 357701, Event 364739239, LumiSection 257 on stream 0 at 13-Nov-2024 11:40:14.110 KST
Begin processing the 1510001st record. Run 357701, Event 369842496, LumiSection 261 on stream 0 at 13-Nov-2024 11:40:21.122 KST
Begin processing the 1520001st record. Run 357701, Event 375679715, LumiSection 265 on stream 0 at 13-Nov-2024 11:40:28.244 KST
Begin processing the 1530001st record. Run 357701, Event 378595019, LumiSection 267 on stream 0 at 13-Nov-2024 11:40:35.289 KST
Begin processing the 1540001st record. Run 357701, Event 380561834, LumiSection 268 on stream 0 at 13-Nov-2024 11:40:42.639 KST
Begin processing the 1550001st record. Run 357701, Event 385633974, LumiSection 272 on stream 0 at 13-Nov-2024 11:40:51.836 KST
Begin processing the 1560001st record. Run 357701, Event 381601349, LumiSection 269 on stream 0 at 13-Nov-2024 11:40:59.214 KST
Begin processing the 1570001st record. Run 357701, Event 386712461, LumiSection 273 on stream 0 at 13-Nov-2024 11:41:06.469 KST
Begin processing the 1580001st record. Run 357701, Event 391062282, LumiSection 276 on stream 0 at 13-Nov-2024 11:41:13.681 KST
Begin processing the 1590001st record. Run 357701, Event 393110919, LumiSection 278 on stream 0 at 13-Nov-2024 11:41:20.859 KST
Begin processing the 1600001st record. Run 357701, Event 397143459, LumiSection 281 on stream 0 at 13-Nov-2024 11:41:28.417 KST
13-Nov-2024 11:41:30 KST  Closed file file:///pnfs/knu.ac.kr/data/cms/store/user/wkwon/AnalysisResults/Muon/crab_MuonSkimming_Run2022D/241108_143535/0000/skimmed_data_71.root
13-Nov-2024 11:41:30 KST  Initiating request to open file file:///pnfs/knu.ac.kr/data/cms/store/user/wkwon/AnalysisResults/Muon/crab_MuonSkimming_Run2022D/241108_143535/0000/skimmed_data_26.root
13-Nov-2024 11:41:31 KST  Successfully opened file file:///pnfs/knu.ac.kr/data/cms/store/user/wkwon/AnalysisResults/Muon/crab_MuonSkimming_Run2022D/241108_143535/0000/skimmed_data_26.root
Begin processing the 1610001st record. Run 357612, Event 664853060, LumiSection 380 on stream 0 at 13-Nov-2024 11:41:41.083 KST
Begin processing the 1620001st record. Run 357612, Event 676318435, LumiSection 387 on stream 0 at 13-Nov-2024 11:41:49.949 KST
Begin processing the 1630001st record. Run 357612, Event 685731676, LumiSection 392 on stream 0 at 13-Nov-2024 11:41:58.602 KST
Begin processing the 1640001st record. Run 357612, Event 675549021, LumiSection 386 on stream 0 at 13-Nov-2024 11:42:07.531 KST
Begin processing the 1650001st record. Run 357612, Event 681808905, LumiSection 390 on stream 0 at 13-Nov-2024 11:42:15.958 KST
Begin processing the 1660001st record. Run 357612, Event 686835681, LumiSection 393 on stream 0 at 13-Nov-2024 11:42:24.496 KST
Begin processing the 1670001st record. Run 357612, Event 691394558, LumiSection 396 on stream 0 at 13-Nov-2024 11:42:32.837 KST
Begin processing the 1680001st record. Run 357612, Event 699398628, LumiSection 401 on stream 0 at 13-Nov-2024 11:42:41.963 KST
Begin processing the 1690001st record. Run 357612, Event 693751257, LumiSection 397 on stream 0 at 13-Nov-2024 11:42:50.619 KST
Begin processing the 1700001st record. Run 357612, Event 697898927, LumiSection 400 on stream 0 at 13-Nov-2024 11:42:59.344 KST
Begin processing the 1710001st record. Run 357612, Event 710327318, LumiSection 408 on stream 0 at 13-Nov-2024 11:43:10.610 KST
Begin processing the 1720001st record. Run 357612, Event 705892216, LumiSection 405 on stream 0 at 13-Nov-2024 11:43:19.218 KST
Begin processing the 1730001st record. Run 357612, Event 709901390, LumiSection 407 on stream 0 at 13-Nov-2024 11:43:27.490 KST
Begin processing the 1740001st record. Run 357612, Event 716160043, LumiSection 411 on stream 0 at 13-Nov-2024 11:43:36.490 KST
Begin processing the 1750001st record. Run 357612, Event 722621287, LumiSection 415 on stream 0 at 13-Nov-2024 11:43:46.024 KST
Begin processing the 1760001st record. Run 357612, Event 724820465, LumiSection 417 on stream 0 at 13-Nov-2024 11:43:54.803 KST
Begin processing the 1770001st record. Run 357612, Event 718314411, LumiSection 413 on stream 0 at 13-Nov-2024 11:44:03.737 KST
Begin processing the 1780001st record. Run 357612, Event 730838472, LumiSection 420 on stream 0 at 13-Nov-2024 11:44:14.506 KST
Begin processing the 1790001st record. Run 357612, Event 741966650, LumiSection 427 on stream 0 at 13-Nov-2024 11:44:23.480 KST
Begin processing the 1800001st record. Run 357612, Event 735908719, LumiSection 423 on stream 0 at 13-Nov-2024 11:44:32.428 KST
Begin processing the 1810001st record. Run 357612, Event 738219651, LumiSection 425 on stream 0 at 13-Nov-2024 11:44:41.153 KST
Begin processing the 1820001st record. Run 357612, Event 743163597, LumiSection 428 on stream 0 at 13-Nov-2024 11:44:50.110 KST
Begin processing the 1830001st record. Run 357612, Event 749350965, LumiSection 432 on stream 0 at 13-Nov-2024 11:44:58.614 KST
Begin processing the 1840001st record. Run 357612, Event 752277417, LumiSection 434 on stream 0 at 13-Nov-2024 11:45:06.871 KST
Begin processing the 1850001st record. Run 357612, Event 755651079, LumiSection 436 on stream 0 at 13-Nov-2024 11:45:16.271 KST
Begin processing the 1860001st record. Run 357612, Event 767031513, LumiSection 443 on stream 0 at 13-Nov-2024 11:45:24.844 KST
Begin processing the 1870001st record. Run 357612, Event 831429748, LumiSection 484 on stream 0 at 13-Nov-2024 11:45:33.770 KST
Begin processing the 1880001st record. Run 357612, Event 762346542, LumiSection 440 on stream 0 at 13-Nov-2024 11:45:42.679 KST
Begin processing the 1890001st record. Run 357612, Event 775498250, LumiSection 448 on stream 0 at 13-Nov-2024 11:45:51.327 KST
Begin processing the 1900001st record. Run 357612, Event 768514142, LumiSection 444 on stream 0 at 13-Nov-2024 11:45:59.713 KST
Begin processing the 1910001st record. Run 357612, Event 770868584, LumiSection 446 on stream 0 at 13-Nov-2024 11:46:08.109 KST
Begin processing the 1920001st record. Run 357612, Event 780294170, LumiSection 451 on stream 0 at 13-Nov-2024 11:46:16.781 KST
13-Nov-2024 11:46:22 KST  Closed file file:///pnfs/knu.ac.kr/data/cms/store/user/wkwon/AnalysisResults/Muon/crab_MuonSkimming_Run2022D/241108_143535/0000/skimmed_data_26.root
13-Nov-2024 11:46:22 KST  Initiating request to open file file:///pnfs/knu.ac.kr/data/cms/store/user/wkwon/AnalysisResults/Muon/crab_MuonSkimming_Run2022D/241108_143535/0000/skimmed_data_72.root
13-Nov-2024 11:48:08 KST  Successfully opened file file:///pnfs/knu.ac.kr/data/cms/store/user/wkwon/AnalysisResults/Muon/crab_MuonSkimming_Run2022D/241108_143535/0000/skimmed_data_72.root
Begin processing the 1930001st record. Run 357701, Event 400204453, LumiSection 283 on stream 0 at 13-Nov-2024 11:48:15.520 KST
Begin processing the 1940001st record. Run 357701, Event 403560426, LumiSection 285 on stream 0 at 13-Nov-2024 11:48:22.550 KST
Begin processing the 1950001st record. Run 357701, Event 405767220, LumiSection 287 on stream 0 at 13-Nov-2024 11:48:30.734 KST
Begin processing the 1960001st record. Run 357701, Event 408371436, LumiSection 289 on stream 0 at 13-Nov-2024 11:48:37.450 KST
Begin processing the 1970001st record. Run 357701, Event 412898594, LumiSection 292 on stream 0 at 13-Nov-2024 11:48:44.528 KST
Begin processing the 1980001st record. Run 357701, Event 416902666, LumiSection 294 on stream 0 at 13-Nov-2024 11:48:51.287 KST
Begin processing the 1990001st record. Run 357701, Event 419002062, LumiSection 296 on stream 0 at 13-Nov-2024 11:48:57.989 KST
Begin processing the 2000001st record. Run 357701, Event 422375095, LumiSection 298 on stream 0 at 13-Nov-2024 11:49:04.894 KST
Begin processing the 2010001st record. Run 357701, Event 427999103, LumiSection 301 on stream 0 at 13-Nov-2024 11:49:12.292 KST
Begin processing the 2020001st record. Run 357701, Event 431284115, LumiSection 303 on stream 0 at 13-Nov-2024 11:49:19.971 KST
Begin processing the 2030001st record. Run 357701, Event 435036127, LumiSection 305 on stream 0 at 13-Nov-2024 11:49:27.466 KST
Begin processing the 2040001st record. Run 357701, Event 437098902, LumiSection 307 on stream 0 at 13-Nov-2024 11:49:37.222 KST
Begin processing the 2050001st record. Run 357701, Event 440756998, LumiSection 309 on stream 0 at 13-Nov-2024 11:49:45.186 KST
Begin processing the 2060001st record. Run 357705, Event 4067369, LumiSection 3 on stream 0 at 13-Nov-2024 11:49:52.916 KST
Begin processing the 2070001st record. Run 357705, Event 6990704, LumiSection 5 on stream 0 at 13-Nov-2024 11:50:00.304 KST
Begin processing the 2080001st record. Run 357705, Event 10111745, LumiSection 7 on stream 0 at 13-Nov-2024 11:50:07.500 KST
Begin processing the 2090001st record. Run 357705, Event 15561017, LumiSection 11 on stream 0 at 13-Nov-2024 11:50:14.973 KST
Begin processing the 2100001st record. Run 357705, Event 20136569, LumiSection 14 on stream 0 at 13-Nov-2024 11:50:22.441 KST
Begin processing the 2110001st record. Run 357705, Event 36433886, LumiSection 24 on stream 0 at 13-Nov-2024 11:50:29.747 KST
Begin processing the 2120001st record. Run 357705, Event 24211040, LumiSection 16 on stream 0 at 13-Nov-2024 11:50:36.817 KST
Begin processing the 2130001st record. Run 357705, Event 27392634, LumiSection 18 on stream 0 at 13-Nov-2024 11:50:44.296 KST
Begin processing the 2140001st record. Run 357705, Event 31822364, LumiSection 21 on stream 0 at 13-Nov-2024 11:50:51.561 KST
Begin processing the 2150001st record. Run 357705, Event 34803420, LumiSection 23 on stream 0 at 13-Nov-2024 11:50:59.077 KST
Begin processing the 2160001st record. Run 357705, Event 38296574, LumiSection 26 on stream 0 at 13-Nov-2024 11:51:06.294 KST
Begin processing the 2170001st record. Run 357705, Event 43602138, LumiSection 29 on stream 0 at 13-Nov-2024 11:51:13.899 KST
Begin processing the 2180001st record. Run 357705, Event 46425806, LumiSection 31 on stream 0 at 13-Nov-2024 11:51:21.041 KST
Begin processing the 2190001st record. Run 357705, Event 49457355, LumiSection 33 on stream 0 at 13-Nov-2024 11:51:29.277 KST
Begin processing the 2200001st record. Run 357705, Event 54444413, LumiSection 36 on stream 0 at 13-Nov-2024 11:51:36.487 KST
Begin processing the 2210001st record. Run 357705, Event 58135372, LumiSection 38 on stream 0 at 13-Nov-2024 11:51:43.637 KST
Begin processing the 2220001st record. Run 357705, Event 61236567, LumiSection 40 on stream 0 at 13-Nov-2024 11:51:50.790 KST
Begin processing the 2230001st record. Run 357705, Event 65457743, LumiSection 43 on stream 0 at 13-Nov-2024 11:51:58.025 KST
Begin processing the 2240001st record. Run 357705, Event 67961418, LumiSection 45 on stream 0 at 13-Nov-2024 11:52:05.168 KST
13-Nov-2024 11:52:10 KST  Closed file file:///pnfs/knu.ac.kr/data/cms/store/user/wkwon/AnalysisResults/Muon/crab_MuonSkimming_Run2022D/241108_143535/0000/skimmed_data_72.root
13-Nov-2024 11:52:10 KST  Initiating request to open file file:///pnfs/knu.ac.kr/data/cms/store/user/wkwon/AnalysisResults/Muon/crab_MuonSkimming_Run2022D/241108_143535/0000/skimmed_data_27.root
13-Nov-2024 11:52:22 KST  Successfully opened file file:///pnfs/knu.ac.kr/data/cms/store/user/wkwon/AnalysisResults/Muon/crab_MuonSkimming_Run2022D/241108_143535/0000/skimmed_data_27.root
Begin processing the 2250001st record. Run 357612, Event 784090408, LumiSection 454 on stream 0 at 13-Nov-2024 11:52:29.320 KST
Begin processing the 2260001st record. Run 357612, Event 790811486, LumiSection 458 on stream 0 at 13-Nov-2024 11:52:37.847 KST
Begin processing the 2270001st record. Run 357612, Event 796030797, LumiSection 461 on stream 0 at 13-Nov-2024 11:52:46.197 KST
Begin processing the 2280001st record. Run 357612, Event 799833045, LumiSection 464 on stream 0 at 13-Nov-2024 11:52:54.544 KST
Begin processing the 2290001st record. Run 357612, Event 803141334, LumiSection 466 on stream 0 at 13-Nov-2024 11:53:03.543 KST
Begin processing the 2300001st record. Run 357612, Event 810265738, LumiSection 470 on stream 0 at 13-Nov-2024 11:53:11.965 KST
Begin processing the 2310001st record. Run 357612, Event 812482831, LumiSection 472 on stream 0 at 13-Nov-2024 11:53:20.227 KST
Begin processing the 2320001st record. Run 357612, Event 815815972, LumiSection 474 on stream 0 at 13-Nov-2024 11:53:28.643 KST
Begin processing the 2330001st record. Run 357612, Event 820747508, LumiSection 477 on stream 0 at 13-Nov-2024 11:53:37.213 KST
Begin processing the 2340001st record. Run 357612, Event 823198542, LumiSection 479 on stream 0 at 13-Nov-2024 11:53:45.502 KST
Begin processing the 2350001st record. Run 357612, Event 827302692, LumiSection 481 on stream 0 at 13-Nov-2024 11:53:56.023 KST
Begin processing the 2360001st record. Run 357612, Event 857859289, LumiSection 498 on stream 0 at 13-Nov-2024 11:54:04.582 KST
Begin processing the 2370001st record. Run 357612, Event 840331835, LumiSection 489 on stream 0 at 13-Nov-2024 11:54:12.776 KST
Begin processing the 2380001st record. Run 357612, Event 885909542, LumiSection 513 on stream 0 at 13-Nov-2024 11:54:21.747 KST
Begin processing the 2390001st record. Run 357612, Event 1040604312, LumiSection 598 on stream 0 at 13-Nov-2024 11:54:29.792 KST
Begin processing the 2400001st record. Run 357612, Event 844449821, LumiSection 491 on stream 0 at 13-Nov-2024 11:54:38.076 KST
Begin processing the 2410001st record. Run 357612, Event 848243688, LumiSection 493 on stream 0 at 13-Nov-2024 11:54:45.980 KST
Begin processing the 2420001st record. Run 357612, Event 854654272, LumiSection 497 on stream 0 at 13-Nov-2024 11:54:54.293 KST
Begin processing the 2430001st record. Run 357612, Event 861966482, LumiSection 500 on stream 0 at 13-Nov-2024 11:55:03.310 KST
Begin processing the 2440001st record. Run 357612, Event 865150434, LumiSection 502 on stream 0 at 13-Nov-2024 11:55:11.910 KST
Begin processing the 2450001st record. Run 357612, Event 871107196, LumiSection 505 on stream 0 at 13-Nov-2024 11:55:20.256 KST
Begin processing the 2460001st record. Run 357612, Event 874638470, LumiSection 507 on stream 0 at 13-Nov-2024 11:55:28.988 KST
Begin processing the 2470001st record. Run 357612, Event 889796129, LumiSection 515 on stream 0 at 13-Nov-2024 11:55:37.200 KST
Begin processing the 2480001st record. Run 357612, Event 1132470827, LumiSection 650 on stream 0 at 13-Nov-2024 11:55:45.646 KST
Begin processing the 2490001st record. Run 357612, Event 892293884, LumiSection 517 on stream 0 at 13-Nov-2024 11:55:54.220 KST
Begin processing the 2500001st record. Run 357612, Event 897744991, LumiSection 520 on stream 0 at 13-Nov-2024 11:56:02.791 KST
Begin processing the 2510001st record. Run 357612, Event 903903952, LumiSection 523 on stream 0 at 13-Nov-2024 11:56:11.296 KST
Begin processing the 2520001st record. Run 357612, Event 905152536, LumiSection 524 on stream 0 at 13-Nov-2024 11:56:19.283 KST
Begin processing the 2530001st record. Run 357612, Event 908165479, LumiSection 526 on stream 0 at 13-Nov-2024 11:56:27.925 KST
Begin processing the 2540001st record. Run 357612, Event 913130237, LumiSection 528 on stream 0 at 13-Nov-2024 11:56:35.940 KST
Begin processing the 2550001st record. Run 357612, Event 917683989, LumiSection 531 on stream 0 at 13-Nov-2024 11:56:44.009 KST
Begin processing the 2560001st record. Run 357612, Event 921813741, LumiSection 533 on stream 0 at 13-Nov-2024 11:56:52.366 KST
13-Nov-2024 11:56:57 KST  Closed file file:///pnfs/knu.ac.kr/data/cms/store/user/wkwon/AnalysisResults/Muon/crab_MuonSkimming_Run2022D/241108_143535/0000/skimmed_data_27.root
13-Nov-2024 11:56:57 KST  Initiating request to open file file:///pnfs/knu.ac.kr/data/cms/store/user/wkwon/AnalysisResults/Muon/crab_MuonSkimming_Run2022D/241108_143535/0000/skimmed_data_73.root
13-Nov-2024 11:56:57 KST  Successfully opened file file:///pnfs/knu.ac.kr/data/cms/store/user/wkwon/AnalysisResults/Muon/crab_MuonSkimming_Run2022D/241108_143535/0000/skimmed_data_73.root
Begin processing the 2570001st record. Run 357705, Event 69719842, LumiSection 46 on stream 0 at 13-Nov-2024 11:57:04.402 KST
Begin processing the 2580001st record. Run 357705, Event 73682321, LumiSection 49 on stream 0 at 13-Nov-2024 11:57:11.396 KST
Begin processing the 2590001st record. Run 357705, Event 78265037, LumiSection 52 on stream 0 at 13-Nov-2024 11:57:18.683 KST
Begin processing the 2600001st record. Run 357705, Event 81863727, LumiSection 54 on stream 0 at 13-Nov-2024 11:57:25.748 KST
Begin processing the 2610001st record. Run 357705, Event 86455444, LumiSection 57 on stream 0 at 13-Nov-2024 11:57:32.686 KST
Begin processing the 2620001st record. Run 357705, Event 89944245, LumiSection 59 on stream 0 at 13-Nov-2024 11:57:39.887 KST
Begin processing the 2630001st record. Run 357705, Event 93679980, LumiSection 62 on stream 0 at 13-Nov-2024 11:57:47.480 KST
Begin processing the 2640001st record. Run 357705, Event 97240774, LumiSection 64 on stream 0 at 13-Nov-2024 11:57:54.703 KST
Begin processing the 2650001st record. Run 357705, Event 100714995, LumiSection 66 on stream 0 at 13-Nov-2024 11:58:06.978 KST
Begin processing the 2660001st record. Run 357705, Event 104180958, LumiSection 69 on stream 0 at 13-Nov-2024 11:58:14.195 KST
Begin processing the 2670001st record. Run 357705, Event 108082571, LumiSection 71 on stream 0 at 13-Nov-2024 11:58:21.158 KST
Begin processing the 2680001st record. Run 357705, Event 111313388, LumiSection 73 on stream 0 at 13-Nov-2024 11:58:28.317 KST
Begin processing the 2690001st record. Run 357705, Event 115301360, LumiSection 76 on stream 0 at 13-Nov-2024 11:58:35.989 KST
Begin processing the 2700001st record. Run 357705, Event 117669624, LumiSection 78 on stream 0 at 13-Nov-2024 11:58:43.165 KST
Begin processing the 2710001st record. Run 357705, Event 122472645, LumiSection 81 on stream 0 at 13-Nov-2024 11:58:50.094 KST
Begin processing the 2720001st record. Run 357705, Event 125221776, LumiSection 83 on stream 0 at 13-Nov-2024 11:58:57.419 KST
Begin processing the 2730001st record. Run 357705, Event 129232498, LumiSection 86 on stream 0 at 13-Nov-2024 11:59:04.433 KST
Begin processing the 2740001st record. Run 357705, Event 132600089, LumiSection 88 on stream 0 at 13-Nov-2024 11:59:11.648 KST
Begin processing the 2750001st record. Run 357705, Event 137815447, LumiSection 91 on stream 0 at 13-Nov-2024 11:59:19.436 KST
Begin processing the 2760001st record. Run 357705, Event 139872772, LumiSection 93 on stream 0 at 13-Nov-2024 11:59:26.716 KST
Begin processing the 2770001st record. Run 357705, Event 143438755, LumiSection 95 on stream 0 at 13-Nov-2024 11:59:34.142 KST
Begin processing the 2780001st record. Run 357705, Event 148463096, LumiSection 98 on stream 0 at 13-Nov-2024 11:59:41.507 KST
Begin processing the 2790001st record. Run 357705, Event 151194119, LumiSection 100 on stream 0 at 13-Nov-2024 11:59:48.294 KST
Begin processing the 2800001st record. Run 357705, Event 153499815, LumiSection 102 on stream 0 at 13-Nov-2024 11:59:54.939 KST
Begin processing the 2810001st record. Run 357705, Event 158290143, LumiSection 105 on stream 0 at 13-Nov-2024 12:00:05.300 KST
Begin processing the 2820001st record. Run 357705, Event 161125134, LumiSection 107 on stream 0 at 13-Nov-2024 12:00:12.201 KST
Begin processing the 2830001st record. Run 357705, Event 164527949, LumiSection 110 on stream 0 at 13-Nov-2024 12:00:18.911 KST
Begin processing the 2840001st record. Run 357705, Event 168985696, LumiSection 113 on stream 0 at 13-Nov-2024 12:00:26.322 KST
Begin processing the 2850001st record. Run 357705, Event 172779518, LumiSection 115 on stream 0 at 13-Nov-2024 12:00:33.353 KST
Begin processing the 2860001st record. Run 357705, Event 174901246, LumiSection 117 on stream 0 at 13-Nov-2024 12:00:40.481 KST
Begin processing the 2870001st record. Run 357705, Event 180889322, LumiSection 121 on stream 0 at 13-Nov-2024 12:00:47.418 KST
Begin processing the 2880001st record. Run 357754, Event 173223220, LumiSection 135 on stream 0 at 13-Nov-2024 12:00:55.292 KST
13-Nov-2024 12:01:02 KST  Closed file file:///pnfs/knu.ac.kr/data/cms/store/user/wkwon/AnalysisResults/Muon/crab_MuonSkimming_Run2022D/241108_143535/0000/skimmed_data_73.root
13-Nov-2024 12:01:02 KST  Initiating request to open file file:///pnfs/knu.ac.kr/data/cms/store/user/wkwon/AnalysisResults/Muon/crab_MuonSkimming_Run2022D/241108_143535/0000/skimmed_data_28.root
13-Nov-2024 12:01:09 KST  Successfully opened file file:///pnfs/knu.ac.kr/data/cms/store/user/wkwon/AnalysisResults/Muon/crab_MuonSkimming_Run2022D/241108_143535/0000/skimmed_data_28.root
Begin processing the 2890001st record. Run 357612, Event 924278403, LumiSection 534 on stream 0 at 13-Nov-2024 12:01:16.321 KST
Begin processing the 2900001st record. Run 357612, Event 930652053, LumiSection 538 on stream 0 at 13-Nov-2024 12:01:24.853 KST
Begin processing the 2910001st record. Run 357612, Event 935520683, LumiSection 540 on stream 0 at 13-Nov-2024 12:01:33.831 KST
Begin processing the 2920001st record. Run 357612, Event 938765889, LumiSection 542 on stream 0 at 13-Nov-2024 12:01:42.432 KST
Begin processing the 2930001st record. Run 357612, Event 944413735, LumiSection 545 on stream 0 at 13-Nov-2024 12:01:51.151 KST
Begin processing the 2940001st record. Run 357612, Event 947097041, LumiSection 547 on stream 0 at 13-Nov-2024 12:01:59.674 KST
Begin processing the 2950001st record. Run 357612, Event 951637757, LumiSection 549 on stream 0 at 13-Nov-2024 12:02:24.658 KST
Begin processing the 2960001st record. Run 357612, Event 957449545, LumiSection 552 on stream 0 at 13-Nov-2024 12:02:33.176 KST
Begin processing the 2970001st record. Run 357612, Event 960474966, LumiSection 554 on stream 0 at 13-Nov-2024 12:02:41.955 KST
Begin processing the 2980001st record. Run 357612, Event 966563077, LumiSection 557 on stream 0 at 13-Nov-2024 12:02:51.108 KST
Begin processing the 2990001st record. Run 357612, Event 969719431, LumiSection 559 on stream 0 at 13-Nov-2024 12:02:59.543 KST
Begin processing the 3000001st record. Run 357612, Event 973391864, LumiSection 561 on stream 0 at 13-Nov-2024 12:03:10.356 KST
Begin processing the 3010001st record. Run 357612, Event 979343318, LumiSection 564 on stream 0 at 13-Nov-2024 12:03:20.598 KST
Begin processing the 3020001st record. Run 357612, Event 982320707, LumiSection 566 on stream 0 at 13-Nov-2024 12:03:29.264 KST
Begin processing the 3030001st record. Run 357612, Event 987342348, LumiSection 569 on stream 0 at 13-Nov-2024 12:03:37.864 KST
Begin processing the 3040001st record. Run 357612, Event 991085820, LumiSection 571 on stream 0 at 13-Nov-2024 12:03:48.231 KST
Begin processing the 3050001st record. Run 357612, Event 996131846, LumiSection 574 on stream 0 at 13-Nov-2024 12:03:57.021 KST
Begin processing the 3060001st record. Run 357612, Event 1001156905, LumiSection 576 on stream 0 at 13-Nov-2024 12:04:06.036 KST
Begin processing the 3070001st record. Run 357612, Event 1003691033, LumiSection 578 on stream 0 at 13-Nov-2024 12:04:16.188 KST
Begin processing the 3080001st record. Run 357612, Event 1009307616, LumiSection 581 on stream 0 at 13-Nov-2024 12:04:24.782 KST
Begin processing the 3090001st record. Run 357612, Event 1012870634, LumiSection 583 on stream 0 at 13-Nov-2024 12:04:34.130 KST
Begin processing the 3100001st record. Run 357612, Event 1018797911, LumiSection 586 on stream 0 at 13-Nov-2024 12:04:42.193 KST
Begin processing the 3110001st record. Run 357612, Event 1021550708, LumiSection 588 on stream 0 at 13-Nov-2024 12:04:54.038 KST
Begin processing the 3120001st record. Run 357612, Event 1028022548, LumiSection 591 on stream 0 at 13-Nov-2024 12:05:02.927 KST
Begin processing the 3130001st record. Run 357612, Event 1031469226, LumiSection 593 on stream 0 at 13-Nov-2024 12:05:11.585 KST
Begin processing the 3140001st record. Run 357612, Event 1034266258, LumiSection 595 on stream 0 at 13-Nov-2024 12:05:20.040 KST
Begin processing the 3150001st record. Run 357612, Event 1041779087, LumiSection 599 on stream 0 at 13-Nov-2024 12:05:28.071 KST
Begin processing the 3160001st record. Run 357612, Event 1045524752, LumiSection 601 on stream 0 at 13-Nov-2024 12:05:36.245 KST
Begin processing the 3170001st record. Run 357612, Event 1050364868, LumiSection 604 on stream 0 at 13-Nov-2024 12:05:44.769 KST
Begin processing the 3180001st record. Run 357612, Event 1052283995, LumiSection 605 on stream 0 at 13-Nov-2024 12:05:54.132 KST
Begin processing the 3190001st record. Run 357612, Event 1058382432, LumiSection 608 on stream 0 at 13-Nov-2024 12:06:02.588 KST
Begin processing the 3200001st record. Run 357612, Event 1061636550, LumiSection 610 on stream 0 at 13-Nov-2024 12:06:28.541 KST
13-Nov-2024 12:06:36 KST  Closed file file:///pnfs/knu.ac.kr/data/cms/store/user/wkwon/AnalysisResults/Muon/crab_MuonSkimming_Run2022D/241108_143535/0000/skimmed_data_28.root
13-Nov-2024 12:06:36 KST  Initiating request to open file file:///pnfs/knu.ac.kr/data/cms/store/user/wkwon/AnalysisResults/Muon/crab_MuonSkimming_Run2022D/241108_143535/0000/skimmed_data_74.root
13-Nov-2024 12:06:37 KST  Successfully opened file file:///pnfs/knu.ac.kr/data/cms/store/user/wkwon/AnalysisResults/Muon/crab_MuonSkimming_Run2022D/241108_143535/0000/skimmed_data_74.root
Begin processing the 3210001st record. Run 357705, Event 179948709, LumiSection 120 on stream 0 at 13-Nov-2024 12:06:41.380 KST
Begin processing the 3220001st record. Run 357705, Event 185723410, LumiSection 125 on stream 0 at 13-Nov-2024 12:06:48.668 KST
Begin processing the 3230001st record. Run 357705, Event 188692388, LumiSection 127 on stream 0 at 13-Nov-2024 12:06:55.676 KST
Begin processing the 3240001st record. Run 357705, Event 193863942, LumiSection 130 on stream 0 at 13-Nov-2024 12:07:02.734 KST
Begin processing the 3250001st record. Run 357705, Event 196606513, LumiSection 132 on stream 0 at 13-Nov-2024 12:07:09.882 KST
Begin processing the 3260001st record. Run 357705, Event 200528392, LumiSection 135 on stream 0 at 13-Nov-2024 12:07:16.915 KST
Begin processing the 3270001st record. Run 357705, Event 203698175, LumiSection 137 on stream 0 at 13-Nov-2024 12:07:24.151 KST
Begin processing the 3280001st record. Run 357705, Event 207913138, LumiSection 140 on stream 0 at 13-Nov-2024 12:07:31.312 KST
Begin processing the 3290001st record. Run 357705, Event 211007072, LumiSection 142 on stream 0 at 13-Nov-2024 12:07:38.416 KST
Begin processing the 3300001st record. Run 357705, Event 214309165, LumiSection 144 on stream 0 at 13-Nov-2024 12:07:45.255 KST
Begin processing the 3310001st record. Run 357705, Event 217989225, LumiSection 147 on stream 0 at 13-Nov-2024 12:07:52.398 KST
Begin processing the 3320001st record. Run 357705, Event 220841455, LumiSection 149 on stream 0 at 13-Nov-2024 12:07:59.299 KST
Begin processing the 3330001st record. Run 357705, Event 226253554, LumiSection 152 on stream 0 at 13-Nov-2024 12:08:09.064 KST
Begin processing the 3340001st record. Run 357705, Event 228700466, LumiSection 154 on stream 0 at 13-Nov-2024 12:08:16.541 KST
Begin processing the 3350001st record. Run 357705, Event 233556487, LumiSection 157 on stream 0 at 13-Nov-2024 12:08:23.354 KST
Begin processing the 3360001st record. Run 357705, Event 235630363, LumiSection 159 on stream 0 at 13-Nov-2024 12:08:30.511 KST
Begin processing the 3370001st record. Run 357705, Event 240155639, LumiSection 162 on stream 0 at 13-Nov-2024 12:08:37.707 KST
Begin processing the 3380001st record. Run 357705, Event 242614253, LumiSection 164 on stream 0 at 13-Nov-2024 12:08:45.122 KST
Begin processing the 3390001st record. Run 357705, Event 245929233, LumiSection 166 on stream 0 at 13-Nov-2024 12:08:52.185 KST
Begin processing the 3400001st record. Run 357705, Event 250230170, LumiSection 169 on stream 0 at 13-Nov-2024 12:08:59.404 KST
Begin processing the 3410001st record. Run 357705, Event 254045537, LumiSection 171 on stream 0 at 13-Nov-2024 12:09:06.881 KST
Begin processing the 3420001st record. Run 357705, Event 257579639, LumiSection 174 on stream 0 at 13-Nov-2024 12:09:13.929 KST
Begin processing the 3430001st record. Run 357705, Event 260860182, LumiSection 176 on stream 0 at 13-Nov-2024 12:09:22.717 KST
Begin processing the 3440001st record. Run 357705, Event 265169944, LumiSection 179 on stream 0 at 13-Nov-2024 12:09:30.062 KST
Begin processing the 3450001st record. Run 357705, Event 267853721, LumiSection 181 on stream 0 at 13-Nov-2024 12:09:43.389 KST
Begin processing the 3460001st record. Run 357705, Event 272018833, LumiSection 184 on stream 0 at 13-Nov-2024 12:09:50.500 KST
Begin processing the 3470001st record. Run 357705, Event 274493622, LumiSection 186 on stream 0 at 13-Nov-2024 12:09:57.552 KST
Begin processing the 3480001st record. Run 357705, Event 279437594, LumiSection 189 on stream 0 at 13-Nov-2024 12:10:06.243 KST
Begin processing the 3490001st record. Run 357705, Event 282372534, LumiSection 191 on stream 0 at 13-Nov-2024 12:10:14.591 KST
Begin processing the 3500001st record. Run 357705, Event 287031339, LumiSection 194 on stream 0 at 13-Nov-2024 12:10:22.251 KST
Begin processing the 3510001st record. Run 357705, Event 289710708, LumiSection 196 on stream 0 at 13-Nov-2024 12:10:29.427 KST
Begin processing the 3520001st record. Run 357706, Event 338083, LumiSection 1 on stream 0 at 13-Nov-2024 12:10:36.138 KST
Begin processing the 3530001st record. Run 357706, Event 7603964, LumiSection 6 on stream 0 at 13-Nov-2024 12:10:43.988 KST
13-Nov-2024 12:10:45 KST  Closed file file:///pnfs/knu.ac.kr/data/cms/store/user/wkwon/AnalysisResults/Muon/crab_MuonSkimming_Run2022D/241108_143535/0000/skimmed_data_74.root
13-Nov-2024 12:10:45 KST  Initiating request to open file file:///pnfs/knu.ac.kr/data/cms/store/user/wkwon/AnalysisResults/Muon/crab_MuonSkimming_Run2022D/241108_143535/0000/skimmed_data_29.root
13-Nov-2024 12:10:49 KST  Successfully opened file file:///pnfs/knu.ac.kr/data/cms/store/user/wkwon/AnalysisResults/Muon/crab_MuonSkimming_Run2022D/241108_143535/0000/skimmed_data_29.root
Begin processing the 3540001st record. Run 357612, Event 1064484174, LumiSection 612 on stream 0 at 13-Nov-2024 12:10:59.812 KST
Begin processing the 3550001st record. Run 357612, Event 1070376492, LumiSection 615 on stream 0 at 13-Nov-2024 12:11:08.542 KST
Begin processing the 3560001st record. Run 357612, Event 1077874678, LumiSection 619 on stream 0 at 13-Nov-2024 12:11:20.051 KST
Begin processing the 3570001st record. Run 357612, Event 1083880895, LumiSection 622 on stream 0 at 13-Nov-2024 12:11:28.180 KST
Begin processing the 3580001st record. Run 357612, Event 1086063631, LumiSection 624 on stream 0 at 13-Nov-2024 12:11:36.572 KST
Begin processing the 3590001st record. Run 357612, Event 1091540173, LumiSection 627 on stream 0 at 13-Nov-2024 12:11:45.012 KST
Begin processing the 3600001st record. Run 357612, Event 1096069090, LumiSection 629 on stream 0 at 13-Nov-2024 12:11:53.242 KST
Begin processing the 3610001st record. Run 357612, Event 1100285955, LumiSection 632 on stream 0 at 13-Nov-2024 12:12:01.525 KST
Begin processing the 3620001st record. Run 357612, Event 1104405806, LumiSection 634 on stream 0 at 13-Nov-2024 12:12:09.794 KST
Begin processing the 3630001st record. Run 357612, Event 1109069674, LumiSection 637 on stream 0 at 13-Nov-2024 12:12:18.210 KST
Begin processing the 3640001st record. Run 357612, Event 1113726469, LumiSection 639 on stream 0 at 13-Nov-2024 12:12:27.435 KST
Begin processing the 3650001st record. Run 357612, Event 1118488346, LumiSection 642 on stream 0 at 13-Nov-2024 12:12:35.939 KST
Begin processing the 3660001st record. Run 357612, Event 1121522912, LumiSection 644 on stream 0 at 13-Nov-2024 12:12:44.460 KST
Begin processing the 3670001st record. Run 357612, Event 1129398718, LumiSection 648 on stream 0 at 13-Nov-2024 12:12:52.973 KST
Begin processing the 3680001st record. Run 357612, Event 1135648525, LumiSection 652 on stream 0 at 13-Nov-2024 12:13:01.523 KST
Begin processing the 3690001st record. Run 357612, Event 1190942089, LumiSection 684 on stream 0 at 13-Nov-2024 12:13:09.867 KST
Begin processing the 3700001st record. Run 357612, Event 1140276387, LumiSection 654 on stream 0 at 13-Nov-2024 12:13:18.635 KST
Begin processing the 3710001st record. Run 357612, Event 1143348249, LumiSection 656 on stream 0 at 13-Nov-2024 12:13:27.907 KST
Begin processing the 3720001st record. Run 357612, Event 1148903568, LumiSection 660 on stream 0 at 13-Nov-2024 12:13:36.313 KST
Begin processing the 3730001st record. Run 357612, Event 1152602466, LumiSection 662 on stream 0 at 13-Nov-2024 12:13:44.678 KST
Begin processing the 3740001st record. Run 357612, Event 1157188286, LumiSection 665 on stream 0 at 13-Nov-2024 12:13:53.441 KST
Begin processing the 3750001st record. Run 357612, Event 1163729998, LumiSection 668 on stream 0 at 13-Nov-2024 12:14:01.852 KST
Begin processing the 3760001st record. Run 357612, Event 1166278618, LumiSection 670 on stream 0 at 13-Nov-2024 12:14:10.273 KST
Begin processing the 3770001st record. Run 357612, Event 1172590305, LumiSection 673 on stream 0 at 13-Nov-2024 12:14:18.927 KST
Begin processing the 3780001st record. Run 357612, Event 1175301664, LumiSection 675 on stream 0 at 13-Nov-2024 12:14:27.743 KST
Begin processing the 3790001st record. Run 357612, Event 1181396363, LumiSection 678 on stream 0 at 13-Nov-2024 12:14:36.658 KST
Begin processing the 3800001st record. Run 357612, Event 1184254294, LumiSection 680 on stream 0 at 13-Nov-2024 12:14:44.772 KST
Begin processing the 3810001st record. Run 357612, Event 1196472474, LumiSection 687 on stream 0 at 13-Nov-2024 12:14:52.925 KST
Begin processing the 3820001st record. Run 357612, Event 1200706027, LumiSection 689 on stream 0 at 13-Nov-2024 12:15:02.222 KST
Begin processing the 3830001st record. Run 357612, Event 1204835819, LumiSection 692 on stream 0 at 13-Nov-2024 12:15:10.892 KST
Begin processing the 3840001st record. Run 357612, Event 1208512462, LumiSection 694 on stream 0 at 13-Nov-2024 12:15:19.428 KST
Begin processing the 3850001st record. Run 357612, Event 1221049179, LumiSection 701 on stream 0 at 13-Nov-2024 12:15:28.323 KST
13-Nov-2024 12:15:31 KST  Closed file file:///pnfs/knu.ac.kr/data/cms/store/user/wkwon/AnalysisResults/Muon/crab_MuonSkimming_Run2022D/241108_143535/0000/skimmed_data_29.root
13-Nov-2024 12:15:31 KST  Initiating request to open file file:///pnfs/knu.ac.kr/data/cms/store/user/wkwon/AnalysisResults/Muon/crab_MuonSkimming_Run2022D/241108_143535/0000/skimmed_data_75.root
13-Nov-2024 12:15:31 KST  Successfully opened file file:///pnfs/knu.ac.kr/data/cms/store/user/wkwon/AnalysisResults/Muon/crab_MuonSkimming_Run2022D/241108_143535/0000/skimmed_data_75.root
Begin processing the 3860001st record. Run 357706, Event 3456288, LumiSection 3 on stream 0 at 13-Nov-2024 12:15:42.854 KST
Begin processing the 3870001st record. Run 357706, Event 10515983, LumiSection 8 on stream 0 at 13-Nov-2024 12:15:50.061 KST
Begin processing the 3880001st record. Run 357706, Event 14109723, LumiSection 10 on stream 0 at 13-Nov-2024 12:15:57.761 KST
Begin processing the 3890001st record. Run 357706, Event 17298419, LumiSection 13 on stream 0 at 13-Nov-2024 12:16:04.651 KST
Begin processing the 3900001st record. Run 357706, Event 19883647, LumiSection 15 on stream 0 at 13-Nov-2024 12:16:11.941 KST
Begin processing the 3910001st record. Run 357706, Event 24817751, LumiSection 18 on stream 0 at 13-Nov-2024 12:16:19.283 KST
Begin processing the 3920001st record. Run 357706, Event 28216856, LumiSection 20 on stream 0 at 13-Nov-2024 12:16:26.669 KST
Begin processing the 3930001st record. Run 357706, Event 32017912, LumiSection 23 on stream 0 at 13-Nov-2024 12:16:33.900 KST
Begin processing the 3940001st record. Run 357706, Event 34388200, LumiSection 25 on stream 0 at 13-Nov-2024 12:16:41.104 KST
Begin processing the 3950001st record. Run 357706, Event 38658937, LumiSection 28 on stream 0 at 13-Nov-2024 12:16:48.340 KST
Begin processing the 3960001st record. Run 357706, Event 43434451, LumiSection 31 on stream 0 at 13-Nov-2024 12:16:55.253 KST
Begin processing the 3970001st record. Run 357706, Event 45761054, LumiSection 33 on stream 0 at 13-Nov-2024 12:17:02.443 KST
Begin processing the 3980001st record. Run 357706, Event 50319499, LumiSection 36 on stream 0 at 13-Nov-2024 12:17:09.919 KST
Begin processing the 3990001st record. Run 357706, Event 53244697, LumiSection 38 on stream 0 at 13-Nov-2024 12:17:17.410 KST
Begin processing the 4000001st record. Run 357706, Event 57497091, LumiSection 41 on stream 0 at 13-Nov-2024 12:17:24.813 KST
Begin processing the 4010001st record. Run 357706, Event 60579461, LumiSection 43 on stream 0 at 13-Nov-2024 12:17:31.660 KST
Begin processing the 4020001st record. Run 357706, Event 63893807, LumiSection 46 on stream 0 at 13-Nov-2024 12:17:38.907 KST
Begin processing the 4030001st record. Run 357706, Event 66774499, LumiSection 48 on stream 0 at 13-Nov-2024 12:17:47.758 KST
Begin processing the 4040001st record. Run 357706, Event 70754401, LumiSection 51 on stream 0 at 13-Nov-2024 12:17:54.573 KST
Begin processing the 4050001st record. Run 357706, Event 73848520, LumiSection 53 on stream 0 at 13-Nov-2024 12:18:01.981 KST
Begin processing the 4060001st record. Run 357706, Event 78498232, LumiSection 56 on stream 0 at 13-Nov-2024 12:18:08.842 KST
Begin processing the 4070001st record. Run 357706, Event 82874098, LumiSection 59 on stream 0 at 13-Nov-2024 12:18:16.128 KST
Begin processing the 4080001st record. Run 357706, Event 85312831, LumiSection 61 on stream 0 at 13-Nov-2024 12:18:23.174 KST
Begin processing the 4090001st record. Run 357706, Event 86109350, LumiSection 62 on stream 0 at 13-Nov-2024 12:18:30.014 KST
Begin processing the 4100001st record. Run 357706, Event 114137563, LumiSection 83 on stream 0 at 13-Nov-2024 12:18:37.219 KST
Begin processing the 4110001st record. Run 357706, Event 125370305, LumiSection 94 on stream 0 at 13-Nov-2024 12:18:44.740 KST
Begin processing the 4120001st record. Run 357706, Event 93275280, LumiSection 67 on stream 0 at 13-Nov-2024 12:18:54.219 KST
Begin processing the 4130001st record. Run 357706, Event 97256991, LumiSection 70 on stream 0 at 13-Nov-2024 12:19:01.091 KST
Begin processing the 4140001st record. Run 357706, Event 100174840, LumiSection 72 on stream 0 at 13-Nov-2024 12:19:08.513 KST
Begin processing the 4150001st record. Run 357706, Event 103092476, LumiSection 75 on stream 0 at 13-Nov-2024 12:19:15.678 KST
Begin processing the 4160001st record. Run 357706, Event 107501121, LumiSection 78 on stream 0 at 13-Nov-2024 12:19:22.762 KST
Begin processing the 4170001st record. Run 357706, Event 113227979, LumiSection 82 on stream 0 at 13-Nov-2024 12:19:29.587 KST
13-Nov-2024 12:19:33 KST  Closed file file:///pnfs/knu.ac.kr/data/cms/store/user/wkwon/AnalysisResults/Muon/crab_MuonSkimming_Run2022D/241108_143535/0000/skimmed_data_75.root
endJob

TrigReport ---------- Event  Summary ------------
TrigReport Events total = 4175143 passed = 4175143 failed = 0

TrigReport ---------- Path   Summary ------------
TrigReport  Trig Bit#   Executed     Passed     Failed      Error Name
TrigReport     1    0    4175143    4175143          0          0 p


TrigReport -------End-Path   Summary ------------
TrigReport  Trig Bit#   Executed     Passed     Failed      Error Name


TrigReport ---------- Modules in Path: p ------------
TrigReport  Trig Bit#    Visited     Passed     Failed      Error Name
TrigReport     1    0    4175143    4175143          0          0 Analysis


TrigReport ---------- Module Summary ------------
TrigReport    Visited   Executed     Passed     Failed      Error Name
TrigReport    4175143    4175143    4175143          0          0 Analysis
TrigReport    4175143    4175143    4175143          0          0 TriggerResults
TrigReport    4175143    4175143    4175143          0          0 p


TimeReport ---------- Event  Summary ---[sec]----
TimeReport       event loop CPU/event = 0.000824
TimeReport      event loop Real/event = 0.000931
TimeReport     sum Streams Real/event = 0.000775
TimeReport efficiency CPU/Real/thread = 0.885357

TimeReport ---------- Path   Summary ---[Real sec]----
TimeReport  per event     per exec  Name
TimeReport   0.000694     0.000694  p

TimeReport  per event     per exec  Name

TimeReport -------End-Path   Summary ---[Real sec]----
TimeReport  per event     per exec  Name

TimeReport  per event     per exec  Name

TimeReport ---------- Modules in Path: p ---[Real sec]----
TimeReport  per event    per visit  Name
TimeReport   0.000040     0.000040  Analysis

TimeReport  per event    per visit  Name

TimeReport ---------- Module Summary ---[Real sec]----
TimeReport  per event     per exec    per visit  Name
TimeReport   0.000040     0.000040     0.000040  Analysis
TimeReport   0.000002     0.000002     0.000002  TriggerResults
TimeReport   0.000004     0.000004     0.000004  p

TimeReport  per event     per exec    per visit  Name

T---Report end!


