13-Nov-2024 11:14:39 KST  Initiating request to open file file:///pnfs/knu.ac.kr/data/cms/store/user/wkwon/AnalysisResults/Muon/crab_MuonSkimming_Run2022D/241108_143535/0000/skimmed_data_173.root
13-Nov-2024 11:14:41 KST  Successfully opened file file:///pnfs/knu.ac.kr/data/cms/store/user/wkwon/AnalysisResults/Muon/crab_MuonSkimming_Run2022D/241108_143535/0000/skimmed_data_173.root
Begin processing the 1st record. Run 357815, Event 807666595, LumiSection 525 on stream 0 at 13-Nov-2024 11:14:45.912 KST
Begin processing the 10001st record. Run 357815, Event 813664732, LumiSection 528 on stream 0 at 13-Nov-2024 11:14:58.245 KST
Begin processing the 20001st record. Run 357815, Event 817704793, LumiSection 531 on stream 0 at 13-Nov-2024 11:15:06.275 KST
Begin processing the 30001st record. Run 357815, Event 824525586, LumiSection 535 on stream 0 at 13-Nov-2024 11:15:13.952 KST
Begin processing the 40001st record. Run 357815, Event 829630902, LumiSection 538 on stream 0 at 13-Nov-2024 11:15:21.614 KST
Begin processing the 50001st record. Run 357815, Event 832836807, LumiSection 540 on stream 0 at 13-Nov-2024 11:15:28.966 KST
Begin processing the 60001st record. Run 357815, Event 825341418, LumiSection 536 on stream 0 at 13-Nov-2024 11:15:36.596 KST
Begin processing the 70001st record. Run 357815, Event 841040016, LumiSection 545 on stream 0 at 13-Nov-2024 11:15:45.365 KST
Begin processing the 80001st record. Run 357815, Event 835754486, LumiSection 542 on stream 0 at 13-Nov-2024 11:15:53.154 KST
Begin processing the 90001st record. Run 357815, Event 843287002, LumiSection 547 on stream 0 at 13-Nov-2024 11:16:00.450 KST
Begin processing the 100001st record. Run 357815, Event 853695381, LumiSection 553 on stream 0 at 13-Nov-2024 11:16:08.012 KST
Begin processing the 110001st record. Run 357815, Event 847952160, LumiSection 550 on stream 0 at 13-Nov-2024 11:16:15.161 KST
Begin processing the 120001st record. Run 357815, Event 872645821, LumiSection 565 on stream 0 at 13-Nov-2024 11:16:22.722 KST
Begin processing the 130001st record. Run 357815, Event 856943347, LumiSection 556 on stream 0 at 13-Nov-2024 11:16:30.017 KST
Begin processing the 140001st record. Run 357815, Event 861468176, LumiSection 558 on stream 0 at 13-Nov-2024 11:16:37.533 KST
Begin processing the 150001st record. Run 357815, Event 865149091, LumiSection 561 on stream 0 at 13-Nov-2024 11:16:45.984 KST
Begin processing the 160001st record. Run 357815, Event 868310378, LumiSection 563 on stream 0 at 13-Nov-2024 11:16:53.400 KST
Begin processing the 170001st record. Run 357815, Event 877110439, LumiSection 568 on stream 0 at 13-Nov-2024 11:17:01.007 KST
Begin processing the 180001st record. Run 357815, Event 875689940, LumiSection 567 on stream 0 at 13-Nov-2024 11:17:08.427 KST
Begin processing the 190001st record. Run 357815, Event 883589489, LumiSection 572 on stream 0 at 13-Nov-2024 11:17:15.440 KST
Begin processing the 200001st record. Run 357815, Event 903095289, LumiSection 585 on stream 0 at 13-Nov-2024 11:17:22.843 KST
Begin processing the 210001st record. Run 357815, Event 884647040, LumiSection 573 on stream 0 at 13-Nov-2024 11:17:30.291 KST
Begin processing the 220001st record. Run 357815, Event 889084435, LumiSection 576 on stream 0 at 13-Nov-2024 11:17:37.986 KST
Begin processing the 230001st record. Run 357815, Event 894410097, LumiSection 579 on stream 0 at 13-Nov-2024 11:17:46.135 KST
Begin processing the 240001st record. Run 357815, Event 898118145, LumiSection 582 on stream 0 at 13-Nov-2024 11:17:53.405 KST
Begin processing the 250001st record. Run 357815, Event 905091253, LumiSection 586 on stream 0 at 13-Nov-2024 11:18:01.140 KST
Begin processing the 260001st record. Run 357815, Event 909444730, LumiSection 589 on stream 0 at 13-Nov-2024 11:18:08.547 KST
Begin processing the 270001st record. Run 357815, Event 917003399, LumiSection 593 on stream 0 at 13-Nov-2024 11:18:15.713 KST
Begin processing the 280001st record. Run 357815, Event 926981095, LumiSection 600 on stream 0 at 13-Nov-2024 11:18:23.237 KST
Begin processing the 290001st record. Run 357815, Event 913472293, LumiSection 591 on stream 0 at 13-Nov-2024 11:18:30.721 KST
Begin processing the 300001st record. Run 357815, Event 919842322, LumiSection 595 on stream 0 at 13-Nov-2024 11:18:38.143 KST
Begin processing the 310001st record. Run 357815, Event 928806860, LumiSection 601 on stream 0 at 13-Nov-2024 11:18:45.748 KST
Begin processing the 320001st record. Run 357815, Event 947014936, LumiSection 612 on stream 0 at 13-Nov-2024 11:18:52.954 KST
13-Nov-2024 11:18:53 KST  Closed file file:///pnfs/knu.ac.kr/data/cms/store/user/wkwon/AnalysisResults/Muon/crab_MuonSkimming_Run2022D/241108_143535/0000/skimmed_data_173.root
13-Nov-2024 11:18:53 KST  Initiating request to open file file:///pnfs/knu.ac.kr/data/cms/store/user/wkwon/AnalysisResults/Muon/crab_MuonSkimming_Run2022D/241108_143535/0000/skimmed_data_128.root
13-Nov-2024 11:21:01 KST  Successfully opened file file:///pnfs/knu.ac.kr/data/cms/store/user/wkwon/AnalysisResults/Muon/crab_MuonSkimming_Run2022D/241108_143535/0000/skimmed_data_128.root
Begin processing the 330001st record. Run 357766, Event 124593713, LumiSection 84 on stream 0 at 13-Nov-2024 11:21:14.251 KST
Begin processing the 340001st record. Run 357766, Event 126592259, LumiSection 85 on stream 0 at 13-Nov-2024 11:21:27.464 KST
Begin processing the 350001st record. Run 357766, Event 128013928, LumiSection 86 on stream 0 at 13-Nov-2024 11:21:39.861 KST
Begin processing the 360001st record. Run 357766, Event 132937824, LumiSection 91 on stream 0 at 13-Nov-2024 11:21:51.332 KST
Begin processing the 370001st record. Run 357766, Event 130079185, LumiSection 88 on stream 0 at 13-Nov-2024 11:22:01.246 KST
Begin processing the 380001st record. Run 357766, Event 131928276, LumiSection 90 on stream 0 at 13-Nov-2024 11:22:10.126 KST
Begin processing the 390001st record. Run 357766, Event 134799524, LumiSection 95 on stream 0 at 13-Nov-2024 11:22:22.421 KST
Begin processing the 400001st record. Run 357766, Event 142566035, LumiSection 102 on stream 0 at 13-Nov-2024 11:22:34.096 KST
Begin processing the 410001st record. Run 357766, Event 144895325, LumiSection 103 on stream 0 at 13-Nov-2024 11:22:46.822 KST
Begin processing the 420001st record. Run 357766, Event 137740006, LumiSection 97 on stream 0 at 13-Nov-2024 11:22:58.828 KST
Begin processing the 430001st record. Run 357766, Event 140092287, LumiSection 99 on stream 0 at 13-Nov-2024 11:23:08.210 KST
Begin processing the 440001st record. Run 357766, Event 146010854, LumiSection 104 on stream 0 at 13-Nov-2024 11:23:18.895 KST
Begin processing the 450001st record. Run 357766, Event 156200807, LumiSection 110 on stream 0 at 13-Nov-2024 11:23:32.690 KST
Begin processing the 460001st record. Run 357766, Event 147522963, LumiSection 105 on stream 0 at 13-Nov-2024 11:23:44.860 KST
Begin processing the 470001st record. Run 357766, Event 148567005, LumiSection 106 on stream 0 at 13-Nov-2024 11:23:57.768 KST
Begin processing the 480001st record. Run 357766, Event 151244060, LumiSection 107 on stream 0 at 13-Nov-2024 11:24:09.552 KST
Begin processing the 490001st record. Run 357766, Event 155004648, LumiSection 109 on stream 0 at 13-Nov-2024 11:24:21.256 KST
Begin processing the 500001st record. Run 357766, Event 158101825, LumiSection 111 on stream 0 at 13-Nov-2024 11:24:33.277 KST
Begin processing the 510001st record. Run 357766, Event 180627238, LumiSection 124 on stream 0 at 13-Nov-2024 11:24:45.690 KST
Begin processing the 520001st record. Run 357766, Event 159041887, LumiSection 112 on stream 0 at 13-Nov-2024 11:24:57.409 KST
Begin processing the 530001st record. Run 357766, Event 161717342, LumiSection 113 on stream 0 at 13-Nov-2024 11:25:09.374 KST
Begin processing the 540001st record. Run 357766, Event 163462564, LumiSection 114 on stream 0 at 13-Nov-2024 11:25:21.164 KST
Begin processing the 550001st record. Run 357766, Event 165435374, LumiSection 115 on stream 0 at 13-Nov-2024 11:25:33.398 KST
Begin processing the 560001st record. Run 357766, Event 166737195, LumiSection 116 on stream 0 at 13-Nov-2024 11:25:47.233 KST
Begin processing the 570001st record. Run 357766, Event 168826853, LumiSection 117 on stream 0 at 13-Nov-2024 11:25:59.276 KST
Begin processing the 580001st record. Run 357766, Event 169349263, LumiSection 118 on stream 0 at 13-Nov-2024 11:26:11.487 KST
Begin processing the 590001st record. Run 357766, Event 171197699, LumiSection 119 on stream 0 at 13-Nov-2024 11:26:23.237 KST
Begin processing the 600001st record. Run 357766, Event 173112921, LumiSection 120 on stream 0 at 13-Nov-2024 11:26:35.817 KST
Begin processing the 610001st record. Run 357766, Event 175524640, LumiSection 121 on stream 0 at 13-Nov-2024 11:26:50.260 KST
Begin processing the 620001st record. Run 357766, Event 176123116, LumiSection 122 on stream 0 at 13-Nov-2024 11:27:02.466 KST
Begin processing the 630001st record. Run 357766, Event 179010150, LumiSection 123 on stream 0 at 13-Nov-2024 11:27:13.873 KST
Begin processing the 640001st record. Run 357777, Event 2998322, LumiSection 3 on stream 0 at 13-Nov-2024 11:27:23.996 KST
13-Nov-2024 11:27:26 KST  Closed file file:///pnfs/knu.ac.kr/data/cms/store/user/wkwon/AnalysisResults/Muon/crab_MuonSkimming_Run2022D/241108_143535/0000/skimmed_data_128.root
13-Nov-2024 11:27:26 KST  Initiating request to open file file:///pnfs/knu.ac.kr/data/cms/store/user/wkwon/AnalysisResults/Muon/crab_MuonSkimming_Run2022D/241108_143535/0000/skimmed_data_10.root
13-Nov-2024 11:27:27 KST  Successfully opened file file:///pnfs/knu.ac.kr/data/cms/store/user/wkwon/AnalysisResults/Muon/crab_MuonSkimming_Run2022D/241108_143535/0000/skimmed_data_10.root
Begin processing the 650001st record. Run 357610, Event 68781820, LumiSection 100 on stream 0 at 13-Nov-2024 11:27:37.880 KST
Begin processing the 660001st record. Run 357610, Event 73701705, LumiSection 103 on stream 0 at 13-Nov-2024 11:27:47.004 KST
Begin processing the 670001st record. Run 357610, Event 78709532, LumiSection 105 on stream 0 at 13-Nov-2024 11:27:55.682 KST
Begin processing the 680001st record. Run 357610, Event 80904500, LumiSection 107 on stream 0 at 13-Nov-2024 11:28:04.222 KST
Begin processing the 690001st record. Run 357610, Event 88939094, LumiSection 111 on stream 0 at 13-Nov-2024 11:28:12.438 KST
Begin processing the 700001st record. Run 357610, Event 85445419, LumiSection 109 on stream 0 at 13-Nov-2024 11:28:21.147 KST
Begin processing the 710001st record. Run 357610, Event 324936981, LumiSection 253 on stream 0 at 13-Nov-2024 11:28:38.434 KST
Begin processing the 720001st record. Run 357610, Event 96159424, LumiSection 115 on stream 0 at 13-Nov-2024 11:28:47.014 KST
Begin processing the 730001st record. Run 357610, Event 100585951, LumiSection 117 on stream 0 at 13-Nov-2024 11:28:56.880 KST
Begin processing the 740001st record. Run 357610, Event 103520330, LumiSection 119 on stream 0 at 13-Nov-2024 11:29:05.625 KST
Begin processing the 750001st record. Run 357610, Event 109567314, LumiSection 122 on stream 0 at 13-Nov-2024 11:29:14.312 KST
Begin processing the 760001st record. Run 357610, Event 112997324, LumiSection 124 on stream 0 at 13-Nov-2024 11:29:23.459 KST
Begin processing the 770001st record. Run 357610, Event 116968429, LumiSection 126 on stream 0 at 13-Nov-2024 11:29:32.708 KST
Begin processing the 780001st record. Run 357610, Event 122580042, LumiSection 129 on stream 0 at 13-Nov-2024 11:29:41.091 KST
Begin processing the 790001st record. Run 357610, Event 126474254, LumiSection 131 on stream 0 at 13-Nov-2024 11:29:50.555 KST
Begin processing the 800001st record. Run 357610, Event 130440610, LumiSection 133 on stream 0 at 13-Nov-2024 11:29:59.539 KST
Begin processing the 810001st record. Run 357610, Event 132995487, LumiSection 135 on stream 0 at 13-Nov-2024 11:30:08.429 KST
Begin processing the 820001st record. Run 357610, Event 136077540, LumiSection 137 on stream 0 at 13-Nov-2024 11:30:17.187 KST
Begin processing the 830001st record. Run 357610, Event 139604078, LumiSection 139 on stream 0 at 13-Nov-2024 11:30:26.292 KST
Begin processing the 840001st record. Run 357610, Event 144655376, LumiSection 141 on stream 0 at 13-Nov-2024 11:30:35.220 KST
Begin processing the 850001st record. Run 357610, Event 148428384, LumiSection 143 on stream 0 at 13-Nov-2024 11:30:44.800 KST
Begin processing the 860001st record. Run 357610, Event 151068158, LumiSection 145 on stream 0 at 13-Nov-2024 11:30:54.435 KST
Begin processing the 870001st record. Run 357610, Event 155352810, LumiSection 147 on stream 0 at 13-Nov-2024 11:31:04.158 KST
Begin processing the 880001st record. Run 357610, Event 162156859, LumiSection 150 on stream 0 at 13-Nov-2024 11:31:14.153 KST
Begin processing the 890001st record. Run 357610, Event 264726599, LumiSection 219 on stream 0 at 13-Nov-2024 11:31:24.690 KST
Begin processing the 900001st record. Run 357610, Event 156838613, LumiSection 148 on stream 0 at 13-Nov-2024 11:31:36.984 KST
Begin processing the 910001st record. Run 357610, Event 266153414, LumiSection 220 on stream 0 at 13-Nov-2024 11:31:48.188 KST
Begin processing the 920001st record. Run 357610, Event 273888579, LumiSection 224 on stream 0 at 13-Nov-2024 11:32:00.835 KST
Begin processing the 930001st record. Run 357610, Event 168073852, LumiSection 153 on stream 0 at 13-Nov-2024 11:32:13.090 KST
Begin processing the 940001st record. Run 357610, Event 170987956, LumiSection 155 on stream 0 at 13-Nov-2024 11:32:23.229 KST
Begin processing the 950001st record. Run 357610, Event 174437246, LumiSection 157 on stream 0 at 13-Nov-2024 11:32:34.104 KST
Begin processing the 960001st record. Run 357610, Event 177067786, LumiSection 159 on stream 0 at 13-Nov-2024 11:32:44.702 KST
13-Nov-2024 11:32:48 KST  Closed file file:///pnfs/knu.ac.kr/data/cms/store/user/wkwon/AnalysisResults/Muon/crab_MuonSkimming_Run2022D/241108_143535/0000/skimmed_data_10.root
13-Nov-2024 11:32:48 KST  Initiating request to open file file:///pnfs/knu.ac.kr/data/cms/store/user/wkwon/AnalysisResults/Muon/crab_MuonSkimming_Run2022D/241108_143535/0000/skimmed_data_174.root
13-Nov-2024 11:32:54 KST  Successfully opened file file:///pnfs/knu.ac.kr/data/cms/store/user/wkwon/AnalysisResults/Muon/crab_MuonSkimming_Run2022D/241108_143535/0000/skimmed_data_174.root
Begin processing the 970001st record. Run 357815, Event 979190839, LumiSection 633 on stream 0 at 13-Nov-2024 11:33:04.850 KST
Begin processing the 980001st record. Run 357815, Event 930758124, LumiSection 602 on stream 0 at 13-Nov-2024 11:33:12.290 KST
Begin processing the 990001st record. Run 357815, Event 936320410, LumiSection 606 on stream 0 at 13-Nov-2024 11:33:22.547 KST
Begin processing the 1000001st record. Run 357815, Event 940683488, LumiSection 608 on stream 0 at 13-Nov-2024 11:33:30.610 KST
Begin processing the 1010001st record. Run 357815, Event 944848614, LumiSection 611 on stream 0 at 13-Nov-2024 11:33:38.286 KST
Begin processing the 1020001st record. Run 357815, Event 948604913, LumiSection 614 on stream 0 at 13-Nov-2024 11:33:46.036 KST
Begin processing the 1030001st record. Run 357815, Event 954596293, LumiSection 617 on stream 0 at 13-Nov-2024 11:33:53.604 KST
Begin processing the 1040001st record. Run 357815, Event 956799837, LumiSection 619 on stream 0 at 13-Nov-2024 11:34:01.687 KST
Begin processing the 1050001st record. Run 357815, Event 960432141, LumiSection 621 on stream 0 at 13-Nov-2024 11:34:09.312 KST
Begin processing the 1060001st record. Run 357815, Event 965123121, LumiSection 624 on stream 0 at 13-Nov-2024 11:34:18.250 KST
Begin processing the 1070001st record. Run 357815, Event 968574833, LumiSection 626 on stream 0 at 13-Nov-2024 11:34:27.550 KST
Begin processing the 1080001st record. Run 357815, Event 975023142, LumiSection 630 on stream 0 at 13-Nov-2024 11:34:35.592 KST
Begin processing the 1090001st record. Run 357815, Event 977486571, LumiSection 632 on stream 0 at 13-Nov-2024 11:34:43.315 KST
Begin processing the 1100001st record. Run 357815, Event 984399777, LumiSection 636 on stream 0 at 13-Nov-2024 11:34:51.204 KST
Begin processing the 1110001st record. Run 357815, Event 988703075, LumiSection 639 on stream 0 at 13-Nov-2024 11:34:58.278 KST
Begin processing the 1120001st record. Run 357815, Event 991501425, LumiSection 641 on stream 0 at 13-Nov-2024 11:35:05.402 KST
Begin processing the 1130001st record. Run 357815, Event 997329910, LumiSection 645 on stream 0 at 13-Nov-2024 11:35:12.533 KST
Begin processing the 1140001st record. Run 357815, Event 1001185776, LumiSection 647 on stream 0 at 13-Nov-2024 11:35:20.140 KST
Begin processing the 1150001st record. Run 357815, Event 1004549852, LumiSection 650 on stream 0 at 13-Nov-2024 11:35:29.514 KST
Begin processing the 1160001st record. Run 357815, Event 1008227102, LumiSection 652 on stream 0 at 13-Nov-2024 11:35:37.360 KST
Begin processing the 1170001st record. Run 357815, Event 1010956254, LumiSection 654 on stream 0 at 13-Nov-2024 11:35:44.504 KST
Begin processing the 1180001st record. Run 357815, Event 1015827130, LumiSection 657 on stream 0 at 13-Nov-2024 11:35:53.061 KST
Begin processing the 1190001st record. Run 357815, Event 1018718092, LumiSection 659 on stream 0 at 13-Nov-2024 11:36:00.240 KST
Begin processing the 1200001st record. Run 357815, Event 1024184069, LumiSection 662 on stream 0 at 13-Nov-2024 11:36:07.906 KST
Begin processing the 1210001st record. Run 357815, Event 1026476742, LumiSection 664 on stream 0 at 13-Nov-2024 11:36:15.400 KST
Begin processing the 1220001st record. Run 357815, Event 1031150327, LumiSection 667 on stream 0 at 13-Nov-2024 11:36:22.865 KST
Begin processing the 1230001st record. Run 357815, Event 1033921780, LumiSection 669 on stream 0 at 13-Nov-2024 11:36:30.119 KST
Begin processing the 1240001st record. Run 357815, Event 1037594560, LumiSection 671 on stream 0 at 13-Nov-2024 11:36:37.149 KST
Begin processing the 1250001st record. Run 357815, Event 1041519263, LumiSection 674 on stream 0 at 13-Nov-2024 11:36:45.133 KST
Begin processing the 1260001st record. Run 357815, Event 1045314224, LumiSection 677 on stream 0 at 13-Nov-2024 11:36:52.772 KST
Begin processing the 1270001st record. Run 357815, Event 1048389899, LumiSection 679 on stream 0 at 13-Nov-2024 11:36:59.877 KST
Begin processing the 1280001st record. Run 357815, Event 1056678008, LumiSection 684 on stream 0 at 13-Nov-2024 11:37:06.729 KST
13-Nov-2024 11:37:11 KST  Closed file file:///pnfs/knu.ac.kr/data/cms/store/user/wkwon/AnalysisResults/Muon/crab_MuonSkimming_Run2022D/241108_143535/0000/skimmed_data_174.root
13-Nov-2024 11:37:11 KST  Initiating request to open file file:///pnfs/knu.ac.kr/data/cms/store/user/wkwon/AnalysisResults/Muon/crab_MuonSkimming_Run2022D/241108_143535/0000/skimmed_data_129.root
13-Nov-2024 11:37:11 KST  Successfully opened file file:///pnfs/knu.ac.kr/data/cms/store/user/wkwon/AnalysisResults/Muon/crab_MuonSkimming_Run2022D/241108_143535/0000/skimmed_data_129.root
Begin processing the 1290001st record. Run 357777, Event 1453236, LumiSection 1 on stream 0 at 13-Nov-2024 11:37:18.581 KST
Begin processing the 1300001st record. Run 357777, Event 5764345, LumiSection 4 on stream 0 at 13-Nov-2024 11:37:27.015 KST
Begin processing the 1310001st record. Run 357777, Event 7235863, LumiSection 5 on stream 0 at 13-Nov-2024 11:37:35.710 KST
Begin processing the 1320001st record. Run 357777, Event 9988829, LumiSection 7 on stream 0 at 13-Nov-2024 11:37:45.144 KST
Begin processing the 1330001st record. Run 357777, Event 12752280, LumiSection 9 on stream 0 at 13-Nov-2024 11:37:53.891 KST
Begin processing the 1340001st record. Run 357777, Event 15979057, LumiSection 11 on stream 0 at 13-Nov-2024 11:38:02.620 KST
Begin processing the 1350001st record. Run 357777, Event 25120437, LumiSection 17 on stream 0 at 13-Nov-2024 11:38:11.160 KST
Begin processing the 1360001st record. Run 357777, Event 14651132, LumiSection 10 on stream 0 at 13-Nov-2024 11:38:19.787 KST
Begin processing the 1370001st record. Run 357777, Event 20658057, LumiSection 14 on stream 0 at 13-Nov-2024 11:38:28.061 KST
Begin processing the 1380001st record. Run 357777, Event 23110541, LumiSection 16 on stream 0 at 13-Nov-2024 11:38:36.785 KST
Begin processing the 1390001st record. Run 357777, Event 30715435, LumiSection 21 on stream 0 at 13-Nov-2024 11:38:46.956 KST
Begin processing the 1400001st record. Run 357777, Event 33161123, LumiSection 23 on stream 0 at 13-Nov-2024 11:38:55.700 KST
Begin processing the 1410001st record. Run 357777, Event 27925375, LumiSection 19 on stream 0 at 13-Nov-2024 11:39:04.649 KST
Begin processing the 1420001st record. Run 357777, Event 29424354, LumiSection 20 on stream 0 at 13-Nov-2024 11:39:13.017 KST
Begin processing the 1430001st record. Run 357777, Event 35376088, LumiSection 24 on stream 0 at 13-Nov-2024 11:39:21.573 KST
Begin processing the 1440001st record. Run 357777, Event 41067850, LumiSection 28 on stream 0 at 13-Nov-2024 11:39:30.222 KST
Begin processing the 1450001st record. Run 357777, Event 42822420, LumiSection 29 on stream 0 at 13-Nov-2024 11:39:39.185 KST
Begin processing the 1460001st record. Run 357777, Event 44788761, LumiSection 31 on stream 0 at 13-Nov-2024 11:39:48.444 KST
Begin processing the 1470001st record. Run 357777, Event 48270068, LumiSection 33 on stream 0 at 13-Nov-2024 11:39:56.761 KST
Begin processing the 1480001st record. Run 357777, Event 43706673, LumiSection 30 on stream 0 at 13-Nov-2024 11:40:05.659 KST
Begin processing the 1490001st record. Run 357777, Event 53249890, LumiSection 36 on stream 0 at 13-Nov-2024 11:40:14.440 KST
Begin processing the 1500001st record. Run 357777, Event 54276028, LumiSection 37 on stream 0 at 13-Nov-2024 11:40:23.176 KST
Begin processing the 1510001st record. Run 357777, Event 56871930, LumiSection 39 on stream 0 at 13-Nov-2024 11:40:31.921 KST
Begin processing the 1520001st record. Run 357777, Event 60437190, LumiSection 41 on stream 0 at 13-Nov-2024 11:40:40.959 KST
Begin processing the 1530001st record. Run 357777, Event 55323853, LumiSection 38 on stream 0 at 13-Nov-2024 11:40:49.442 KST
Begin processing the 1540001st record. Run 357777, Event 67794601, LumiSection 46 on stream 0 at 13-Nov-2024 11:40:58.008 KST
Begin processing the 1550001st record. Run 357777, Event 61173810, LumiSection 42 on stream 0 at 13-Nov-2024 11:41:06.772 KST
Begin processing the 1560001st record. Run 357777, Event 63198828, LumiSection 43 on stream 0 at 13-Nov-2024 11:41:15.556 KST
Begin processing the 1570001st record. Run 357777, Event 75674607, LumiSection 52 on stream 0 at 13-Nov-2024 11:41:24.337 KST
Begin processing the 1580001st record. Run 357777, Event 71682087, LumiSection 49 on stream 0 at 13-Nov-2024 11:41:33.772 KST
Begin processing the 1590001st record. Run 357777, Event 73649591, LumiSection 50 on stream 0 at 13-Nov-2024 11:41:42.543 KST
Begin processing the 1600001st record. Run 357777, Event 81307706, LumiSection 56 on stream 0 at 13-Nov-2024 11:41:51.216 KST
13-Nov-2024 11:42:01 KST  Closed file file:///pnfs/knu.ac.kr/data/cms/store/user/wkwon/AnalysisResults/Muon/crab_MuonSkimming_Run2022D/241108_143535/0000/skimmed_data_129.root
13-Nov-2024 11:42:01 KST  Initiating request to open file file:///pnfs/knu.ac.kr/data/cms/store/user/wkwon/AnalysisResults/Muon/crab_MuonSkimming_Run2022D/241108_143535/0000/skimmed_data_11.root
13-Nov-2024 11:42:03 KST  Successfully opened file file:///pnfs/knu.ac.kr/data/cms/store/user/wkwon/AnalysisResults/Muon/crab_MuonSkimming_Run2022D/241108_143535/0000/skimmed_data_11.root
Begin processing the 1610001st record. Run 357610, Event 172716901, LumiSection 156 on stream 0 at 13-Nov-2024 11:42:10.630 KST
Begin processing the 1620001st record. Run 357610, Event 178176062, LumiSection 160 on stream 0 at 13-Nov-2024 11:42:21.311 KST
Begin processing the 1630001st record. Run 357610, Event 181173082, LumiSection 162 on stream 0 at 13-Nov-2024 11:42:32.223 KST
Begin processing the 1640001st record. Run 357610, Event 185090195, LumiSection 164 on stream 0 at 13-Nov-2024 11:42:43.118 KST
Begin processing the 1650001st record. Run 357610, Event 187370901, LumiSection 165 on stream 0 at 13-Nov-2024 11:42:53.801 KST
Begin processing the 1660001st record. Run 357610, Event 190540535, LumiSection 167 on stream 0 at 13-Nov-2024 11:43:06.555 KST
Begin processing the 1670001st record. Run 357610, Event 192719118, LumiSection 168 on stream 0 at 13-Nov-2024 11:43:17.962 KST
Begin processing the 1680001st record. Run 357610, Event 196040750, LumiSection 170 on stream 0 at 13-Nov-2024 11:43:28.708 KST
Begin processing the 1690001st record. Run 357610, Event 197044004, LumiSection 171 on stream 0 at 13-Nov-2024 11:43:39.485 KST
Begin processing the 1700001st record. Run 357610, Event 200060764, LumiSection 173 on stream 0 at 13-Nov-2024 11:43:50.505 KST
Begin processing the 1710001st record. Run 357610, Event 203618770, LumiSection 175 on stream 0 at 13-Nov-2024 11:44:01.173 KST
Begin processing the 1720001st record. Run 357610, Event 205591234, LumiSection 176 on stream 0 at 13-Nov-2024 11:44:13.811 KST
Begin processing the 1730001st record. Run 357610, Event 208054598, LumiSection 178 on stream 0 at 13-Nov-2024 11:44:25.249 KST
Begin processing the 1740001st record. Run 357610, Event 210794701, LumiSection 180 on stream 0 at 13-Nov-2024 11:44:35.957 KST
Begin processing the 1750001st record. Run 357610, Event 213064150, LumiSection 181 on stream 0 at 13-Nov-2024 11:44:47.079 KST
Begin processing the 1760001st record. Run 357610, Event 216313978, LumiSection 183 on stream 0 at 13-Nov-2024 11:44:57.374 KST
Begin processing the 1770001st record. Run 357610, Event 218962788, LumiSection 185 on stream 0 at 13-Nov-2024 11:45:08.217 KST
Begin processing the 1780001st record. Run 357610, Event 220274415, LumiSection 186 on stream 0 at 13-Nov-2024 11:45:19.726 KST
Begin processing the 1790001st record. Run 357610, Event 224875552, LumiSection 188 on stream 0 at 13-Nov-2024 11:45:30.545 KST
Begin processing the 1800001st record. Run 357610, Event 226602507, LumiSection 189 on stream 0 at 13-Nov-2024 11:45:41.633 KST
Begin processing the 1810001st record. Run 357610, Event 228943100, LumiSection 193 on stream 0 at 13-Nov-2024 11:45:50.703 KST
Begin processing the 1820001st record. Run 357610, Event 233287801, LumiSection 195 on stream 0 at 13-Nov-2024 11:46:01.381 KST
Begin processing the 1830001st record. Run 357610, Event 235407667, LumiSection 196 on stream 0 at 13-Nov-2024 11:46:12.265 KST
Begin processing the 1840001st record. Run 357610, Event 239387317, LumiSection 203 on stream 0 at 13-Nov-2024 11:46:23.459 KST
Begin processing the 1850001st record. Run 357610, Event 243739535, LumiSection 205 on stream 0 at 13-Nov-2024 11:46:33.440 KST
Begin processing the 1860001st record. Run 357610, Event 244677589, LumiSection 206 on stream 0 at 13-Nov-2024 11:46:43.994 KST
Begin processing the 1870001st record. Run 357610, Event 247801365, LumiSection 210 on stream 0 at 13-Nov-2024 11:46:52.041 KST
Begin processing the 1880001st record. Run 357610, Event 249029793, LumiSection 211 on stream 0 at 13-Nov-2024 11:47:02.815 KST
Begin processing the 1890001st record. Run 357610, Event 252284868, LumiSection 213 on stream 0 at 13-Nov-2024 11:47:16.672 KST
Begin processing the 1900001st record. Run 357610, Event 255323820, LumiSection 214 on stream 0 at 13-Nov-2024 11:47:28.476 KST
Begin processing the 1910001st record. Run 357610, Event 258609085, LumiSection 216 on stream 0 at 13-Nov-2024 11:47:39.832 KST
Begin processing the 1920001st record. Run 357610, Event 260975858, LumiSection 217 on stream 0 at 13-Nov-2024 11:47:50.847 KST
Begin processing the 1930001st record. Run 357610, Event 271975004, LumiSection 223 on stream 0 at 13-Nov-2024 11:48:01.738 KST
13-Nov-2024 11:48:02 KST  Closed file file:///pnfs/knu.ac.kr/data/cms/store/user/wkwon/AnalysisResults/Muon/crab_MuonSkimming_Run2022D/241108_143535/0000/skimmed_data_11.root
13-Nov-2024 11:48:02 KST  Initiating request to open file file:///pnfs/knu.ac.kr/data/cms/store/user/wkwon/AnalysisResults/Muon/crab_MuonSkimming_Run2022D/241108_143535/0000/skimmed_data_175.root
13-Nov-2024 11:49:26 KST  Successfully opened file file:///pnfs/knu.ac.kr/data/cms/store/user/wkwon/AnalysisResults/Muon/crab_MuonSkimming_Run2022D/241108_143535/0000/skimmed_data_175.root
Begin processing the 1940001st record. Run 357815, Event 1058855724, LumiSection 686 on stream 0 at 13-Nov-2024 11:49:39.622 KST
Begin processing the 1950001st record. Run 357815, Event 1062515615, LumiSection 688 on stream 0 at 13-Nov-2024 11:49:46.904 KST
Begin processing the 1960001st record. Run 357815, Event 1067102980, LumiSection 691 on stream 0 at 13-Nov-2024 11:49:53.883 KST
Begin processing the 1970001st record. Run 357815, Event 1069697306, LumiSection 693 on stream 0 at 13-Nov-2024 11:50:01.127 KST
Begin processing the 1980001st record. Run 357815, Event 1074912089, LumiSection 696 on stream 0 at 13-Nov-2024 11:50:08.319 KST
Begin processing the 1990001st record. Run 357815, Event 1077904561, LumiSection 698 on stream 0 at 13-Nov-2024 11:50:15.520 KST
Begin processing the 2000001st record. Run 357815, Event 1082305647, LumiSection 701 on stream 0 at 13-Nov-2024 11:50:23.048 KST
Begin processing the 2010001st record. Run 357815, Event 1085536105, LumiSection 703 on stream 0 at 13-Nov-2024 11:50:29.951 KST
Begin processing the 2020001st record. Run 357815, Event 1089693813, LumiSection 706 on stream 0 at 13-Nov-2024 11:50:37.117 KST
Begin processing the 2030001st record. Run 357815, Event 1091924895, LumiSection 708 on stream 0 at 13-Nov-2024 11:50:44.426 KST
Begin processing the 2040001st record. Run 357815, Event 1096790223, LumiSection 711 on stream 0 at 13-Nov-2024 11:50:51.948 KST
Begin processing the 2050001st record. Run 357815, Event 1100361603, LumiSection 713 on stream 0 at 13-Nov-2024 11:50:59.138 KST
Begin processing the 2060001st record. Run 357815, Event 1106153252, LumiSection 717 on stream 0 at 13-Nov-2024 11:51:06.574 KST
Begin processing the 2070001st record. Run 357815, Event 1108954056, LumiSection 719 on stream 0 at 13-Nov-2024 11:51:14.022 KST
Begin processing the 2080001st record. Run 357815, Event 1102579794, LumiSection 715 on stream 0 at 13-Nov-2024 11:51:21.068 KST
Begin processing the 2090001st record. Run 357815, Event 1334564368, LumiSection 874 on stream 0 at 13-Nov-2024 11:51:29.062 KST
Begin processing the 2100001st record. Run 357815, Event 1343726114, LumiSection 880 on stream 0 at 13-Nov-2024 11:51:35.965 KST
Begin processing the 2110001st record. Run 357815, Event 1114290293, LumiSection 723 on stream 0 at 13-Nov-2024 11:51:42.871 KST
Begin processing the 2120001st record. Run 357815, Event 1116852292, LumiSection 725 on stream 0 at 13-Nov-2024 11:51:50.290 KST
Begin processing the 2130001st record. Run 357815, Event 1123069536, LumiSection 729 on stream 0 at 13-Nov-2024 11:51:57.642 KST
Begin processing the 2140001st record. Run 357815, Event 1125598568, LumiSection 731 on stream 0 at 13-Nov-2024 11:52:04.747 KST
Begin processing the 2150001st record. Run 357815, Event 1132464767, LumiSection 735 on stream 0 at 13-Nov-2024 11:52:11.921 KST
Begin processing the 2160001st record. Run 357815, Event 1135347708, LumiSection 737 on stream 0 at 13-Nov-2024 11:52:18.861 KST
Begin processing the 2170001st record. Run 357815, Event 1140225383, LumiSection 740 on stream 0 at 13-Nov-2024 11:52:26.829 KST
Begin processing the 2180001st record. Run 357815, Event 1143128451, LumiSection 742 on stream 0 at 13-Nov-2024 11:52:34.058 KST
Begin processing the 2190001st record. Run 357815, Event 1146435724, LumiSection 745 on stream 0 at 13-Nov-2024 11:52:41.328 KST
Begin processing the 2200001st record. Run 357815, Event 1150128640, LumiSection 747 on stream 0 at 13-Nov-2024 11:52:48.324 KST
Begin processing the 2210001st record. Run 357815, Event 1155068711, LumiSection 750 on stream 0 at 13-Nov-2024 11:52:55.312 KST
Begin processing the 2220001st record. Run 357815, Event 1157220843, LumiSection 752 on stream 0 at 13-Nov-2024 11:53:03.031 KST
Begin processing the 2230001st record. Run 357815, Event 1161965372, LumiSection 755 on stream 0 at 13-Nov-2024 11:53:10.104 KST
Begin processing the 2240001st record. Run 357815, Event 1165177250, LumiSection 757 on stream 0 at 13-Nov-2024 11:53:17.496 KST
Begin processing the 2250001st record. Run 357815, Event 1169204770, LumiSection 760 on stream 0 at 13-Nov-2024 11:53:25.323 KST
13-Nov-2024 11:53:27 KST  Closed file file:///pnfs/knu.ac.kr/data/cms/store/user/wkwon/AnalysisResults/Muon/crab_MuonSkimming_Run2022D/241108_143535/0000/skimmed_data_175.root
13-Nov-2024 11:53:27 KST  Initiating request to open file file:///pnfs/knu.ac.kr/data/cms/store/user/wkwon/AnalysisResults/Muon/crab_MuonSkimming_Run2022D/241108_143535/0000/skimmed_data_12.root
13-Nov-2024 11:53:27 KST  Successfully opened file file:///pnfs/knu.ac.kr/data/cms/store/user/wkwon/AnalysisResults/Muon/crab_MuonSkimming_Run2022D/241108_143535/0000/skimmed_data_12.root
Begin processing the 2260001st record. Run 357610, Event 270364071, LumiSection 222 on stream 0 at 13-Nov-2024 11:53:40.473 KST
Begin processing the 2270001st record. Run 357610, Event 275433638, LumiSection 225 on stream 0 at 13-Nov-2024 11:53:52.012 KST
Begin processing the 2280001st record. Run 357610, Event 277454455, LumiSection 226 on stream 0 at 13-Nov-2024 11:54:04.602 KST
Begin processing the 2290001st record. Run 357610, Event 285756997, LumiSection 231 on stream 0 at 13-Nov-2024 11:54:16.109 KST
Begin processing the 2300001st record. Run 357610, Event 288092169, LumiSection 232 on stream 0 at 13-Nov-2024 11:54:27.451 KST
Begin processing the 2310001st record. Run 357610, Event 283145837, LumiSection 229 on stream 0 at 13-Nov-2024 11:54:39.154 KST
Begin processing the 2320001st record. Run 357610, Event 284413211, LumiSection 230 on stream 0 at 13-Nov-2024 11:54:50.802 KST
Begin processing the 2330001st record. Run 357610, Event 290455075, LumiSection 233 on stream 0 at 13-Nov-2024 11:55:02.534 KST
Begin processing the 2340001st record. Run 357610, Event 293261885, LumiSection 235 on stream 0 at 13-Nov-2024 11:55:13.566 KST
Begin processing the 2350001st record. Run 357610, Event 297719224, LumiSection 237 on stream 0 at 13-Nov-2024 11:55:24.628 KST
Begin processing the 2360001st record. Run 357610, Event 298639930, LumiSection 238 on stream 0 at 13-Nov-2024 11:55:36.384 KST
Begin processing the 2370001st record. Run 357610, Event 300241042, LumiSection 239 on stream 0 at 13-Nov-2024 11:55:48.156 KST
Begin processing the 2380001st record. Run 357610, Event 304587274, LumiSection 241 on stream 0 at 13-Nov-2024 11:55:59.412 KST
Begin processing the 2390001st record. Run 357610, Event 305566600, LumiSection 242 on stream 0 at 13-Nov-2024 11:56:11.340 KST
Begin processing the 2400001st record. Run 357610, Event 309063944, LumiSection 244 on stream 0 at 13-Nov-2024 11:56:22.602 KST
Begin processing the 2410001st record. Run 357610, Event 311705925, LumiSection 245 on stream 0 at 13-Nov-2024 11:56:34.095 KST
Begin processing the 2420001st record. Run 357610, Event 314275452, LumiSection 247 on stream 0 at 13-Nov-2024 11:56:45.153 KST
Begin processing the 2430001st record. Run 357610, Event 316411347, LumiSection 248 on stream 0 at 13-Nov-2024 11:56:56.502 KST
Begin processing the 2440001st record. Run 357610, Event 321040181, LumiSection 250 on stream 0 at 13-Nov-2024 11:57:08.520 KST
Begin processing the 2450001st record. Run 357610, Event 322474462, LumiSection 251 on stream 0 at 13-Nov-2024 11:57:19.594 KST
Begin processing the 2460001st record. Run 357611, Event 905646, LumiSection 1 on stream 0 at 13-Nov-2024 11:57:32.855 KST
Begin processing the 2470001st record. Run 357611, Event 3257789, LumiSection 2 on stream 0 at 13-Nov-2024 11:57:44.271 KST
Begin processing the 2480001st record. Run 357611, Event 5635968, LumiSection 4 on stream 0 at 13-Nov-2024 11:57:55.041 KST
Begin processing the 2490001st record. Run 357611, Event 8134921, LumiSection 5 on stream 0 at 13-Nov-2024 11:58:06.389 KST
Begin processing the 2500001st record. Run 357611, Event 11423046, LumiSection 7 on stream 0 at 13-Nov-2024 11:58:17.608 KST
Begin processing the 2510001st record. Run 357611, Event 13215080, LumiSection 8 on stream 0 at 13-Nov-2024 11:58:29.374 KST
Begin processing the 2520001st record. Run 357611, Event 16189965, LumiSection 10 on stream 0 at 13-Nov-2024 11:58:41.229 KST
Begin processing the 2530001st record. Run 357611, Event 17124624, LumiSection 11 on stream 0 at 13-Nov-2024 11:58:52.043 KST
Begin processing the 2540001st record. Run 357611, Event 21016071, LumiSection 13 on stream 0 at 13-Nov-2024 11:59:03.510 KST
Begin processing the 2550001st record. Run 357611, Event 22545165, LumiSection 14 on stream 0 at 13-Nov-2024 11:59:15.282 KST
Begin processing the 2560001st record. Run 357611, Event 26475887, LumiSection 19 on stream 0 at 13-Nov-2024 11:59:26.929 KST
Begin processing the 2570001st record. Run 357611, Event 37070236, LumiSection 25 on stream 0 at 13-Nov-2024 11:59:38.173 KST
13-Nov-2024 11:59:49 KST  Closed file file:///pnfs/knu.ac.kr/data/cms/store/user/wkwon/AnalysisResults/Muon/crab_MuonSkimming_Run2022D/241108_143535/0000/skimmed_data_12.root
13-Nov-2024 11:59:49 KST  Initiating request to open file file:///pnfs/knu.ac.kr/data/cms/store/user/wkwon/AnalysisResults/Muon/crab_MuonSkimming_Run2022D/241108_143535/0000/skimmed_data_176.root
13-Nov-2024 12:00:19 KST  Successfully opened file file:///pnfs/knu.ac.kr/data/cms/store/user/wkwon/AnalysisResults/Muon/crab_MuonSkimming_Run2022D/241108_143535/0000/skimmed_data_176.root
Begin processing the 2580001st record. Run 357815, Event 1172081754, LumiSection 762 on stream 0 at 13-Nov-2024 12:00:27.787 KST
Begin processing the 2590001st record. Run 357815, Event 1175630828, LumiSection 764 on stream 0 at 13-Nov-2024 12:00:35.090 KST
Begin processing the 2600001st record. Run 357815, Event 1180150629, LumiSection 767 on stream 0 at 13-Nov-2024 12:00:42.258 KST
Begin processing the 2610001st record. Run 357815, Event 1183361666, LumiSection 769 on stream 0 at 13-Nov-2024 12:00:50.014 KST
Begin processing the 2620001st record. Run 357815, Event 1186758087, LumiSection 772 on stream 0 at 13-Nov-2024 12:00:57.454 KST
Begin processing the 2630001st record. Run 357815, Event 1189695494, LumiSection 774 on stream 0 at 13-Nov-2024 12:01:05.906 KST
Begin processing the 2640001st record. Run 357815, Event 1194043312, LumiSection 777 on stream 0 at 13-Nov-2024 12:01:13.058 KST
Begin processing the 2650001st record. Run 357815, Event 1197839993, LumiSection 779 on stream 0 at 13-Nov-2024 12:01:20.438 KST
Begin processing the 2660001st record. Run 357815, Event 1201387612, LumiSection 782 on stream 0 at 13-Nov-2024 12:01:27.346 KST
Begin processing the 2670001st record. Run 357815, Event 1204779936, LumiSection 784 on stream 0 at 13-Nov-2024 12:01:34.644 KST
Begin processing the 2680001st record. Run 357815, Event 1209149922, LumiSection 787 on stream 0 at 13-Nov-2024 12:01:42.003 KST
Begin processing the 2690001st record. Run 357815, Event 1212596062, LumiSection 789 on stream 0 at 13-Nov-2024 12:01:49.091 KST
Begin processing the 2700001st record. Run 357815, Event 1217280023, LumiSection 792 on stream 0 at 13-Nov-2024 12:01:56.485 KST
Begin processing the 2710001st record. Run 357815, Event 1219932684, LumiSection 794 on stream 0 at 13-Nov-2024 12:02:24.716 KST
Begin processing the 2720001st record. Run 357815, Event 1223551791, LumiSection 797 on stream 0 at 13-Nov-2024 12:02:31.709 KST
Begin processing the 2730001st record. Run 357815, Event 1227474108, LumiSection 799 on stream 0 at 13-Nov-2024 12:02:39.338 KST
Begin processing the 2740001st record. Run 357815, Event 1231904816, LumiSection 802 on stream 0 at 13-Nov-2024 12:02:47.042 KST
Begin processing the 2750001st record. Run 357815, Event 1236510901, LumiSection 805 on stream 0 at 13-Nov-2024 12:02:54.428 KST
Begin processing the 2760001st record. Run 357815, Event 1238547207, LumiSection 807 on stream 0 at 13-Nov-2024 12:03:03.501 KST
Begin processing the 2770001st record. Run 357815, Event 1242529459, LumiSection 810 on stream 0 at 13-Nov-2024 12:03:10.985 KST
Begin processing the 2780001st record. Run 357815, Event 1246290094, LumiSection 812 on stream 0 at 13-Nov-2024 12:03:19.284 KST
Begin processing the 2790001st record. Run 357815, Event 1250001994, LumiSection 815 on stream 0 at 13-Nov-2024 12:03:25.988 KST
Begin processing the 2800001st record. Run 357815, Event 1252845416, LumiSection 817 on stream 0 at 13-Nov-2024 12:03:33.581 KST
Begin processing the 2810001st record. Run 357815, Event 1258047871, LumiSection 820 on stream 0 at 13-Nov-2024 12:03:42.417 KST
Begin processing the 2820001st record. Run 357815, Event 1261245465, LumiSection 823 on stream 0 at 13-Nov-2024 12:03:49.817 KST
Begin processing the 2830001st record. Run 357815, Event 1265114890, LumiSection 825 on stream 0 at 13-Nov-2024 12:03:57.640 KST
Begin processing the 2840001st record. Run 357815, Event 1268782750, LumiSection 828 on stream 0 at 13-Nov-2024 12:04:08.805 KST
Begin processing the 2850001st record. Run 357815, Event 1271917813, LumiSection 830 on stream 0 at 13-Nov-2024 12:04:16.632 KST
Begin processing the 2860001st record. Run 357815, Event 1276282486, LumiSection 833 on stream 0 at 13-Nov-2024 12:04:23.715 KST
Begin processing the 2870001st record. Run 357815, Event 1278873391, LumiSection 835 on stream 0 at 13-Nov-2024 12:04:31.474 KST
Begin processing the 2880001st record. Run 357815, Event 1282982351, LumiSection 838 on stream 0 at 13-Nov-2024 12:04:38.639 KST
Begin processing the 2890001st record. Run 357815, Event 1287355450, LumiSection 841 on stream 0 at 13-Nov-2024 12:04:48.612 KST
13-Nov-2024 12:04:54 KST  Closed file file:///pnfs/knu.ac.kr/data/cms/store/user/wkwon/AnalysisResults/Muon/crab_MuonSkimming_Run2022D/241108_143535/0000/skimmed_data_176.root
13-Nov-2024 12:04:54 KST  Initiating request to open file file:///pnfs/knu.ac.kr/data/cms/store/user/wkwon/AnalysisResults/Muon/crab_MuonSkimming_Run2022D/241108_143535/0000/skimmed_data_13.root
13-Nov-2024 12:04:56 KST  Successfully opened file file:///pnfs/knu.ac.kr/data/cms/store/user/wkwon/AnalysisResults/Muon/crab_MuonSkimming_Run2022D/241108_143535/0000/skimmed_data_13.root
Begin processing the 2900001st record. Run 357611, Event 28147658, LumiSection 20 on stream 0 at 13-Nov-2024 12:05:04.363 KST
Begin processing the 2910001st record. Run 357611, Event 34274923, LumiSection 24 on stream 0 at 13-Nov-2024 12:05:16.208 KST
Begin processing the 2920001st record. Run 357611, Event 33575330, LumiSection 23 on stream 0 at 13-Nov-2024 12:05:26.836 KST
Begin processing the 2930001st record. Run 357611, Event 48521929, LumiSection 32 on stream 0 at 13-Nov-2024 12:05:37.599 KST
Begin processing the 2940001st record. Run 357611, Event 37783011, LumiSection 26 on stream 0 at 13-Nov-2024 12:05:48.994 KST
Begin processing the 2950001st record. Run 357611, Event 40107904, LumiSection 27 on stream 0 at 13-Nov-2024 12:06:00.850 KST
Begin processing the 2960001st record. Run 357611, Event 42897527, LumiSection 29 on stream 0 at 13-Nov-2024 12:06:12.236 KST
Begin processing the 2970001st record. Run 357611, Event 45818887, LumiSection 30 on stream 0 at 13-Nov-2024 12:06:22.784 KST
Begin processing the 2980001st record. Run 357611, Event 50174668, LumiSection 33 on stream 0 at 13-Nov-2024 12:06:34.200 KST
Begin processing the 2990001st record. Run 357611, Event 52545031, LumiSection 34 on stream 0 at 13-Nov-2024 12:06:45.134 KST
Begin processing the 3000001st record. Run 357611, Event 58851318, LumiSection 38 on stream 0 at 13-Nov-2024 12:06:56.182 KST
Begin processing the 3010001st record. Run 357611, Event 61166186, LumiSection 39 on stream 0 at 13-Nov-2024 12:07:07.709 KST
Begin processing the 3020001st record. Run 357611, Event 55510784, LumiSection 36 on stream 0 at 13-Nov-2024 12:07:18.592 KST
Begin processing the 3030001st record. Run 357611, Event 144008227, LumiSection 87 on stream 0 at 13-Nov-2024 12:07:29.350 KST
Begin processing the 3040001st record. Run 357611, Event 519752584, LumiSection 316 on stream 0 at 13-Nov-2024 12:07:39.282 KST
Begin processing the 3050001st record. Run 357611, Event 63288726, LumiSection 40 on stream 0 at 13-Nov-2024 12:07:49.472 KST
Begin processing the 3060001st record. Run 357611, Event 70301467, LumiSection 44 on stream 0 at 13-Nov-2024 12:08:01.800 KST
Begin processing the 3070001st record. Run 357611, Event 72589818, LumiSection 45 on stream 0 at 13-Nov-2024 12:08:12.206 KST
Begin processing the 3080001st record. Run 357611, Event 67790048, LumiSection 43 on stream 0 at 13-Nov-2024 12:08:23.352 KST
Begin processing the 3090001st record. Run 357611, Event 75873154, LumiSection 47 on stream 0 at 13-Nov-2024 12:08:34.424 KST
Begin processing the 3100001st record. Run 357611, Event 73805441, LumiSection 46 on stream 0 at 13-Nov-2024 12:08:44.690 KST
Begin processing the 3110001st record. Run 357611, Event 78064016, LumiSection 49 on stream 0 at 13-Nov-2024 12:08:56.467 KST
Begin processing the 3120001st record. Run 357611, Event 80896707, LumiSection 50 on stream 0 at 13-Nov-2024 12:09:07.464 KST
Begin processing the 3130001st record. Run 357611, Event 89501634, LumiSection 55 on stream 0 at 13-Nov-2024 12:09:18.130 KST
Begin processing the 3140001st record. Run 357611, Event 90199024, LumiSection 56 on stream 0 at 13-Nov-2024 12:09:29.193 KST
Begin processing the 3150001st record. Run 357611, Event 85052377, LumiSection 53 on stream 0 at 13-Nov-2024 12:09:40.542 KST
Begin processing the 3160001st record. Run 357611, Event 87497444, LumiSection 54 on stream 0 at 13-Nov-2024 12:09:51.534 KST
Begin processing the 3170001st record. Run 357611, Event 103748492, LumiSection 64 on stream 0 at 13-Nov-2024 12:10:03.326 KST
Begin processing the 3180001st record. Run 357611, Event 95915526, LumiSection 59 on stream 0 at 13-Nov-2024 12:10:15.210 KST
Begin processing the 3190001st record. Run 357611, Event 99905889, LumiSection 61 on stream 0 at 13-Nov-2024 12:10:26.589 KST
Begin processing the 3200001st record. Run 357611, Event 137327675, LumiSection 83 on stream 0 at 13-Nov-2024 12:10:37.478 KST
Begin processing the 3210001st record. Run 357611, Event 108847931, LumiSection 67 on stream 0 at 13-Nov-2024 12:10:47.972 KST
13-Nov-2024 12:10:52 KST  Closed file file:///pnfs/knu.ac.kr/data/cms/store/user/wkwon/AnalysisResults/Muon/crab_MuonSkimming_Run2022D/241108_143535/0000/skimmed_data_13.root
13-Nov-2024 12:10:52 KST  Initiating request to open file file:///pnfs/knu.ac.kr/data/cms/store/user/wkwon/AnalysisResults/Muon/crab_MuonSkimming_Run2022D/241108_143535/0000/skimmed_data_177.root
13-Nov-2024 12:11:06 KST  Successfully opened file file:///pnfs/knu.ac.kr/data/cms/store/user/wkwon/AnalysisResults/Muon/crab_MuonSkimming_Run2022D/241108_143535/0000/skimmed_data_177.root
Begin processing the 3220001st record. Run 357815, Event 1292002763, LumiSection 844 on stream 0 at 13-Nov-2024 12:11:14.736 KST
Begin processing the 3230001st record. Run 357815, Event 1295680714, LumiSection 846 on stream 0 at 13-Nov-2024 12:11:23.056 KST
Begin processing the 3240001st record. Run 357815, Event 1299644629, LumiSection 849 on stream 0 at 13-Nov-2024 12:11:29.932 KST
Begin processing the 3250001st record. Run 357815, Event 1304246692, LumiSection 852 on stream 0 at 13-Nov-2024 12:11:36.969 KST
Begin processing the 3260001st record. Run 357815, Event 1306517226, LumiSection 854 on stream 0 at 13-Nov-2024 12:11:43.573 KST
Begin processing the 3270001st record. Run 357815, Event 1310660887, LumiSection 857 on stream 0 at 13-Nov-2024 12:11:50.360 KST
Begin processing the 3280001st record. Run 357815, Event 1313132631, LumiSection 859 on stream 0 at 13-Nov-2024 12:11:57.167 KST
Begin processing the 3290001st record. Run 357815, Event 1318330422, LumiSection 862 on stream 0 at 13-Nov-2024 12:12:04.293 KST
Begin processing the 3300001st record. Run 357815, Event 1320303707, LumiSection 864 on stream 0 at 13-Nov-2024 12:12:11.156 KST
Begin processing the 3310001st record. Run 357815, Event 1325403856, LumiSection 867 on stream 0 at 13-Nov-2024 12:12:17.877 KST
Begin processing the 3320001st record. Run 357815, Event 1329428460, LumiSection 870 on stream 0 at 13-Nov-2024 12:12:25.316 KST
Begin processing the 3330001st record. Run 357815, Event 1333086523, LumiSection 872 on stream 0 at 13-Nov-2024 12:12:32.646 KST
Begin processing the 3340001st record. Run 357815, Event 1339575743, LumiSection 877 on stream 0 at 13-Nov-2024 12:12:39.455 KST
Begin processing the 3350001st record. Run 357815, Event 1343056984, LumiSection 879 on stream 0 at 13-Nov-2024 12:12:46.334 KST
Begin processing the 3360001st record. Run 357815, Event 1348952791, LumiSection 884 on stream 0 at 13-Nov-2024 12:12:53.235 KST
Begin processing the 3370001st record. Run 357815, Event 1351914315, LumiSection 886 on stream 0 at 13-Nov-2024 12:13:00.209 KST
Begin processing the 3380001st record. Run 357815, Event 1355881196, LumiSection 889 on stream 0 at 13-Nov-2024 12:13:07.140 KST
Begin processing the 3390001st record. Run 357815, Event 1364855200, LumiSection 895 on stream 0 at 13-Nov-2024 12:13:14.016 KST
Begin processing the 3400001st record. Run 357815, Event 1367860692, LumiSection 897 on stream 0 at 13-Nov-2024 12:13:21.290 KST
Begin processing the 3410001st record. Run 357815, Event 1360352365, LumiSection 892 on stream 0 at 13-Nov-2024 12:13:28.949 KST
Begin processing the 3420001st record. Run 357815, Event 1372541201, LumiSection 900 on stream 0 at 13-Nov-2024 12:13:36.035 KST
Begin processing the 3430001st record. Run 357815, Event 1382393375, LumiSection 907 on stream 0 at 13-Nov-2024 12:13:43.269 KST
Begin processing the 3440001st record. Run 357815, Event 1376467245, LumiSection 903 on stream 0 at 13-Nov-2024 12:13:50.544 KST
Begin processing the 3450001st record. Run 357815, Event 1381120917, LumiSection 906 on stream 0 at 13-Nov-2024 12:13:57.768 KST
Begin processing the 3460001st record. Run 357815, Event 1384911032, LumiSection 909 on stream 0 at 13-Nov-2024 12:14:04.840 KST
Begin processing the 3470001st record. Run 357815, Event 1390799952, LumiSection 913 on stream 0 at 13-Nov-2024 12:14:11.992 KST
Begin processing the 3480001st record. Run 357815, Event 1392658673, LumiSection 915 on stream 0 at 13-Nov-2024 12:14:19.425 KST
Begin processing the 3490001st record. Run 357815, Event 1396822071, LumiSection 918 on stream 0 at 13-Nov-2024 12:14:26.237 KST
Begin processing the 3500001st record. Run 357815, Event 1401940031, LumiSection 921 on stream 0 at 13-Nov-2024 12:14:33.379 KST
Begin processing the 3510001st record. Run 357815, Event 1405743097, LumiSection 924 on stream 0 at 13-Nov-2024 12:14:40.420 KST
Begin processing the 3520001st record. Run 357815, Event 1415007279, LumiSection 931 on stream 0 at 13-Nov-2024 12:14:47.307 KST
Begin processing the 3530001st record. Run 357815, Event 1407355495, LumiSection 925 on stream 0 at 13-Nov-2024 12:14:54.367 KST
Begin processing the 3540001st record. Run 357815, Event 1413770907, LumiSection 930 on stream 0 at 13-Nov-2024 12:15:01.212 KST
13-Nov-2024 12:15:05 KST  Closed file file:///pnfs/knu.ac.kr/data/cms/store/user/wkwon/AnalysisResults/Muon/crab_MuonSkimming_Run2022D/241108_143535/0000/skimmed_data_177.root
13-Nov-2024 12:15:05 KST  Initiating request to open file file:///pnfs/knu.ac.kr/data/cms/store/user/wkwon/AnalysisResults/Muon/crab_MuonSkimming_Run2022D/241108_143535/0000/skimmed_data_14.root
13-Nov-2024 12:15:05 KST  Successfully opened file file:///pnfs/knu.ac.kr/data/cms/store/user/wkwon/AnalysisResults/Muon/crab_MuonSkimming_Run2022D/241108_143535/0000/skimmed_data_14.root
Begin processing the 3550001st record. Run 357611, Event 101931030, LumiSection 63 on stream 0 at 13-Nov-2024 12:15:14.108 KST
Begin processing the 3560001st record. Run 357611, Event 112241833, LumiSection 68 on stream 0 at 13-Nov-2024 12:15:24.964 KST
Begin processing the 3570001st record. Run 357611, Event 117253786, LumiSection 71 on stream 0 at 13-Nov-2024 12:15:39.024 KST
Begin processing the 3580001st record. Run 357611, Event 120750327, LumiSection 73 on stream 0 at 13-Nov-2024 12:15:50.115 KST
Begin processing the 3590001st record. Run 357611, Event 113504405, LumiSection 69 on stream 0 at 13-Nov-2024 12:16:00.896 KST
Begin processing the 3600001st record. Run 357611, Event 121163102, LumiSection 74 on stream 0 at 13-Nov-2024 12:16:12.110 KST
Begin processing the 3610001st record. Run 357611, Event 125763646, LumiSection 76 on stream 0 at 13-Nov-2024 12:16:22.892 KST
Begin processing the 3620001st record. Run 357611, Event 127290277, LumiSection 77 on stream 0 at 13-Nov-2024 12:16:33.460 KST
Begin processing the 3630001st record. Run 357611, Event 131546211, LumiSection 80 on stream 0 at 13-Nov-2024 12:16:44.067 KST
Begin processing the 3640001st record. Run 357611, Event 129279675, LumiSection 78 on stream 0 at 13-Nov-2024 12:16:54.816 KST
Begin processing the 3650001st record. Run 357611, Event 134054066, LumiSection 81 on stream 0 at 13-Nov-2024 12:17:05.982 KST
Begin processing the 3660001st record. Run 357611, Event 137827471, LumiSection 84 on stream 0 at 13-Nov-2024 12:17:17.226 KST
Begin processing the 3670001st record. Run 357611, Event 146106926, LumiSection 88 on stream 0 at 13-Nov-2024 12:17:28.223 KST
Begin processing the 3680001st record. Run 357611, Event 513070205, LumiSection 312 on stream 0 at 13-Nov-2024 12:17:38.485 KST
Begin processing the 3690001st record. Run 357611, Event 141663289, LumiSection 86 on stream 0 at 13-Nov-2024 12:17:51.090 KST
Begin processing the 3700001st record. Run 357611, Event 178943879, LumiSection 108 on stream 0 at 13-Nov-2024 12:18:01.397 KST
Begin processing the 3710001st record. Run 357611, Event 180458461, LumiSection 109 on stream 0 at 13-Nov-2024 12:18:11.073 KST
Begin processing the 3720001st record. Run 357611, Event 154996272, LumiSection 94 on stream 0 at 13-Nov-2024 12:18:21.257 KST
Begin processing the 3730001st record. Run 357611, Event 158154686, LumiSection 96 on stream 0 at 13-Nov-2024 12:18:31.597 KST
Begin processing the 3740001st record. Run 357611, Event 159821199, LumiSection 97 on stream 0 at 13-Nov-2024 12:18:42.549 KST
Begin processing the 3750001st record. Run 357611, Event 163232105, LumiSection 99 on stream 0 at 13-Nov-2024 12:18:55.951 KST
Begin processing the 3760001st record. Run 357611, Event 165877953, LumiSection 100 on stream 0 at 13-Nov-2024 12:19:06.474 KST
Begin processing the 3770001st record. Run 357611, Event 169021642, LumiSection 102 on stream 0 at 13-Nov-2024 12:19:16.675 KST
Begin processing the 3780001st record. Run 357611, Event 174225831, LumiSection 105 on stream 0 at 13-Nov-2024 12:19:27.127 KST
Begin processing the 3790001st record. Run 357611, Event 175510195, LumiSection 106 on stream 0 at 13-Nov-2024 12:19:37.518 KST
Begin processing the 3800001st record. Run 357611, Event 181839258, LumiSection 110 on stream 0 at 13-Nov-2024 12:19:48.214 KST
Begin processing the 3810001st record. Run 357611, Event 183202120, LumiSection 111 on stream 0 at 13-Nov-2024 12:19:57.998 KST
Begin processing the 3820001st record. Run 357611, Event 189036026, LumiSection 115 on stream 0 at 13-Nov-2024 12:20:09.840 KST
Begin processing the 3830001st record. Run 357611, Event 198173927, LumiSection 120 on stream 0 at 13-Nov-2024 12:20:20.315 KST
Begin processing the 3840001st record. Run 357611, Event 186150808, LumiSection 113 on stream 0 at 13-Nov-2024 12:20:30.761 KST
Begin processing the 3850001st record. Run 357611, Event 190240047, LumiSection 116 on stream 0 at 13-Nov-2024 12:20:40.711 KST
Begin processing the 3860001st record. Run 357611, Event 194594302, LumiSection 118 on stream 0 at 13-Nov-2024 12:20:51.081 KST
13-Nov-2024 12:20:59 KST  Closed file file:///pnfs/knu.ac.kr/data/cms/store/user/wkwon/AnalysisResults/Muon/crab_MuonSkimming_Run2022D/241108_143535/0000/skimmed_data_14.root
13-Nov-2024 12:20:59 KST  Initiating request to open file file:///pnfs/knu.ac.kr/data/cms/store/user/wkwon/AnalysisResults/Muon/crab_MuonSkimming_Run2022D/241108_143535/0000/skimmed_data_178.root
13-Nov-2024 12:20:59 KST  Successfully opened file file:///pnfs/knu.ac.kr/data/cms/store/user/wkwon/AnalysisResults/Muon/crab_MuonSkimming_Run2022D/241108_143535/0000/skimmed_data_178.root
Begin processing the 3870001st record. Run 357815, Event 1408050872, LumiSection 926 on stream 0 at 13-Nov-2024 12:21:04.545 KST
Begin processing the 3880001st record. Run 357815, Event 1420632737, LumiSection 935 on stream 0 at 13-Nov-2024 12:21:11.340 KST
Begin processing the 3890001st record. Run 357815, Event 1424481591, LumiSection 937 on stream 0 at 13-Nov-2024 12:21:18.082 KST
Begin processing the 3900001st record. Run 357815, Event 1427583091, LumiSection 940 on stream 0 at 13-Nov-2024 12:21:25.118 KST
Begin processing the 3910001st record. Run 357898, Event 643567, LumiSection 1 on stream 0 at 13-Nov-2024 12:21:31.907 KST
Begin processing the 3920001st record. Run 357898, Event 2656471, LumiSection 2 on stream 0 at 13-Nov-2024 12:21:42.519 KST
Begin processing the 3930001st record. Run 357898, Event 5223387, LumiSection 4 on stream 0 at 13-Nov-2024 12:21:52.939 KST
Begin processing the 3940001st record. Run 357898, Event 6739421, LumiSection 5 on stream 0 at 13-Nov-2024 12:22:03.427 KST
Begin processing the 3950001st record. Run 357898, Event 12214896, LumiSection 9 on stream 0 at 13-Nov-2024 12:22:13.885 KST
Begin processing the 3960001st record. Run 357898, Event 8224662, LumiSection 6 on stream 0 at 13-Nov-2024 12:22:24.581 KST
Begin processing the 3970001st record. Run 357898, Event 11980865, LumiSection 8 on stream 0 at 13-Nov-2024 12:22:34.899 KST
Begin processing the 3980001st record. Run 357898, Event 122886012, LumiSection 85 on stream 0 at 13-Nov-2024 12:22:45.249 KST
Begin processing the 3990001st record. Run 357898, Event 122217625, LumiSection 84 on stream 0 at 13-Nov-2024 12:22:56.025 KST
Begin processing the 4000001st record. Run 357898, Event 125428366, LumiSection 87 on stream 0 at 13-Nov-2024 12:23:11.194 KST
Begin processing the 4010001st record. Run 357898, Event 16386288, LumiSection 11 on stream 0 at 13-Nov-2024 12:23:24.363 KST
Begin processing the 4020001st record. Run 357898, Event 18689560, LumiSection 13 on stream 0 at 13-Nov-2024 12:23:34.595 KST
Begin processing the 4030001st record. Run 357898, Event 19523805, LumiSection 14 on stream 0 at 13-Nov-2024 12:23:44.982 KST
Begin processing the 4040001st record. Run 357898, Event 20942981, LumiSection 15 on stream 0 at 13-Nov-2024 12:23:55.595 KST
Begin processing the 4050001st record. Run 357898, Event 23047731, LumiSection 17 on stream 0 at 13-Nov-2024 12:24:05.549 KST
Begin processing the 4060001st record. Run 357898, Event 24523400, LumiSection 18 on stream 0 at 13-Nov-2024 12:24:15.774 KST
Begin processing the 4070001st record. Run 357898, Event 25863894, LumiSection 19 on stream 0 at 13-Nov-2024 12:24:25.829 KST
Begin processing the 4080001st record. Run 357898, Event 28935663, LumiSection 21 on stream 0 at 13-Nov-2024 12:24:36.451 KST
Begin processing the 4090001st record. Run 357898, Event 31164006, LumiSection 22 on stream 0 at 13-Nov-2024 12:24:46.242 KST
Begin processing the 4100001st record. Run 357898, Event 31439327, LumiSection 23 on stream 0 at 13-Nov-2024 12:24:56.947 KST
Begin processing the 4110001st record. Run 357898, Event 35004657, LumiSection 25 on stream 0 at 13-Nov-2024 12:25:07.678 KST
Begin processing the 4120001st record. Run 357898, Event 37080274, LumiSection 26 on stream 0 at 13-Nov-2024 12:25:18.398 KST
Begin processing the 4130001st record. Run 357898, Event 37883352, LumiSection 27 on stream 0 at 13-Nov-2024 12:25:30.049 KST
Begin processing the 4140001st record. Run 357898, Event 39409658, LumiSection 28 on stream 0 at 13-Nov-2024 12:25:40.601 KST
Begin processing the 4150001st record. Run 357898, Event 41919284, LumiSection 30 on stream 0 at 13-Nov-2024 12:25:50.739 KST
Begin processing the 4160001st record. Run 357898, Event 44125151, LumiSection 31 on stream 0 at 13-Nov-2024 12:26:02.476 KST
Begin processing the 4170001st record. Run 357898, Event 44645096, LumiSection 32 on stream 0 at 13-Nov-2024 12:26:12.818 KST
Begin processing the 4180001st record. Run 357898, Event 48090093, LumiSection 34 on stream 0 at 13-Nov-2024 12:26:22.775 KST
13-Nov-2024 12:26:29 KST  Closed file file:///pnfs/knu.ac.kr/data/cms/store/user/wkwon/AnalysisResults/Muon/crab_MuonSkimming_Run2022D/241108_143535/0000/skimmed_data_178.root
endJob

TrigReport ---------- Event  Summary ------------
TrigReport Events total = 4186551 passed = 4186551 failed = 0

TrigReport ---------- Path   Summary ------------
TrigReport  Trig Bit#   Executed     Passed     Failed      Error Name
TrigReport     1    0    4186551    4186551          0          0 p


TrigReport -------End-Path   Summary ------------
TrigReport  Trig Bit#   Executed     Passed     Failed      Error Name


TrigReport ---------- Modules in Path: p ------------
TrigReport  Trig Bit#    Visited     Passed     Failed      Error Name
TrigReport     1    0    4186551    4186551          0          0 Analysis


TrigReport ---------- Module Summary ------------
TrigReport    Visited   Executed     Passed     Failed      Error Name
TrigReport    4186551    4186551    4186551          0          0 Analysis
TrigReport    4186551    4186551    4186551          0          0 TriggerResults
TrigReport    4186551    4186551    4186551          0          0 p


TimeReport ---------- Event  Summary ---[sec]----
TimeReport       event loop CPU/event = 0.000916
TimeReport      event loop Real/event = 0.001028
TimeReport     sum Streams Real/event = 0.000861
TimeReport efficiency CPU/Real/thread = 0.891335

TimeReport ---------- Path   Summary ---[Real sec]----
TimeReport  per event     per exec  Name
TimeReport   0.000781     0.000781  p

TimeReport  per event     per exec  Name

TimeReport -------End-Path   Summary ---[Real sec]----
TimeReport  per event     per exec  Name

TimeReport  per event     per exec  Name

TimeReport ---------- Modules in Path: p ---[Real sec]----
TimeReport  per event    per visit  Name
TimeReport   0.000041     0.000041  Analysis

TimeReport  per event    per visit  Name

TimeReport ---------- Module Summary ---[Real sec]----
TimeReport  per event     per exec    per visit  Name
TimeReport   0.000041     0.000041     0.000041  Analysis
TimeReport   0.000002     0.000002     0.000002  TriggerResults
TimeReport   0.000004     0.000004     0.000004  p

TimeReport  per event     per exec    per visit  Name

T---Report end!


