21-Nov-2024 06:12:44 KST  Initiating request to open file file:///pnfs/knu.ac.kr/data/cms/store/user/wkwon/AnalysisResults/CRAB_UserFiles/crab_MuonSkimming_Run2022E_sup/241117_135331/0000/skimmed_data_58.root
21-Nov-2024 06:13:05 KST  Successfully opened file file:///pnfs/knu.ac.kr/data/cms/store/user/wkwon/AnalysisResults/CRAB_UserFiles/crab_MuonSkimming_Run2022E_sup/241117_135331/0000/skimmed_data_58.root
Begin processing the 1st record. Run 359763, Event 371776935, LumiSection 173 on stream 0 at 21-Nov-2024 06:13:07.188 KST
Begin processing the 10001st record. Run 359763, Event 374577992, LumiSection 174 on stream 0 at 21-Nov-2024 06:13:23.859 KST
Begin processing the 20001st record. Run 359763, Event 376371215, LumiSection 175 on stream 0 at 21-Nov-2024 06:13:36.515 KST
21-Nov-2024 06:13:40 KST  Closed file file:///pnfs/knu.ac.kr/data/cms/store/user/wkwon/AnalysisResults/CRAB_UserFiles/crab_MuonSkimming_Run2022E_sup/241117_135331/0000/skimmed_data_58.root
21-Nov-2024 06:13:40 KST  Initiating request to open file file:///pnfs/knu.ac.kr/data/cms/store/user/wkwon/AnalysisResults/CRAB_UserFiles/crab_MuonSkimming_Run2022E_sup/241117_135331/0000/skimmed_data_54.root
21-Nov-2024 06:13:46 KST  Successfully opened file file:///pnfs/knu.ac.kr/data/cms/store/user/wkwon/AnalysisResults/CRAB_UserFiles/crab_MuonSkimming_Run2022E_sup/241117_135331/0000/skimmed_data_54.root
Begin processing the 30001st record. Run 359693, Event 415141527, LumiSection 226 on stream 0 at 21-Nov-2024 06:13:53.776 KST
Begin processing the 40001st record. Run 359693, Event 416046356, LumiSection 227 on stream 0 at 21-Nov-2024 06:14:04.108 KST
21-Nov-2024 06:14:11 KST  Closed file file:///pnfs/knu.ac.kr/data/cms/store/user/wkwon/AnalysisResults/CRAB_UserFiles/crab_MuonSkimming_Run2022E_sup/241117_135331/0000/skimmed_data_54.root
21-Nov-2024 06:14:11 KST  Initiating request to open file file:///pnfs/knu.ac.kr/data/cms/store/user/wkwon/AnalysisResults/CRAB_UserFiles/crab_MuonSkimming_Run2022E_sup/241117_135331/0000/skimmed_data_10.root
21-Nov-2024 06:14:11 KST  Successfully opened file file:///pnfs/knu.ac.kr/data/cms/store/user/wkwon/AnalysisResults/CRAB_UserFiles/crab_MuonSkimming_Run2022E_sup/241117_135331/0000/skimmed_data_10.root
Begin processing the 50001st record. Run 359806, Event 696898934, LumiSection 361 on stream 0 at 21-Nov-2024 06:14:16.788 KST
21-Nov-2024 06:14:23 KST  Closed file file:///pnfs/knu.ac.kr/data/cms/store/user/wkwon/AnalysisResults/CRAB_UserFiles/crab_MuonSkimming_Run2022E_sup/241117_135331/0000/skimmed_data_10.root
endJob

TrigReport ---------- Event  Summary ------------
TrigReport Events total = 55141 passed = 55141 failed = 0

TrigReport ---------- Path   Summary ------------
TrigReport  Trig Bit#   Executed     Passed     Failed      Error Name
TrigReport     1    0      55141      55141          0          0 p


TrigReport -------End-Path   Summary ------------
TrigReport  Trig Bit#   Executed     Passed     Failed      Error Name


TrigReport ---------- Modules in Path: p ------------
TrigReport  Trig Bit#    Visited     Passed     Failed      Error Name
TrigReport     1    0      55141      55141          0          0 Analysis


TrigReport ---------- Module Summary ------------
TrigReport    Visited   Executed     Passed     Failed      Error Name
TrigReport      55141      55141      55141          0          0 Analysis
TrigReport      55141      55141      55141          0          0 TriggerResults
TrigReport      55141      55141      55141          0          0 p


TimeReport ---------- Event  Summary ---[sec]----
TimeReport       event loop CPU/event = 0.001228
TimeReport      event loop Real/event = 0.001385
TimeReport     sum Streams Real/event = 0.001126
TimeReport efficiency CPU/Real/thread = 0.886265

TimeReport ---------- Path   Summary ---[Real sec]----
TimeReport  per event     per exec  Name
TimeReport   0.001050     0.001050  p

TimeReport  per event     per exec  Name

TimeReport -------End-Path   Summary ---[Real sec]----
TimeReport  per event     per exec  Name

TimeReport  per event     per exec  Name

TimeReport ---------- Modules in Path: p ---[Real sec]----
TimeReport  per event    per visit  Name
TimeReport   0.000031     0.000031  Analysis

TimeReport  per event    per visit  Name

TimeReport ---------- Module Summary ---[Real sec]----
TimeReport  per event     per exec    per visit  Name
TimeReport   0.000031     0.000031     0.000031  Analysis
TimeReport   0.000002     0.000002     0.000002  TriggerResults
TimeReport   0.000004     0.000004     0.000004  p

TimeReport  per event     per exec    per visit  Name

T---Report end!


