21-Nov-2024 06:12:44 KST  Initiating request to open file file:///pnfs/knu.ac.kr/data/cms/store/user/wkwon/AnalysisResults/CRAB_UserFiles/crab_MuonSkimming_Run2022E_sup/241117_135331/0000/skimmed_data_11.root
21-Nov-2024 06:12:54 KST  Successfully opened file file:///pnfs/knu.ac.kr/data/cms/store/user/wkwon/AnalysisResults/CRAB_UserFiles/crab_MuonSkimming_Run2022E_sup/241117_135331/0000/skimmed_data_11.root
Begin processing the 1st record. Run 359806, Event 554737854, LumiSection 292 on stream 0 at 21-Nov-2024 06:12:56.175 KST
21-Nov-2024 06:13:17 KST  Closed file file:///pnfs/knu.ac.kr/data/cms/store/user/wkwon/AnalysisResults/CRAB_UserFiles/crab_MuonSkimming_Run2022E_sup/241117_135331/0000/skimmed_data_11.root
21-Nov-2024 06:13:17 KST  Initiating request to open file file:///pnfs/knu.ac.kr/data/cms/store/user/wkwon/AnalysisResults/CRAB_UserFiles/crab_MuonSkimming_Run2022E_sup/241117_135331/0000/skimmed_data_12.root
21-Nov-2024 06:13:18 KST  Successfully opened file file:///pnfs/knu.ac.kr/data/cms/store/user/wkwon/AnalysisResults/CRAB_UserFiles/crab_MuonSkimming_Run2022E_sup/241117_135331/0000/skimmed_data_12.root
Begin processing the 10001st record. Run 359693, Event 538300685, LumiSection 291 on stream 0 at 21-Nov-2024 06:13:19.480 KST
Begin processing the 20001st record. Run 359693, Event 605214459, LumiSection 327 on stream 0 at 21-Nov-2024 06:13:29.484 KST
Begin processing the 30001st record. Run 359693, Event 1137403195, LumiSection 599 on stream 0 at 21-Nov-2024 06:13:38.325 KST
21-Nov-2024 06:13:39 KST  Closed file file:///pnfs/knu.ac.kr/data/cms/store/user/wkwon/AnalysisResults/CRAB_UserFiles/crab_MuonSkimming_Run2022E_sup/241117_135331/0000/skimmed_data_12.root
21-Nov-2024 06:13:39 KST  Initiating request to open file file:///pnfs/knu.ac.kr/data/cms/store/user/wkwon/AnalysisResults/CRAB_UserFiles/crab_MuonSkimming_Run2022E_sup/241117_135331/0000/skimmed_data_13.root
21-Nov-2024 06:13:41 KST  Successfully opened file file:///pnfs/knu.ac.kr/data/cms/store/user/wkwon/AnalysisResults/CRAB_UserFiles/crab_MuonSkimming_Run2022E_sup/241117_135331/0000/skimmed_data_13.root
Begin processing the 40001st record. Run 359693, Event 634712968, LumiSection 343 on stream 0 at 21-Nov-2024 06:13:50.040 KST
Begin processing the 50001st record. Run 359693, Event 1134920736, LumiSection 597 on stream 0 at 21-Nov-2024 06:13:58.766 KST
21-Nov-2024 06:14:06 KST  Closed file file:///pnfs/knu.ac.kr/data/cms/store/user/wkwon/AnalysisResults/CRAB_UserFiles/crab_MuonSkimming_Run2022E_sup/241117_135331/0000/skimmed_data_13.root
endJob

TrigReport ---------- Event  Summary ------------
TrigReport Events total = 59183 passed = 59183 failed = 0

TrigReport ---------- Path   Summary ------------
TrigReport  Trig Bit#   Executed     Passed     Failed      Error Name
TrigReport     1    0      59183      59183          0          0 p


TrigReport -------End-Path   Summary ------------
TrigReport  Trig Bit#   Executed     Passed     Failed      Error Name


TrigReport ---------- Modules in Path: p ------------
TrigReport  Trig Bit#    Visited     Passed     Failed      Error Name
TrigReport     1    0      59183      59183          0          0 Analysis


TrigReport ---------- Module Summary ------------
TrigReport    Visited   Executed     Passed     Failed      Error Name
TrigReport      59183      59183      59183          0          0 Analysis
TrigReport      59183      59183      59183          0          0 TriggerResults
TrigReport      59183      59183      59183          0          0 p


TimeReport ---------- Event  Summary ---[sec]----
TimeReport       event loop CPU/event = 0.001094
TimeReport      event loop Real/event = 0.001197
TimeReport     sum Streams Real/event = 0.001039
TimeReport efficiency CPU/Real/thread = 0.914188

TimeReport ---------- Path   Summary ---[Real sec]----
TimeReport  per event     per exec  Name
TimeReport   0.000952     0.000952  p

TimeReport  per event     per exec  Name

TimeReport -------End-Path   Summary ---[Real sec]----
TimeReport  per event     per exec  Name

TimeReport  per event     per exec  Name

TimeReport ---------- Modules in Path: p ---[Real sec]----
TimeReport  per event    per visit  Name
TimeReport   0.000031     0.000031  Analysis

TimeReport  per event    per visit  Name

TimeReport ---------- Module Summary ---[Real sec]----
TimeReport  per event     per exec    per visit  Name
TimeReport   0.000031     0.000031     0.000031  Analysis
TimeReport   0.000002     0.000002     0.000002  TriggerResults
TimeReport   0.000004     0.000004     0.000004  p

TimeReport  per event     per exec    per visit  Name

T---Report end!


